[I 2025-09-16 23:55:59,416] Trial 9 finished with value: 1.622651871002745e-05 and parameters: {'window_size': 60, 'batch_size': 128, 'lr': 0.0023306245904460565, 'd_model': 128, 'n_heads': 2, 'num_layers': 2, 'dropout': 0.1332356341202555}. Best is trial 6 with value: 1.1171727237524465e-05.
Epoch 39/50 | Train Loss=0.000001 | Val Loss=0.000018
Epoch 40/50 | Train Loss=0.000001 | Val Loss=0.000017
Epoch 41/50 | Train Loss=0.000001 | Val Loss=0.000018
‚èπ Early stopping at epoch 41
[Tuning-Transformer] Threshold (p95)=0.000212
üîé Best hyperparameters for Transformer: {'window_size': 120, 'batch_size': 128, 'lr': 0.0020735923693419927, 'd_model': 128, 'n_heads': 8, 'num_layers': 3, 'dropout': 0.2291663221814261}
Best validation loss: 1.1171727237524465e-05
‚úÖ Best LSTM params: {'window_size': 90, 'batch_size': 64, 'lr': 0.0012987960206494171, 'hidden_size': 64, 'dropout': 0.3448739356336082}
‚úÖ Best Transformer params: {'window_size': 120, 'batch_size': 128, 'lr': 0.0020735923693419927, 'd_model': 128, 'n_heads': 8, 'num_layers': 3, 'dropout': 0.2291663221814261}

>>> Training LSTM_AE for coin_coin_Iota...
Epoch 1/100 | Train Loss=0.000646 | Val Loss=0.015865
Epoch 2/100 | Train Loss=0.000247 | Val Loss=0.005349
Epoch 3/100 | Train Loss=0.000159 | Val Loss=0.004620
Epoch 4/100 | Train Loss=0.000142 | Val Loss=0.004109
Epoch 5/100 | Train Loss=0.000117 | Val Loss=0.004597
Epoch 6/100 | Train Loss=0.000097 | Val Loss=0.004042
Epoch 7/100 | Train Loss=0.000097 | Val Loss=0.003413
Epoch 8/100 | Train Loss=0.000091 | Val Loss=0.003658
Epoch 9/100 | Train Loss=0.000084 | Val Loss=0.004047
Epoch 10/100 | Train Loss=0.000089 | Val Loss=0.003855
Epoch 11/100 | Train Loss=0.000084 | Val Loss=0.003313
Epoch 12/100 | Train Loss=0.000080 | Val Loss=0.003918
Epoch 13/100 | Train Loss=0.000086 | Val Loss=0.002773
Epoch 14/100 | Train Loss=0.000077 | Val Loss=0.002246
Epoch 15/100 | Train Loss=0.000077 | Val Loss=0.002527
Epoch 16/100 | Train Loss=0.000080 | Val Loss=0.002891
Epoch 17/100 | Train Loss=0.000074 | Val Loss=0.002810
Epoch 18/100 | Train Loss=0.000072 | Val Loss=0.002197
Epoch 19/100 | Train Loss=0.000069 | Val Loss=0.002316
Epoch 20/100 | Train Loss=0.000071 | Val Loss=0.002160
Epoch 21/100 | Train Loss=0.000068 | Val Loss=0.002464
Epoch 22/100 | Train Loss=0.000072 | Val Loss=0.002258
Epoch 23/100 | Train Loss=0.000070 | Val Loss=0.002189
Epoch 24/100 | Train Loss=0.000065 | Val Loss=0.002188
Epoch 25/100 | Train Loss=0.000068 | Val Loss=0.002149
Epoch 26/100 | Train Loss=0.000065 | Val Loss=0.002072
Epoch 27/100 | Train Loss=0.000073 | Val Loss=0.002106
Epoch 28/100 | Train Loss=0.000070 | Val Loss=0.002042
Epoch 29/100 | Train Loss=0.000064 | Val Loss=0.002176
Epoch 30/100 | Train Loss=0.000072 | Val Loss=0.002031
Epoch 31/100 | Train Loss=0.000065 | Val Loss=0.002074
Epoch 32/100 | Train Loss=0.000065 | Val Loss=0.002077
Epoch 33/100 | Train Loss=0.000065 | Val Loss=0.002021
Epoch 34/100 | Train Loss=0.000065 | Val Loss=0.002036
Epoch 35/100 | Train Loss=0.000064 | Val Loss=0.002007
Epoch 36/100 | Train Loss=0.000064 | Val Loss=0.001979
Epoch 37/100 | Train Loss=0.000064 | Val Loss=0.001982
Epoch 38/100 | Train Loss=0.000061 | Val Loss=0.002104
Epoch 39/100 | Train Loss=0.000062 | Val Loss=0.002213
Epoch 40/100 | Train Loss=0.000066 | Val Loss=0.001983
Epoch 41/100 | Train Loss=0.000071 | Val Loss=0.002171
Epoch 42/100 | Train Loss=0.000068 | Val Loss=0.002195
Epoch 43/100 | Train Loss=0.000064 | Val Loss=0.002002
‚èπ Early stopping at epoch 43
[coin_coin_Iota (LSTM_AE)] Threshold (p95)=0.047996
üìä Saved error distribution to /data/m24csa029/MTP/cyptocurrency/results/coin_coin_Iota_LSTM_AE_anomalies_errors.png
coin_coin_Iota [LSTM_AE]: 0 anomalies detected

>>> Training Transformer for coin_coin_Iota...
Epoch 1/100 | Train Loss=0.002326 | Val Loss=0.014278
Epoch 2/100 | Train Loss=0.000390 | Val Loss=0.004835
Epoch 3/100 | Train Loss=0.000200 | Val Loss=0.001256
Epoch 4/100 | Train Loss=0.000102 | Val Loss=0.000800
Epoch 5/100 | Train Loss=0.000058 | Val Loss=0.000912
Epoch 6/100 | Train Loss=0.000038 | Val Loss=0.001169
Epoch 7/100 | Train Loss=0.000030 | Val Loss=0.002033
Epoch 8/100 | Train Loss=0.000028 | Val Loss=0.000464
Epoch 9/100 | Train Loss=0.000019 | Val Loss=0.000285
Epoch 10/100 | Train Loss=0.000017 | Val Loss=0.000571
Epoch 11/100 | Train Loss=0.000014 | Val Loss=0.000755
Epoch 12/100 | Train Loss=0.000012 | Val Loss=0.000280
Epoch 13/100 | Train Loss=0.000013 | Val Loss=0.000268
Epoch 14/100 | Train Loss=0.000011 | Val Loss=0.000343
Epoch 15/100 | Train Loss=0.000009 | Val Loss=0.000532
Epoch 16/100 | Train Loss=0.000009 | Val Loss=0.000271
Epoch 17/100 | Train Loss=0.000008 | Val Loss=0.000223
Epoch 18/100 | Train Loss=0.000008 | Val Loss=0.000380
Epoch 19/100 | Train Loss=0.000010 | Val Loss=0.000211
Epoch 20/100 | Train Loss=0.000005 | Val Loss=0.000111
Epoch 21/100 | Train Loss=0.000008 | Val Loss=0.000168
Epoch 22/100 | Train Loss=0.000005 | Val Loss=0.000086
Epoch 23/100 | Train Loss=0.000005 | Val Loss=0.000138
Epoch 24/100 | Train Loss=0.000006 | Val Loss=0.000313
Epoch 25/100 | Train Loss=0.000005 | Val Loss=0.000114
Epoch 26/100 | Train Loss=0.000004 | Val Loss=0.000109
Epoch 27/100 | Train Loss=0.000008 | Val Loss=0.000648
Epoch 28/100 | Train Loss=0.000006 | Val Loss=0.000101
Epoch 29/100 | Train Loss=0.000003 | Val Loss=0.000049
Epoch 30/100 | Train Loss=0.000004 | Val Loss=0.000216
Epoch 31/100 | Train Loss=0.000003 | Val Loss=0.000061
Epoch 32/100 | Train Loss=0.000002 | Val Loss=0.000050
Epoch 33/100 | Train Loss=0.000002 | Val Loss=0.000198
Epoch 34/100 | Train Loss=0.000002 | Val Loss=0.000042
Epoch 35/100 | Train Loss=0.000002 | Val Loss=0.000038
Epoch 36/100 | Train Loss=0.000002 | Val Loss=0.000076
Epoch 37/100 | Train Loss=0.000002 | Val Loss=0.000036
Epoch 38/100 | Train Loss=0.000002 | Val Loss=0.000022
Epoch 39/100 | Train Loss=0.000002 | Val Loss=0.000027
Epoch 40/100 | Train Loss=0.000001 | Val Loss=0.000053
Epoch 41/100 | Train Loss=0.000002 | Val Loss=0.000053
Epoch 42/100 | Train Loss=0.000001 | Val Loss=0.000035
Epoch 43/100 | Train Loss=0.000001 | Val Loss=0.000029
Epoch 44/100 | Train Loss=0.000001 | Val Loss=0.000054
Epoch 45/100 | Train Loss=0.000001 | Val Loss=0.000040
‚èπ Early stopping at epoch 45
[coin_coin_Iota (Transformer)] Threshold (p95)=0.000303
üìä Saved error distribution to /data/m24csa029/MTP/cyptocurrency/results/coin_coin_Iota_Transformer_anomalies_errors.png
coin_coin_Iota [Transformer]: 0 anomalies detected

‚úÖ Summary saved to /data/m24csa029/MTP/cyptocurrency/results/summary.csv
