[I 2025-09-16 23:40:53,967] Trial 9 finished with value: 0.008271725848317146 and parameters: {'window_size': 90, 'batch_size': 128, 'lr': 0.001808946248224042, 'd_model': 128, 'n_heads': 4, 'num_layers': 1, 'dropout': 0.36711751608683074}. Best is trial 3 with value: 0.0004774762492161244.
Epoch 15/50 | Train Loss=0.000170 | Val Loss=0.001926
Epoch 16/50 | Train Loss=0.000158 | Val Loss=0.001436
Epoch 17/50 | Train Loss=0.000145 | Val Loss=0.001486
Epoch 18/50 | Train Loss=0.000132 | Val Loss=0.001435
Epoch 19/50 | Train Loss=0.000123 | Val Loss=0.001355
Epoch 20/50 | Train Loss=0.000115 | Val Loss=0.001216
Epoch 21/50 | Train Loss=0.000106 | Val Loss=0.001074
Epoch 22/50 | Train Loss=0.000099 | Val Loss=0.001079
Epoch 23/50 | Train Loss=0.000091 | Val Loss=0.001027
Epoch 24/50 | Train Loss=0.000086 | Val Loss=0.000915
Epoch 25/50 | Train Loss=0.000083 | Val Loss=0.000926
Epoch 26/50 | Train Loss=0.000076 | Val Loss=0.000924
Epoch 27/50 | Train Loss=0.000072 | Val Loss=0.000890
Epoch 28/50 | Train Loss=0.000067 | Val Loss=0.000825
Epoch 29/50 | Train Loss=0.000064 | Val Loss=0.000899
Epoch 30/50 | Train Loss=0.000063 | Val Loss=0.000834
Epoch 31/50 | Train Loss=0.000058 | Val Loss=0.000815
Epoch 32/50 | Train Loss=0.000055 | Val Loss=0.000856
Epoch 33/50 | Train Loss=0.000053 | Val Loss=0.000790
Epoch 34/50 | Train Loss=0.000050 | Val Loss=0.000798
Epoch 35/50 | Train Loss=0.000049 | Val Loss=0.000769
Epoch 36/50 | Train Loss=0.000049 | Val Loss=0.000753
Epoch 37/50 | Train Loss=0.000045 | Val Loss=0.000740
Epoch 38/50 | Train Loss=0.000043 | Val Loss=0.000738
Epoch 39/50 | Train Loss=0.000041 | Val Loss=0.000751
Epoch 40/50 | Train Loss=0.000040 | Val Loss=0.000783
Epoch 41/50 | Train Loss=0.000039 | Val Loss=0.000774
Epoch 42/50 | Train Loss=0.000037 | Val Loss=0.000835
Epoch 43/50 | Train Loss=0.000037 | Val Loss=0.000799
‚èπ Early stopping at epoch 43
[Tuning-Transformer] Threshold (p95)=0.000877
Epoch 1/50 | Train Loss=0.008585 | Val Loss=0.126816
Epoch 2/50 | Train Loss=0.002489 | Val Loss=0.156659
Epoch 3/50 | Train Loss=0.001812 | Val Loss=0.065381
Epoch 4/50 | Train Loss=0.000940 | Val Loss=0.010076
Epoch 5/50 | Train Loss=0.001087 | Val Loss=0.013189
Epoch 6/50 | Train Loss=0.000749 | Val Loss=0.045975
Epoch 7/50 | Train Loss=0.000798 | Val Loss=0.049221
Epoch 8/50 | Train Loss=0.000687 | Val Loss=0.016556
Epoch 9/50 | Train Loss=0.000570 | Val Loss=0.009996
Epoch 10/50 | Train Loss=0.000565 | Val Loss=0.006713
Epoch 11/50 | Train Loss=0.000464 | Val Loss=0.011582
Epoch 12/50 | Train Loss=0.000435 | Val Loss=0.011833
Epoch 13/50 | Train Loss=0.000374 | Val Loss=0.011246
Epoch 14/50 | Train Loss=0.000338 | Val Loss=0.005716
Epoch 15/50 | Train Loss=0.000293 | Val Loss=0.003238
Epoch 16/50 | Train Loss=0.000257 | Val Loss=0.003560
Epoch 17/50 | Train Loss=0.000216 | Val Loss=0.006392
Epoch 18/50 | Train Loss=0.000194 | Val Loss=0.002191
Epoch 19/50 | Train Loss=0.000166 | Val Loss=0.002069
Epoch 20/50 | Train Loss=0.000145 | Val Loss=0.002274
Epoch 21/50 | Train Loss=0.000126 | Val Loss=0.002418
Epoch 22/50 | Train Loss=0.000112 | Val Loss=0.001513
Epoch 23/50 | Train Loss=0.000099 | Val Loss=0.001824
Epoch 24/50 | Train Loss=0.000091 | Val Loss=0.001597
Epoch 25/50 | Train Loss=0.000081 | Val Loss=0.000875
Epoch 26/50 | Train Loss=0.000072 | Val Loss=0.000853
Epoch 27/50 | Train Loss=0.000068 | Val Loss=0.001220
Epoch 28/50 | Train Loss=0.000064 | Val Loss=0.000957
Epoch 29/50 | Train Loss=0.000061 | Val Loss=0.000782
Epoch 30/50 | Train Loss=0.000057 | Val Loss=0.000712
Epoch 31/50 | Train Loss=0.000052 | Val Loss=0.000819
Epoch 32/50 | Train Loss=0.000051 | Val Loss=0.000856
Epoch 33/50 | Train Loss=0.000047 | Val Loss=0.000667
Epoch 34/50 | Train Loss=0.000044 | Val Loss=0.000889
Epoch 35/50 | Train Loss=0.000054 | Val Loss=0.001077
Epoch 36/50 | Train Loss=0.000050 | Val Loss=0.001392
Epoch 37/50 | Train Loss=0.000045 | Val Loss=0.001268
Epoch 38/50 | Train Loss=0.000041 | Val Loss=0.000795
‚èπ Early stopping at epoch 38
[Tuning-Transformer] Threshold (p95)=0.001242
Epoch 1/50 | Train Loss=0.007610 | Val Loss=0.655946
Epoch 2/50 | Train Loss=0.007325 | Val Loss=0.193156
Epoch 3/50 | Train Loss=0.002209 | Val Loss=0.039583
Epoch 4/50 | Train Loss=0.001091 | Val Loss=0.144675
Epoch 5/50 | Train Loss=0.001528 | Val Loss=0.064042
Epoch 6/50 | Train Loss=0.000778 | Val Loss=0.008272
Epoch 7/50 | Train Loss=0.000634 | Val Loss=0.029117
Epoch 8/50 | Train Loss=0.000757 | Val Loss=0.019155
Epoch 9/50 | Train Loss=0.000576 | Val Loss=0.011664
Epoch 10/50 | Train Loss=0.000437 | Val Loss=0.019087
Epoch 11/50 | Train Loss=0.000467 | Val Loss=0.018417
‚èπ Early stopping at epoch 11
[Tuning-Transformer] Threshold (p95)=0.037077
üîé Best hyperparameters for Transformer: {'window_size': 60, 'batch_size': 32, 'lr': 0.00618018729571886, 'd_model': 64, 'n_heads': 8, 'num_layers': 2, 'dropout': 0.18318751817606801}
Best validation loss: 0.0004774762492161244
‚úÖ Best LSTM params: {'window_size': 90, 'batch_size': 32, 'lr': 0.001793212939870915, 'hidden_size': 128, 'dropout': 0.12436434769561355}
‚úÖ Best Transformer params: {'window_size': 60, 'batch_size': 32, 'lr': 0.00618018729571886, 'd_model': 64, 'n_heads': 8, 'num_layers': 2, 'dropout': 0.18318751817606801}

>>> Training LSTM_AE for coin_coin_Uniswap...
Epoch 1/100 | Train Loss=0.001524 | Val Loss=0.163010
Epoch 2/100 | Train Loss=0.001157 | Val Loss=0.128287
Epoch 3/100 | Train Loss=0.000811 | Val Loss=0.096979
Epoch 4/100 | Train Loss=0.000654 | Val Loss=0.075295
Epoch 5/100 | Train Loss=0.000585 | Val Loss=0.062494
Epoch 6/100 | Train Loss=0.000493 | Val Loss=0.057225
Epoch 7/100 | Train Loss=0.000461 | Val Loss=0.059699
Epoch 8/100 | Train Loss=0.000420 | Val Loss=0.054933
Epoch 9/100 | Train Loss=0.000385 | Val Loss=0.047747
Epoch 10/100 | Train Loss=0.000349 | Val Loss=0.053838
Epoch 11/100 | Train Loss=0.000335 | Val Loss=0.050965
Epoch 12/100 | Train Loss=0.000315 | Val Loss=0.053283
Epoch 13/100 | Train Loss=0.000305 | Val Loss=0.063665
Epoch 14/100 | Train Loss=0.000311 | Val Loss=0.048703
Epoch 15/100 | Train Loss=0.000281 | Val Loss=0.054987
Epoch 16/100 | Train Loss=0.000298 | Val Loss=0.042281
Epoch 17/100 | Train Loss=0.000277 | Val Loss=0.049466
Epoch 18/100 | Train Loss=0.000284 | Val Loss=0.037330
Epoch 19/100 | Train Loss=0.000283 | Val Loss=0.039220
Epoch 20/100 | Train Loss=0.000273 | Val Loss=0.023808
Epoch 21/100 | Train Loss=0.000281 | Val Loss=0.028186
Epoch 22/100 | Train Loss=0.000240 | Val Loss=0.023365
Epoch 23/100 | Train Loss=0.000262 | Val Loss=0.025525
Epoch 24/100 | Train Loss=0.000278 | Val Loss=0.025282
Epoch 25/100 | Train Loss=0.000232 | Val Loss=0.020772
Epoch 26/100 | Train Loss=0.000274 | Val Loss=0.031870
Epoch 27/100 | Train Loss=0.000286 | Val Loss=0.025186
Epoch 28/100 | Train Loss=0.000260 | Val Loss=0.025894
Epoch 29/100 | Train Loss=0.000262 | Val Loss=0.025959
Epoch 30/100 | Train Loss=0.000245 | Val Loss=0.021824
Epoch 31/100 | Train Loss=0.000276 | Val Loss=0.026457
Epoch 32/100 | Train Loss=0.000252 | Val Loss=0.020750
Epoch 33/100 | Train Loss=0.000279 | Val Loss=0.031092
Epoch 34/100 | Train Loss=0.000263 | Val Loss=0.020943
Epoch 35/100 | Train Loss=0.000283 | Val Loss=0.035400
Epoch 36/100 | Train Loss=0.000274 | Val Loss=0.021929
Epoch 37/100 | Train Loss=0.000276 | Val Loss=0.027836
Epoch 38/100 | Train Loss=0.000272 | Val Loss=0.034103
Epoch 39/100 | Train Loss=0.000266 | Val Loss=0.022690
‚èπ Early stopping at epoch 39
[coin_coin_Uniswap (LSTM_AE)] Threshold (p95)=0.054162
üìä Saved error distribution to /data/m24csa029/MTP/cyptocurrency/results/coin_coin_Uniswap_LSTM_AE_anomalies_errors.png
coin_coin_Uniswap [LSTM_AE]: 16 anomalies detected

>>> Training Transformer for coin_coin_Uniswap...
Epoch 1/100 | Train Loss=0.003698 | Val Loss=0.061332
Epoch 2/100 | Train Loss=0.000823 | Val Loss=0.059330
Epoch 3/100 | Train Loss=0.000726 | Val Loss=0.029794
Epoch 4/100 | Train Loss=0.000391 | Val Loss=0.010999
Epoch 5/100 | Train Loss=0.000435 | Val Loss=0.009980
Epoch 6/100 | Train Loss=0.000354 | Val Loss=0.008081
Epoch 7/100 | Train Loss=0.000276 | Val Loss=0.008541
Epoch 8/100 | Train Loss=0.000296 | Val Loss=0.006783
Epoch 9/100 | Train Loss=0.000255 | Val Loss=0.006393
Epoch 10/100 | Train Loss=0.000222 | Val Loss=0.008382
Epoch 11/100 | Train Loss=0.000223 | Val Loss=0.007263
Epoch 12/100 | Train Loss=0.000194 | Val Loss=0.004699
Epoch 13/100 | Train Loss=0.000172 | Val Loss=0.004235
[I 2025-09-16 23:40:56,932] A new study created in memory with name: no-name-bdb115f0-9250-4be3-a9e0-e17410d10f2d
[I 2025-09-16 23:40:57,141] Trial 0 finished with value: 0.036284398287534714 and parameters: {'window_size': 60, 'batch_size': 128, 'lr': 0.005512332716647649, 'hidden_size': 128, 'dropout': 0.4351661647171251}. Best is trial 0 with value: 0.036284398287534714.
[I 2025-09-16 23:40:58,448] Trial 1 finished with value: 0.04256094619631767 and parameters: {'window_size': 60, 'batch_size': 32, 'lr': 0.00044039575655647394, 'hidden_size': 32, 'dropout': 0.3606773371804286}. Best is trial 0 with value: 0.036284398287534714.
Epoch 14/100 | Train Loss=0.000164 | Val Loss=0.003876
Epoch 15/100 | Train Loss=0.000145 | Val Loss=0.003454
Epoch 16/100 | Train Loss=0.000134 | Val Loss=0.003169
Epoch 17/100 | Train Loss=0.000120 | Val Loss=0.002469
Epoch 18/100 | Train Loss=0.000109 | Val Loss=0.002072
Epoch 19/100 | Train Loss=0.000097 | Val Loss=0.002057
Epoch 20/100 | Train Loss=0.000089 | Val Loss=0.001742
Epoch 21/100 | Train Loss=0.000079 | Val Loss=0.001645
Epoch 22/100 | Train Loss=0.000071 | Val Loss=0.001386
Epoch 23/100 | Train Loss=0.000064 | Val Loss=0.001249
Epoch 24/100 | Train Loss=0.000058 | Val Loss=0.001284
Epoch 25/100 | Train Loss=0.000053 | Val Loss=0.000969
Epoch 26/100 | Train Loss=0.000049 | Val Loss=0.000948
Epoch 27/100 | Train Loss=0.000044 | Val Loss=0.000910
Epoch 28/100 | Train Loss=0.000040 | Val Loss=0.000768
Epoch 29/100 | Train Loss=0.000038 | Val Loss=0.000891
Epoch 30/100 | Train Loss=0.000035 | Val Loss=0.000843
Epoch 31/100 | Train Loss=0.000034 | Val Loss=0.000755
Epoch 32/100 | Train Loss=0.000031 | Val Loss=0.000694
Epoch 33/100 | Train Loss=0.000031 | Val Loss=0.000591
Epoch 34/100 | Train Loss=0.000029 | Val Loss=0.000680
Epoch 35/100 | Train Loss=0.000027 | Val Loss=0.000788
Epoch 36/100 | Train Loss=0.000025 | Val Loss=0.000618
Epoch 37/100 | Train Loss=0.000024 | Val Loss=0.000865
Epoch 38/100 | Train Loss=0.000023 | Val Loss=0.000656
Epoch 39/100 | Train Loss=0.000022 | Val Loss=0.000630
Epoch 40/100 | Train Loss=0.000021 | Val Loss=0.000581
Epoch 41/100 | Train Loss=0.000021 | Val Loss=0.000574
Epoch 42/100 | Train Loss=0.000019 | Val Loss=0.000499
Epoch 43/100 | Train Loss=0.000019 | Val Loss=0.000586
Epoch 44/100 | Train Loss=0.000020 | Val Loss=0.000541
Epoch 45/100 | Train Loss=0.000019 | Val Loss=0.000669
Epoch 46/100 | Train Loss=0.000018 | Val Loss=0.000594
Epoch 47/100 | Train Loss=0.000017 | Val Loss=0.000540
Epoch 48/100 | Train Loss=0.000016 | Val Loss=0.000490
Epoch 49/100 | Train Loss=0.000016 | Val Loss=0.000446
Epoch 50/100 | Train Loss=0.000015 | Val Loss=0.000432
Epoch 51/100 | Train Loss=0.000015 | Val Loss=0.000448
Epoch 52/100 | Train Loss=0.000015 | Val Loss=0.000482
Epoch 53/100 | Train Loss=0.000015 | Val Loss=0.000446
Epoch 54/100 | Train Loss=0.000014 | Val Loss=0.000544
Epoch 55/100 | Train Loss=0.000014 | Val Loss=0.000419
Epoch 56/100 | Train Loss=0.000014 | Val Loss=0.000499
Epoch 57/100 | Train Loss=0.000013 | Val Loss=0.000482
Epoch 58/100 | Train Loss=0.000014 | Val Loss=0.000516
Epoch 59/100 | Train Loss=0.000013 | Val Loss=0.000453
Epoch 60/100 | Train Loss=0.000013 | Val Loss=0.000508
Epoch 61/100 | Train Loss=0.000012 | Val Loss=0.000460
Epoch 62/100 | Train Loss=0.000012 | Val Loss=0.000469
‚èπ Early stopping at epoch 62
[coin_coin_Uniswap (Transformer)] Threshold (p95)=0.000293
üìä Saved error distribution to /data/m24csa029/MTP/cyptocurrency/results/coin_coin_Uniswap_Transformer_anomalies_errors.png
coin_coin_Uniswap [Transformer]: 59 anomalies detected

üöÄ Processing coin_coin_Polkadot...

üîé Running hyperparameter search for LSTM_AE on coin_coin_Polkadot...
Epoch 1/50 | Train Loss=0.000770 | Val Loss=0.125432
Epoch 2/50 | Train Loss=0.000414 | Val Loss=0.082258
Epoch 3/50 | Train Loss=0.000339 | Val Loss=0.063820
Epoch 4/50 | Train Loss=0.000263 | Val Loss=0.060493
Epoch 5/50 | Train Loss=0.000205 | Val Loss=0.056939
Epoch 6/50 | Train Loss=0.000167 | Val Loss=0.036284
Epoch 7/50 | Train Loss=0.000150 | Val Loss=0.045931
Epoch 8/50 | Train Loss=0.000151 | Val Loss=0.062630
Epoch 9/50 | Train Loss=0.000130 | Val Loss=0.048924
Epoch 10/50 | Train Loss=0.000120 | Val Loss=0.053558
Epoch 11/50 | Train Loss=0.000115 | Val Loss=0.050893
‚èπ Early stopping at epoch 11
[Tuning-LSTM_AE] Threshold (p95)=0.046454
Epoch 1/50 | Train Loss=0.004165 | Val Loss=0.248417
Epoch 2/50 | Train Loss=0.003456 | Val Loss=0.233070
Epoch 3/50 | Train Loss=0.003619 | Val Loss=0.218418
Epoch 4/50 | Train Loss=0.002852 | Val Loss=0.203576
Epoch 5/50 | Train Loss=0.002615 | Val Loss=0.189157
Epoch 6/50 | Train Loss=0.002585 | Val Loss=0.174827
Epoch 7/50 | Train Loss=0.002117 | Val Loss=0.159390
Epoch 8/50 | Train Loss=0.001882 | Val Loss=0.145470
Epoch 9/50 | Train Loss=0.001867 | Val Loss=0.132717
Epoch 10/50 | Train Loss=0.001770 | Val Loss=0.121027
Epoch 11/50 | Train Loss=0.001580 | Val Loss=0.109940
Epoch 12/50 | Train Loss=0.001375 | Val Loss=0.102535
Epoch 13/50 | Train Loss=0.001386 | Val Loss=0.097037
Epoch 14/50 | Train Loss=0.001338 | Val Loss=0.093283
Epoch 15/50 | Train Loss=0.001338 | Val Loss=0.090535
Epoch 16/50 | Train Loss=0.001204 | Val Loss=0.087142
Epoch 17/50 | Train Loss=0.001178 | Val Loss=0.084828
Epoch 18/50 | Train Loss=0.001108 | Val Loss=0.082117
Epoch 19/50 | Train Loss=0.001103 | Val Loss=0.080078
Epoch 20/50 | Train Loss=0.000970 | Val Loss=0.077211
Epoch 21/50 | Train Loss=0.000999 | Val Loss=0.073009
Epoch 22/50 | Train Loss=0.001127 | Val Loss=0.069191
Epoch 23/50 | Train Loss=0.000973 | Val Loss=0.065143
Epoch 24/50 | Train Loss=0.000917 | Val Loss=0.065773
Epoch 25/50 | Train Loss=0.000919 | Val Loss=0.064394
Epoch 26/50 | Train Loss=0.000833 | Val Loss=0.063104
Epoch 27/50 | Train Loss=0.000793 | Val Loss=0.058952
Epoch 28/50 | Train Loss=0.000815 | Val Loss=0.056011
Epoch 29/50 | Train Loss=0.000735 | Val Loss=0.052691
Epoch 30/50 | Train Loss=0.000736 | Val Loss=0.054149
Epoch 31/50 | Train Loss=0.000732 | Val Loss=0.055759
Epoch 32/50 | Train Loss=0.000653 | Val Loss=0.054787
Epoch 33/50 | Train Loss=0.000648 | Val Loss=0.051302
Epoch 34/50 | Train Loss=0.000663 | Val Loss=0.046983
Epoch 35/50 | Train Loss=0.000612 | Val Loss=0.042561
Epoch 36/50 | Train Loss=0.000563 | Val Loss=0.044216
Epoch 37/50 | Train Loss=0.000534 | Val Loss=0.046840
Epoch 38/50 | Train Loss=0.000551 | Val Loss=0.048791
Epoch 39/50 | Train Loss=0.000533 | Val Loss=0.043434
Epoch 40/50 | Train Loss=0.000504 | Val Loss=0.044946
‚èπ Early stopping at epoch 40
[Tuning-LSTM_AE] Threshold (p95)=0.047597
Epoch 1/50 | Train Loss=0.001058 | Val Loss=0.143724
Epoch 2/50 | Train Loss=0.000903 | Val Loss=0.142378
Epoch 3/50 | Train Loss=0.000934 | Val Loss=0.141103
Epoch 4/50 | Train Loss=0.000868 | Val Loss=0.139880
Epoch 5/50 | Train Loss=0.001053 | Val Loss=0.138676
Epoch 6/50 | Train Loss=0.000905 | Val Loss=0.137414
Epoch 7/50 | Train Loss=0.000911 | Val Loss=0.136166
Epoch 8/50 | Train Loss=0.000911 | Val Loss=0.134939
Epoch 9/50 | Train Loss=0.001136 | Val Loss=0.133694
Epoch 10/50 | Train Loss=0.000942 | Val Loss=0.132382
Epoch 11/50 | Train Loss=0.001023 | Val Loss=0.131080
Epoch 12/50 | Train Loss=0.000890 | Val Loss=0.129786
Epoch 13/50 | Train Loss=0.000934 | Val Loss=0.128543
Epoch 14/50 | Train Loss=0.001005 | Val Loss=0.127287
Epoch 15/50 | Train Loss=0.000771 | Val Loss=0.126039
Epoch 16/50 | Train Loss=0.000802 | Val Loss=0.124897
Epoch 17/50 | Train Loss=0.000908 | Val Loss=0.123791
Epoch 18/50 | Train Loss=0.000856 | Val Loss=0.122674
Epoch 19/50 | Train Loss=0.000965 | Val Loss=0.121525
Epoch 20/50 | Train Loss=0.000859 | Val Loss=0.120325
Epoch 21/50 | Train Loss=0.000948 | Val Loss=0.119123
Epoch 22/50 | Train Loss=0.000891 | Val Loss=0.117856
Epoch 23/50 | Train Loss=0.000776 | Val Loss=0.116608
Epoch 24/50 | Train Loss=0.000892 | Val Loss=0.115432
Epoch 25/50 | Train Loss=0.000842 | Val Loss=0.114231
Epoch 26/50 | Train Loss=0.000946 | Val Loss=0.113020
Epoch 27/50 | Train Loss=0.000815 | Val Loss=0.111756
Epoch 28/50 | Train Loss=0.000683 | Val Loss=0.110609
Epoch 29/50 | Train Loss=0.000723 | Val Loss=0.109629
Epoch 30/50 | Train Loss=0.000747 | Val Loss=0.108714
Epoch 31/50 | Train Loss=0.000878 | Val Loss=0.107786
Epoch 32/50 | Train Loss=0.000851 | Val Loss=0.106757
Epoch 33/50 | Train Loss=0.000742 | Val Loss=0.105672
Epoch 34/50 | Train Loss=0.000817 | Val Loss=0.104648
Epoch 35/50 | Train Loss=0.000883 | Val Loss=0.103577
Epoch 36/50 | Train Loss=0.000826 | Val Loss=0.102423
Epoch 37/50 | Train Loss=0.000882 | Val Loss=0.101229
Epoch 38/50 | Train Loss=0.000756 | Val Loss=0.100035
Epoch 39/50 | Train Loss=0.000731 | Val Loss=0.098935
Epoch 40/50 | Train Loss=0.000755 | Val Loss=0.097922
Epoch 41/50 | Train Loss=0.000675 | Val Loss=0.097030
[I 2025-09-16 23:40:59,258] Trial 2 finished with value: 0.09101440757513046 and parameters: {'window_size': 120, 'batch_size': 64, 'lr': 0.0002445412709467582, 'hidden_size': 16, 'dropout': 0.14328297978779397}. Best is trial 0 with value: 0.036284398287534714.
[I 2025-09-16 23:40:59,495] Trial 3 finished with value: 0.04528520256280899 and parameters: {'window_size': 90, 'batch_size': 32, 'lr': 0.006725483687132637, 'hidden_size': 64, 'dropout': 0.20697582717310123}. Best is trial 0 with value: 0.036284398287534714.
[I 2025-09-16 23:41:01,057] Trial 4 finished with value: 0.031020376831293106 and parameters: {'window_size': 60, 'batch_size': 32, 'lr': 0.00013903702496330728, 'hidden_size': 128, 'dropout': 0.27601774278581703}. Best is trial 4 with value: 0.031020376831293106.
[I 2025-09-16 23:41:01,532] Trial 5 finished with value: 0.08194296061992645 and parameters: {'window_size': 120, 'batch_size': 64, 'lr': 0.0013793966601999242, 'hidden_size': 16, 'dropout': 0.2864006108302828}. Best is trial 4 with value: 0.031020376831293106.
