[I 2025-09-16 23:26:58,843] Trial 4 finished with value: 0.010857460089027882 and parameters: {'window_size': 120, 'batch_size': 64, 'lr': 0.0035488479654401583, 'd_model': 32, 'n_heads': 2, 'num_layers': 1, 'dropout': 0.34119756804912227}. Best is trial 3 with value: 0.009138878434896469.
Epoch 1/50 | Train Loss=0.000122 | Val Loss=0.085290
Epoch 2/50 | Train Loss=0.000097 | Val Loss=0.077866
Epoch 3/50 | Train Loss=0.000079 | Val Loss=0.073120
Epoch 4/50 | Train Loss=0.000072 | Val Loss=0.069732
Epoch 5/50 | Train Loss=0.000068 | Val Loss=0.067611
Epoch 6/50 | Train Loss=0.000063 | Val Loss=0.065702
Epoch 7/50 | Train Loss=0.000059 | Val Loss=0.063389
Epoch 8/50 | Train Loss=0.000054 | Val Loss=0.060989
Epoch 9/50 | Train Loss=0.000047 | Val Loss=0.058249
Epoch 10/50 | Train Loss=0.000040 | Val Loss=0.055944
Epoch 11/50 | Train Loss=0.000038 | Val Loss=0.054463
Epoch 12/50 | Train Loss=0.000035 | Val Loss=0.053285
Epoch 13/50 | Train Loss=0.000035 | Val Loss=0.052634
Epoch 14/50 | Train Loss=0.000034 | Val Loss=0.052207
Epoch 15/50 | Train Loss=0.000032 | Val Loss=0.051931
Epoch 16/50 | Train Loss=0.000033 | Val Loss=0.051882
Epoch 17/50 | Train Loss=0.000032 | Val Loss=0.051332
Epoch 18/50 | Train Loss=0.000032 | Val Loss=0.051332
Epoch 19/50 | Train Loss=0.000032 | Val Loss=0.051383
Epoch 20/50 | Train Loss=0.000032 | Val Loss=0.051253
Epoch 21/50 | Train Loss=0.000031 | Val Loss=0.051254
Epoch 22/50 | Train Loss=0.000032 | Val Loss=0.051128
Epoch 23/50 | Train Loss=0.000031 | Val Loss=0.051228
Epoch 24/50 | Train Loss=0.000032 | Val Loss=0.050674
Epoch 25/50 | Train Loss=0.000030 | Val Loss=0.051111
Epoch 26/50 | Train Loss=0.000031 | Val Loss=0.051166
Epoch 27/50 | Train Loss=0.000030 | Val Loss=0.051310
Epoch 28/50 | Train Loss=0.000030 | Val Loss=0.050998
Epoch 29/50 | Train Loss=0.000030 | Val Loss=0.051040
‚èπ Early stopping at epoch 29
[Tuning-LSTM_AE] Threshold (p95)=0.020264
Epoch 1/50 | Train Loss=0.000115 | Val Loss=0.065211
Epoch 2/50 | Train Loss=0.000099 | Val Loss=0.061177
Epoch 3/50 | Train Loss=0.000089 | Val Loss=0.058812
Epoch 4/50 | Train Loss=0.000078 | Val Loss=0.057326
Epoch 5/50 | Train Loss=0.000076 | Val Loss=0.056311
Epoch 6/50 | Train Loss=0.000075 | Val Loss=0.055269
Epoch 7/50 | Train Loss=0.000073 | Val Loss=0.054591
Epoch 8/50 | Train Loss=0.000071 | Val Loss=0.053786
Epoch 9/50 | Train Loss=0.000069 | Val Loss=0.053516
Epoch 10/50 | Train Loss=0.000068 | Val Loss=0.052874
Epoch 11/50 | Train Loss=0.000066 | Val Loss=0.052399
Epoch 12/50 | Train Loss=0.000065 | Val Loss=0.051807
Epoch 13/50 | Train Loss=0.000063 | Val Loss=0.051303
Epoch 14/50 | Train Loss=0.000062 | Val Loss=0.050783
Epoch 15/50 | Train Loss=0.000062 | Val Loss=0.050396
Epoch 16/50 | Train Loss=0.000059 | Val Loss=0.049798
Epoch 17/50 | Train Loss=0.000058 | Val Loss=0.049212
Epoch 18/50 | Train Loss=0.000056 | Val Loss=0.048664
Epoch 19/50 | Train Loss=0.000054 | Val Loss=0.048285
Epoch 20/50 | Train Loss=0.000055 | Val Loss=0.047694
Epoch 21/50 | Train Loss=0.000055 | Val Loss=0.047282
Epoch 22/50 | Train Loss=0.000050 | Val Loss=0.046992
Epoch 23/50 | Train Loss=0.000049 | Val Loss=0.046512
Epoch 24/50 | Train Loss=0.000047 | Val Loss=0.045965
Epoch 25/50 | Train Loss=0.000045 | Val Loss=0.045630
Epoch 26/50 | Train Loss=0.000043 | Val Loss=0.045409
Epoch 27/50 | Train Loss=0.000042 | Val Loss=0.045434
Epoch 28/50 | Train Loss=0.000040 | Val Loss=0.045482
Epoch 29/50 | Train Loss=0.000039 | Val Loss=0.045517
Epoch 30/50 | Train Loss=0.000041 | Val Loss=0.045537
Epoch 31/50 | Train Loss=0.000037 | Val Loss=0.045395
Epoch 32/50 | Train Loss=0.000038 | Val Loss=0.045639
Epoch 33/50 | Train Loss=0.000038 | Val Loss=0.045543
Epoch 34/50 | Train Loss=0.000038 | Val Loss=0.045568
Epoch 35/50 | Train Loss=0.000038 | Val Loss=0.045660
Epoch 36/50 | Train Loss=0.000036 | Val Loss=0.045918
‚èπ Early stopping at epoch 36
[Tuning-LSTM_AE] Threshold (p95)=0.045600
Epoch 1/50 | Train Loss=0.000213 | Val Loss=0.043723
Epoch 2/50 | Train Loss=0.000147 | Val Loss=0.044462
Epoch 3/50 | Train Loss=0.000144 | Val Loss=0.043758
Epoch 4/50 | Train Loss=0.000144 | Val Loss=0.044526
Epoch 5/50 | Train Loss=0.000146 | Val Loss=0.044232
Epoch 6/50 | Train Loss=0.000143 | Val Loss=0.043437
Epoch 7/50 | Train Loss=0.000142 | Val Loss=0.044994
Epoch 8/50 | Train Loss=0.000142 | Val Loss=0.043521
Epoch 9/50 | Train Loss=0.000144 | Val Loss=0.044250
Epoch 10/50 | Train Loss=0.000145 | Val Loss=0.045261
Epoch 11/50 | Train Loss=0.000142 | Val Loss=0.043961
‚èπ Early stopping at epoch 11
[Tuning-LSTM_AE] Threshold (p95)=0.044817
üîé Best hyperparameters for LSTM_AE: {'window_size': 120, 'batch_size': 128, 'lr': 0.00012179364611247265, 'hidden_size': 128, 'dropout': 0.32997980794497495}
Best validation loss: 0.04130033776164055

üîé Running hyperparameter search for Transformer on coin_coin_Stellar...
Epoch 1/50 | Train Loss=0.000247 | Val Loss=0.039865
Epoch 2/50 | Train Loss=0.000071 | Val Loss=0.019389
Epoch 3/50 | Train Loss=0.000035 | Val Loss=0.017571
Epoch 4/50 | Train Loss=0.000019 | Val Loss=0.019154
Epoch 5/50 | Train Loss=0.000012 | Val Loss=0.020401
Epoch 6/50 | Train Loss=0.000009 | Val Loss=0.021323
Epoch 7/50 | Train Loss=0.000007 | Val Loss=0.021641
Epoch 8/50 | Train Loss=0.000006 | Val Loss=0.021680
‚èπ Early stopping at epoch 8
[Tuning-Transformer] Threshold (p95)=0.000454
Epoch 1/50 | Train Loss=0.001922 | Val Loss=0.048449
Epoch 2/50 | Train Loss=0.000067 | Val Loss=0.014911
Epoch 3/50 | Train Loss=0.000012 | Val Loss=0.016846
Epoch 4/50 | Train Loss=0.000007 | Val Loss=0.021097
Epoch 5/50 | Train Loss=0.000006 | Val Loss=0.024734
Epoch 6/50 | Train Loss=0.000007 | Val Loss=0.026171
Epoch 7/50 | Train Loss=0.000007 | Val Loss=0.028008
‚èπ Early stopping at epoch 7
[Tuning-Transformer] Threshold (p95)=0.001210
Epoch 1/50 | Train Loss=0.001693 | Val Loss=0.062572
Epoch 2/50 | Train Loss=0.000217 | Val Loss=0.062452
Epoch 3/50 | Train Loss=0.000131 | Val Loss=0.056361
Epoch 4/50 | Train Loss=0.000058 | Val Loss=0.041022
Epoch 5/50 | Train Loss=0.000029 | Val Loss=0.021386
Epoch 6/50 | Train Loss=0.000026 | Val Loss=0.017320
Epoch 7/50 | Train Loss=0.000013 | Val Loss=0.016535
Epoch 8/50 | Train Loss=0.000007 | Val Loss=0.014101
Epoch 9/50 | Train Loss=0.000004 | Val Loss=0.015547
Epoch 10/50 | Train Loss=0.000003 | Val Loss=0.016149
Epoch 11/50 | Train Loss=0.000002 | Val Loss=0.017868
Epoch 12/50 | Train Loss=0.000003 | Val Loss=0.022539
Epoch 13/50 | Train Loss=0.000008 | Val Loss=0.023821
‚èπ Early stopping at epoch 13
[Tuning-Transformer] Threshold (p95)=0.000962
Epoch 1/50 | Train Loss=0.001643 | Val Loss=0.027776
Epoch 2/50 | Train Loss=0.000028 | Val Loss=0.009139
Epoch 3/50 | Train Loss=0.000009 | Val Loss=0.009591
Epoch 4/50 | Train Loss=0.000006 | Val Loss=0.011802
Epoch 5/50 | Train Loss=0.000006 | Val Loss=0.015402
Epoch 6/50 | Train Loss=0.000008 | Val Loss=0.018991
Epoch 7/50 | Train Loss=0.000008 | Val Loss=0.021309
‚èπ Early stopping at epoch 7
[Tuning-Transformer] Threshold (p95)=0.004035
Epoch 1/50 | Train Loss=0.000834 | Val Loss=0.032577
Epoch 2/50 | Train Loss=0.000089 | Val Loss=0.031439
Epoch 3/50 | Train Loss=0.000032 | Val Loss=0.022904
Epoch 4/50 | Train Loss=0.000014 | Val Loss=0.016715
Epoch 5/50 | Train Loss=0.000008 | Val Loss=0.013032
Epoch 6/50 | Train Loss=0.000005 | Val Loss=0.011230
Epoch 7/50 | Train Loss=0.000004 | Val Loss=0.010857
Epoch 8/50 | Train Loss=0.000004 | Val Loss=0.011014
Epoch 9/50 | Train Loss=0.000003 | Val Loss=0.011536
Epoch 10/50 | Train Loss=0.000003 | Val Loss=0.012385
Epoch 11/50 | Train Loss=0.000002 | Val Loss=0.013476
Epoch 12/50 | Train Loss=0.000002 | Val Loss=0.014768
‚èπ Early stopping at epoch 12
[Tuning-Transformer] Threshold (p95)=0.001179
Epoch 1/50 | Train Loss=0.001648 | Val Loss=0.060500
Epoch 2/50 | Train Loss=0.000264 | Val Loss=0.055345
Epoch 3/50 | Train Loss=0.000137 | Val Loss=0.052848
Epoch 4/50 | Train Loss=0.000086 | Val Loss=0.038764
Epoch 5/50 | Train Loss=0.000040 | Val Loss=0.033862
Epoch 6/50 | Train Loss=0.000019 | Val Loss=0.018930
Epoch 7/50 | Train Loss=0.000014 | Val Loss=0.011710
Epoch 8/50 | Train Loss=0.000005 | Val Loss=0.009367
Epoch 9/50 | Train Loss=0.000003 | Val Loss=0.008327
Epoch 10/50 | Train Loss=0.000002 | Val Loss=0.007178
Epoch 11/50 | Train Loss=0.000002 | Val Loss=0.006525
Epoch 12/50 | Train Loss=0.000001 | Val Loss=0.006287
Epoch 13/50 | Train Loss=0.000001 | Val Loss=0.006409
[I 2025-09-16 23:27:14,011] Trial 5 finished with value: 0.00628728186711669 and parameters: {'window_size': 120, 'batch_size': 128, 'lr': 0.002660042095476125, 'd_model': 128, 'n_heads': 8, 'num_layers': 3, 'dropout': 0.39540565151256957}. Best is trial 5 with value: 0.00628728186711669.
[I 2025-09-16 23:27:19,212] Trial 6 finished with value: 0.010915210470557213 and parameters: {'window_size': 60, 'batch_size': 32, 'lr': 0.0012880456282267055, 'd_model': 32, 'n_heads': 2, 'num_layers': 2, 'dropout': 0.22975324308377684}. Best is trial 5 with value: 0.00628728186711669.
[I 2025-09-16 23:27:23,462] Trial 7 finished with value: 0.017205864191055298 and parameters: {'window_size': 120, 'batch_size': 32, 'lr': 0.00024615431402094185, 'd_model': 64, 'n_heads': 2, 'num_layers': 2, 'dropout': 0.2312388770220482}. Best is trial 5 with value: 0.00628728186711669.
[I 2025-09-16 23:27:24,803] Trial 8 finished with value: 0.01963726244866848 and parameters: {'window_size': 60, 'batch_size': 64, 'lr': 0.0003870620753406167, 'd_model': 64, 'n_heads': 2, 'num_layers': 1, 'dropout': 0.19844431093485776}. Best is trial 5 with value: 0.00628728186711669.
[I 2025-09-16 23:27:31,075] Trial 9 finished with value: 0.024049948900938034 and parameters: {'window_size': 90, 'batch_size': 32, 'lr': 0.0076982925031318285, 'd_model': 128, 'n_heads': 4, 'num_layers': 3, 'dropout': 0.2644501310681341}. Best is trial 5 with value: 0.00628728186711669.
[I 2025-09-16 23:28:06,740] A new study created in memory with name: no-name-5fd5e5c3-20e0-4770-b8e4-9a473ff184d2
[I 2025-09-16 23:28:08,915] Trial 0 finished with value: 0.03381887450814247 and parameters: {'window_size': 60, 'batch_size': 64, 'lr': 0.0014074557315458941, 'hidden_size': 32, 'dropout': 0.1689043916665353}. Best is trial 0 with value: 0.03381887450814247.
Epoch 14/50 | Train Loss=0.000001 | Val Loss=0.006803
Epoch 15/50 | Train Loss=0.000001 | Val Loss=0.007252
Epoch 16/50 | Train Loss=0.000001 | Val Loss=0.007633
Epoch 17/50 | Train Loss=0.000001 | Val Loss=0.007993
‚èπ Early stopping at epoch 17
[Tuning-Transformer] Threshold (p95)=0.000374
Epoch 1/50 | Train Loss=0.000694 | Val Loss=0.034006
Epoch 2/50 | Train Loss=0.000089 | Val Loss=0.023850
Epoch 3/50 | Train Loss=0.000048 | Val Loss=0.023347
Epoch 4/50 | Train Loss=0.000029 | Val Loss=0.019473
Epoch 5/50 | Train Loss=0.000018 | Val Loss=0.014870
Epoch 6/50 | Train Loss=0.000012 | Val Loss=0.011952
Epoch 7/50 | Train Loss=0.000008 | Val Loss=0.010915
Epoch 8/50 | Train Loss=0.000006 | Val Loss=0.011041
Epoch 9/50 | Train Loss=0.000005 | Val Loss=0.011794
Epoch 10/50 | Train Loss=0.000004 | Val Loss=0.012929
Epoch 11/50 | Train Loss=0.000004 | Val Loss=0.014336
Epoch 12/50 | Train Loss=0.000003 | Val Loss=0.015904
‚èπ Early stopping at epoch 12
[Tuning-Transformer] Threshold (p95)=0.000131
Epoch 1/50 | Train Loss=0.000534 | Val Loss=0.021603
Epoch 2/50 | Train Loss=0.000139 | Val Loss=0.017206
Epoch 3/50 | Train Loss=0.000079 | Val Loss=0.017537
Epoch 4/50 | Train Loss=0.000053 | Val Loss=0.017932
Epoch 5/50 | Train Loss=0.000038 | Val Loss=0.018643
Epoch 6/50 | Train Loss=0.000029 | Val Loss=0.018541
Epoch 7/50 | Train Loss=0.000022 | Val Loss=0.019173
‚èπ Early stopping at epoch 7
[Tuning-Transformer] Threshold (p95)=0.001911
Epoch 1/50 | Train Loss=0.000458 | Val Loss=0.030317
Epoch 2/50 | Train Loss=0.000116 | Val Loss=0.019637
Epoch 3/50 | Train Loss=0.000059 | Val Loss=0.020398
Epoch 4/50 | Train Loss=0.000038 | Val Loss=0.021166
Epoch 5/50 | Train Loss=0.000027 | Val Loss=0.022019
Epoch 6/50 | Train Loss=0.000021 | Val Loss=0.022457
Epoch 7/50 | Train Loss=0.000016 | Val Loss=0.022718
‚èπ Early stopping at epoch 7
[Tuning-Transformer] Threshold (p95)=0.000811
Epoch 1/50 | Train Loss=0.002305 | Val Loss=0.073520
Epoch 2/50 | Train Loss=0.000080 | Val Loss=0.024050
Epoch 3/50 | Train Loss=0.000024 | Val Loss=0.028052
Epoch 4/50 | Train Loss=0.000016 | Val Loss=0.028406
Epoch 5/50 | Train Loss=0.000009 | Val Loss=0.030427
Epoch 6/50 | Train Loss=0.000009 | Val Loss=0.029081
Epoch 7/50 | Train Loss=0.000012 | Val Loss=0.029510
‚èπ Early stopping at epoch 7
[Tuning-Transformer] Threshold (p95)=0.000611
üîé Best hyperparameters for Transformer: {'window_size': 120, 'batch_size': 128, 'lr': 0.002660042095476125, 'd_model': 128, 'n_heads': 8, 'num_layers': 3, 'dropout': 0.39540565151256957}
Best validation loss: 0.00628728186711669
‚úÖ Best LSTM params: {'window_size': 120, 'batch_size': 128, 'lr': 0.00012179364611247265, 'hidden_size': 128, 'dropout': 0.32997980794497495}
‚úÖ Best Transformer params: {'window_size': 120, 'batch_size': 128, 'lr': 0.002660042095476125, 'd_model': 128, 'n_heads': 8, 'num_layers': 3, 'dropout': 0.39540565151256957}

>>> Training LSTM_AE for coin_coin_Stellar...
Epoch 1/100 | Train Loss=0.000192 | Val Loss=0.042103
Epoch 2/100 | Train Loss=0.000073 | Val Loss=0.043391
Epoch 3/100 | Train Loss=0.000057 | Val Loss=0.043030
Epoch 4/100 | Train Loss=0.000054 | Val Loss=0.043608
Epoch 5/100 | Train Loss=0.000051 | Val Loss=0.043002
Epoch 6/100 | Train Loss=0.000049 | Val Loss=0.043276
Epoch 7/100 | Train Loss=0.000048 | Val Loss=0.043060
Epoch 8/100 | Train Loss=0.000047 | Val Loss=0.042950
‚èπ Early stopping at epoch 8
[coin_coin_Stellar (LSTM_AE)] Threshold (p95)=0.035534
üìä Saved error distribution to /data/m24csa029/MTP/cyptocurrency/results/coin_coin_Stellar_LSTM_AE_anomalies_errors.png
coin_coin_Stellar [LSTM_AE]: 183 anomalies detected

>>> Training Transformer for coin_coin_Stellar...
Epoch 1/100 | Train Loss=0.002046 | Val Loss=0.053225
Epoch 2/100 | Train Loss=0.000276 | Val Loss=0.041784
Epoch 3/100 | Train Loss=0.000078 | Val Loss=0.045330
Epoch 4/100 | Train Loss=0.000042 | Val Loss=0.036497
Epoch 5/100 | Train Loss=0.000030 | Val Loss=0.021760
Epoch 6/100 | Train Loss=0.000022 | Val Loss=0.013373
Epoch 7/100 | Train Loss=0.000017 | Val Loss=0.011874
Epoch 8/100 | Train Loss=0.000013 | Val Loss=0.010997
Epoch 9/100 | Train Loss=0.000011 | Val Loss=0.009650
Epoch 10/100 | Train Loss=0.000011 | Val Loss=0.009330
Epoch 11/100 | Train Loss=0.000007 | Val Loss=0.008842
Epoch 12/100 | Train Loss=0.000006 | Val Loss=0.008161
Epoch 13/100 | Train Loss=0.000006 | Val Loss=0.007565
Epoch 14/100 | Train Loss=0.000006 | Val Loss=0.007644
Epoch 15/100 | Train Loss=0.000005 | Val Loss=0.006616
Epoch 16/100 | Train Loss=0.000002 | Val Loss=0.006225
Epoch 17/100 | Train Loss=0.000002 | Val Loss=0.005944
Epoch 18/100 | Train Loss=0.000002 | Val Loss=0.005705
Epoch 19/100 | Train Loss=0.000002 | Val Loss=0.005049
Epoch 20/100 | Train Loss=0.000002 | Val Loss=0.004878
Epoch 21/100 | Train Loss=0.000002 | Val Loss=0.004221
Epoch 22/100 | Train Loss=0.000001 | Val Loss=0.003927
Epoch 23/100 | Train Loss=0.000001 | Val Loss=0.003658
Epoch 24/100 | Train Loss=0.000001 | Val Loss=0.003415
Epoch 25/100 | Train Loss=0.000001 | Val Loss=0.003215
Epoch 26/100 | Train Loss=0.000001 | Val Loss=0.003086
Epoch 27/100 | Train Loss=0.000001 | Val Loss=0.003021
Epoch 28/100 | Train Loss=0.000001 | Val Loss=0.002979
Epoch 29/100 | Train Loss=0.000001 | Val Loss=0.003020
Epoch 30/100 | Train Loss=0.000001 | Val Loss=0.003104
Epoch 31/100 | Train Loss=0.000001 | Val Loss=0.003192
Epoch 32/100 | Train Loss=0.000001 | Val Loss=0.003313
Epoch 33/100 | Train Loss=0.000001 | Val Loss=0.003475
Epoch 34/100 | Train Loss=0.000001 | Val Loss=0.003634
Epoch 35/100 | Train Loss=0.000000 | Val Loss=0.003824
‚èπ Early stopping at epoch 35
[coin_coin_Stellar (Transformer)] Threshold (p95)=0.000195
üìä Saved error distribution to /data/m24csa029/MTP/cyptocurrency/results/coin_coin_Stellar_Transformer_anomalies_errors.png
coin_coin_Stellar [Transformer]: 225 anomalies detected

üöÄ Processing coin_coin_XRP...

üîé Running hyperparameter search for LSTM_AE on coin_coin_XRP...
Epoch 1/50 | Train Loss=0.000092 | Val Loss=0.039934
Epoch 2/50 | Train Loss=0.000072 | Val Loss=0.038586
Epoch 3/50 | Train Loss=0.000067 | Val Loss=0.037332
Epoch 4/50 | Train Loss=0.000065 | Val Loss=0.036297
Epoch 5/50 | Train Loss=0.000056 | Val Loss=0.034881
Epoch 6/50 | Train Loss=0.000049 | Val Loss=0.033959
Epoch 7/50 | Train Loss=0.000048 | Val Loss=0.033849
Epoch 8/50 | Train Loss=0.000048 | Val Loss=0.033819
Epoch 9/50 | Train Loss=0.000047 | Val Loss=0.034208
Epoch 10/50 | Train Loss=0.000048 | Val Loss=0.034205
Epoch 11/50 | Train Loss=0.000047 | Val Loss=0.034419
Epoch 12/50 | Train Loss=0.000047 | Val Loss=0.034862
Epoch 13/50 | Train Loss=0.000049 | Val Loss=0.034364
‚èπ Early stopping at epoch 13
[Tuning-LSTM_AE] Threshold (p95)=0.007947
Epoch 1/50 | Train Loss=0.000548 | Val Loss=0.043016
Epoch 2/50 | Train Loss=0.000282 | Val Loss=0.034223
Epoch 3/50 | Train Loss=0.000176 | Val Loss=0.032431
Epoch 4/50 | Train Loss=0.000161 | Val Loss=0.031865
Epoch 5/50 | Train Loss=0.000157 | Val Loss=0.031617
Epoch 6/50 | Train Loss=0.000153 | Val Loss=0.031335
Epoch 7/50 | Train Loss=0.000151 | Val Loss=0.031216
Epoch 8/50 | Train Loss=0.000147 | Val Loss=0.030886
Epoch 9/50 | Train Loss=0.000146 | Val Loss=0.030876
Epoch 10/50 | Train Loss=0.000143 | Val Loss=0.030671
Epoch 11/50 | Train Loss=0.000142 | Val Loss=0.030618
Epoch 12/50 | Train Loss=0.000140 | Val Loss=0.030358
Epoch 13/50 | Train Loss=0.000139 | Val Loss=0.030291
Epoch 14/50 | Train Loss=0.000137 | Val Loss=0.030363
Epoch 15/50 | Train Loss=0.000135 | Val Loss=0.030315
Epoch 16/50 | Train Loss=0.000135 | Val Loss=0.030195
Epoch 17/50 | Train Loss=0.000134 | Val Loss=0.030126
Epoch 18/50 | Train Loss=0.000133 | Val Loss=0.030215
Epoch 19/50 | Train Loss=0.000132 | Val Loss=0.030117
Epoch 20/50 | Train Loss=0.000130 | Val Loss=0.030069
Epoch 21/50 | Train Loss=0.000130 | Val Loss=0.029965
Epoch 22/50 | Train Loss=0.000128 | Val Loss=0.030028
Epoch 23/50 | Train Loss=0.000127 | Val Loss=0.030190
Epoch 24/50 | Train Loss=0.000126 | Val Loss=0.030017
Epoch 25/50 | Train Loss=0.000126 | Val Loss=0.029973
Epoch 26/50 | Train Loss=0.000125 | Val Loss=0.029927
[I 2025-09-16 23:28:23,401] Trial 1 finished with value: 0.029545536264777184 and parameters: {'window_size': 120, 'batch_size': 32, 'lr': 0.00014939614645350478, 'hidden_size': 64, 'dropout': 0.14995289773155582}. Best is trial 1 with value: 0.029545536264777184.
[I 2025-09-16 23:28:27,734] Trial 2 finished with value: 0.030907148495316505 and parameters: {'window_size': 120, 'batch_size': 128, 'lr': 0.0004786748776545641, 'hidden_size': 32, 'dropout': 0.1520807265381647}. Best is trial 1 with value: 0.029545536264777184.
[I 2025-09-16 23:28:31,324] Trial 3 finished with value: 0.03249732032418251 and parameters: {'window_size': 90, 'batch_size': 64, 'lr': 0.0036367105134428937, 'hidden_size': 16, 'dropout': 0.3858314160605282}. Best is trial 1 with value: 0.029545536264777184.
[I 2025-09-16 23:28:36,828] Trial 4 finished with value: 0.03391621634364128 and parameters: {'window_size': 60, 'batch_size': 32, 'lr': 0.001072704049431346, 'hidden_size': 16, 'dropout': 0.3196465414148062}. Best is trial 1 with value: 0.029545536264777184.
[I 2025-09-16 23:28:37,686] Trial 5 finished with value: 0.02955377846956253 and parameters: {'window_size': 120, 'batch_size': 128, 'lr': 0.009321258889029892, 'hidden_size': 128, 'dropout': 0.44853644792894065}. Best is trial 1 with value: 0.029545536264777184.
