[I 2025-09-16 23:41:30,356] Trial 6 finished with value: 0.42761310935020447 and parameters: {'window_size': 60, 'batch_size': 128, 'lr': 0.0007277524577321747, 'hidden_size': 32, 'dropout': 0.3129391157094388}. Best is trial 0 with value: 0.2714654803276062.
Epoch 33/50 | Train Loss=0.000131 | Val Loss=0.461289
Epoch 34/50 | Train Loss=0.000130 | Val Loss=0.458072
Epoch 35/50 | Train Loss=0.000133 | Val Loss=0.455082
Epoch 36/50 | Train Loss=0.000130 | Val Loss=0.451288
Epoch 37/50 | Train Loss=0.000137 | Val Loss=0.447235
Epoch 38/50 | Train Loss=0.000128 | Val Loss=0.442327
Epoch 39/50 | Train Loss=0.000127 | Val Loss=0.437846
Epoch 40/50 | Train Loss=0.000120 | Val Loss=0.433664
Epoch 41/50 | Train Loss=0.000120 | Val Loss=0.430050
Epoch 42/50 | Train Loss=0.000119 | Val Loss=0.427064
Epoch 43/50 | Train Loss=0.000118 | Val Loss=0.423604
Epoch 44/50 | Train Loss=0.000120 | Val Loss=0.420359
Epoch 45/50 | Train Loss=0.000120 | Val Loss=0.416569
Epoch 46/50 | Train Loss=0.000114 | Val Loss=0.411405
Epoch 47/50 | Train Loss=0.000118 | Val Loss=0.406859
Epoch 48/50 | Train Loss=0.000111 | Val Loss=0.403724
Epoch 49/50 | Train Loss=0.000110 | Val Loss=0.400649
Epoch 50/50 | Train Loss=0.000109 | Val Loss=0.398657
[Tuning-LSTM_AE] Threshold (p95)=0.045535
Epoch 1/50 | Train Loss=0.000602 | Val Loss=0.514930
Epoch 2/50 | Train Loss=0.000593 | Val Loss=0.509153
Epoch 3/50 | Train Loss=0.000534 | Val Loss=0.502718
Epoch 4/50 | Train Loss=0.000491 | Val Loss=0.496868
Epoch 5/50 | Train Loss=0.000443 | Val Loss=0.491023
Epoch 6/50 | Train Loss=0.000418 | Val Loss=0.485318
Epoch 7/50 | Train Loss=0.000398 | Val Loss=0.480100
Epoch 8/50 | Train Loss=0.000359 | Val Loss=0.474876
Epoch 9/50 | Train Loss=0.000337 | Val Loss=0.469219
Epoch 10/50 | Train Loss=0.000340 | Val Loss=0.463047
Epoch 11/50 | Train Loss=0.000302 | Val Loss=0.455886
Epoch 12/50 | Train Loss=0.000261 | Val Loss=0.448702
Epoch 13/50 | Train Loss=0.000245 | Val Loss=0.441788
Epoch 14/50 | Train Loss=0.000221 | Val Loss=0.435655
Epoch 15/50 | Train Loss=0.000209 | Val Loss=0.430325
Epoch 16/50 | Train Loss=0.000190 | Val Loss=0.425337
Epoch 17/50 | Train Loss=0.000181 | Val Loss=0.421564
Epoch 18/50 | Train Loss=0.000145 | Val Loss=0.418704
Epoch 19/50 | Train Loss=0.000172 | Val Loss=0.416386
Epoch 20/50 | Train Loss=0.000148 | Val Loss=0.413607
Epoch 21/50 | Train Loss=0.000139 | Val Loss=0.411119
Epoch 22/50 | Train Loss=0.000144 | Val Loss=0.409182
Epoch 23/50 | Train Loss=0.000134 | Val Loss=0.407666
Epoch 24/50 | Train Loss=0.000132 | Val Loss=0.406307
Epoch 25/50 | Train Loss=0.000133 | Val Loss=0.404649
Epoch 26/50 | Train Loss=0.000111 | Val Loss=0.402875
Epoch 27/50 | Train Loss=0.000110 | Val Loss=0.402018
Epoch 28/50 | Train Loss=0.000113 | Val Loss=0.401499
Epoch 29/50 | Train Loss=0.000132 | Val Loss=0.400863
Epoch 30/50 | Train Loss=0.000111 | Val Loss=0.399584
Epoch 31/50 | Train Loss=0.000113 | Val Loss=0.398098
Epoch 32/50 | Train Loss=0.000118 | Val Loss=0.396682
Epoch 33/50 | Train Loss=0.000102 | Val Loss=0.395100
Epoch 34/50 | Train Loss=0.000093 | Val Loss=0.393901
Epoch 35/50 | Train Loss=0.000115 | Val Loss=0.392817
Epoch 36/50 | Train Loss=0.000111 | Val Loss=0.391606
Epoch 37/50 | Train Loss=0.000104 | Val Loss=0.390598
Epoch 38/50 | Train Loss=0.000095 | Val Loss=0.390190
Epoch 39/50 | Train Loss=0.000098 | Val Loss=0.389814
Epoch 40/50 | Train Loss=0.000103 | Val Loss=0.389188
Epoch 41/50 | Train Loss=0.000112 | Val Loss=0.388206
Epoch 42/50 | Train Loss=0.000105 | Val Loss=0.386971
Epoch 43/50 | Train Loss=0.000107 | Val Loss=0.385226
Epoch 44/50 | Train Loss=0.000109 | Val Loss=0.383314
Epoch 45/50 | Train Loss=0.000093 | Val Loss=0.381431
Epoch 46/50 | Train Loss=0.000090 | Val Loss=0.380000
Epoch 47/50 | Train Loss=0.000106 | Val Loss=0.378890
Epoch 48/50 | Train Loss=0.000120 | Val Loss=0.377770
Epoch 49/50 | Train Loss=0.000108 | Val Loss=0.376323
Epoch 50/50 | Train Loss=0.000090 | Val Loss=0.375130
[Tuning-LSTM_AE] Threshold (p95)=0.057661
Epoch 1/50 | Train Loss=0.000353 | Val Loss=0.362502
Epoch 2/50 | Train Loss=0.000164 | Val Loss=0.340598
Epoch 3/50 | Train Loss=0.000097 | Val Loss=0.345979
Epoch 4/50 | Train Loss=0.000085 | Val Loss=0.332041
Epoch 5/50 | Train Loss=0.000071 | Val Loss=0.308715
Epoch 6/50 | Train Loss=0.000079 | Val Loss=0.302083
Epoch 7/50 | Train Loss=0.000070 | Val Loss=0.300222
Epoch 8/50 | Train Loss=0.000079 | Val Loss=0.297743
Epoch 9/50 | Train Loss=0.000067 | Val Loss=0.293245
Epoch 10/50 | Train Loss=0.000074 | Val Loss=0.293585
Epoch 11/50 | Train Loss=0.000069 | Val Loss=0.294305
Epoch 12/50 | Train Loss=0.000065 | Val Loss=0.295029
Epoch 13/50 | Train Loss=0.000071 | Val Loss=0.291055
Epoch 14/50 | Train Loss=0.000066 | Val Loss=0.290264
Epoch 15/50 | Train Loss=0.000074 | Val Loss=0.292437
Epoch 16/50 | Train Loss=0.000071 | Val Loss=0.283789
Epoch 17/50 | Train Loss=0.000065 | Val Loss=0.285179
Epoch 18/50 | Train Loss=0.000067 | Val Loss=0.295130
Epoch 19/50 | Train Loss=0.000065 | Val Loss=0.297038
Epoch 20/50 | Train Loss=0.000072 | Val Loss=0.301197
Epoch 21/50 | Train Loss=0.000068 | Val Loss=0.301603
‚èπ Early stopping at epoch 21
[Tuning-LSTM_AE] Threshold (p95)=0.046815
Epoch 1/50 | Train Loss=0.000485 | Val Loss=0.655604
Epoch 2/50 | Train Loss=0.000459 | Val Loss=0.649034
Epoch 3/50 | Train Loss=0.000425 | Val Loss=0.642963
Epoch 4/50 | Train Loss=0.000389 | Val Loss=0.637283
Epoch 5/50 | Train Loss=0.000388 | Val Loss=0.631768
Epoch 6/50 | Train Loss=0.000354 | Val Loss=0.626066
Epoch 7/50 | Train Loss=0.000341 | Val Loss=0.620190
Epoch 8/50 | Train Loss=0.000306 | Val Loss=0.614064
Epoch 9/50 | Train Loss=0.000294 | Val Loss=0.607761
Epoch 10/50 | Train Loss=0.000268 | Val Loss=0.601304
Epoch 11/50 | Train Loss=0.000261 | Val Loss=0.594836
Epoch 12/50 | Train Loss=0.000237 | Val Loss=0.587862
Epoch 13/50 | Train Loss=0.000221 | Val Loss=0.580552
Epoch 14/50 | Train Loss=0.000205 | Val Loss=0.573300
Epoch 15/50 | Train Loss=0.000187 | Val Loss=0.566420
Epoch 16/50 | Train Loss=0.000195 | Val Loss=0.560054
Epoch 17/50 | Train Loss=0.000162 | Val Loss=0.553390
Epoch 18/50 | Train Loss=0.000143 | Val Loss=0.547351
Epoch 19/50 | Train Loss=0.000137 | Val Loss=0.542230
Epoch 20/50 | Train Loss=0.000131 | Val Loss=0.537584
Epoch 21/50 | Train Loss=0.000128 | Val Loss=0.533149
Epoch 22/50 | Train Loss=0.000123 | Val Loss=0.528620
Epoch 23/50 | Train Loss=0.000113 | Val Loss=0.524212
Epoch 24/50 | Train Loss=0.000113 | Val Loss=0.520212
Epoch 25/50 | Train Loss=0.000108 | Val Loss=0.516470
Epoch 26/50 | Train Loss=0.000107 | Val Loss=0.512783
Epoch 27/50 | Train Loss=0.000109 | Val Loss=0.509136
Epoch 28/50 | Train Loss=0.000100 | Val Loss=0.505450
Epoch 29/50 | Train Loss=0.000098 | Val Loss=0.502219
Epoch 30/50 | Train Loss=0.000100 | Val Loss=0.498953
Epoch 31/50 | Train Loss=0.000094 | Val Loss=0.495718
Epoch 32/50 | Train Loss=0.000099 | Val Loss=0.492546
Epoch 33/50 | Train Loss=0.000096 | Val Loss=0.488945
Epoch 34/50 | Train Loss=0.000092 | Val Loss=0.485291
Epoch 35/50 | Train Loss=0.000091 | Val Loss=0.481923
Epoch 36/50 | Train Loss=0.000091 | Val Loss=0.478527
Epoch 37/50 | Train Loss=0.000094 | Val Loss=0.475332
Epoch 38/50 | Train Loss=0.000097 | Val Loss=0.472188
Epoch 39/50 | Train Loss=0.000095 | Val Loss=0.468616
Epoch 40/50 | Train Loss=0.000093 | Val Loss=0.464624
Epoch 41/50 | Train Loss=0.000092 | Val Loss=0.460399
Epoch 42/50 | Train Loss=0.000092 | Val Loss=0.456051
Epoch 43/50 | Train Loss=0.000087 | Val Loss=0.451868
Epoch 44/50 | Train Loss=0.000082 | Val Loss=0.448348
Epoch 45/50 | Train Loss=0.000086 | Val Loss=0.445046
Epoch 46/50 | Train Loss=0.000084 | Val Loss=0.441808
Epoch 47/50 | Train Loss=0.000086 | Val Loss=0.438174
Epoch 48/50 | Train Loss=0.000085 | Val Loss=0.434602
Epoch 49/50 | Train Loss=0.000083 | Val Loss=0.431039
Epoch 50/50 | Train Loss=0.000083 | Val Loss=0.427613
[Tuning-LSTM_AE] Threshold (p95)=0.050909
Epoch 1/50 | Train Loss=0.000366 | Val Loss=0.622923
Epoch 2/50 | Train Loss=0.000340 | Val Loss=0.602820
Epoch 3/50 | Train Loss=0.000270 | Val Loss=0.584393
Epoch 4/50 | Train Loss=0.000244 | Val Loss=0.568330
Epoch 5/50 | Train Loss=0.000215 | Val Loss=0.553530
Epoch 6/50 | Train Loss=0.000180 | Val Loss=0.540300
Epoch 7/50 | Train Loss=0.000171 | Val Loss=0.528898
Epoch 8/50 | Train Loss=0.000166 | Val Loss=0.519076
Epoch 9/50 | Train Loss=0.000144 | Val Loss=0.510635
[I 2025-09-16 23:41:31,158] Trial 7 finished with value: 0.3929564654827118 and parameters: {'window_size': 60, 'batch_size': 128, 'lr': 0.0012403761978874567, 'hidden_size': 32, 'dropout': 0.4851727716559694}. Best is trial 0 with value: 0.2714654803276062.
[I 2025-09-16 23:41:33,216] Trial 8 finished with value: 0.3858174681663513 and parameters: {'window_size': 90, 'batch_size': 32, 'lr': 0.00016963370485732467, 'hidden_size': 16, 'dropout': 0.14885700764066476}. Best is trial 0 with value: 0.2714654803276062.
[I 2025-09-16 23:41:34,506] Trial 9 finished with value: 0.39154940843582153 and parameters: {'window_size': 90, 'batch_size': 64, 'lr': 0.00010738469281814056, 'hidden_size': 64, 'dropout': 0.3956408188441132}. Best is trial 0 with value: 0.2714654803276062.
[I 2025-09-16 23:41:34,507] A new study created in memory with name: no-name-54a83268-6e33-46a9-8d8c-f95fae3c81ac
Epoch 10/50 | Train Loss=0.000139 | Val Loss=0.503768
Epoch 11/50 | Train Loss=0.000128 | Val Loss=0.498340
Epoch 12/50 | Train Loss=0.000121 | Val Loss=0.494173
Epoch 13/50 | Train Loss=0.000114 | Val Loss=0.491202
Epoch 14/50 | Train Loss=0.000108 | Val Loss=0.488930
Epoch 15/50 | Train Loss=0.000108 | Val Loss=0.486828
Epoch 16/50 | Train Loss=0.000107 | Val Loss=0.484979
Epoch 17/50 | Train Loss=0.000104 | Val Loss=0.482348
Epoch 18/50 | Train Loss=0.000097 | Val Loss=0.479496
Epoch 19/50 | Train Loss=0.000102 | Val Loss=0.476613
Epoch 20/50 | Train Loss=0.000093 | Val Loss=0.473347
Epoch 21/50 | Train Loss=0.000093 | Val Loss=0.469681
Epoch 22/50 | Train Loss=0.000096 | Val Loss=0.465953
Epoch 23/50 | Train Loss=0.000087 | Val Loss=0.461844
Epoch 24/50 | Train Loss=0.000087 | Val Loss=0.458218
Epoch 25/50 | Train Loss=0.000090 | Val Loss=0.454849
Epoch 26/50 | Train Loss=0.000090 | Val Loss=0.450998
Epoch 27/50 | Train Loss=0.000086 | Val Loss=0.447101
Epoch 28/50 | Train Loss=0.000087 | Val Loss=0.443533
Epoch 29/50 | Train Loss=0.000078 | Val Loss=0.439864
Epoch 30/50 | Train Loss=0.000079 | Val Loss=0.436617
Epoch 31/50 | Train Loss=0.000081 | Val Loss=0.433342
Epoch 32/50 | Train Loss=0.000084 | Val Loss=0.429810
Epoch 33/50 | Train Loss=0.000074 | Val Loss=0.426409
Epoch 34/50 | Train Loss=0.000075 | Val Loss=0.423155
Epoch 35/50 | Train Loss=0.000078 | Val Loss=0.420332
Epoch 36/50 | Train Loss=0.000081 | Val Loss=0.417636
Epoch 37/50 | Train Loss=0.000072 | Val Loss=0.414795
Epoch 38/50 | Train Loss=0.000075 | Val Loss=0.411813
Epoch 39/50 | Train Loss=0.000070 | Val Loss=0.409000
Epoch 40/50 | Train Loss=0.000072 | Val Loss=0.406375
Epoch 41/50 | Train Loss=0.000075 | Val Loss=0.404414
Epoch 42/50 | Train Loss=0.000072 | Val Loss=0.402208
Epoch 43/50 | Train Loss=0.000073 | Val Loss=0.400096
Epoch 44/50 | Train Loss=0.000070 | Val Loss=0.398075
Epoch 45/50 | Train Loss=0.000066 | Val Loss=0.397478
Epoch 46/50 | Train Loss=0.000068 | Val Loss=0.397087
Epoch 47/50 | Train Loss=0.000071 | Val Loss=0.396554
Epoch 48/50 | Train Loss=0.000063 | Val Loss=0.395252
Epoch 49/50 | Train Loss=0.000069 | Val Loss=0.394069
Epoch 50/50 | Train Loss=0.000067 | Val Loss=0.392956
[Tuning-LSTM_AE] Threshold (p95)=0.040829
Epoch 1/50 | Train Loss=0.001724 | Val Loss=0.645795
Epoch 2/50 | Train Loss=0.001648 | Val Loss=0.639812
Epoch 3/50 | Train Loss=0.001615 | Val Loss=0.634286
Epoch 4/50 | Train Loss=0.001530 | Val Loss=0.628415
Epoch 5/50 | Train Loss=0.001481 | Val Loss=0.622472
Epoch 6/50 | Train Loss=0.001470 | Val Loss=0.616400
Epoch 7/50 | Train Loss=0.001360 | Val Loss=0.609936
Epoch 8/50 | Train Loss=0.001350 | Val Loss=0.603613
Epoch 9/50 | Train Loss=0.001256 | Val Loss=0.596892
Epoch 10/50 | Train Loss=0.001217 | Val Loss=0.590185
Epoch 11/50 | Train Loss=0.001157 | Val Loss=0.583190
Epoch 12/50 | Train Loss=0.001095 | Val Loss=0.576281
Epoch 13/50 | Train Loss=0.001057 | Val Loss=0.568908
Epoch 14/50 | Train Loss=0.000985 | Val Loss=0.561060
Epoch 15/50 | Train Loss=0.000939 | Val Loss=0.553461
Epoch 16/50 | Train Loss=0.000915 | Val Loss=0.545446
Epoch 17/50 | Train Loss=0.000851 | Val Loss=0.537131
Epoch 18/50 | Train Loss=0.000818 | Val Loss=0.528714
Epoch 19/50 | Train Loss=0.000744 | Val Loss=0.520607
Epoch 20/50 | Train Loss=0.000710 | Val Loss=0.512464
Epoch 21/50 | Train Loss=0.000689 | Val Loss=0.504188
Epoch 22/50 | Train Loss=0.000667 | Val Loss=0.496235
Epoch 23/50 | Train Loss=0.000614 | Val Loss=0.488601
Epoch 24/50 | Train Loss=0.000586 | Val Loss=0.482213
Epoch 25/50 | Train Loss=0.000573 | Val Loss=0.475624
Epoch 26/50 | Train Loss=0.000547 | Val Loss=0.469082
Epoch 27/50 | Train Loss=0.000510 | Val Loss=0.462834
Epoch 28/50 | Train Loss=0.000508 | Val Loss=0.457077
Epoch 29/50 | Train Loss=0.000487 | Val Loss=0.451539
Epoch 30/50 | Train Loss=0.000459 | Val Loss=0.446480
Epoch 31/50 | Train Loss=0.000456 | Val Loss=0.441761
Epoch 32/50 | Train Loss=0.000431 | Val Loss=0.437401
Epoch 33/50 | Train Loss=0.000425 | Val Loss=0.432930
Epoch 34/50 | Train Loss=0.000422 | Val Loss=0.428641
Epoch 35/50 | Train Loss=0.000385 | Val Loss=0.424249
Epoch 36/50 | Train Loss=0.000384 | Val Loss=0.420407
Epoch 37/50 | Train Loss=0.000370 | Val Loss=0.417070
Epoch 38/50 | Train Loss=0.000345 | Val Loss=0.414068
Epoch 39/50 | Train Loss=0.000340 | Val Loss=0.410900
Epoch 40/50 | Train Loss=0.000345 | Val Loss=0.408091
Epoch 41/50 | Train Loss=0.000325 | Val Loss=0.404764
Epoch 42/50 | Train Loss=0.000330 | Val Loss=0.402151
Epoch 43/50 | Train Loss=0.000317 | Val Loss=0.399315
Epoch 44/50 | Train Loss=0.000321 | Val Loss=0.396974
Epoch 45/50 | Train Loss=0.000307 | Val Loss=0.394593
Epoch 46/50 | Train Loss=0.000293 | Val Loss=0.392547
Epoch 47/50 | Train Loss=0.000297 | Val Loss=0.390991
Epoch 48/50 | Train Loss=0.000301 | Val Loss=0.389259
Epoch 49/50 | Train Loss=0.000284 | Val Loss=0.387808
Epoch 50/50 | Train Loss=0.000295 | Val Loss=0.385817
[Tuning-LSTM_AE] Threshold (p95)=0.062209
Epoch 1/50 | Train Loss=0.000955 | Val Loss=0.520107
Epoch 2/50 | Train Loss=0.000907 | Val Loss=0.516330
Epoch 3/50 | Train Loss=0.000905 | Val Loss=0.512949
Epoch 4/50 | Train Loss=0.000871 | Val Loss=0.509636
Epoch 5/50 | Train Loss=0.000892 | Val Loss=0.506410
Epoch 6/50 | Train Loss=0.000858 | Val Loss=0.503100
Epoch 7/50 | Train Loss=0.000837 | Val Loss=0.500035
Epoch 8/50 | Train Loss=0.000818 | Val Loss=0.497118
Epoch 9/50 | Train Loss=0.000797 | Val Loss=0.494263
Epoch 10/50 | Train Loss=0.000811 | Val Loss=0.491528
Epoch 11/50 | Train Loss=0.000773 | Val Loss=0.488580
Epoch 12/50 | Train Loss=0.000760 | Val Loss=0.485638
Epoch 13/50 | Train Loss=0.000735 | Val Loss=0.482747
Epoch 14/50 | Train Loss=0.000743 | Val Loss=0.479969
Epoch 15/50 | Train Loss=0.000718 | Val Loss=0.477074
Epoch 16/50 | Train Loss=0.000697 | Val Loss=0.474093
Epoch 17/50 | Train Loss=0.000709 | Val Loss=0.471304
Epoch 18/50 | Train Loss=0.000697 | Val Loss=0.468311
Epoch 19/50 | Train Loss=0.000652 | Val Loss=0.465323
Epoch 20/50 | Train Loss=0.000636 | Val Loss=0.462576
Epoch 21/50 | Train Loss=0.000637 | Val Loss=0.459785
Epoch 22/50 | Train Loss=0.000609 | Val Loss=0.456882
Epoch 23/50 | Train Loss=0.000598 | Val Loss=0.454023
Epoch 24/50 | Train Loss=0.000574 | Val Loss=0.451186
Epoch 25/50 | Train Loss=0.000570 | Val Loss=0.448430
Epoch 26/50 | Train Loss=0.000545 | Val Loss=0.445587
Epoch 27/50 | Train Loss=0.000525 | Val Loss=0.442670
Epoch 28/50 | Train Loss=0.000512 | Val Loss=0.439762
Epoch 29/50 | Train Loss=0.000478 | Val Loss=0.436777
Epoch 30/50 | Train Loss=0.000460 | Val Loss=0.433728
Epoch 31/50 | Train Loss=0.000439 | Val Loss=0.430748
Epoch 32/50 | Train Loss=0.000421 | Val Loss=0.427809
Epoch 33/50 | Train Loss=0.000410 | Val Loss=0.424998
Epoch 34/50 | Train Loss=0.000383 | Val Loss=0.422064
Epoch 35/50 | Train Loss=0.000375 | Val Loss=0.419246
Epoch 36/50 | Train Loss=0.000355 | Val Loss=0.416388
Epoch 37/50 | Train Loss=0.000338 | Val Loss=0.413513
Epoch 38/50 | Train Loss=0.000329 | Val Loss=0.410649
Epoch 39/50 | Train Loss=0.000305 | Val Loss=0.407912
Epoch 40/50 | Train Loss=0.000286 | Val Loss=0.405300
Epoch 41/50 | Train Loss=0.000270 | Val Loss=0.403132
Epoch 42/50 | Train Loss=0.000266 | Val Loss=0.401293
Epoch 43/50 | Train Loss=0.000262 | Val Loss=0.399619
Epoch 44/50 | Train Loss=0.000250 | Val Loss=0.397948
Epoch 45/50 | Train Loss=0.000249 | Val Loss=0.396416
Epoch 46/50 | Train Loss=0.000232 | Val Loss=0.395059
Epoch 47/50 | Train Loss=0.000228 | Val Loss=0.393851
Epoch 48/50 | Train Loss=0.000220 | Val Loss=0.392848
Epoch 49/50 | Train Loss=0.000216 | Val Loss=0.392099
Epoch 50/50 | Train Loss=0.000205 | Val Loss=0.391549
[Tuning-LSTM_AE] Threshold (p95)=0.064567
üîé Best hyperparameters for LSTM_AE: {'window_size': 120, 'batch_size': 128, 'lr': 0.0008206080197104434, 'hidden_size': 128, 'dropout': 0.28252762348099025}
Best validation loss: 0.2714654803276062

üîé Running hyperparameter search for Transformer on coin_coin_Solana...
Epoch 1/50 | Train Loss=0.001056 | Val Loss=0.806601
Epoch 2/50 | Train Loss=0.000364 | Val Loss=0.598346
Epoch 3/50 | Train Loss=0.000215 | Val Loss=0.378776
[I 2025-09-16 23:41:35,521] Trial 0 finished with value: 0.18729938566684723 and parameters: {'window_size': 60, 'batch_size': 128, 'lr': 0.00011125464193397691, 'd_model': 64, 'n_heads': 8, 'num_layers': 3, 'dropout': 0.11878329954961257}. Best is trial 0 with value: 0.18729938566684723.
[I 2025-09-16 23:41:37,687] Trial 1 finished with value: 0.08419974893331528 and parameters: {'window_size': 120, 'batch_size': 32, 'lr': 0.0042869418417953225, 'd_model': 64, 'n_heads': 2, 'num_layers': 3, 'dropout': 0.11237003713976901}. Best is trial 1 with value: 0.08419974893331528.
[I 2025-09-16 23:41:38,722] Trial 2 finished with value: 0.24974960088729858 and parameters: {'window_size': 60, 'batch_size': 64, 'lr': 0.007519674196043498, 'd_model': 32, 'n_heads': 2, 'num_layers': 2, 'dropout': 0.3180298046324693}. Best is trial 1 with value: 0.08419974893331528.
[I 2025-09-16 23:41:39,370] Trial 3 finished with value: 0.15421003103256226 and parameters: {'window_size': 60, 'batch_size': 64, 'lr': 0.00016734272861932258, 'd_model': 64, 'n_heads': 4, 'num_layers': 2, 'dropout': 0.38029405040822306}. Best is trial 1 with value: 0.08419974893331528.
[I 2025-09-16 23:41:41,205] Trial 4 finished with value: 0.14519183337688446 and parameters: {'window_size': 90, 'batch_size': 64, 'lr': 0.00014336705960022977, 'd_model': 32, 'n_heads': 4, 'num_layers': 1, 'dropout': 0.3649421804056143}. Best is trial 1 with value: 0.08419974893331528.
