[I 2025-09-16 23:30:53,671] Trial 6 finished with value: 0.02174665778875351 and parameters: {'window_size': 120, 'batch_size': 64, 'lr': 0.0006087052029580416, 'd_model': 64, 'n_heads': 2, 'num_layers': 3, 'dropout': 0.286491419271412}. Best is trial 1 with value: 0.020924462005496025.
Epoch 11/50 | Train Loss=0.000030 | Val Loss=0.020924
Epoch 12/50 | Train Loss=0.000026 | Val Loss=0.021811
Epoch 13/50 | Train Loss=0.000024 | Val Loss=0.021645
Epoch 14/50 | Train Loss=0.000022 | Val Loss=0.021628
Epoch 15/50 | Train Loss=0.000020 | Val Loss=0.022277
Epoch 16/50 | Train Loss=0.000018 | Val Loss=0.022806
‚èπ Early stopping at epoch 16
[Tuning-Transformer] Threshold (p95)=0.000837
Epoch 1/50 | Train Loss=0.001496 | Val Loss=0.151646
Epoch 2/50 | Train Loss=0.000579 | Val Loss=0.125321
Epoch 3/50 | Train Loss=0.000497 | Val Loss=0.120395
Epoch 4/50 | Train Loss=0.000241 | Val Loss=0.043535
Epoch 5/50 | Train Loss=0.000092 | Val Loss=0.043740
Epoch 6/50 | Train Loss=0.000062 | Val Loss=0.041717
Epoch 7/50 | Train Loss=0.000046 | Val Loss=0.036549
Epoch 8/50 | Train Loss=0.000037 | Val Loss=0.035667
Epoch 9/50 | Train Loss=0.000030 | Val Loss=0.031946
Epoch 10/50 | Train Loss=0.000025 | Val Loss=0.030857
Epoch 11/50 | Train Loss=0.000021 | Val Loss=0.029962
Epoch 12/50 | Train Loss=0.000017 | Val Loss=0.027636
Epoch 13/50 | Train Loss=0.000014 | Val Loss=0.026678
Epoch 14/50 | Train Loss=0.000012 | Val Loss=0.025622
Epoch 15/50 | Train Loss=0.000010 | Val Loss=0.025668
Epoch 16/50 | Train Loss=0.000008 | Val Loss=0.024564
Epoch 17/50 | Train Loss=0.000008 | Val Loss=0.025601
Epoch 18/50 | Train Loss=0.000007 | Val Loss=0.025926
Epoch 19/50 | Train Loss=0.000006 | Val Loss=0.026226
Epoch 20/50 | Train Loss=0.000006 | Val Loss=0.026825
Epoch 21/50 | Train Loss=0.000004 | Val Loss=0.026532
‚èπ Early stopping at epoch 21
[Tuning-Transformer] Threshold (p95)=0.001216
Epoch 1/50 | Train Loss=0.001253 | Val Loss=0.106639
Epoch 2/50 | Train Loss=0.000367 | Val Loss=0.073501
Epoch 3/50 | Train Loss=0.000223 | Val Loss=0.047676
Epoch 4/50 | Train Loss=0.000183 | Val Loss=0.043803
Epoch 5/50 | Train Loss=0.000162 | Val Loss=0.042842
Epoch 6/50 | Train Loss=0.000148 | Val Loss=0.039583
Epoch 7/50 | Train Loss=0.000136 | Val Loss=0.035713
Epoch 8/50 | Train Loss=0.000126 | Val Loss=0.033424
Epoch 9/50 | Train Loss=0.000116 | Val Loss=0.031818
Epoch 10/50 | Train Loss=0.000108 | Val Loss=0.029874
Epoch 11/50 | Train Loss=0.000101 | Val Loss=0.028196
Epoch 12/50 | Train Loss=0.000093 | Val Loss=0.027596
Epoch 13/50 | Train Loss=0.000087 | Val Loss=0.026611
Epoch 14/50 | Train Loss=0.000081 | Val Loss=0.026170
Epoch 15/50 | Train Loss=0.000077 | Val Loss=0.025043
Epoch 16/50 | Train Loss=0.000071 | Val Loss=0.024244
Epoch 17/50 | Train Loss=0.000067 | Val Loss=0.024305
Epoch 18/50 | Train Loss=0.000063 | Val Loss=0.023741
Epoch 19/50 | Train Loss=0.000060 | Val Loss=0.023305
Epoch 20/50 | Train Loss=0.000057 | Val Loss=0.022957
Epoch 21/50 | Train Loss=0.000054 | Val Loss=0.022938
Epoch 22/50 | Train Loss=0.000051 | Val Loss=0.022480
Epoch 23/50 | Train Loss=0.000049 | Val Loss=0.022549
Epoch 24/50 | Train Loss=0.000047 | Val Loss=0.022534
Epoch 25/50 | Train Loss=0.000045 | Val Loss=0.022373
Epoch 26/50 | Train Loss=0.000044 | Val Loss=0.022343
Epoch 27/50 | Train Loss=0.000042 | Val Loss=0.022521
Epoch 28/50 | Train Loss=0.000040 | Val Loss=0.022151
Epoch 29/50 | Train Loss=0.000039 | Val Loss=0.022240
Epoch 30/50 | Train Loss=0.000037 | Val Loss=0.022115
Epoch 31/50 | Train Loss=0.000036 | Val Loss=0.022235
Epoch 32/50 | Train Loss=0.000035 | Val Loss=0.021986
Epoch 33/50 | Train Loss=0.000034 | Val Loss=0.022258
Epoch 34/50 | Train Loss=0.000033 | Val Loss=0.022132
Epoch 35/50 | Train Loss=0.000032 | Val Loss=0.022292
Epoch 36/50 | Train Loss=0.000031 | Val Loss=0.022395
Epoch 37/50 | Train Loss=0.000030 | Val Loss=0.022154
‚èπ Early stopping at epoch 37
[Tuning-Transformer] Threshold (p95)=0.000803
Epoch 1/50 | Train Loss=0.000818 | Val Loss=0.088625
Epoch 2/50 | Train Loss=0.000190 | Val Loss=0.030990
Epoch 3/50 | Train Loss=0.000152 | Val Loss=0.032730
Epoch 4/50 | Train Loss=0.000110 | Val Loss=0.041116
Epoch 5/50 | Train Loss=0.000098 | Val Loss=0.037906
Epoch 6/50 | Train Loss=0.000086 | Val Loss=0.032774
Epoch 7/50 | Train Loss=0.000076 | Val Loss=0.025014
Epoch 8/50 | Train Loss=0.000068 | Val Loss=0.024638
Epoch 9/50 | Train Loss=0.000061 | Val Loss=0.025247
Epoch 10/50 | Train Loss=0.000055 | Val Loss=0.024484
Epoch 11/50 | Train Loss=0.000050 | Val Loss=0.022841
Epoch 12/50 | Train Loss=0.000046 | Val Loss=0.023194
Epoch 13/50 | Train Loss=0.000041 | Val Loss=0.023420
Epoch 14/50 | Train Loss=0.000038 | Val Loss=0.023296
Epoch 15/50 | Train Loss=0.000035 | Val Loss=0.022993
Epoch 16/50 | Train Loss=0.000032 | Val Loss=0.023207
‚èπ Early stopping at epoch 16
[Tuning-Transformer] Threshold (p95)=0.000896
Epoch 1/50 | Train Loss=0.002609 | Val Loss=0.082575
Epoch 2/50 | Train Loss=0.001008 | Val Loss=0.056033
Epoch 3/50 | Train Loss=0.000751 | Val Loss=0.048231
Epoch 4/50 | Train Loss=0.000643 | Val Loss=0.043184
Epoch 5/50 | Train Loss=0.000570 | Val Loss=0.039512
Epoch 6/50 | Train Loss=0.000507 | Val Loss=0.037121
Epoch 7/50 | Train Loss=0.000454 | Val Loss=0.035523
Epoch 8/50 | Train Loss=0.000404 | Val Loss=0.034051
Epoch 9/50 | Train Loss=0.000363 | Val Loss=0.033613
Epoch 10/50 | Train Loss=0.000326 | Val Loss=0.032642
Epoch 11/50 | Train Loss=0.000294 | Val Loss=0.031945
Epoch 12/50 | Train Loss=0.000266 | Val Loss=0.031435
Epoch 13/50 | Train Loss=0.000244 | Val Loss=0.030929
Epoch 14/50 | Train Loss=0.000223 | Val Loss=0.030596
Epoch 15/50 | Train Loss=0.000204 | Val Loss=0.030567
Epoch 16/50 | Train Loss=0.000190 | Val Loss=0.030252
Epoch 17/50 | Train Loss=0.000179 | Val Loss=0.030085
Epoch 18/50 | Train Loss=0.000168 | Val Loss=0.030169
Epoch 19/50 | Train Loss=0.000158 | Val Loss=0.030093
Epoch 20/50 | Train Loss=0.000148 | Val Loss=0.029733
Epoch 21/50 | Train Loss=0.000139 | Val Loss=0.030022
Epoch 22/50 | Train Loss=0.000131 | Val Loss=0.029955
Epoch 23/50 | Train Loss=0.000125 | Val Loss=0.030325
Epoch 24/50 | Train Loss=0.000119 | Val Loss=0.030033
Epoch 25/50 | Train Loss=0.000112 | Val Loss=0.030087
‚èπ Early stopping at epoch 25
[Tuning-Transformer] Threshold (p95)=0.001943
Epoch 1/50 | Train Loss=0.001205 | Val Loss=0.052885
Epoch 2/50 | Train Loss=0.000344 | Val Loss=0.043681
Epoch 3/50 | Train Loss=0.000224 | Val Loss=0.034904
Epoch 4/50 | Train Loss=0.000152 | Val Loss=0.033956
Epoch 5/50 | Train Loss=0.000110 | Val Loss=0.032349
Epoch 6/50 | Train Loss=0.000087 | Val Loss=0.031065
Epoch 7/50 | Train Loss=0.000072 | Val Loss=0.028873
Epoch 8/50 | Train Loss=0.000062 | Val Loss=0.026698
Epoch 9/50 | Train Loss=0.000054 | Val Loss=0.025430
Epoch 10/50 | Train Loss=0.000048 | Val Loss=0.024388
Epoch 11/50 | Train Loss=0.000043 | Val Loss=0.022806
Epoch 12/50 | Train Loss=0.000038 | Val Loss=0.022225
Epoch 13/50 | Train Loss=0.000035 | Val Loss=0.022683
Epoch 14/50 | Train Loss=0.000031 | Val Loss=0.021958
Epoch 15/50 | Train Loss=0.000029 | Val Loss=0.021892
Epoch 16/50 | Train Loss=0.000026 | Val Loss=0.022058
Epoch 17/50 | Train Loss=0.000024 | Val Loss=0.021843
Epoch 18/50 | Train Loss=0.000022 | Val Loss=0.022394
Epoch 19/50 | Train Loss=0.000021 | Val Loss=0.021747
Epoch 20/50 | Train Loss=0.000020 | Val Loss=0.022421
Epoch 21/50 | Train Loss=0.000018 | Val Loss=0.022433
Epoch 22/50 | Train Loss=0.000017 | Val Loss=0.022352
Epoch 23/50 | Train Loss=0.000016 | Val Loss=0.022159
Epoch 24/50 | Train Loss=0.000016 | Val Loss=0.022259
‚èπ Early stopping at epoch 24
[Tuning-Transformer] Threshold (p95)=0.001118
Epoch 1/50 | Train Loss=0.000767 | Val Loss=0.111222
Epoch 2/50 | Train Loss=0.000202 | Val Loss=0.060249
Epoch 3/50 | Train Loss=0.000149 | Val Loss=0.041742
Epoch 4/50 | Train Loss=0.000122 | Val Loss=0.045664
Epoch 5/50 | Train Loss=0.000104 | Val Loss=0.039208
Epoch 6/50 | Train Loss=0.000089 | Val Loss=0.037332
Epoch 7/50 | Train Loss=0.000079 | Val Loss=0.035423
Epoch 8/50 | Train Loss=0.000069 | Val Loss=0.034530
Epoch 9/50 | Train Loss=0.000060 | Val Loss=0.032971
Epoch 10/50 | Train Loss=0.000053 | Val Loss=0.030827
Epoch 11/50 | Train Loss=0.000047 | Val Loss=0.031268
Epoch 12/50 | Train Loss=0.000042 | Val Loss=0.029276
Epoch 13/50 | Train Loss=0.000038 | Val Loss=0.028881
Epoch 14/50 | Train Loss=0.000034 | Val Loss=0.028183
Epoch 15/50 | Train Loss=0.000032 | Val Loss=0.027526
[I 2025-09-16 23:30:55,800] Trial 7 finished with value: 0.026625750586390495 and parameters: {'window_size': 60, 'batch_size': 128, 'lr': 0.00044586918842937567, 'd_model': 64, 'n_heads': 8, 'num_layers': 2, 'dropout': 0.20293087247670577}. Best is trial 1 with value: 0.020924462005496025.
[I 2025-09-16 23:30:57,957] Trial 8 finished with value: 0.0314839705824852 and parameters: {'window_size': 90, 'batch_size': 32, 'lr': 0.00790242727930488, 'd_model': 32, 'n_heads': 8, 'num_layers': 2, 'dropout': 0.24627478694850288}. Best is trial 1 with value: 0.020924462005496025.
[I 2025-09-16 23:31:02,481] Trial 9 finished with value: 0.018169542774558067 and parameters: {'window_size': 120, 'batch_size': 64, 'lr': 0.00018969750132802202, 'd_model': 128, 'n_heads': 8, 'num_layers': 2, 'dropout': 0.36857127121353395}. Best is trial 9 with value: 0.018169542774558067.
[I 2025-09-16 23:31:11,530] A new study created in memory with name: no-name-649a7296-32ea-4025-8e59-a7881a7573f3
Epoch 16/50 | Train Loss=0.000030 | Val Loss=0.027127
Epoch 17/50 | Train Loss=0.000028 | Val Loss=0.026626
Epoch 18/50 | Train Loss=0.000026 | Val Loss=0.027078
Epoch 19/50 | Train Loss=0.000024 | Val Loss=0.026715
Epoch 20/50 | Train Loss=0.000023 | Val Loss=0.027464
Epoch 21/50 | Train Loss=0.000022 | Val Loss=0.026636
Epoch 22/50 | Train Loss=0.000021 | Val Loss=0.027207
‚èπ Early stopping at epoch 22
[Tuning-Transformer] Threshold (p95)=0.001383
Epoch 1/50 | Train Loss=0.002128 | Val Loss=0.117464
Epoch 2/50 | Train Loss=0.000679 | Val Loss=0.053325
Epoch 3/50 | Train Loss=0.000131 | Val Loss=0.041645
Epoch 4/50 | Train Loss=0.000076 | Val Loss=0.038471
Epoch 5/50 | Train Loss=0.000061 | Val Loss=0.035171
Epoch 6/50 | Train Loss=0.000049 | Val Loss=0.031484
Epoch 7/50 | Train Loss=0.000037 | Val Loss=0.032217
Epoch 8/50 | Train Loss=0.000031 | Val Loss=0.033947
Epoch 9/50 | Train Loss=0.000027 | Val Loss=0.035998
Epoch 10/50 | Train Loss=0.000027 | Val Loss=0.040634
Epoch 11/50 | Train Loss=0.000025 | Val Loss=0.039548
‚èπ Early stopping at epoch 11
[Tuning-Transformer] Threshold (p95)=0.001470
Epoch 1/50 | Train Loss=0.000986 | Val Loss=0.035951
Epoch 2/50 | Train Loss=0.000431 | Val Loss=0.038471
Epoch 3/50 | Train Loss=0.000318 | Val Loss=0.032728
Epoch 4/50 | Train Loss=0.000260 | Val Loss=0.026097
Epoch 5/50 | Train Loss=0.000216 | Val Loss=0.023889
Epoch 6/50 | Train Loss=0.000183 | Val Loss=0.021674
Epoch 7/50 | Train Loss=0.000157 | Val Loss=0.020657
Epoch 8/50 | Train Loss=0.000135 | Val Loss=0.019616
Epoch 9/50 | Train Loss=0.000118 | Val Loss=0.019513
Epoch 10/50 | Train Loss=0.000104 | Val Loss=0.018922
Epoch 11/50 | Train Loss=0.000092 | Val Loss=0.018585
Epoch 12/50 | Train Loss=0.000083 | Val Loss=0.018589
Epoch 13/50 | Train Loss=0.000074 | Val Loss=0.018295
Epoch 14/50 | Train Loss=0.000067 | Val Loss=0.018319
Epoch 15/50 | Train Loss=0.000061 | Val Loss=0.018170
Epoch 16/50 | Train Loss=0.000055 | Val Loss=0.018422
Epoch 17/50 | Train Loss=0.000051 | Val Loss=0.018512
Epoch 18/50 | Train Loss=0.000047 | Val Loss=0.018698
Epoch 19/50 | Train Loss=0.000043 | Val Loss=0.018610
Epoch 20/50 | Train Loss=0.000040 | Val Loss=0.018595
‚èπ Early stopping at epoch 20
[Tuning-Transformer] Threshold (p95)=0.000740
üîé Best hyperparameters for Transformer: {'window_size': 120, 'batch_size': 64, 'lr': 0.00018969750132802202, 'd_model': 128, 'n_heads': 8, 'num_layers': 2, 'dropout': 0.36857127121353395}
Best validation loss: 0.018169542774558067
‚úÖ Best LSTM params: {'window_size': 60, 'batch_size': 64, 'lr': 0.003227652404992597, 'hidden_size': 128, 'dropout': 0.3524111026740916}
‚úÖ Best Transformer params: {'window_size': 120, 'batch_size': 64, 'lr': 0.00018969750132802202, 'd_model': 128, 'n_heads': 8, 'num_layers': 2, 'dropout': 0.36857127121353395}

>>> Training LSTM_AE for coin_coin_CryptocomCoin...
Epoch 1/100 | Train Loss=0.000860 | Val Loss=0.145962
Epoch 2/100 | Train Loss=0.000369 | Val Loss=0.089561
Epoch 3/100 | Train Loss=0.000204 | Val Loss=0.073255
Epoch 4/100 | Train Loss=0.000138 | Val Loss=0.062228
Epoch 5/100 | Train Loss=0.000125 | Val Loss=0.062054
Epoch 6/100 | Train Loss=0.000117 | Val Loss=0.061357
Epoch 7/100 | Train Loss=0.000111 | Val Loss=0.059992
Epoch 8/100 | Train Loss=0.000103 | Val Loss=0.059272
Epoch 9/100 | Train Loss=0.000097 | Val Loss=0.057723
Epoch 10/100 | Train Loss=0.000094 | Val Loss=0.056809
Epoch 11/100 | Train Loss=0.000090 | Val Loss=0.056650
Epoch 12/100 | Train Loss=0.000093 | Val Loss=0.056582
Epoch 13/100 | Train Loss=0.000083 | Val Loss=0.056155
Epoch 14/100 | Train Loss=0.000081 | Val Loss=0.056659
Epoch 15/100 | Train Loss=0.000081 | Val Loss=0.055370
Epoch 16/100 | Train Loss=0.000076 | Val Loss=0.054645
Epoch 17/100 | Train Loss=0.000075 | Val Loss=0.054133
Epoch 18/100 | Train Loss=0.000094 | Val Loss=0.058147
Epoch 19/100 | Train Loss=0.000088 | Val Loss=0.057116
Epoch 20/100 | Train Loss=0.000079 | Val Loss=0.055905
Epoch 21/100 | Train Loss=0.000075 | Val Loss=0.054933
Epoch 22/100 | Train Loss=0.000070 | Val Loss=0.054739
Epoch 23/100 | Train Loss=0.000068 | Val Loss=0.051920
Epoch 24/100 | Train Loss=0.000067 | Val Loss=0.051069
Epoch 25/100 | Train Loss=0.000082 | Val Loss=0.053715
Epoch 26/100 | Train Loss=0.000082 | Val Loss=0.057977
Epoch 27/100 | Train Loss=0.000076 | Val Loss=0.055450
Epoch 28/100 | Train Loss=0.000072 | Val Loss=0.054352
Epoch 29/100 | Train Loss=0.000067 | Val Loss=0.053974
Epoch 30/100 | Train Loss=0.000064 | Val Loss=0.051752
Epoch 31/100 | Train Loss=0.000062 | Val Loss=0.053985
‚èπ Early stopping at epoch 31
[coin_coin_CryptocomCoin (LSTM_AE)] Threshold (p95)=0.022215
üìä Saved error distribution to /data/m24csa029/MTP/cyptocurrency/results/coin_coin_CryptocomCoin_LSTM_AE_anomalies_errors.png
coin_coin_CryptocomCoin [LSTM_AE]: 154 anomalies detected

>>> Training Transformer for coin_coin_CryptocomCoin...
Epoch 1/100 | Train Loss=0.004448 | Val Loss=0.058509
Epoch 2/100 | Train Loss=0.000667 | Val Loss=0.061651
Epoch 3/100 | Train Loss=0.000461 | Val Loss=0.043000
Epoch 4/100 | Train Loss=0.000298 | Val Loss=0.033358
Epoch 5/100 | Train Loss=0.000192 | Val Loss=0.034646
Epoch 6/100 | Train Loss=0.000117 | Val Loss=0.030700
Epoch 7/100 | Train Loss=0.000074 | Val Loss=0.026592
Epoch 8/100 | Train Loss=0.000051 | Val Loss=0.024122
Epoch 9/100 | Train Loss=0.000038 | Val Loss=0.019624
Epoch 10/100 | Train Loss=0.000032 | Val Loss=0.019409
Epoch 11/100 | Train Loss=0.000027 | Val Loss=0.018034
Epoch 12/100 | Train Loss=0.000024 | Val Loss=0.016993
Epoch 13/100 | Train Loss=0.000019 | Val Loss=0.015773
Epoch 14/100 | Train Loss=0.000017 | Val Loss=0.015437
Epoch 15/100 | Train Loss=0.000015 | Val Loss=0.015364
Epoch 16/100 | Train Loss=0.000014 | Val Loss=0.015703
Epoch 17/100 | Train Loss=0.000014 | Val Loss=0.015556
Epoch 18/100 | Train Loss=0.000011 | Val Loss=0.015115
Epoch 19/100 | Train Loss=0.000010 | Val Loss=0.015455
Epoch 20/100 | Train Loss=0.000010 | Val Loss=0.015431
Epoch 21/100 | Train Loss=0.000008 | Val Loss=0.015243
Epoch 22/100 | Train Loss=0.000009 | Val Loss=0.016357
Epoch 23/100 | Train Loss=0.000008 | Val Loss=0.015810
Epoch 24/100 | Train Loss=0.000007 | Val Loss=0.015070
Epoch 25/100 | Train Loss=0.000006 | Val Loss=0.015176
Epoch 26/100 | Train Loss=0.000011 | Val Loss=0.016222
Epoch 27/100 | Train Loss=0.000010 | Val Loss=0.015284
Epoch 28/100 | Train Loss=0.000006 | Val Loss=0.015339
Epoch 29/100 | Train Loss=0.000005 | Val Loss=0.015210
Epoch 30/100 | Train Loss=0.000004 | Val Loss=0.015568
Epoch 31/100 | Train Loss=0.000004 | Val Loss=0.015212
‚èπ Early stopping at epoch 31
[coin_coin_CryptocomCoin (Transformer)] Threshold (p95)=0.000216
üìä Saved error distribution to /data/m24csa029/MTP/cyptocurrency/results/coin_coin_CryptocomCoin_Transformer_anomalies_errors.png
coin_coin_CryptocomCoin [Transformer]: 180 anomalies detected

üöÄ Processing coin_coin_WrappedBitcoin...

üîé Running hyperparameter search for LSTM_AE on coin_coin_WrappedBitcoin...
Epoch 1/50 | Train Loss=0.000555 | Val Loss=0.316597
Epoch 2/50 | Train Loss=0.000138 | Val Loss=0.294445
Epoch 3/50 | Train Loss=0.000130 | Val Loss=0.294732
Epoch 4/50 | Train Loss=0.000126 | Val Loss=0.294508
Epoch 5/50 | Train Loss=0.000124 | Val Loss=0.291979
Epoch 6/50 | Train Loss=0.000127 | Val Loss=0.288693
Epoch 7/50 | Train Loss=0.000125 | Val Loss=0.290873
Epoch 8/50 | Train Loss=0.000123 | Val Loss=0.284423
Epoch 9/50 | Train Loss=0.000121 | Val Loss=0.284288
Epoch 10/50 | Train Loss=0.000125 | Val Loss=0.283572
Epoch 11/50 | Train Loss=0.000122 | Val Loss=0.280310
Epoch 12/50 | Train Loss=0.000119 | Val Loss=0.267038
Epoch 13/50 | Train Loss=0.000116 | Val Loss=0.269879
Epoch 14/50 | Train Loss=0.000116 | Val Loss=0.269075
Epoch 15/50 | Train Loss=0.000115 | Val Loss=0.258025
Epoch 16/50 | Train Loss=0.000113 | Val Loss=0.249260
Epoch 17/50 | Train Loss=0.000112 | Val Loss=0.249465
Epoch 18/50 | Train Loss=0.000113 | Val Loss=0.242068
Epoch 19/50 | Train Loss=0.000111 | Val Loss=0.243258
Epoch 20/50 | Train Loss=0.000111 | Val Loss=0.238238
Epoch 21/50 | Train Loss=0.000107 | Val Loss=0.246923
Epoch 22/50 | Train Loss=0.000110 | Val Loss=0.234601
[I 2025-09-16 23:31:14,145] Trial 0 finished with value: 0.2267991006374359 and parameters: {'window_size': 90, 'batch_size': 32, 'lr': 0.00710270892059904, 'hidden_size': 16, 'dropout': 0.14850672012775923}. Best is trial 0 with value: 0.2267991006374359.
[I 2025-09-16 23:31:15,561] Trial 1 finished with value: 0.26416704058647156 and parameters: {'window_size': 90, 'batch_size': 128, 'lr': 0.00019062342479751233, 'hidden_size': 32, 'dropout': 0.1745848929646029}. Best is trial 0 with value: 0.2267991006374359.
[I 2025-09-16 23:31:17,281] Trial 2 finished with value: 0.31387457251548767 and parameters: {'window_size': 60, 'batch_size': 64, 'lr': 0.00016553521515175006, 'hidden_size': 16, 'dropout': 0.28815417898292417}. Best is trial 0 with value: 0.2267991006374359.
[I 2025-09-16 23:31:18,187] Trial 3 finished with value: 0.2503305971622467 and parameters: {'window_size': 120, 'batch_size': 64, 'lr': 0.0004964178973819759, 'hidden_size': 32, 'dropout': 0.45384120369786796}. Best is trial 0 with value: 0.2267991006374359.
