[I 2025-09-16 23:50:25,315] Trial 6 finished with value: 0.1911884993314743 and parameters: {'window_size': 90, 'batch_size': 32, 'lr': 0.0010571017437125717, 'd_model': 32, 'n_heads': 2, 'num_layers': 2, 'dropout': 0.11562358119801909}. Best is trial 0 with value: 0.12674303352832794.
Epoch 25/50 | Train Loss=0.000082 | Val Loss=0.246122
Epoch 26/50 | Train Loss=0.000082 | Val Loss=0.244595
Epoch 27/50 | Train Loss=0.000081 | Val Loss=0.244182
Epoch 28/50 | Train Loss=0.000080 | Val Loss=0.244075
Epoch 29/50 | Train Loss=0.000078 | Val Loss=0.244385
Epoch 30/50 | Train Loss=0.000079 | Val Loss=0.242325
Epoch 31/50 | Train Loss=0.000079 | Val Loss=0.242923
Epoch 32/50 | Train Loss=0.000079 | Val Loss=0.242237
Epoch 33/50 | Train Loss=0.000078 | Val Loss=0.242005
Epoch 34/50 | Train Loss=0.000076 | Val Loss=0.242530
Epoch 35/50 | Train Loss=0.000077 | Val Loss=0.242916
Epoch 36/50 | Train Loss=0.000077 | Val Loss=0.242655
Epoch 37/50 | Train Loss=0.000077 | Val Loss=0.242193
Epoch 38/50 | Train Loss=0.000075 | Val Loss=0.242746
‚èπ Early stopping at epoch 38
[Tuning-LSTM_AE] Threshold (p95)=0.038880
Epoch 1/50 | Train Loss=0.000317 | Val Loss=0.350797
Epoch 2/50 | Train Loss=0.000146 | Val Loss=0.270128
Epoch 3/50 | Train Loss=0.000086 | Val Loss=0.260629
Epoch 4/50 | Train Loss=0.000079 | Val Loss=0.264871
Epoch 5/50 | Train Loss=0.000075 | Val Loss=0.263629
Epoch 6/50 | Train Loss=0.000072 | Val Loss=0.260319
Epoch 7/50 | Train Loss=0.000071 | Val Loss=0.261632
Epoch 8/50 | Train Loss=0.000071 | Val Loss=0.261832
Epoch 9/50 | Train Loss=0.000069 | Val Loss=0.261113
Epoch 10/50 | Train Loss=0.000068 | Val Loss=0.262076
Epoch 11/50 | Train Loss=0.000068 | Val Loss=0.259826
Epoch 12/50 | Train Loss=0.000068 | Val Loss=0.261121
Epoch 13/50 | Train Loss=0.000069 | Val Loss=0.259400
Epoch 14/50 | Train Loss=0.000067 | Val Loss=0.261614
Epoch 15/50 | Train Loss=0.000067 | Val Loss=0.261575
Epoch 16/50 | Train Loss=0.000066 | Val Loss=0.259231
Epoch 17/50 | Train Loss=0.000066 | Val Loss=0.262903
Epoch 18/50 | Train Loss=0.000067 | Val Loss=0.261815
Epoch 19/50 | Train Loss=0.000067 | Val Loss=0.264831
Epoch 20/50 | Train Loss=0.000066 | Val Loss=0.261043
Epoch 21/50 | Train Loss=0.000067 | Val Loss=0.260930
‚èπ Early stopping at epoch 21
[Tuning-LSTM_AE] Threshold (p95)=0.028283
Epoch 1/50 | Train Loss=0.000363 | Val Loss=0.235548
Epoch 2/50 | Train Loss=0.000151 | Val Loss=0.238884
Epoch 3/50 | Train Loss=0.000153 | Val Loss=0.230919
Epoch 4/50 | Train Loss=0.000156 | Val Loss=0.225022
Epoch 5/50 | Train Loss=0.000154 | Val Loss=0.243574
Epoch 6/50 | Train Loss=0.000149 | Val Loss=0.234098
Epoch 7/50 | Train Loss=0.000145 | Val Loss=0.243786
Epoch 8/50 | Train Loss=0.000148 | Val Loss=0.247479
Epoch 9/50 | Train Loss=0.000145 | Val Loss=0.238855
‚èπ Early stopping at epoch 9
[Tuning-LSTM_AE] Threshold (p95)=0.038852
üîé Best hyperparameters for LSTM_AE: {'window_size': 120, 'batch_size': 32, 'lr': 0.0030720083323473937, 'hidden_size': 32, 'dropout': 0.15477071916002366}
Best validation loss: 0.22502188384532928

üîé Running hyperparameter search for Transformer on coin_coin_Bitcoin...
Epoch 1/50 | Train Loss=0.001639 | Val Loss=0.199134
Epoch 2/50 | Train Loss=0.000114 | Val Loss=0.170718
Epoch 3/50 | Train Loss=0.000033 | Val Loss=0.177334
Epoch 4/50 | Train Loss=0.000011 | Val Loss=0.181174
Epoch 5/50 | Train Loss=0.000006 | Val Loss=0.176075
Epoch 6/50 | Train Loss=0.000005 | Val Loss=0.172146
Epoch 7/50 | Train Loss=0.000004 | Val Loss=0.168338
Epoch 8/50 | Train Loss=0.000003 | Val Loss=0.160523
Epoch 9/50 | Train Loss=0.000002 | Val Loss=0.152658
Epoch 10/50 | Train Loss=0.000002 | Val Loss=0.142595
Epoch 11/50 | Train Loss=0.000001 | Val Loss=0.134721
Epoch 12/50 | Train Loss=0.000001 | Val Loss=0.129458
Epoch 13/50 | Train Loss=0.000001 | Val Loss=0.126743
Epoch 14/50 | Train Loss=0.000001 | Val Loss=0.127416
Epoch 15/50 | Train Loss=0.000001 | Val Loss=0.130429
Epoch 16/50 | Train Loss=0.000001 | Val Loss=0.135679
Epoch 17/50 | Train Loss=0.000001 | Val Loss=0.142190
Epoch 18/50 | Train Loss=0.000001 | Val Loss=0.150101
‚èπ Early stopping at epoch 18
[Tuning-Transformer] Threshold (p95)=0.000097
Epoch 1/50 | Train Loss=0.000757 | Val Loss=0.213482
Epoch 2/50 | Train Loss=0.000031 | Val Loss=0.202130
Epoch 3/50 | Train Loss=0.000020 | Val Loss=0.224943
Epoch 4/50 | Train Loss=0.000013 | Val Loss=0.217731
Epoch 5/50 | Train Loss=0.000014 | Val Loss=0.211985
Epoch 6/50 | Train Loss=0.000017 | Val Loss=0.210148
Epoch 7/50 | Train Loss=0.000015 | Val Loss=0.276039
‚èπ Early stopping at epoch 7
[Tuning-Transformer] Threshold (p95)=0.086446
Epoch 1/50 | Train Loss=0.000275 | Val Loss=0.201904
Epoch 2/50 | Train Loss=0.000078 | Val Loss=0.169509
Epoch 3/50 | Train Loss=0.000059 | Val Loss=0.164581
Epoch 4/50 | Train Loss=0.000049 | Val Loss=0.161267
Epoch 5/50 | Train Loss=0.000042 | Val Loss=0.158262
Epoch 6/50 | Train Loss=0.000036 | Val Loss=0.158015
Epoch 7/50 | Train Loss=0.000031 | Val Loss=0.156780
Epoch 8/50 | Train Loss=0.000028 | Val Loss=0.156338
Epoch 9/50 | Train Loss=0.000025 | Val Loss=0.155594
Epoch 10/50 | Train Loss=0.000022 | Val Loss=0.155025
Epoch 11/50 | Train Loss=0.000020 | Val Loss=0.154697
Epoch 12/50 | Train Loss=0.000019 | Val Loss=0.154431
Epoch 13/50 | Train Loss=0.000017 | Val Loss=0.154206
Epoch 14/50 | Train Loss=0.000016 | Val Loss=0.153628
Epoch 15/50 | Train Loss=0.000015 | Val Loss=0.153512
Epoch 16/50 | Train Loss=0.000014 | Val Loss=0.154012
Epoch 17/50 | Train Loss=0.000013 | Val Loss=0.153883
Epoch 18/50 | Train Loss=0.000012 | Val Loss=0.154299
Epoch 19/50 | Train Loss=0.000011 | Val Loss=0.154375
Epoch 20/50 | Train Loss=0.000011 | Val Loss=0.154229
‚èπ Early stopping at epoch 20
[Tuning-Transformer] Threshold (p95)=0.001493
Epoch 1/50 | Train Loss=0.001262 | Val Loss=0.193200
Epoch 2/50 | Train Loss=0.000080 | Val Loss=0.156912
Epoch 3/50 | Train Loss=0.000018 | Val Loss=0.140891
Epoch 4/50 | Train Loss=0.000006 | Val Loss=0.129101
Epoch 5/50 | Train Loss=0.000004 | Val Loss=0.131132
Epoch 6/50 | Train Loss=0.000002 | Val Loss=0.144677
Epoch 7/50 | Train Loss=0.000002 | Val Loss=0.161078
Epoch 8/50 | Train Loss=0.000002 | Val Loss=0.173716
Epoch 9/50 | Train Loss=0.000003 | Val Loss=0.185104
‚èπ Early stopping at epoch 9
[Tuning-Transformer] Threshold (p95)=0.001092
Epoch 1/50 | Train Loss=0.000276 | Val Loss=0.207334
Epoch 2/50 | Train Loss=0.000088 | Val Loss=0.189305
Epoch 3/50 | Train Loss=0.000055 | Val Loss=0.191267
Epoch 4/50 | Train Loss=0.000034 | Val Loss=0.197880
Epoch 5/50 | Train Loss=0.000025 | Val Loss=0.199340
Epoch 6/50 | Train Loss=0.000021 | Val Loss=0.200584
Epoch 7/50 | Train Loss=0.000018 | Val Loss=0.201884
‚èπ Early stopping at epoch 7
[Tuning-Transformer] Threshold (p95)=0.002013
Epoch 1/50 | Train Loss=0.000698 | Val Loss=0.383063
Epoch 2/50 | Train Loss=0.000170 | Val Loss=0.197271
Epoch 3/50 | Train Loss=0.000048 | Val Loss=0.195150
Epoch 4/50 | Train Loss=0.000019 | Val Loss=0.180184
Epoch 5/50 | Train Loss=0.000012 | Val Loss=0.165861
Epoch 6/50 | Train Loss=0.000008 | Val Loss=0.163000
Epoch 7/50 | Train Loss=0.000006 | Val Loss=0.166621
Epoch 8/50 | Train Loss=0.000005 | Val Loss=0.173875
Epoch 9/50 | Train Loss=0.000004 | Val Loss=0.183478
Epoch 10/50 | Train Loss=0.000003 | Val Loss=0.191880
Epoch 11/50 | Train Loss=0.000003 | Val Loss=0.195771
‚èπ Early stopping at epoch 11
[Tuning-Transformer] Threshold (p95)=0.000601
Epoch 1/50 | Train Loss=0.000502 | Val Loss=0.193471
Epoch 2/50 | Train Loss=0.000076 | Val Loss=0.201568
Epoch 3/50 | Train Loss=0.000043 | Val Loss=0.206833
Epoch 4/50 | Train Loss=0.000028 | Val Loss=0.200282
Epoch 5/50 | Train Loss=0.000016 | Val Loss=0.192602
Epoch 6/50 | Train Loss=0.000008 | Val Loss=0.191188
Epoch 7/50 | Train Loss=0.000006 | Val Loss=0.195262
Epoch 8/50 | Train Loss=0.000005 | Val Loss=0.202068
Epoch 9/50 | Train Loss=0.000004 | Val Loss=0.211678
Epoch 10/50 | Train Loss=0.000004 | Val Loss=0.217878
Epoch 11/50 | Train Loss=0.000004 | Val Loss=0.225922
‚èπ Early stopping at epoch 11
[Tuning-Transformer] Threshold (p95)=0.000542
Epoch 1/50 | Train Loss=0.000865 | Val Loss=0.284873
Epoch 2/50 | Train Loss=0.000208 | Val Loss=0.204838
Epoch 3/50 | Train Loss=0.000101 | Val Loss=0.182967
Epoch 4/50 | Train Loss=0.000049 | Val Loss=0.168849
Epoch 5/50 | Train Loss=0.000031 | Val Loss=0.164362
Epoch 6/50 | Train Loss=0.000022 | Val Loss=0.166582
Epoch 7/50 | Train Loss=0.000016 | Val Loss=0.174059
[I 2025-09-16 23:50:31,467] Trial 7 finished with value: 0.16436171531677246 and parameters: {'window_size': 90, 'batch_size': 128, 'lr': 0.0010433994218957618, 'd_model': 64, 'n_heads': 4, 'num_layers': 3, 'dropout': 0.34134099524677886}. Best is trial 0 with value: 0.12674303352832794.
[I 2025-09-16 23:50:36,878] Trial 8 finished with value: 0.17079612612724304 and parameters: {'window_size': 90, 'batch_size': 64, 'lr': 0.004317856665222378, 'd_model': 64, 'n_heads': 8, 'num_layers': 3, 'dropout': 0.14808218294837547}. Best is trial 0 with value: 0.12674303352832794.
[I 2025-09-16 23:50:38,203] Trial 9 finished with value: 0.18811805546283722 and parameters: {'window_size': 60, 'batch_size': 64, 'lr': 0.0008046919076766018, 'd_model': 32, 'n_heads': 4, 'num_layers': 1, 'dropout': 0.34262397456190585}. Best is trial 0 with value: 0.12674303352832794.
[I 2025-09-16 23:50:51,311] A new study created in memory with name: no-name-22d3dd4c-0125-45e4-9604-e8638aad1bfa
[I 2025-09-16 23:50:51,977] Trial 0 finished with value: 0.019125157967209816 and parameters: {'window_size': 120, 'batch_size': 64, 'lr': 0.00674587466864901, 'hidden_size': 16, 'dropout': 0.48033320326751683}. Best is trial 0 with value: 0.019125157967209816.
[I 2025-09-16 23:50:53,473] Trial 1 finished with value: 0.024382498115301132 and parameters: {'window_size': 90, 'batch_size': 128, 'lr': 0.0005859822119374774, 'hidden_size': 32, 'dropout': 0.42571124084670386}. Best is trial 0 with value: 0.019125157967209816.
[I 2025-09-16 23:50:55,171] Trial 2 finished with value: 0.01709900051355362 and parameters: {'window_size': 120, 'batch_size': 32, 'lr': 0.0009211580069302535, 'hidden_size': 128, 'dropout': 0.2736652768437532}. Best is trial 2 with value: 0.01709900051355362.
Epoch 8/50 | Train Loss=0.000013 | Val Loss=0.177163
Epoch 9/50 | Train Loss=0.000010 | Val Loss=0.178930
Epoch 10/50 | Train Loss=0.000008 | Val Loss=0.176544
‚èπ Early stopping at epoch 10
[Tuning-Transformer] Threshold (p95)=0.001237
Epoch 1/50 | Train Loss=0.001339 | Val Loss=0.394161
Epoch 2/50 | Train Loss=0.000152 | Val Loss=0.170796
Epoch 3/50 | Train Loss=0.000019 | Val Loss=0.173761
Epoch 4/50 | Train Loss=0.000005 | Val Loss=0.178893
Epoch 5/50 | Train Loss=0.000002 | Val Loss=0.181308
Epoch 6/50 | Train Loss=0.000003 | Val Loss=0.182030
Epoch 7/50 | Train Loss=0.000003 | Val Loss=0.197058
‚èπ Early stopping at epoch 7
[Tuning-Transformer] Threshold (p95)=0.000411
Epoch 1/50 | Train Loss=0.000487 | Val Loss=0.188118
Epoch 2/50 | Train Loss=0.000135 | Val Loss=0.191019
Epoch 3/50 | Train Loss=0.000059 | Val Loss=0.191443
Epoch 4/50 | Train Loss=0.000036 | Val Loss=0.198813
Epoch 5/50 | Train Loss=0.000026 | Val Loss=0.201499
Epoch 6/50 | Train Loss=0.000020 | Val Loss=0.203265
‚èπ Early stopping at epoch 6
[Tuning-Transformer] Threshold (p95)=0.002197
üîé Best hyperparameters for Transformer: {'window_size': 90, 'batch_size': 64, 'lr': 0.0012809492101226467, 'd_model': 128, 'n_heads': 8, 'num_layers': 2, 'dropout': 0.22206071635238311}
Best validation loss: 0.12674303352832794
‚úÖ Best LSTM params: {'window_size': 120, 'batch_size': 32, 'lr': 0.0030720083323473937, 'hidden_size': 32, 'dropout': 0.15477071916002366}
‚úÖ Best Transformer params: {'window_size': 90, 'batch_size': 64, 'lr': 0.0012809492101226467, 'd_model': 128, 'n_heads': 8, 'num_layers': 2, 'dropout': 0.22206071635238311}

>>> Training LSTM_AE for coin_coin_Bitcoin...
Epoch 1/100 | Train Loss=0.000612 | Val Loss=0.379943
Epoch 2/100 | Train Loss=0.000230 | Val Loss=0.315962
Epoch 3/100 | Train Loss=0.000148 | Val Loss=0.277761
Epoch 4/100 | Train Loss=0.000082 | Val Loss=0.256050
Epoch 5/100 | Train Loss=0.000068 | Val Loss=0.251169
Epoch 6/100 | Train Loss=0.000063 | Val Loss=0.252327
Epoch 7/100 | Train Loss=0.000060 | Val Loss=0.250315
Epoch 8/100 | Train Loss=0.000059 | Val Loss=0.248037
Epoch 9/100 | Train Loss=0.000057 | Val Loss=0.247569
Epoch 10/100 | Train Loss=0.000055 | Val Loss=0.245136
Epoch 11/100 | Train Loss=0.000053 | Val Loss=0.246408
Epoch 12/100 | Train Loss=0.000052 | Val Loss=0.247781
Epoch 13/100 | Train Loss=0.000051 | Val Loss=0.246092
Epoch 14/100 | Train Loss=0.000049 | Val Loss=0.248148
Epoch 15/100 | Train Loss=0.000048 | Val Loss=0.244068
Epoch 16/100 | Train Loss=0.000046 | Val Loss=0.243271
Epoch 17/100 | Train Loss=0.000045 | Val Loss=0.238174
Epoch 18/100 | Train Loss=0.000044 | Val Loss=0.261399
Epoch 19/100 | Train Loss=0.000043 | Val Loss=0.248830
Epoch 20/100 | Train Loss=0.000043 | Val Loss=0.258459
Epoch 21/100 | Train Loss=0.000043 | Val Loss=0.240763
Epoch 22/100 | Train Loss=0.000042 | Val Loss=0.259962
Epoch 23/100 | Train Loss=0.000044 | Val Loss=0.238641
Epoch 24/100 | Train Loss=0.000041 | Val Loss=0.247813
‚èπ Early stopping at epoch 24
[coin_coin_Bitcoin (LSTM_AE)] Threshold (p95)=0.023584
üìä Saved error distribution to /data/m24csa029/MTP/cyptocurrency/results/coin_coin_Bitcoin_LSTM_AE_anomalies_errors.png
coin_coin_Bitcoin [LSTM_AE]: 447 anomalies detected

>>> Training Transformer for coin_coin_Bitcoin...
Epoch 1/100 | Train Loss=0.000938 | Val Loss=0.146407
Epoch 2/100 | Train Loss=0.000086 | Val Loss=0.133916
Epoch 3/100 | Train Loss=0.000024 | Val Loss=0.123350
Epoch 4/100 | Train Loss=0.000013 | Val Loss=0.123488
Epoch 5/100 | Train Loss=0.000009 | Val Loss=0.124991
Epoch 6/100 | Train Loss=0.000007 | Val Loss=0.122574
Epoch 7/100 | Train Loss=0.000006 | Val Loss=0.125110
Epoch 8/100 | Train Loss=0.000005 | Val Loss=0.126287
Epoch 9/100 | Train Loss=0.000005 | Val Loss=0.129264
Epoch 10/100 | Train Loss=0.000004 | Val Loss=0.131394
Epoch 11/100 | Train Loss=0.000003 | Val Loss=0.129965
Epoch 12/100 | Train Loss=0.000003 | Val Loss=0.131276
Epoch 13/100 | Train Loss=0.000003 | Val Loss=0.129956
‚èπ Early stopping at epoch 13
[coin_coin_Bitcoin (Transformer)] Threshold (p95)=0.000713
üìä Saved error distribution to /data/m24csa029/MTP/cyptocurrency/results/coin_coin_Bitcoin_Transformer_anomalies_errors.png
coin_coin_Bitcoin [Transformer]: 445 anomalies detected

üöÄ Processing coin_coin_Tron...

üîé Running hyperparameter search for LSTM_AE on coin_coin_Tron...
Epoch 1/50 | Train Loss=0.000136 | Val Loss=0.019523
Epoch 2/50 | Train Loss=0.000087 | Val Loss=0.019543
Epoch 3/50 | Train Loss=0.000084 | Val Loss=0.019482
Epoch 4/50 | Train Loss=0.000082 | Val Loss=0.019125
Epoch 5/50 | Train Loss=0.000081 | Val Loss=0.019664
Epoch 6/50 | Train Loss=0.000081 | Val Loss=0.019431
Epoch 7/50 | Train Loss=0.000083 | Val Loss=0.019529
Epoch 8/50 | Train Loss=0.000082 | Val Loss=0.019643
Epoch 9/50 | Train Loss=0.000081 | Val Loss=0.019500
‚èπ Early stopping at epoch 9
[Tuning-LSTM_AE] Threshold (p95)=0.032191
Epoch 1/50 | Train Loss=0.000182 | Val Loss=0.052987
Epoch 2/50 | Train Loss=0.000152 | Val Loss=0.048025
Epoch 3/50 | Train Loss=0.000130 | Val Loss=0.044056
Epoch 4/50 | Train Loss=0.000114 | Val Loss=0.040802
Epoch 5/50 | Train Loss=0.000102 | Val Loss=0.038113
Epoch 6/50 | Train Loss=0.000092 | Val Loss=0.035892
Epoch 7/50 | Train Loss=0.000085 | Val Loss=0.034050
Epoch 8/50 | Train Loss=0.000077 | Val Loss=0.032452
Epoch 9/50 | Train Loss=0.000072 | Val Loss=0.031000
Epoch 10/50 | Train Loss=0.000066 | Val Loss=0.029665
Epoch 11/50 | Train Loss=0.000061 | Val Loss=0.028408
Epoch 12/50 | Train Loss=0.000059 | Val Loss=0.027425
Epoch 13/50 | Train Loss=0.000055 | Val Loss=0.026644
Epoch 14/50 | Train Loss=0.000053 | Val Loss=0.026030
Epoch 15/50 | Train Loss=0.000052 | Val Loss=0.025620
Epoch 16/50 | Train Loss=0.000050 | Val Loss=0.025389
Epoch 17/50 | Train Loss=0.000049 | Val Loss=0.025216
Epoch 18/50 | Train Loss=0.000049 | Val Loss=0.025114
Epoch 19/50 | Train Loss=0.000049 | Val Loss=0.025068
Epoch 20/50 | Train Loss=0.000048 | Val Loss=0.024983
Epoch 21/50 | Train Loss=0.000048 | Val Loss=0.024829
Epoch 22/50 | Train Loss=0.000047 | Val Loss=0.024720
Epoch 23/50 | Train Loss=0.000047 | Val Loss=0.024678
Epoch 24/50 | Train Loss=0.000047 | Val Loss=0.024642
Epoch 25/50 | Train Loss=0.000046 | Val Loss=0.024564
Epoch 26/50 | Train Loss=0.000045 | Val Loss=0.024521
Epoch 27/50 | Train Loss=0.000045 | Val Loss=0.024540
Epoch 28/50 | Train Loss=0.000045 | Val Loss=0.024471
Epoch 29/50 | Train Loss=0.000046 | Val Loss=0.024468
Epoch 30/50 | Train Loss=0.000045 | Val Loss=0.024418
Epoch 31/50 | Train Loss=0.000044 | Val Loss=0.024389
Epoch 32/50 | Train Loss=0.000045 | Val Loss=0.024382
Epoch 33/50 | Train Loss=0.000045 | Val Loss=0.024383
Epoch 34/50 | Train Loss=0.000044 | Val Loss=0.024414
Epoch 35/50 | Train Loss=0.000044 | Val Loss=0.024419
Epoch 36/50 | Train Loss=0.000044 | Val Loss=0.024406
Epoch 37/50 | Train Loss=0.000044 | Val Loss=0.024389
‚èπ Early stopping at epoch 37
[Tuning-LSTM_AE] Threshold (p95)=0.040194
Epoch 1/50 | Train Loss=0.000224 | Val Loss=0.018298
Epoch 2/50 | Train Loss=0.000165 | Val Loss=0.017814
Epoch 3/50 | Train Loss=0.000160 | Val Loss=0.017474
Epoch 4/50 | Train Loss=0.000158 | Val Loss=0.017474
Epoch 5/50 | Train Loss=0.000157 | Val Loss=0.017931
Epoch 6/50 | Train Loss=0.000155 | Val Loss=0.017099
Epoch 7/50 | Train Loss=0.000153 | Val Loss=0.017835
Epoch 8/50 | Train Loss=0.000155 | Val Loss=0.017991
Epoch 9/50 | Train Loss=0.000155 | Val Loss=0.018336
Epoch 10/50 | Train Loss=0.000155 | Val Loss=0.018482
Epoch 11/50 | Train Loss=0.000155 | Val Loss=0.018367
‚èπ Early stopping at epoch 11
[Tuning-LSTM_AE] Threshold (p95)=0.031640
Epoch 1/50 | Train Loss=0.000393 | Val Loss=0.056231
Epoch 2/50 | Train Loss=0.000241 | Val Loss=0.040365
Epoch 3/50 | Train Loss=0.000148 | Val Loss=0.030863
Epoch 4/50 | Train Loss=0.000104 | Val Loss=0.025315
Epoch 5/50 | Train Loss=0.000090 | Val Loss=0.023630
Epoch 6/50 | Train Loss=0.000087 | Val Loss=0.023379
Epoch 7/50 | Train Loss=0.000086 | Val Loss=0.023356
Epoch 8/50 | Train Loss=0.000086 | Val Loss=0.023473
Epoch 9/50 | Train Loss=0.000086 | Val Loss=0.022897
Epoch 10/50 | Train Loss=0.000085 | Val Loss=0.023051
[I 2025-09-16 23:50:58,203] Trial 3 finished with value: 0.021628573536872864 and parameters: {'window_size': 90, 'batch_size': 64, 'lr': 0.0001788744341307525, 'hidden_size': 128, 'dropout': 0.16707282615397617}. Best is trial 2 with value: 0.01709900051355362.
[I 2025-09-16 23:51:02,323] Trial 4 finished with value: 0.02352084405720234 and parameters: {'window_size': 60, 'batch_size': 64, 'lr': 0.00011625081369911111, 'hidden_size': 128, 'dropout': 0.3535612671135314}. Best is trial 2 with value: 0.01709900051355362.
[I 2025-09-16 23:51:03,031] Trial 5 finished with value: 0.018044820055365562 and parameters: {'window_size': 120, 'batch_size': 64, 'lr': 0.0032320699975854077, 'hidden_size': 128, 'dropout': 0.32964863077728146}. Best is trial 2 with value: 0.01709900051355362.
[I 2025-09-16 23:51:09,123] Trial 6 finished with value: 0.023792613297700882 and parameters: {'window_size': 60, 'batch_size': 32, 'lr': 0.00012044876775472049, 'hidden_size': 64, 'dropout': 0.20288671325870725}. Best is trial 2 with value: 0.01709900051355362.
