[I 2025-09-16 23:40:38,550] Trial 3 finished with value: 0.058220818638801575 and parameters: {'window_size': 120, 'batch_size': 64, 'lr': 0.0014499108540458427, 'hidden_size': 128, 'dropout': 0.11721339558557525}. Best is trial 2 with value: 0.04780203849077225.
Epoch 32/100 | Train Loss=0.000062 | Val Loss=0.001020
Epoch 33/100 | Train Loss=0.000058 | Val Loss=0.001259
Epoch 34/100 | Train Loss=0.000055 | Val Loss=0.001000
Epoch 35/100 | Train Loss=0.000051 | Val Loss=0.000875
Epoch 36/100 | Train Loss=0.000048 | Val Loss=0.000947
Epoch 37/100 | Train Loss=0.000045 | Val Loss=0.000916
Epoch 38/100 | Train Loss=0.000043 | Val Loss=0.000744
Epoch 39/100 | Train Loss=0.000040 | Val Loss=0.000867
Epoch 40/100 | Train Loss=0.000039 | Val Loss=0.000607
Epoch 41/100 | Train Loss=0.000037 | Val Loss=0.001012
Epoch 42/100 | Train Loss=0.000036 | Val Loss=0.000580
Epoch 43/100 | Train Loss=0.000034 | Val Loss=0.000641
Epoch 44/100 | Train Loss=0.000033 | Val Loss=0.000628
Epoch 45/100 | Train Loss=0.000031 | Val Loss=0.000606
Epoch 46/100 | Train Loss=0.000031 | Val Loss=0.000580
Epoch 47/100 | Train Loss=0.000029 | Val Loss=0.000469
Epoch 48/100 | Train Loss=0.000028 | Val Loss=0.000534
Epoch 49/100 | Train Loss=0.000028 | Val Loss=0.000444
Epoch 50/100 | Train Loss=0.000027 | Val Loss=0.000579
Epoch 51/100 | Train Loss=0.000026 | Val Loss=0.000454
Epoch 52/100 | Train Loss=0.000026 | Val Loss=0.000498
Epoch 53/100 | Train Loss=0.000025 | Val Loss=0.000525
Epoch 54/100 | Train Loss=0.000024 | Val Loss=0.000467
Epoch 55/100 | Train Loss=0.000024 | Val Loss=0.000444
Epoch 56/100 | Train Loss=0.000023 | Val Loss=0.000392
Epoch 57/100 | Train Loss=0.000024 | Val Loss=0.000476
Epoch 58/100 | Train Loss=0.000026 | Val Loss=0.000666
Epoch 59/100 | Train Loss=0.000025 | Val Loss=0.000375
Epoch 60/100 | Train Loss=0.000022 | Val Loss=0.000715
Epoch 61/100 | Train Loss=0.000023 | Val Loss=0.000360
Epoch 62/100 | Train Loss=0.000021 | Val Loss=0.000441
Epoch 63/100 | Train Loss=0.000021 | Val Loss=0.000458
Epoch 64/100 | Train Loss=0.000021 | Val Loss=0.000487
Epoch 65/100 | Train Loss=0.000020 | Val Loss=0.000370
Epoch 66/100 | Train Loss=0.000020 | Val Loss=0.000330
Epoch 67/100 | Train Loss=0.000019 | Val Loss=0.000428
Epoch 68/100 | Train Loss=0.000019 | Val Loss=0.000418
Epoch 69/100 | Train Loss=0.000019 | Val Loss=0.000423
Epoch 70/100 | Train Loss=0.000018 | Val Loss=0.000348
Epoch 71/100 | Train Loss=0.000018 | Val Loss=0.000342
Epoch 72/100 | Train Loss=0.000018 | Val Loss=0.000369
Epoch 73/100 | Train Loss=0.000017 | Val Loss=0.000354
‚èπ Early stopping at epoch 73
[coin_coin_Aave (Transformer)] Threshold (p95)=0.000290
üìä Saved error distribution to /data/m24csa029/MTP/cyptocurrency/results/coin_coin_Aave_Transformer_anomalies_errors.png
coin_coin_Aave [Transformer]: 55 anomalies detected

üöÄ Processing coin_coin_Uniswap...

üîé Running hyperparameter search for LSTM_AE on coin_coin_Uniswap...
Epoch 1/50 | Train Loss=0.001155 | Val Loss=0.178753
Epoch 2/50 | Train Loss=0.001025 | Val Loss=0.177042
Epoch 3/50 | Train Loss=0.001013 | Val Loss=0.175357
Epoch 4/50 | Train Loss=0.001087 | Val Loss=0.173687
Epoch 5/50 | Train Loss=0.001071 | Val Loss=0.171999
Epoch 6/50 | Train Loss=0.000912 | Val Loss=0.170338
Epoch 7/50 | Train Loss=0.000871 | Val Loss=0.168754
Epoch 8/50 | Train Loss=0.001019 | Val Loss=0.167184
Epoch 9/50 | Train Loss=0.000984 | Val Loss=0.165606
Epoch 10/50 | Train Loss=0.000976 | Val Loss=0.164024
Epoch 11/50 | Train Loss=0.000802 | Val Loss=0.162486
Epoch 12/50 | Train Loss=0.001034 | Val Loss=0.160955
Epoch 13/50 | Train Loss=0.000845 | Val Loss=0.159418
Epoch 14/50 | Train Loss=0.000993 | Val Loss=0.157902
Epoch 15/50 | Train Loss=0.000868 | Val Loss=0.156377
Epoch 16/50 | Train Loss=0.000828 | Val Loss=0.154878
Epoch 17/50 | Train Loss=0.000833 | Val Loss=0.153393
Epoch 18/50 | Train Loss=0.000840 | Val Loss=0.151918
Epoch 19/50 | Train Loss=0.000837 | Val Loss=0.150460
Epoch 20/50 | Train Loss=0.000824 | Val Loss=0.149007
Epoch 21/50 | Train Loss=0.000767 | Val Loss=0.147563
Epoch 22/50 | Train Loss=0.000824 | Val Loss=0.146126
Epoch 23/50 | Train Loss=0.000783 | Val Loss=0.144685
Epoch 24/50 | Train Loss=0.000853 | Val Loss=0.143228
Epoch 25/50 | Train Loss=0.000786 | Val Loss=0.141721
Epoch 26/50 | Train Loss=0.000708 | Val Loss=0.140248
Epoch 27/50 | Train Loss=0.000745 | Val Loss=0.138834
Epoch 28/50 | Train Loss=0.000801 | Val Loss=0.137403
Epoch 29/50 | Train Loss=0.000763 | Val Loss=0.135940
Epoch 30/50 | Train Loss=0.000733 | Val Loss=0.134485
Epoch 31/50 | Train Loss=0.000700 | Val Loss=0.133050
Epoch 32/50 | Train Loss=0.000669 | Val Loss=0.131656
Epoch 33/50 | Train Loss=0.000723 | Val Loss=0.130301
Epoch 34/50 | Train Loss=0.000732 | Val Loss=0.128939
Epoch 35/50 | Train Loss=0.000698 | Val Loss=0.127566
Epoch 36/50 | Train Loss=0.000723 | Val Loss=0.126165
Epoch 37/50 | Train Loss=0.000661 | Val Loss=0.124736
Epoch 38/50 | Train Loss=0.000655 | Val Loss=0.123327
Epoch 39/50 | Train Loss=0.000705 | Val Loss=0.121879
Epoch 40/50 | Train Loss=0.000640 | Val Loss=0.120419
Epoch 41/50 | Train Loss=0.000631 | Val Loss=0.118984
Epoch 42/50 | Train Loss=0.000626 | Val Loss=0.117586
Epoch 43/50 | Train Loss=0.000595 | Val Loss=0.116195
Epoch 44/50 | Train Loss=0.000601 | Val Loss=0.114823
Epoch 45/50 | Train Loss=0.000660 | Val Loss=0.113425
Epoch 46/50 | Train Loss=0.000562 | Val Loss=0.111993
Epoch 47/50 | Train Loss=0.000604 | Val Loss=0.110551
Epoch 48/50 | Train Loss=0.000570 | Val Loss=0.109074
Epoch 49/50 | Train Loss=0.000549 | Val Loss=0.107619
Epoch 50/50 | Train Loss=0.000545 | Val Loss=0.106189
[Tuning-LSTM_AE] Threshold (p95)=0.152988
Epoch 1/50 | Train Loss=0.001172 | Val Loss=0.099385
Epoch 2/50 | Train Loss=0.000808 | Val Loss=0.073025
Epoch 3/50 | Train Loss=0.000715 | Val Loss=0.063639
Epoch 4/50 | Train Loss=0.000651 | Val Loss=0.069207
Epoch 5/50 | Train Loss=0.000608 | Val Loss=0.079099
Epoch 6/50 | Train Loss=0.000583 | Val Loss=0.075945
Epoch 7/50 | Train Loss=0.000564 | Val Loss=0.070651
Epoch 8/50 | Train Loss=0.000541 | Val Loss=0.067305
‚èπ Early stopping at epoch 8
[Tuning-LSTM_AE] Threshold (p95)=0.079488
Epoch 1/50 | Train Loss=0.000972 | Val Loss=0.080317
Epoch 2/50 | Train Loss=0.000530 | Val Loss=0.056448
Epoch 3/50 | Train Loss=0.000507 | Val Loss=0.067463
Epoch 4/50 | Train Loss=0.000423 | Val Loss=0.047802
Epoch 5/50 | Train Loss=0.000371 | Val Loss=0.071583
Epoch 6/50 | Train Loss=0.000356 | Val Loss=0.048477
Epoch 7/50 | Train Loss=0.000317 | Val Loss=0.071497
Epoch 8/50 | Train Loss=0.000325 | Val Loss=0.058239
Epoch 9/50 | Train Loss=0.000327 | Val Loss=0.057255
‚èπ Early stopping at epoch 9
[Tuning-LSTM_AE] Threshold (p95)=0.053858
Epoch 1/50 | Train Loss=0.001170 | Val Loss=0.130156
Epoch 2/50 | Train Loss=0.000878 | Val Loss=0.105211
Epoch 3/50 | Train Loss=0.000689 | Val Loss=0.083988
Epoch 4/50 | Train Loss=0.000559 | Val Loss=0.066694
Epoch 5/50 | Train Loss=0.000505 | Val Loss=0.061067
Epoch 6/50 | Train Loss=0.000484 | Val Loss=0.058544
Epoch 7/50 | Train Loss=0.000472 | Val Loss=0.058221
Epoch 8/50 | Train Loss=0.000469 | Val Loss=0.062434
Epoch 9/50 | Train Loss=0.000456 | Val Loss=0.067774
Epoch 10/50 | Train Loss=0.000449 | Val Loss=0.071720
Epoch 11/50 | Train Loss=0.000440 | Val Loss=0.072001
Epoch 12/50 | Train Loss=0.000438 | Val Loss=0.069475
‚èπ Early stopping at epoch 12
[Tuning-LSTM_AE] Threshold (p95)=0.068881
Epoch 1/50 | Train Loss=0.000445 | Val Loss=0.119001
Epoch 2/50 | Train Loss=0.000443 | Val Loss=0.118619
Epoch 3/50 | Train Loss=0.000442 | Val Loss=0.118240
Epoch 4/50 | Train Loss=0.000438 | Val Loss=0.117862
Epoch 5/50 | Train Loss=0.000435 | Val Loss=0.117487
Epoch 6/50 | Train Loss=0.000431 | Val Loss=0.117114
Epoch 7/50 | Train Loss=0.000429 | Val Loss=0.116746
Epoch 8/50 | Train Loss=0.000426 | Val Loss=0.116379
Epoch 9/50 | Train Loss=0.000424 | Val Loss=0.116013
Epoch 10/50 | Train Loss=0.000424 | Val Loss=0.115649
Epoch 11/50 | Train Loss=0.000422 | Val Loss=0.115288
Epoch 12/50 | Train Loss=0.000419 | Val Loss=0.114932
Epoch 13/50 | Train Loss=0.000418 | Val Loss=0.114577
Epoch 14/50 | Train Loss=0.000414 | Val Loss=0.114226
Epoch 15/50 | Train Loss=0.000411 | Val Loss=0.113878
Epoch 16/50 | Train Loss=0.000412 | Val Loss=0.113529
Epoch 17/50 | Train Loss=0.000405 | Val Loss=0.113182
Epoch 18/50 | Train Loss=0.000406 | Val Loss=0.112837
Epoch 19/50 | Train Loss=0.000405 | Val Loss=0.112495
[I 2025-09-16 23:40:38,925] Trial 4 finished with value: 0.10220728814601898 and parameters: {'window_size': 120, 'batch_size': 128, 'lr': 0.00024187224179493864, 'hidden_size': 32, 'dropout': 0.18473453511078541}. Best is trial 2 with value: 0.04780203849077225.
[I 2025-09-16 23:40:39,713] Trial 5 finished with value: 0.05765766650438309 and parameters: {'window_size': 90, 'batch_size': 64, 'lr': 0.0005102506126915297, 'hidden_size': 16, 'dropout': 0.1715604125295882}. Best is trial 2 with value: 0.04780203849077225.
[I 2025-09-16 23:40:40,297] Trial 6 finished with value: 0.14213083684444427 and parameters: {'window_size': 90, 'batch_size': 128, 'lr': 0.0001347264412187059, 'hidden_size': 16, 'dropout': 0.4035231915563998}. Best is trial 2 with value: 0.04780203849077225.
[I 2025-09-16 23:40:40,624] Trial 7 finished with value: 0.04966498166322708 and parameters: {'window_size': 90, 'batch_size': 64, 'lr': 0.002052693901787453, 'hidden_size': 128, 'dropout': 0.264762630274198}. Best is trial 2 with value: 0.04780203849077225.
Epoch 20/50 | Train Loss=0.000402 | Val Loss=0.112154
Epoch 21/50 | Train Loss=0.000403 | Val Loss=0.111813
Epoch 22/50 | Train Loss=0.000398 | Val Loss=0.111472
Epoch 23/50 | Train Loss=0.000396 | Val Loss=0.111133
Epoch 24/50 | Train Loss=0.000394 | Val Loss=0.110795
Epoch 25/50 | Train Loss=0.000394 | Val Loss=0.110458
Epoch 26/50 | Train Loss=0.000394 | Val Loss=0.110125
Epoch 27/50 | Train Loss=0.000390 | Val Loss=0.109795
Epoch 28/50 | Train Loss=0.000388 | Val Loss=0.109463
Epoch 29/50 | Train Loss=0.000386 | Val Loss=0.109131
Epoch 30/50 | Train Loss=0.000386 | Val Loss=0.108800
Epoch 31/50 | Train Loss=0.000381 | Val Loss=0.108471
Epoch 32/50 | Train Loss=0.000381 | Val Loss=0.108139
Epoch 33/50 | Train Loss=0.000378 | Val Loss=0.107811
Epoch 34/50 | Train Loss=0.000378 | Val Loss=0.107483
Epoch 35/50 | Train Loss=0.000376 | Val Loss=0.107155
Epoch 36/50 | Train Loss=0.000373 | Val Loss=0.106829
Epoch 37/50 | Train Loss=0.000374 | Val Loss=0.106501
Epoch 38/50 | Train Loss=0.000370 | Val Loss=0.106171
Epoch 39/50 | Train Loss=0.000368 | Val Loss=0.105844
Epoch 40/50 | Train Loss=0.000367 | Val Loss=0.105516
Epoch 41/50 | Train Loss=0.000363 | Val Loss=0.105187
Epoch 42/50 | Train Loss=0.000366 | Val Loss=0.104860
Epoch 43/50 | Train Loss=0.000362 | Val Loss=0.104529
Epoch 44/50 | Train Loss=0.000357 | Val Loss=0.104200
Epoch 45/50 | Train Loss=0.000356 | Val Loss=0.103872
Epoch 46/50 | Train Loss=0.000354 | Val Loss=0.103542
Epoch 47/50 | Train Loss=0.000354 | Val Loss=0.103209
Epoch 48/50 | Train Loss=0.000353 | Val Loss=0.102880
Epoch 49/50 | Train Loss=0.000350 | Val Loss=0.102546
Epoch 50/50 | Train Loss=0.000349 | Val Loss=0.102207
[Tuning-LSTM_AE] Threshold (p95)=0.150836
Epoch 1/50 | Train Loss=0.001061 | Val Loss=0.152311
Epoch 2/50 | Train Loss=0.001059 | Val Loss=0.150106
Epoch 3/50 | Train Loss=0.001069 | Val Loss=0.147910
Epoch 4/50 | Train Loss=0.000943 | Val Loss=0.145728
Epoch 5/50 | Train Loss=0.001074 | Val Loss=0.143602
Epoch 6/50 | Train Loss=0.000988 | Val Loss=0.141396
Epoch 7/50 | Train Loss=0.001047 | Val Loss=0.139160
Epoch 8/50 | Train Loss=0.001018 | Val Loss=0.136849
Epoch 9/50 | Train Loss=0.000956 | Val Loss=0.134481
Epoch 10/50 | Train Loss=0.000885 | Val Loss=0.132119
Epoch 11/50 | Train Loss=0.000953 | Val Loss=0.129786
Epoch 12/50 | Train Loss=0.000980 | Val Loss=0.127388
Epoch 13/50 | Train Loss=0.000943 | Val Loss=0.124832
Epoch 14/50 | Train Loss=0.000878 | Val Loss=0.122184
Epoch 15/50 | Train Loss=0.000827 | Val Loss=0.119511
Epoch 16/50 | Train Loss=0.000795 | Val Loss=0.116891
Epoch 17/50 | Train Loss=0.000838 | Val Loss=0.114247
Epoch 18/50 | Train Loss=0.000811 | Val Loss=0.111444
Epoch 19/50 | Train Loss=0.000761 | Val Loss=0.108548
Epoch 20/50 | Train Loss=0.000773 | Val Loss=0.105686
Epoch 21/50 | Train Loss=0.000784 | Val Loss=0.102770
Epoch 22/50 | Train Loss=0.000710 | Val Loss=0.099687
Epoch 23/50 | Train Loss=0.000745 | Val Loss=0.096663
Epoch 24/50 | Train Loss=0.000680 | Val Loss=0.093569
Epoch 25/50 | Train Loss=0.000673 | Val Loss=0.090619
Epoch 26/50 | Train Loss=0.000655 | Val Loss=0.087672
Epoch 27/50 | Train Loss=0.000689 | Val Loss=0.084725
Epoch 28/50 | Train Loss=0.000635 | Val Loss=0.081506
Epoch 29/50 | Train Loss=0.000608 | Val Loss=0.078332
Epoch 30/50 | Train Loss=0.000574 | Val Loss=0.075473
Epoch 31/50 | Train Loss=0.000555 | Val Loss=0.073146
Epoch 32/50 | Train Loss=0.000545 | Val Loss=0.071172
Epoch 33/50 | Train Loss=0.000542 | Val Loss=0.069379
Epoch 34/50 | Train Loss=0.000545 | Val Loss=0.068040
Epoch 35/50 | Train Loss=0.000528 | Val Loss=0.066826
Epoch 36/50 | Train Loss=0.000522 | Val Loss=0.065744
Epoch 37/50 | Train Loss=0.000520 | Val Loss=0.064784
Epoch 38/50 | Train Loss=0.000524 | Val Loss=0.063808
Epoch 39/50 | Train Loss=0.000488 | Val Loss=0.062928
Epoch 40/50 | Train Loss=0.000485 | Val Loss=0.062267
Epoch 41/50 | Train Loss=0.000469 | Val Loss=0.061781
Epoch 42/50 | Train Loss=0.000453 | Val Loss=0.061860
Epoch 43/50 | Train Loss=0.000471 | Val Loss=0.062147
Epoch 44/50 | Train Loss=0.000466 | Val Loss=0.062076
Epoch 45/50 | Train Loss=0.000439 | Val Loss=0.061682
Epoch 46/50 | Train Loss=0.000430 | Val Loss=0.060992
Epoch 47/50 | Train Loss=0.000441 | Val Loss=0.060009
Epoch 48/50 | Train Loss=0.000443 | Val Loss=0.058894
Epoch 49/50 | Train Loss=0.000406 | Val Loss=0.057923
Epoch 50/50 | Train Loss=0.000415 | Val Loss=0.057658
[Tuning-LSTM_AE] Threshold (p95)=0.050212
Epoch 1/50 | Train Loss=0.000932 | Val Loss=0.162858
Epoch 2/50 | Train Loss=0.000729 | Val Loss=0.162386
Epoch 3/50 | Train Loss=0.000839 | Val Loss=0.161922
Epoch 4/50 | Train Loss=0.000826 | Val Loss=0.161457
Epoch 5/50 | Train Loss=0.000628 | Val Loss=0.161001
Epoch 6/50 | Train Loss=0.000927 | Val Loss=0.160551
Epoch 7/50 | Train Loss=0.000781 | Val Loss=0.160092
Epoch 8/50 | Train Loss=0.000657 | Val Loss=0.159641
Epoch 9/50 | Train Loss=0.000864 | Val Loss=0.159195
Epoch 10/50 | Train Loss=0.000745 | Val Loss=0.158744
Epoch 11/50 | Train Loss=0.000690 | Val Loss=0.158302
Epoch 12/50 | Train Loss=0.000864 | Val Loss=0.157865
Epoch 13/50 | Train Loss=0.000809 | Val Loss=0.157422
Epoch 14/50 | Train Loss=0.000846 | Val Loss=0.156968
Epoch 15/50 | Train Loss=0.000783 | Val Loss=0.156511
Epoch 16/50 | Train Loss=0.000694 | Val Loss=0.156061
Epoch 17/50 | Train Loss=0.000637 | Val Loss=0.155625
Epoch 18/50 | Train Loss=0.000763 | Val Loss=0.155200
Epoch 19/50 | Train Loss=0.000651 | Val Loss=0.154782
Epoch 20/50 | Train Loss=0.000786 | Val Loss=0.154367
Epoch 21/50 | Train Loss=0.000747 | Val Loss=0.153942
Epoch 22/50 | Train Loss=0.000680 | Val Loss=0.153520
Epoch 23/50 | Train Loss=0.000629 | Val Loss=0.153110
Epoch 24/50 | Train Loss=0.000672 | Val Loss=0.152708
Epoch 25/50 | Train Loss=0.000707 | Val Loss=0.152306
Epoch 26/50 | Train Loss=0.000627 | Val Loss=0.151909
Epoch 27/50 | Train Loss=0.000746 | Val Loss=0.151509
Epoch 28/50 | Train Loss=0.000695 | Val Loss=0.151101
Epoch 29/50 | Train Loss=0.000584 | Val Loss=0.150705
Epoch 30/50 | Train Loss=0.000778 | Val Loss=0.150307
Epoch 31/50 | Train Loss=0.000706 | Val Loss=0.149899
Epoch 32/50 | Train Loss=0.000721 | Val Loss=0.149489
Epoch 33/50 | Train Loss=0.000648 | Val Loss=0.149074
Epoch 34/50 | Train Loss=0.000783 | Val Loss=0.148653
Epoch 35/50 | Train Loss=0.000604 | Val Loss=0.148230
Epoch 36/50 | Train Loss=0.000632 | Val Loss=0.147826
Epoch 37/50 | Train Loss=0.000617 | Val Loss=0.147428
Epoch 38/50 | Train Loss=0.000599 | Val Loss=0.147033
Epoch 39/50 | Train Loss=0.000643 | Val Loss=0.146639
Epoch 40/50 | Train Loss=0.000649 | Val Loss=0.146244
Epoch 41/50 | Train Loss=0.000572 | Val Loss=0.145855
Epoch 42/50 | Train Loss=0.000668 | Val Loss=0.145478
Epoch 43/50 | Train Loss=0.000665 | Val Loss=0.145091
Epoch 44/50 | Train Loss=0.000689 | Val Loss=0.144692
Epoch 45/50 | Train Loss=0.000713 | Val Loss=0.144276
Epoch 46/50 | Train Loss=0.000712 | Val Loss=0.143850
Epoch 47/50 | Train Loss=0.000631 | Val Loss=0.143420
Epoch 48/50 | Train Loss=0.000683 | Val Loss=0.142993
Epoch 49/50 | Train Loss=0.000617 | Val Loss=0.142562
Epoch 50/50 | Train Loss=0.000644 | Val Loss=0.142131
[Tuning-LSTM_AE] Threshold (p95)=0.222654
Epoch 1/50 | Train Loss=0.000875 | Val Loss=0.094011
Epoch 2/50 | Train Loss=0.000578 | Val Loss=0.064587
Epoch 3/50 | Train Loss=0.000518 | Val Loss=0.057066
Epoch 4/50 | Train Loss=0.000458 | Val Loss=0.062284
Epoch 5/50 | Train Loss=0.000446 | Val Loss=0.068153
Epoch 6/50 | Train Loss=0.000433 | Val Loss=0.065572
Epoch 7/50 | Train Loss=0.000370 | Val Loss=0.057651
Epoch 8/50 | Train Loss=0.000372 | Val Loss=0.054556
Epoch 9/50 | Train Loss=0.000337 | Val Loss=0.059726
Epoch 10/50 | Train Loss=0.000335 | Val Loss=0.061108
Epoch 11/50 | Train Loss=0.000356 | Val Loss=0.054640
Epoch 12/50 | Train Loss=0.000348 | Val Loss=0.049665
Epoch 13/50 | Train Loss=0.000350 | Val Loss=0.063908
Epoch 14/50 | Train Loss=0.000373 | Val Loss=0.059782
Epoch 15/50 | Train Loss=0.000343 | Val Loss=0.053778
Epoch 16/50 | Train Loss=0.000326 | Val Loss=0.061274
Epoch 17/50 | Train Loss=0.000321 | Val Loss=0.059113
‚èπ Early stopping at epoch 17
[Tuning-LSTM_AE] Threshold (p95)=0.052400
[I 2025-09-16 23:40:41,302] Trial 8 finished with value: 0.03014138713479042 and parameters: {'window_size': 90, 'batch_size': 32, 'lr': 0.001793212939870915, 'hidden_size': 128, 'dropout': 0.12436434769561355}. Best is trial 8 with value: 0.03014138713479042.
[I 2025-09-16 23:40:41,488] Trial 9 finished with value: 0.033889442682266235 and parameters: {'window_size': 60, 'batch_size': 128, 'lr': 0.004529848591334294, 'hidden_size': 64, 'dropout': 0.46920904264874974}. Best is trial 8 with value: 0.03014138713479042.
[I 2025-09-16 23:40:41,488] A new study created in memory with name: no-name-398bab24-5faa-4e46-8e11-24d2869a2f82
[I 2025-09-16 23:40:42,162] Trial 0 finished with value: 0.03193347528576851 and parameters: {'window_size': 90, 'batch_size': 32, 'lr': 0.008237929733925349, 'd_model': 128, 'n_heads': 2, 'num_layers': 3, 'dropout': 0.2657797043528075}. Best is trial 0 with value: 0.03193347528576851.
[I 2025-09-16 23:40:43,334] Trial 1 finished with value: 0.0039016695227473974 and parameters: {'window_size': 90, 'batch_size': 64, 'lr': 0.00012940197461339267, 'd_model': 32, 'n_heads': 2, 'num_layers': 1, 'dropout': 0.34961797411014967}. Best is trial 1 with value: 0.0039016695227473974.
