[I 2025-09-16 23:41:42,627] Trial 5 finished with value: 0.0718689113855362 and parameters: {'window_size': 120, 'batch_size': 128, 'lr': 0.00020631239016053948, 'd_model': 32, 'n_heads': 4, 'num_layers': 2, 'dropout': 0.1105029198027899}. Best is trial 5 with value: 0.0718689113855362.
Epoch 4/50 | Train Loss=0.000140 | Val Loss=0.268898
Epoch 5/50 | Train Loss=0.000138 | Val Loss=0.236858
Epoch 6/50 | Train Loss=0.000100 | Val Loss=0.225825
Epoch 7/50 | Train Loss=0.000100 | Val Loss=0.212074
Epoch 8/50 | Train Loss=0.000096 | Val Loss=0.196236
Epoch 9/50 | Train Loss=0.000081 | Val Loss=0.187406
Epoch 10/50 | Train Loss=0.000080 | Val Loss=0.187299
Epoch 11/50 | Train Loss=0.000076 | Val Loss=0.191434
Epoch 12/50 | Train Loss=0.000070 | Val Loss=0.196417
Epoch 13/50 | Train Loss=0.000070 | Val Loss=0.197649
Epoch 14/50 | Train Loss=0.000067 | Val Loss=0.193605
Epoch 15/50 | Train Loss=0.000064 | Val Loss=0.189340
‚èπ Early stopping at epoch 15
[Tuning-Transformer] Threshold (p95)=0.006964
Epoch 1/50 | Train Loss=0.009158 | Val Loss=0.402346
Epoch 2/50 | Train Loss=0.000850 | Val Loss=0.333907
Epoch 3/50 | Train Loss=0.000626 | Val Loss=0.327770
Epoch 4/50 | Train Loss=0.000519 | Val Loss=0.344968
Epoch 5/50 | Train Loss=0.000446 | Val Loss=0.341486
Epoch 6/50 | Train Loss=0.000378 | Val Loss=0.334065
Epoch 7/50 | Train Loss=0.000306 | Val Loss=0.304258
Epoch 8/50 | Train Loss=0.000243 | Val Loss=0.191694
Epoch 9/50 | Train Loss=0.000135 | Val Loss=0.109131
Epoch 10/50 | Train Loss=0.000075 | Val Loss=0.104044
Epoch 11/50 | Train Loss=0.000039 | Val Loss=0.100202
Epoch 12/50 | Train Loss=0.000025 | Val Loss=0.094577
Epoch 13/50 | Train Loss=0.000019 | Val Loss=0.089214
Epoch 14/50 | Train Loss=0.000016 | Val Loss=0.085511
Epoch 15/50 | Train Loss=0.000014 | Val Loss=0.084200
Epoch 16/50 | Train Loss=0.000012 | Val Loss=0.085890
Epoch 17/50 | Train Loss=0.000011 | Val Loss=0.090401
Epoch 18/50 | Train Loss=0.000010 | Val Loss=0.095839
Epoch 19/50 | Train Loss=0.000009 | Val Loss=0.101092
Epoch 20/50 | Train Loss=0.000008 | Val Loss=0.106433
‚èπ Early stopping at epoch 20
[Tuning-Transformer] Threshold (p95)=0.000167
Epoch 1/50 | Train Loss=0.003510 | Val Loss=0.605291
Epoch 2/50 | Train Loss=0.001070 | Val Loss=0.524221
Epoch 3/50 | Train Loss=0.000775 | Val Loss=0.551972
Epoch 4/50 | Train Loss=0.000588 | Val Loss=0.572848
Epoch 5/50 | Train Loss=0.000463 | Val Loss=0.529240
Epoch 6/50 | Train Loss=0.000335 | Val Loss=0.572864
Epoch 7/50 | Train Loss=0.000246 | Val Loss=0.482711
Epoch 8/50 | Train Loss=0.000187 | Val Loss=0.361509
Epoch 9/50 | Train Loss=0.000156 | Val Loss=0.331011
Epoch 10/50 | Train Loss=0.000101 | Val Loss=0.292749
Epoch 11/50 | Train Loss=0.000072 | Val Loss=0.289058
Epoch 12/50 | Train Loss=0.000055 | Val Loss=0.258906
Epoch 13/50 | Train Loss=0.000045 | Val Loss=0.258483
Epoch 14/50 | Train Loss=0.000038 | Val Loss=0.256627
Epoch 15/50 | Train Loss=0.000033 | Val Loss=0.251431
Epoch 16/50 | Train Loss=0.000028 | Val Loss=0.249750
Epoch 17/50 | Train Loss=0.000023 | Val Loss=0.254793
Epoch 18/50 | Train Loss=0.000019 | Val Loss=0.260417
Epoch 19/50 | Train Loss=0.000015 | Val Loss=0.269620
Epoch 20/50 | Train Loss=0.000012 | Val Loss=0.275751
Epoch 21/50 | Train Loss=0.000011 | Val Loss=0.272962
‚èπ Early stopping at epoch 21
[Tuning-Transformer] Threshold (p95)=0.000824
Epoch 1/50 | Train Loss=0.001008 | Val Loss=0.504810
Epoch 2/50 | Train Loss=0.000574 | Val Loss=0.315498
Epoch 3/50 | Train Loss=0.000439 | Val Loss=0.246765
Epoch 4/50 | Train Loss=0.000377 | Val Loss=0.192596
Epoch 5/50 | Train Loss=0.000342 | Val Loss=0.170037
Epoch 6/50 | Train Loss=0.000303 | Val Loss=0.162597
Epoch 7/50 | Train Loss=0.000276 | Val Loss=0.154210
Epoch 8/50 | Train Loss=0.000254 | Val Loss=0.154995
Epoch 9/50 | Train Loss=0.000232 | Val Loss=0.157057
Epoch 10/50 | Train Loss=0.000214 | Val Loss=0.158028
Epoch 11/50 | Train Loss=0.000199 | Val Loss=0.161588
Epoch 12/50 | Train Loss=0.000186 | Val Loss=0.163301
‚èπ Early stopping at epoch 12
[Tuning-Transformer] Threshold (p95)=0.005263
Epoch 1/50 | Train Loss=0.001217 | Val Loss=0.511102
Epoch 2/50 | Train Loss=0.000747 | Val Loss=0.407475
Epoch 3/50 | Train Loss=0.000531 | Val Loss=0.342157
Epoch 4/50 | Train Loss=0.000478 | Val Loss=0.291364
Epoch 5/50 | Train Loss=0.000393 | Val Loss=0.251910
Epoch 6/50 | Train Loss=0.000375 | Val Loss=0.224038
Epoch 7/50 | Train Loss=0.000331 | Val Loss=0.204293
Epoch 8/50 | Train Loss=0.000307 | Val Loss=0.189296
Epoch 9/50 | Train Loss=0.000294 | Val Loss=0.179164
Epoch 10/50 | Train Loss=0.000282 | Val Loss=0.172774
Epoch 11/50 | Train Loss=0.000261 | Val Loss=0.169093
Epoch 12/50 | Train Loss=0.000248 | Val Loss=0.167235
Epoch 13/50 | Train Loss=0.000242 | Val Loss=0.165869
Epoch 14/50 | Train Loss=0.000233 | Val Loss=0.164855
Epoch 15/50 | Train Loss=0.000223 | Val Loss=0.163650
Epoch 16/50 | Train Loss=0.000219 | Val Loss=0.161414
Epoch 17/50 | Train Loss=0.000208 | Val Loss=0.159219
Epoch 18/50 | Train Loss=0.000200 | Val Loss=0.157829
Epoch 19/50 | Train Loss=0.000194 | Val Loss=0.155943
Epoch 20/50 | Train Loss=0.000191 | Val Loss=0.154225
Epoch 21/50 | Train Loss=0.000182 | Val Loss=0.152553
Epoch 22/50 | Train Loss=0.000178 | Val Loss=0.151119
Epoch 23/50 | Train Loss=0.000171 | Val Loss=0.150165
Epoch 24/50 | Train Loss=0.000165 | Val Loss=0.149800
Epoch 25/50 | Train Loss=0.000161 | Val Loss=0.148899
Epoch 26/50 | Train Loss=0.000159 | Val Loss=0.149238
Epoch 27/50 | Train Loss=0.000157 | Val Loss=0.148364
Epoch 28/50 | Train Loss=0.000148 | Val Loss=0.147374
Epoch 29/50 | Train Loss=0.000145 | Val Loss=0.147510
Epoch 30/50 | Train Loss=0.000142 | Val Loss=0.147359
Epoch 31/50 | Train Loss=0.000138 | Val Loss=0.147355
Epoch 32/50 | Train Loss=0.000133 | Val Loss=0.147648
Epoch 33/50 | Train Loss=0.000131 | Val Loss=0.147745
Epoch 34/50 | Train Loss=0.000124 | Val Loss=0.147510
Epoch 35/50 | Train Loss=0.000122 | Val Loss=0.147320
Epoch 36/50 | Train Loss=0.000123 | Val Loss=0.147296
Epoch 37/50 | Train Loss=0.000119 | Val Loss=0.147400
Epoch 38/50 | Train Loss=0.000117 | Val Loss=0.146733
Epoch 39/50 | Train Loss=0.000111 | Val Loss=0.145956
Epoch 40/50 | Train Loss=0.000109 | Val Loss=0.145705
Epoch 41/50 | Train Loss=0.000105 | Val Loss=0.145192
Epoch 42/50 | Train Loss=0.000105 | Val Loss=0.145515
Epoch 43/50 | Train Loss=0.000103 | Val Loss=0.145915
Epoch 44/50 | Train Loss=0.000098 | Val Loss=0.145868
Epoch 45/50 | Train Loss=0.000096 | Val Loss=0.146546
Epoch 46/50 | Train Loss=0.000100 | Val Loss=0.146359
‚èπ Early stopping at epoch 46
[Tuning-Transformer] Threshold (p95)=0.002525
Epoch 1/50 | Train Loss=0.001452 | Val Loss=0.527268
Epoch 2/50 | Train Loss=0.000434 | Val Loss=0.363722
Epoch 3/50 | Train Loss=0.000355 | Val Loss=0.297462
Epoch 4/50 | Train Loss=0.000216 | Val Loss=0.258366
Epoch 5/50 | Train Loss=0.000192 | Val Loss=0.216370
Epoch 6/50 | Train Loss=0.000164 | Val Loss=0.172401
Epoch 7/50 | Train Loss=0.000124 | Val Loss=0.141441
Epoch 8/50 | Train Loss=0.000110 | Val Loss=0.123518
Epoch 9/50 | Train Loss=0.000100 | Val Loss=0.113667
Epoch 10/50 | Train Loss=0.000090 | Val Loss=0.108277
Epoch 11/50 | Train Loss=0.000086 | Val Loss=0.103585
Epoch 12/50 | Train Loss=0.000086 | Val Loss=0.097577
Epoch 13/50 | Train Loss=0.000081 | Val Loss=0.091473
Epoch 14/50 | Train Loss=0.000075 | Val Loss=0.086329
Epoch 15/50 | Train Loss=0.000071 | Val Loss=0.082652
Epoch 16/50 | Train Loss=0.000068 | Val Loss=0.080063
Epoch 17/50 | Train Loss=0.000067 | Val Loss=0.078110
Epoch 18/50 | Train Loss=0.000067 | Val Loss=0.076298
Epoch 19/50 | Train Loss=0.000066 | Val Loss=0.074436
Epoch 20/50 | Train Loss=0.000063 | Val Loss=0.072991
Epoch 21/50 | Train Loss=0.000059 | Val Loss=0.072184
Epoch 22/50 | Train Loss=0.000059 | Val Loss=0.071885
Epoch 23/50 | Train Loss=0.000058 | Val Loss=0.071869
Epoch 24/50 | Train Loss=0.000056 | Val Loss=0.072131
Epoch 25/50 | Train Loss=0.000055 | Val Loss=0.072615
Epoch 26/50 | Train Loss=0.000054 | Val Loss=0.073048
Epoch 27/50 | Train Loss=0.000052 | Val Loss=0.073430
Epoch 28/50 | Train Loss=0.000051 | Val Loss=0.074009
‚èπ Early stopping at epoch 28
[Tuning-Transformer] Threshold (p95)=0.002626
Epoch 1/50 | Train Loss=0.010329 | Val Loss=0.394391
Epoch 2/50 | Train Loss=0.001293 | Val Loss=0.392924
Epoch 3/50 | Train Loss=0.000966 | Val Loss=0.383578
Epoch 4/50 | Train Loss=0.000777 | Val Loss=0.388113
Epoch 5/50 | Train Loss=0.000555 | Val Loss=0.312494
[I 2025-09-16 23:41:43,696] Trial 6 finished with value: 0.09836925566196442 and parameters: {'window_size': 90, 'batch_size': 32, 'lr': 0.0018913863578428737, 'd_model': 128, 'n_heads': 2, 'num_layers': 2, 'dropout': 0.21743774360309898}. Best is trial 5 with value: 0.0718689113855362.
[I 2025-09-16 23:41:44,217] Trial 7 finished with value: 0.0655667707324028 and parameters: {'window_size': 120, 'batch_size': 128, 'lr': 0.000696516586981756, 'd_model': 64, 'n_heads': 4, 'num_layers': 1, 'dropout': 0.2878714307525876}. Best is trial 7 with value: 0.0655667707324028.
[I 2025-09-16 23:41:45,267] Trial 8 finished with value: 0.10045302659273148 and parameters: {'window_size': 90, 'batch_size': 64, 'lr': 0.0007488084239638272, 'd_model': 64, 'n_heads': 8, 'num_layers': 2, 'dropout': 0.10896851955225499}. Best is trial 7 with value: 0.0655667707324028.
[I 2025-09-16 23:41:46,332] Trial 9 finished with value: 0.16801966726779938 and parameters: {'window_size': 90, 'batch_size': 64, 'lr': 0.009321511005178038, 'd_model': 32, 'n_heads': 4, 'num_layers': 2, 'dropout': 0.12176660127376233}. Best is trial 7 with value: 0.0655667707324028.
Epoch 6/50 | Train Loss=0.000340 | Val Loss=0.098369
Epoch 7/50 | Train Loss=0.000228 | Val Loss=0.118387
Epoch 8/50 | Train Loss=0.000144 | Val Loss=0.140440
Epoch 9/50 | Train Loss=0.000147 | Val Loss=0.138051
Epoch 10/50 | Train Loss=0.000080 | Val Loss=0.123240
Epoch 11/50 | Train Loss=0.000044 | Val Loss=0.124681
‚èπ Early stopping at epoch 11
[Tuning-Transformer] Threshold (p95)=0.001994
Epoch 1/50 | Train Loss=0.001003 | Val Loss=0.396233
Epoch 2/50 | Train Loss=0.000399 | Val Loss=0.416102
Epoch 3/50 | Train Loss=0.000286 | Val Loss=0.331709
Epoch 4/50 | Train Loss=0.000241 | Val Loss=0.225114
Epoch 5/50 | Train Loss=0.000213 | Val Loss=0.151060
Epoch 6/50 | Train Loss=0.000169 | Val Loss=0.120881
Epoch 7/50 | Train Loss=0.000174 | Val Loss=0.104347
Epoch 8/50 | Train Loss=0.000158 | Val Loss=0.086677
Epoch 9/50 | Train Loss=0.000133 | Val Loss=0.075616
Epoch 10/50 | Train Loss=0.000135 | Val Loss=0.069315
Epoch 11/50 | Train Loss=0.000129 | Val Loss=0.065567
Epoch 12/50 | Train Loss=0.000111 | Val Loss=0.066906
Epoch 13/50 | Train Loss=0.000106 | Val Loss=0.070157
Epoch 14/50 | Train Loss=0.000101 | Val Loss=0.071940
Epoch 15/50 | Train Loss=0.000087 | Val Loss=0.075909
Epoch 16/50 | Train Loss=0.000081 | Val Loss=0.082514
‚èπ Early stopping at epoch 16
[Tuning-Transformer] Threshold (p95)=0.004113
Epoch 1/50 | Train Loss=0.002336 | Val Loss=0.338745
Epoch 2/50 | Train Loss=0.000456 | Val Loss=0.313576
Epoch 3/50 | Train Loss=0.000277 | Val Loss=0.238399
Epoch 4/50 | Train Loss=0.000238 | Val Loss=0.242206
Epoch 5/50 | Train Loss=0.000210 | Val Loss=0.173150
Epoch 6/50 | Train Loss=0.000163 | Val Loss=0.113893
Epoch 7/50 | Train Loss=0.000145 | Val Loss=0.104498
Epoch 8/50 | Train Loss=0.000130 | Val Loss=0.100453
Epoch 9/50 | Train Loss=0.000112 | Val Loss=0.109901
Epoch 10/50 | Train Loss=0.000102 | Val Loss=0.115677
Epoch 11/50 | Train Loss=0.000090 | Val Loss=0.108011
Epoch 12/50 | Train Loss=0.000079 | Val Loss=0.101180
Epoch 13/50 | Train Loss=0.000070 | Val Loss=0.101510
‚èπ Early stopping at epoch 13
[Tuning-Transformer] Threshold (p95)=0.002305
Epoch 1/50 | Train Loss=0.004965 | Val Loss=0.480256
Epoch 2/50 | Train Loss=0.000793 | Val Loss=0.437520
Epoch 3/50 | Train Loss=0.000449 | Val Loss=0.453101
Epoch 4/50 | Train Loss=0.000390 | Val Loss=0.419284
Epoch 5/50 | Train Loss=0.000329 | Val Loss=0.436190
Epoch 6/50 | Train Loss=0.000268 | Val Loss=0.441987
Epoch 7/50 | Train Loss=0.000236 | Val Loss=0.439120
Epoch 8/50 | Train Loss=0.000193 | Val Loss=0.430734
Epoch 9/50 | Train Loss=0.000163 | Val Loss=0.314387
Epoch 10/50 | Train Loss=0.000121 | Val Loss=0.181048
Epoch 11/50 | Train Loss=0.000072 | Val Loss=0.174552
Epoch 12/50 | Train Loss=0.000058 | Val Loss=0.168020
Epoch 13/50 | Train Loss=0.000046 | Val Loss=0.168747
Epoch 14/50 | Train Loss=0.000037 | Val Loss=0.173016
Epoch 15/50 | Train Loss=0.000030 | Val Loss=0.178568
Epoch 16/50 | Train Loss=0.000024 | Val Loss=0.182346
Epoch 17/50 | Train Loss=0.000021 | Val Loss=0.184992
‚èπ Early stopping at epoch 17
[Tuning-Transformer] Threshold (p95)=0.001930
üîé Best hyperparameters for Transformer: {'window_size': 120, 'batch_size': 128, 'lr': 0.000696516586981756, 'd_model': 64, 'n_heads': 4, 'num_layers': 1, 'dropout': 0.2878714307525876}
Best validation loss: 0.0655667707324028
‚úÖ Best LSTM params: {'window_size': 120, 'batch_size': 128, 'lr': 0.0008206080197104434, 'hidden_size': 128, 'dropout': 0.28252762348099025}
‚úÖ Best Transformer params: {'window_size': 120, 'batch_size': 128, 'lr': 0.000696516586981756, 'd_model': 64, 'n_heads': 4, 'num_layers': 1, 'dropout': 0.2878714307525876}

>>> Training LSTM_AE for coin_coin_Solana...
Epoch 1/100 | Train Loss=0.000377 | Val Loss=0.348835
Epoch 2/100 | Train Loss=0.000207 | Val Loss=0.304516
Epoch 3/100 | Train Loss=0.000163 | Val Loss=0.293587
Epoch 4/100 | Train Loss=0.000134 | Val Loss=0.293737
Epoch 5/100 | Train Loss=0.000119 | Val Loss=0.291554
Epoch 6/100 | Train Loss=0.000111 | Val Loss=0.283193
Epoch 7/100 | Train Loss=0.000104 | Val Loss=0.277505
Epoch 8/100 | Train Loss=0.000103 | Val Loss=0.277465
Epoch 9/100 | Train Loss=0.000100 | Val Loss=0.279558
Epoch 10/100 | Train Loss=0.000098 | Val Loss=0.277875
Epoch 11/100 | Train Loss=0.000097 | Val Loss=0.272539
Epoch 12/100 | Train Loss=0.000095 | Val Loss=0.266768
Epoch 13/100 | Train Loss=0.000093 | Val Loss=0.262356
Epoch 14/100 | Train Loss=0.000092 | Val Loss=0.258791
Epoch 15/100 | Train Loss=0.000093 | Val Loss=0.257273
Epoch 16/100 | Train Loss=0.000091 | Val Loss=0.253764
Epoch 17/100 | Train Loss=0.000089 | Val Loss=0.250303
Epoch 18/100 | Train Loss=0.000089 | Val Loss=0.248240
Epoch 19/100 | Train Loss=0.000089 | Val Loss=0.246263
Epoch 20/100 | Train Loss=0.000089 | Val Loss=0.245575
Epoch 21/100 | Train Loss=0.000088 | Val Loss=0.243739
Epoch 22/100 | Train Loss=0.000088 | Val Loss=0.241727
Epoch 23/100 | Train Loss=0.000088 | Val Loss=0.240950
Epoch 24/100 | Train Loss=0.000089 | Val Loss=0.240724
Epoch 25/100 | Train Loss=0.000090 | Val Loss=0.239514
Epoch 26/100 | Train Loss=0.000089 | Val Loss=0.237227
Epoch 27/100 | Train Loss=0.000087 | Val Loss=0.235512
Epoch 28/100 | Train Loss=0.000086 | Val Loss=0.235614
Epoch 29/100 | Train Loss=0.000088 | Val Loss=0.235522
Epoch 30/100 | Train Loss=0.000087 | Val Loss=0.234410
Epoch 31/100 | Train Loss=0.000085 | Val Loss=0.232116
Epoch 32/100 | Train Loss=0.000085 | Val Loss=0.231457
Epoch 33/100 | Train Loss=0.000086 | Val Loss=0.230048
Epoch 34/100 | Train Loss=0.000086 | Val Loss=0.229596
Epoch 35/100 | Train Loss=0.000086 | Val Loss=0.228335
Epoch 36/100 | Train Loss=0.000086 | Val Loss=0.229092
Epoch 37/100 | Train Loss=0.000086 | Val Loss=0.229567
Epoch 38/100 | Train Loss=0.000086 | Val Loss=0.228665
Epoch 39/100 | Train Loss=0.000086 | Val Loss=0.229739
Epoch 40/100 | Train Loss=0.000087 | Val Loss=0.228117
Epoch 41/100 | Train Loss=0.000086 | Val Loss=0.225232
Epoch 42/100 | Train Loss=0.000086 | Val Loss=0.224785
Epoch 43/100 | Train Loss=0.000087 | Val Loss=0.226464
Epoch 44/100 | Train Loss=0.000085 | Val Loss=0.226030
Epoch 45/100 | Train Loss=0.000085 | Val Loss=0.226506
Epoch 46/100 | Train Loss=0.000085 | Val Loss=0.226252
Epoch 47/100 | Train Loss=0.000084 | Val Loss=0.226149
Epoch 48/100 | Train Loss=0.000085 | Val Loss=0.225895
Epoch 49/100 | Train Loss=0.000086 | Val Loss=0.224213
Epoch 50/100 | Train Loss=0.000085 | Val Loss=0.223413
Epoch 51/100 | Train Loss=0.000085 | Val Loss=0.223423
Epoch 52/100 | Train Loss=0.000085 | Val Loss=0.223111
Epoch 53/100 | Train Loss=0.000085 | Val Loss=0.222320
Epoch 54/100 | Train Loss=0.000085 | Val Loss=0.221922
Epoch 55/100 | Train Loss=0.000085 | Val Loss=0.221825
Epoch 56/100 | Train Loss=0.000084 | Val Loss=0.222608
Epoch 57/100 | Train Loss=0.000085 | Val Loss=0.223274
Epoch 58/100 | Train Loss=0.000086 | Val Loss=0.220555
Epoch 59/100 | Train Loss=0.000085 | Val Loss=0.219710
Epoch 60/100 | Train Loss=0.000083 | Val Loss=0.220663
Epoch 61/100 | Train Loss=0.000082 | Val Loss=0.220548
Epoch 62/100 | Train Loss=0.000085 | Val Loss=0.220790
Epoch 63/100 | Train Loss=0.000082 | Val Loss=0.221565
Epoch 64/100 | Train Loss=0.000084 | Val Loss=0.221940
Epoch 65/100 | Train Loss=0.000084 | Val Loss=0.220266
Epoch 66/100 | Train Loss=0.000085 | Val Loss=0.217095
Epoch 67/100 | Train Loss=0.000084 | Val Loss=0.219219
Epoch 68/100 | Train Loss=0.000084 | Val Loss=0.218459
Epoch 69/100 | Train Loss=0.000082 | Val Loss=0.218789
Epoch 70/100 | Train Loss=0.000083 | Val Loss=0.219115
Epoch 71/100 | Train Loss=0.000084 | Val Loss=0.219612
Epoch 72/100 | Train Loss=0.000083 | Val Loss=0.217336
Epoch 73/100 | Train Loss=0.000084 | Val Loss=0.216695
Epoch 74/100 | Train Loss=0.000084 | Val Loss=0.217290
Epoch 75/100 | Train Loss=0.000082 | Val Loss=0.218305
Epoch 76/100 | Train Loss=0.000082 | Val Loss=0.216948
Epoch 77/100 | Train Loss=0.000081 | Val Loss=0.217811
Epoch 78/100 | Train Loss=0.000081 | Val Loss=0.218551
Epoch 79/100 | Train Loss=0.000084 | Val Loss=0.218122
Epoch 80/100 | Train Loss=0.000082 | Val Loss=0.217198
‚èπ Early stopping at epoch 80
[coin_coin_Solana (LSTM_AE)] Threshold (p95)=0.038709
[I 2025-09-16 23:41:49,152] A new study created in memory with name: no-name-e0b84ff2-e94c-4191-817d-e3bbb624d555
[I 2025-09-16 23:41:51,849] Trial 0 finished with value: 1.6564220190048218 and parameters: {'window_size': 120, 'batch_size': 32, 'lr': 0.002321772367335179, 'hidden_size': 16, 'dropout': 0.11976840123605853}. Best is trial 0 with value: 1.6564220190048218.
[I 2025-09-16 23:41:53,094] Trial 1 finished with value: 1.6524311304092407 and parameters: {'window_size': 120, 'batch_size': 128, 'lr': 0.004801190925251515, 'hidden_size': 128, 'dropout': 0.16494838120102834}. Best is trial 1 with value: 1.6524311304092407.
[I 2025-09-16 23:41:59,905] Trial 2 finished with value: 2.6357386112213135 and parameters: {'window_size': 60, 'batch_size': 32, 'lr': 0.00015456312054884036, 'hidden_size': 32, 'dropout': 0.2101285624479748}. Best is trial 1 with value: 1.6524311304092407.
[I 2025-09-16 23:42:04,808] Trial 3 finished with value: 1.6563056707382202 and parameters: {'window_size': 120, 'batch_size': 64, 'lr': 0.00028617337254641524, 'hidden_size': 32, 'dropout': 0.37645792235785713}. Best is trial 1 with value: 1.6524311304092407.
[I 2025-09-16 23:42:07,797] Trial 4 finished with value: 1.648996353149414 and parameters: {'window_size': 120, 'batch_size': 32, 'lr': 0.0017163338409334455, 'hidden_size': 128, 'dropout': 0.452386975461629}. Best is trial 4 with value: 1.648996353149414.
[I 2025-09-16 23:42:10,940] Trial 5 finished with value: 1.6622719764709473 and parameters: {'window_size': 120, 'batch_size': 32, 'lr': 0.004128022751878627, 'hidden_size': 64, 'dropout': 0.36979950752897717}. Best is trial 4 with value: 1.648996353149414.
