[I 2025-09-16 23:41:20,879] Trial 9 finished with value: 0.0005441426183097064 and parameters: {'window_size': 90, 'batch_size': 64, 'lr': 0.00045612598696626174, 'd_model': 128, 'n_heads': 2, 'num_layers': 2, 'dropout': 0.18432479407367697}. Best is trial 1 with value: 0.00038044824032112956.
Epoch 4/50 | Train Loss=0.000481 | Val Loss=0.018887
Epoch 5/50 | Train Loss=0.000308 | Val Loss=0.018625
Epoch 6/50 | Train Loss=0.000322 | Val Loss=0.008478
Epoch 7/50 | Train Loss=0.000212 | Val Loss=0.008662
Epoch 8/50 | Train Loss=0.000234 | Val Loss=0.005233
Epoch 9/50 | Train Loss=0.000185 | Val Loss=0.003624
Epoch 10/50 | Train Loss=0.000184 | Val Loss=0.003514
Epoch 11/50 | Train Loss=0.000156 | Val Loss=0.003232
Epoch 12/50 | Train Loss=0.000154 | Val Loss=0.002495
Epoch 13/50 | Train Loss=0.000135 | Val Loss=0.001920
Epoch 14/50 | Train Loss=0.000130 | Val Loss=0.002040
Epoch 15/50 | Train Loss=0.000117 | Val Loss=0.001911
Epoch 16/50 | Train Loss=0.000112 | Val Loss=0.001333
Epoch 17/50 | Train Loss=0.000101 | Val Loss=0.001136
Epoch 18/50 | Train Loss=0.000097 | Val Loss=0.001050
Epoch 19/50 | Train Loss=0.000089 | Val Loss=0.001106
Epoch 20/50 | Train Loss=0.000082 | Val Loss=0.001062
Epoch 21/50 | Train Loss=0.000078 | Val Loss=0.000800
Epoch 22/50 | Train Loss=0.000071 | Val Loss=0.000797
Epoch 23/50 | Train Loss=0.000068 | Val Loss=0.000705
Epoch 24/50 | Train Loss=0.000063 | Val Loss=0.000699
Epoch 25/50 | Train Loss=0.000058 | Val Loss=0.000757
Epoch 26/50 | Train Loss=0.000055 | Val Loss=0.000662
Epoch 27/50 | Train Loss=0.000052 | Val Loss=0.000620
Epoch 28/50 | Train Loss=0.000049 | Val Loss=0.000629
Epoch 29/50 | Train Loss=0.000045 | Val Loss=0.000626
Epoch 30/50 | Train Loss=0.000043 | Val Loss=0.000588
Epoch 31/50 | Train Loss=0.000041 | Val Loss=0.000544
Epoch 32/50 | Train Loss=0.000039 | Val Loss=0.000550
Epoch 33/50 | Train Loss=0.000037 | Val Loss=0.000644
Epoch 34/50 | Train Loss=0.000035 | Val Loss=0.000640
Epoch 35/50 | Train Loss=0.000034 | Val Loss=0.000595
Epoch 36/50 | Train Loss=0.000032 | Val Loss=0.000553
‚èπ Early stopping at epoch 36
[Tuning-Transformer] Threshold (p95)=0.000707
üîé Best hyperparameters for Transformer: {'window_size': 90, 'batch_size': 32, 'lr': 0.006641376234304205, 'd_model': 32, 'n_heads': 2, 'num_layers': 1, 'dropout': 0.2779218408732323}
Best validation loss: 0.00038044824032112956
‚úÖ Best LSTM params: {'window_size': 60, 'batch_size': 32, 'lr': 0.00013903702496330728, 'hidden_size': 128, 'dropout': 0.27601774278581703}
‚úÖ Best Transformer params: {'window_size': 90, 'batch_size': 32, 'lr': 0.006641376234304205, 'd_model': 32, 'n_heads': 2, 'num_layers': 1, 'dropout': 0.2779218408732323}

>>> Training LSTM_AE for coin_coin_Polkadot...
Epoch 1/100 | Train Loss=0.001234 | Val Loss=0.104677
Epoch 2/100 | Train Loss=0.000854 | Val Loss=0.070931
Epoch 3/100 | Train Loss=0.000491 | Val Loss=0.051731
Epoch 4/100 | Train Loss=0.000398 | Val Loss=0.048581
Epoch 5/100 | Train Loss=0.000335 | Val Loss=0.049241
Epoch 6/100 | Train Loss=0.000302 | Val Loss=0.049703
Epoch 7/100 | Train Loss=0.000267 | Val Loss=0.049619
Epoch 8/100 | Train Loss=0.000266 | Val Loss=0.049918
Epoch 9/100 | Train Loss=0.000206 | Val Loss=0.052144
Epoch 10/100 | Train Loss=0.000181 | Val Loss=0.038733
Epoch 11/100 | Train Loss=0.000185 | Val Loss=0.054523
Epoch 12/100 | Train Loss=0.000184 | Val Loss=0.058467
Epoch 13/100 | Train Loss=0.000176 | Val Loss=0.042804
Epoch 14/100 | Train Loss=0.000143 | Val Loss=0.051321
Epoch 15/100 | Train Loss=0.000138 | Val Loss=0.040831
Epoch 16/100 | Train Loss=0.000140 | Val Loss=0.055818
Epoch 17/100 | Train Loss=0.000141 | Val Loss=0.038236
Epoch 18/100 | Train Loss=0.000130 | Val Loss=0.053154
Epoch 19/100 | Train Loss=0.000132 | Val Loss=0.037847
Epoch 20/100 | Train Loss=0.000150 | Val Loss=0.050066
Epoch 21/100 | Train Loss=0.000121 | Val Loss=0.040724
Epoch 22/100 | Train Loss=0.000140 | Val Loss=0.044932
Epoch 23/100 | Train Loss=0.000155 | Val Loss=0.039009
Epoch 24/100 | Train Loss=0.000141 | Val Loss=0.042116
Epoch 25/100 | Train Loss=0.000163 | Val Loss=0.040416
Epoch 26/100 | Train Loss=0.000117 | Val Loss=0.037027
Epoch 27/100 | Train Loss=0.000123 | Val Loss=0.039814
Epoch 28/100 | Train Loss=0.000120 | Val Loss=0.038757
Epoch 29/100 | Train Loss=0.000149 | Val Loss=0.034185
Epoch 30/100 | Train Loss=0.000145 | Val Loss=0.037213
Epoch 31/100 | Train Loss=0.000139 | Val Loss=0.039005
Epoch 32/100 | Train Loss=0.000163 | Val Loss=0.034743
Epoch 33/100 | Train Loss=0.000150 | Val Loss=0.038265
Epoch 34/100 | Train Loss=0.000148 | Val Loss=0.031275
Epoch 35/100 | Train Loss=0.000142 | Val Loss=0.043149
Epoch 36/100 | Train Loss=0.000125 | Val Loss=0.033985
Epoch 37/100 | Train Loss=0.000138 | Val Loss=0.034507
Epoch 38/100 | Train Loss=0.000130 | Val Loss=0.041216
Epoch 39/100 | Train Loss=0.000143 | Val Loss=0.037275
Epoch 40/100 | Train Loss=0.000157 | Val Loss=0.044661
Epoch 41/100 | Train Loss=0.000115 | Val Loss=0.034814
‚èπ Early stopping at epoch 41
[coin_coin_Polkadot (LSTM_AE)] Threshold (p95)=0.034943
üìä Saved error distribution to /data/m24csa029/MTP/cyptocurrency/results/coin_coin_Polkadot_LSTM_AE_anomalies_errors.png
coin_coin_Polkadot [LSTM_AE]: 38 anomalies detected

>>> Training Transformer for coin_coin_Polkadot...
Epoch 1/100 | Train Loss=0.001620 | Val Loss=0.034277
Epoch 2/100 | Train Loss=0.000620 | Val Loss=0.013303
Epoch 3/100 | Train Loss=0.000480 | Val Loss=0.007738
Epoch 4/100 | Train Loss=0.000436 | Val Loss=0.010012
Epoch 5/100 | Train Loss=0.000405 | Val Loss=0.012800
Epoch 6/100 | Train Loss=0.000380 | Val Loss=0.008398
Epoch 7/100 | Train Loss=0.000337 | Val Loss=0.003650
Epoch 8/100 | Train Loss=0.000310 | Val Loss=0.002923
Epoch 9/100 | Train Loss=0.000284 | Val Loss=0.003252
Epoch 10/100 | Train Loss=0.000254 | Val Loss=0.002820
Epoch 11/100 | Train Loss=0.000225 | Val Loss=0.002090
Epoch 12/100 | Train Loss=0.000196 | Val Loss=0.002398
Epoch 13/100 | Train Loss=0.000170 | Val Loss=0.001286
Epoch 14/100 | Train Loss=0.000144 | Val Loss=0.001421
Epoch 15/100 | Train Loss=0.000126 | Val Loss=0.001612
Epoch 16/100 | Train Loss=0.000112 | Val Loss=0.001299
Epoch 17/100 | Train Loss=0.000102 | Val Loss=0.001330
Epoch 18/100 | Train Loss=0.000093 | Val Loss=0.001466
Epoch 19/100 | Train Loss=0.000085 | Val Loss=0.001191
Epoch 20/100 | Train Loss=0.000079 | Val Loss=0.001248
Epoch 21/100 | Train Loss=0.000074 | Val Loss=0.001069
Epoch 22/100 | Train Loss=0.000068 | Val Loss=0.001040
Epoch 23/100 | Train Loss=0.000064 | Val Loss=0.000941
Epoch 24/100 | Train Loss=0.000060 | Val Loss=0.000812
Epoch 25/100 | Train Loss=0.000057 | Val Loss=0.000847
Epoch 26/100 | Train Loss=0.000053 | Val Loss=0.000775
Epoch 27/100 | Train Loss=0.000051 | Val Loss=0.000767
Epoch 28/100 | Train Loss=0.000049 | Val Loss=0.000715
Epoch 29/100 | Train Loss=0.000046 | Val Loss=0.000686
Epoch 30/100 | Train Loss=0.000044 | Val Loss=0.000679
Epoch 31/100 | Train Loss=0.000042 | Val Loss=0.000632
Epoch 32/100 | Train Loss=0.000040 | Val Loss=0.000606
Epoch 33/100 | Train Loss=0.000038 | Val Loss=0.000563
Epoch 34/100 | Train Loss=0.000037 | Val Loss=0.000563
Epoch 35/100 | Train Loss=0.000035 | Val Loss=0.000567
Epoch 36/100 | Train Loss=0.000034 | Val Loss=0.000537
Epoch 37/100 | Train Loss=0.000032 | Val Loss=0.000538
Epoch 38/100 | Train Loss=0.000031 | Val Loss=0.000534
Epoch 39/100 | Train Loss=0.000030 | Val Loss=0.000524
Epoch 40/100 | Train Loss=0.000029 | Val Loss=0.000522
Epoch 41/100 | Train Loss=0.000027 | Val Loss=0.000521
Epoch 42/100 | Train Loss=0.000026 | Val Loss=0.000518
Epoch 43/100 | Train Loss=0.000026 | Val Loss=0.000509
Epoch 44/100 | Train Loss=0.000025 | Val Loss=0.000494
Epoch 45/100 | Train Loss=0.000024 | Val Loss=0.000488
Epoch 46/100 | Train Loss=0.000023 | Val Loss=0.000489
Epoch 47/100 | Train Loss=0.000022 | Val Loss=0.000470
Epoch 48/100 | Train Loss=0.000022 | Val Loss=0.000465
Epoch 49/100 | Train Loss=0.000021 | Val Loss=0.000481
Epoch 50/100 | Train Loss=0.000021 | Val Loss=0.000499
Epoch 51/100 | Train Loss=0.000020 | Val Loss=0.000470
Epoch 52/100 | Train Loss=0.000019 | Val Loss=0.000480
Epoch 53/100 | Train Loss=0.000019 | Val Loss=0.000485
Epoch 54/100 | Train Loss=0.000018 | Val Loss=0.000480
Epoch 55/100 | Train Loss=0.000018 | Val Loss=0.000458
Epoch 56/100 | Train Loss=0.000018 | Val Loss=0.000467
Epoch 57/100 | Train Loss=0.000017 | Val Loss=0.000475
Epoch 58/100 | Train Loss=0.000016 | Val Loss=0.000470
[I 2025-09-16 23:41:23,820] A new study created in memory with name: no-name-4c4a8325-1c5f-46f8-a963-429b0c1e2c17
[I 2025-09-16 23:41:24,112] Trial 0 finished with value: 0.2714654803276062 and parameters: {'window_size': 120, 'batch_size': 128, 'lr': 0.0008206080197104434, 'hidden_size': 128, 'dropout': 0.28252762348099025}. Best is trial 0 with value: 0.2714654803276062.
[I 2025-09-16 23:41:25,046] Trial 1 finished with value: 0.33028167486190796 and parameters: {'window_size': 60, 'batch_size': 64, 'lr': 0.003453928850974522, 'hidden_size': 32, 'dropout': 0.33024311293551056}. Best is trial 0 with value: 0.2714654803276062.
[I 2025-09-16 23:41:26,952] Trial 2 finished with value: 0.28934988379478455 and parameters: {'window_size': 120, 'batch_size': 32, 'lr': 0.00035393562646512304, 'hidden_size': 32, 'dropout': 0.45820454639051544}. Best is trial 0 with value: 0.2714654803276062.
Epoch 59/100 | Train Loss=0.000016 | Val Loss=0.000472
Epoch 60/100 | Train Loss=0.000016 | Val Loss=0.000451
Epoch 61/100 | Train Loss=0.000015 | Val Loss=0.000444
Epoch 62/100 | Train Loss=0.000015 | Val Loss=0.000453
Epoch 63/100 | Train Loss=0.000014 | Val Loss=0.000453
Epoch 64/100 | Train Loss=0.000014 | Val Loss=0.000459
Epoch 65/100 | Train Loss=0.000014 | Val Loss=0.000452
Epoch 66/100 | Train Loss=0.000013 | Val Loss=0.000455
Epoch 67/100 | Train Loss=0.000013 | Val Loss=0.000447
Epoch 68/100 | Train Loss=0.000013 | Val Loss=0.000448
‚èπ Early stopping at epoch 68
[coin_coin_Polkadot (Transformer)] Threshold (p95)=0.000466
üìä Saved error distribution to /data/m24csa029/MTP/cyptocurrency/results/coin_coin_Polkadot_Transformer_anomalies_errors.png
coin_coin_Polkadot [Transformer]: 64 anomalies detected

üöÄ Processing coin_coin_Solana...

üîé Running hyperparameter search for LSTM_AE on coin_coin_Solana...
Epoch 1/50 | Train Loss=0.000364 | Val Loss=0.415504
Epoch 2/50 | Train Loss=0.000266 | Val Loss=0.377502
Epoch 3/50 | Train Loss=0.000186 | Val Loss=0.345002
Epoch 4/50 | Train Loss=0.000135 | Val Loss=0.316978
Epoch 5/50 | Train Loss=0.000106 | Val Loss=0.294657
Epoch 6/50 | Train Loss=0.000096 | Val Loss=0.280007
Epoch 7/50 | Train Loss=0.000091 | Val Loss=0.272944
Epoch 8/50 | Train Loss=0.000084 | Val Loss=0.271465
Epoch 9/50 | Train Loss=0.000080 | Val Loss=0.273688
Epoch 10/50 | Train Loss=0.000078 | Val Loss=0.276221
Epoch 11/50 | Train Loss=0.000072 | Val Loss=0.277748
Epoch 12/50 | Train Loss=0.000070 | Val Loss=0.278435
Epoch 13/50 | Train Loss=0.000068 | Val Loss=0.278432
‚èπ Early stopping at epoch 13
[Tuning-LSTM_AE] Threshold (p95)=0.047330
Epoch 1/50 | Train Loss=0.000719 | Val Loss=0.564480
Epoch 2/50 | Train Loss=0.000356 | Val Loss=0.487564
Epoch 3/50 | Train Loss=0.000213 | Val Loss=0.468979
Epoch 4/50 | Train Loss=0.000188 | Val Loss=0.474550
Epoch 5/50 | Train Loss=0.000170 | Val Loss=0.471817
Epoch 6/50 | Train Loss=0.000150 | Val Loss=0.461812
Epoch 7/50 | Train Loss=0.000144 | Val Loss=0.446791
Epoch 8/50 | Train Loss=0.000133 | Val Loss=0.431047
Epoch 9/50 | Train Loss=0.000130 | Val Loss=0.414361
Epoch 10/50 | Train Loss=0.000119 | Val Loss=0.397673
Epoch 11/50 | Train Loss=0.000114 | Val Loss=0.388920
Epoch 12/50 | Train Loss=0.000116 | Val Loss=0.379735
Epoch 13/50 | Train Loss=0.000110 | Val Loss=0.371303
Epoch 14/50 | Train Loss=0.000109 | Val Loss=0.370300
Epoch 15/50 | Train Loss=0.000105 | Val Loss=0.366122
Epoch 16/50 | Train Loss=0.000101 | Val Loss=0.361394
Epoch 17/50 | Train Loss=0.000100 | Val Loss=0.358488
Epoch 18/50 | Train Loss=0.000102 | Val Loss=0.354916
Epoch 19/50 | Train Loss=0.000100 | Val Loss=0.350376
Epoch 20/50 | Train Loss=0.000097 | Val Loss=0.349919
Epoch 21/50 | Train Loss=0.000101 | Val Loss=0.349817
Epoch 22/50 | Train Loss=0.000098 | Val Loss=0.346452
Epoch 23/50 | Train Loss=0.000095 | Val Loss=0.344679
Epoch 24/50 | Train Loss=0.000098 | Val Loss=0.346108
Epoch 25/50 | Train Loss=0.000097 | Val Loss=0.339984
Epoch 26/50 | Train Loss=0.000093 | Val Loss=0.340810
Epoch 27/50 | Train Loss=0.000094 | Val Loss=0.342134
Epoch 28/50 | Train Loss=0.000096 | Val Loss=0.343447
Epoch 29/50 | Train Loss=0.000096 | Val Loss=0.338399
Epoch 30/50 | Train Loss=0.000090 | Val Loss=0.333233
Epoch 31/50 | Train Loss=0.000094 | Val Loss=0.330282
Epoch 32/50 | Train Loss=0.000090 | Val Loss=0.336253
Epoch 33/50 | Train Loss=0.000093 | Val Loss=0.338481
Epoch 34/50 | Train Loss=0.000092 | Val Loss=0.333517
Epoch 35/50 | Train Loss=0.000091 | Val Loss=0.330694
Epoch 36/50 | Train Loss=0.000089 | Val Loss=0.331481
‚èπ Early stopping at epoch 36
[Tuning-LSTM_AE] Threshold (p95)=0.031380
Epoch 1/50 | Train Loss=0.001000 | Val Loss=0.401692
Epoch 2/50 | Train Loss=0.000958 | Val Loss=0.398235
Epoch 3/50 | Train Loss=0.000875 | Val Loss=0.392581
Epoch 4/50 | Train Loss=0.000851 | Val Loss=0.386811
Epoch 5/50 | Train Loss=0.000783 | Val Loss=0.379547
Epoch 6/50 | Train Loss=0.000750 | Val Loss=0.373589
Epoch 7/50 | Train Loss=0.000722 | Val Loss=0.366934
Epoch 8/50 | Train Loss=0.000672 | Val Loss=0.359678
Epoch 9/50 | Train Loss=0.000655 | Val Loss=0.352888
Epoch 10/50 | Train Loss=0.000627 | Val Loss=0.347191
Epoch 11/50 | Train Loss=0.000599 | Val Loss=0.343545
Epoch 12/50 | Train Loss=0.000546 | Val Loss=0.338505
Epoch 13/50 | Train Loss=0.000535 | Val Loss=0.334277
Epoch 14/50 | Train Loss=0.000527 | Val Loss=0.330676
Epoch 15/50 | Train Loss=0.000481 | Val Loss=0.326741
Epoch 16/50 | Train Loss=0.000467 | Val Loss=0.322340
Epoch 17/50 | Train Loss=0.000453 | Val Loss=0.318956
Epoch 18/50 | Train Loss=0.000428 | Val Loss=0.315933
Epoch 19/50 | Train Loss=0.000413 | Val Loss=0.314421
Epoch 20/50 | Train Loss=0.000381 | Val Loss=0.313403
Epoch 21/50 | Train Loss=0.000375 | Val Loss=0.311986
Epoch 22/50 | Train Loss=0.000356 | Val Loss=0.310206
Epoch 23/50 | Train Loss=0.000365 | Val Loss=0.309476
Epoch 24/50 | Train Loss=0.000351 | Val Loss=0.307499
Epoch 25/50 | Train Loss=0.000331 | Val Loss=0.306450
Epoch 26/50 | Train Loss=0.000328 | Val Loss=0.305008
Epoch 27/50 | Train Loss=0.000344 | Val Loss=0.304503
Epoch 28/50 | Train Loss=0.000318 | Val Loss=0.303930
Epoch 29/50 | Train Loss=0.000331 | Val Loss=0.304104
Epoch 30/50 | Train Loss=0.000315 | Val Loss=0.303156
Epoch 31/50 | Train Loss=0.000313 | Val Loss=0.302382
Epoch 32/50 | Train Loss=0.000304 | Val Loss=0.301242
Epoch 33/50 | Train Loss=0.000299 | Val Loss=0.300300
Epoch 34/50 | Train Loss=0.000296 | Val Loss=0.299642
Epoch 35/50 | Train Loss=0.000305 | Val Loss=0.299554
Epoch 36/50 | Train Loss=0.000289 | Val Loss=0.298200
Epoch 37/50 | Train Loss=0.000300 | Val Loss=0.296784
Epoch 38/50 | Train Loss=0.000298 | Val Loss=0.295873
Epoch 39/50 | Train Loss=0.000287 | Val Loss=0.295195
Epoch 40/50 | Train Loss=0.000294 | Val Loss=0.295091
Epoch 41/50 | Train Loss=0.000281 | Val Loss=0.294653
Epoch 42/50 | Train Loss=0.000295 | Val Loss=0.294659
Epoch 43/50 | Train Loss=0.000283 | Val Loss=0.293598
Epoch 44/50 | Train Loss=0.000284 | Val Loss=0.292944
Epoch 45/50 | Train Loss=0.000273 | Val Loss=0.292578
Epoch 46/50 | Train Loss=0.000282 | Val Loss=0.292334
Epoch 47/50 | Train Loss=0.000273 | Val Loss=0.291704
Epoch 48/50 | Train Loss=0.000290 | Val Loss=0.290772
Epoch 49/50 | Train Loss=0.000269 | Val Loss=0.289495
Epoch 50/50 | Train Loss=0.000273 | Val Loss=0.289350
[Tuning-LSTM_AE] Threshold (p95)=0.048189
Epoch 1/50 | Train Loss=0.000437 | Val Loss=0.645814
Epoch 2/50 | Train Loss=0.000416 | Val Loss=0.638261
Epoch 3/50 | Train Loss=0.000393 | Val Loss=0.630679
Epoch 4/50 | Train Loss=0.000366 | Val Loss=0.622954
Epoch 5/50 | Train Loss=0.000352 | Val Loss=0.615326
Epoch 6/50 | Train Loss=0.000335 | Val Loss=0.607409
Epoch 7/50 | Train Loss=0.000312 | Val Loss=0.599118
Epoch 8/50 | Train Loss=0.000293 | Val Loss=0.590915
Epoch 9/50 | Train Loss=0.000275 | Val Loss=0.582282
Epoch 10/50 | Train Loss=0.000259 | Val Loss=0.573178
Epoch 11/50 | Train Loss=0.000240 | Val Loss=0.564196
Epoch 12/50 | Train Loss=0.000224 | Val Loss=0.555304
Epoch 13/50 | Train Loss=0.000208 | Val Loss=0.547087
Epoch 14/50 | Train Loss=0.000199 | Val Loss=0.539445
Epoch 15/50 | Train Loss=0.000193 | Val Loss=0.532382
Epoch 16/50 | Train Loss=0.000180 | Val Loss=0.526023
Epoch 17/50 | Train Loss=0.000167 | Val Loss=0.520200
Epoch 18/50 | Train Loss=0.000166 | Val Loss=0.515700
Epoch 19/50 | Train Loss=0.000160 | Val Loss=0.512181
Epoch 20/50 | Train Loss=0.000159 | Val Loss=0.508601
Epoch 21/50 | Train Loss=0.000155 | Val Loss=0.504999
Epoch 22/50 | Train Loss=0.000153 | Val Loss=0.501761
Epoch 23/50 | Train Loss=0.000147 | Val Loss=0.498002
Epoch 24/50 | Train Loss=0.000152 | Val Loss=0.494341
Epoch 25/50 | Train Loss=0.000144 | Val Loss=0.490705
Epoch 26/50 | Train Loss=0.000143 | Val Loss=0.487469
Epoch 27/50 | Train Loss=0.000140 | Val Loss=0.484021
Epoch 28/50 | Train Loss=0.000145 | Val Loss=0.481304
Epoch 29/50 | Train Loss=0.000142 | Val Loss=0.478139
Epoch 30/50 | Train Loss=0.000140 | Val Loss=0.474220
Epoch 31/50 | Train Loss=0.000142 | Val Loss=0.469686
Epoch 32/50 | Train Loss=0.000137 | Val Loss=0.465125
[I 2025-09-16 23:41:28,317] Trial 3 finished with value: 0.39865732192993164 and parameters: {'window_size': 60, 'batch_size': 64, 'lr': 0.0006328455173774863, 'hidden_size': 16, 'dropout': 0.1332318427695725}. Best is trial 0 with value: 0.2714654803276062.
[I 2025-09-16 23:41:29,126] Trial 4 finished with value: 0.3751303255558014 and parameters: {'window_size': 90, 'batch_size': 128, 'lr': 0.0008389659334886979, 'hidden_size': 32, 'dropout': 0.4631931035971385}. Best is trial 0 with value: 0.2714654803276062.
[I 2025-09-16 23:41:29,561] Trial 5 finished with value: 0.28378912806510925 and parameters: {'window_size': 90, 'batch_size': 128, 'lr': 0.005146110937827707, 'hidden_size': 128, 'dropout': 0.17707101186003943}. Best is trial 0 with value: 0.2714654803276062.
