[I 2025-09-16 23:26:02,474] Trial 9 finished with value: 0.44054868817329407 and parameters: {'window_size': 60, 'batch_size': 32, 'lr': 0.006871108985357403, 'd_model': 128, 'n_heads': 2, 'num_layers': 2, 'dropout': 0.1586564791875357}. Best is trial 4 with value: 0.2943083643913269.
[I 2025-09-16 23:26:04,520] A new study created in memory with name: no-name-2f03f3b9-460e-455d-9268-b3edf11a2907
[I 2025-09-16 23:26:05,861] Trial 0 finished with value: 0.0445137619972229 and parameters: {'window_size': 90, 'batch_size': 64, 'lr': 0.0011053758741760822, 'hidden_size': 64, 'dropout': 0.35882423289308363}. Best is trial 0 with value: 0.0445137619972229.
[I 2025-09-16 23:26:06,559] Trial 1 finished with value: 0.04572652652859688 and parameters: {'window_size': 90, 'batch_size': 128, 'lr': 0.0018101636558832729, 'hidden_size': 64, 'dropout': 0.47463939454620996}. Best is trial 0 with value: 0.0445137619972229.
[Tuning-Transformer] Threshold (p95)=0.000661
Epoch 1/50 | Train Loss=0.001553 | Val Loss=0.294308
Epoch 2/50 | Train Loss=0.000410 | Val Loss=0.325822
Epoch 3/50 | Train Loss=0.000267 | Val Loss=0.341501
Epoch 4/50 | Train Loss=0.000188 | Val Loss=0.345409
Epoch 5/50 | Train Loss=0.000139 | Val Loss=0.346747
Epoch 6/50 | Train Loss=0.000109 | Val Loss=0.349179
‚èπ Early stopping at epoch 6
[Tuning-Transformer] Threshold (p95)=0.000460
Epoch 1/50 | Train Loss=0.003296 | Val Loss=0.541189
Epoch 2/50 | Train Loss=0.000804 | Val Loss=0.488379
Epoch 3/50 | Train Loss=0.000342 | Val Loss=0.372185
Epoch 4/50 | Train Loss=0.000144 | Val Loss=0.351683
Epoch 5/50 | Train Loss=0.000089 | Val Loss=0.370735
Epoch 6/50 | Train Loss=0.000045 | Val Loss=0.370733
Epoch 7/50 | Train Loss=0.000029 | Val Loss=0.365393
Epoch 8/50 | Train Loss=0.000020 | Val Loss=0.361168
Epoch 9/50 | Train Loss=0.000016 | Val Loss=0.359797
‚èπ Early stopping at epoch 9
[Tuning-Transformer] Threshold (p95)=0.000851
Epoch 1/50 | Train Loss=0.005006 | Val Loss=0.469870
Epoch 2/50 | Train Loss=0.000431 | Val Loss=0.332800
Epoch 3/50 | Train Loss=0.000239 | Val Loss=0.304975
Epoch 4/50 | Train Loss=0.000150 | Val Loss=0.318500
Epoch 5/50 | Train Loss=0.000090 | Val Loss=0.327880
Epoch 6/50 | Train Loss=0.000061 | Val Loss=0.341252
Epoch 7/50 | Train Loss=0.000042 | Val Loss=0.350409
Epoch 8/50 | Train Loss=0.000034 | Val Loss=0.340588
‚èπ Early stopping at epoch 8
[Tuning-Transformer] Threshold (p95)=0.000673
Epoch 1/50 | Train Loss=0.000806 | Val Loss=0.755023
Epoch 2/50 | Train Loss=0.000315 | Val Loss=0.664785
Epoch 3/50 | Train Loss=0.000222 | Val Loss=0.564623
Epoch 4/50 | Train Loss=0.000178 | Val Loss=0.529646
Epoch 5/50 | Train Loss=0.000153 | Val Loss=0.511148
Epoch 6/50 | Train Loss=0.000135 | Val Loss=0.507244
Epoch 7/50 | Train Loss=0.000123 | Val Loss=0.498742
Epoch 8/50 | Train Loss=0.000112 | Val Loss=0.493414
Epoch 9/50 | Train Loss=0.000104 | Val Loss=0.489731
Epoch 10/50 | Train Loss=0.000096 | Val Loss=0.486130
Epoch 11/50 | Train Loss=0.000089 | Val Loss=0.485027
Epoch 12/50 | Train Loss=0.000083 | Val Loss=0.481102
Epoch 13/50 | Train Loss=0.000079 | Val Loss=0.479885
Epoch 14/50 | Train Loss=0.000074 | Val Loss=0.479692
Epoch 15/50 | Train Loss=0.000069 | Val Loss=0.477757
Epoch 16/50 | Train Loss=0.000066 | Val Loss=0.479426
Epoch 17/50 | Train Loss=0.000063 | Val Loss=0.478498
Epoch 18/50 | Train Loss=0.000060 | Val Loss=0.479604
Epoch 19/50 | Train Loss=0.000057 | Val Loss=0.480066
Epoch 20/50 | Train Loss=0.000055 | Val Loss=0.481066
‚èπ Early stopping at epoch 20
[Tuning-Transformer] Threshold (p95)=0.002436
Epoch 1/50 | Train Loss=0.003380 | Val Loss=0.719985
Epoch 2/50 | Train Loss=0.000511 | Val Loss=0.568004
Epoch 3/50 | Train Loss=0.000376 | Val Loss=0.603102
Epoch 4/50 | Train Loss=0.000310 | Val Loss=0.573879
Epoch 5/50 | Train Loss=0.000265 | Val Loss=0.599619
Epoch 6/50 | Train Loss=0.000232 | Val Loss=0.581760
Epoch 7/50 | Train Loss=0.000200 | Val Loss=0.585151
‚èπ Early stopping at epoch 7
[Tuning-Transformer] Threshold (p95)=0.031875
Epoch 1/50 | Train Loss=0.004892 | Val Loss=0.758655
Epoch 2/50 | Train Loss=0.000719 | Val Loss=0.711018
Epoch 3/50 | Train Loss=0.000540 | Val Loss=0.546636
Epoch 4/50 | Train Loss=0.000150 | Val Loss=0.450381
Epoch 5/50 | Train Loss=0.000047 | Val Loss=0.440549
Epoch 6/50 | Train Loss=0.000019 | Val Loss=0.480895
Epoch 7/50 | Train Loss=0.000023 | Val Loss=0.526538
Epoch 8/50 | Train Loss=0.000024 | Val Loss=0.566822
Epoch 9/50 | Train Loss=0.000014 | Val Loss=0.624406
Epoch 10/50 | Train Loss=0.000011 | Val Loss=0.635938
‚èπ Early stopping at epoch 10
[Tuning-Transformer] Threshold (p95)=0.001247
üîé Best hyperparameters for Transformer: {'window_size': 120, 'batch_size': 32, 'lr': 0.00022981643720492578, 'd_model': 128, 'n_heads': 4, 'num_layers': 1, 'dropout': 0.26687762363452705}
Best validation loss: 0.2943083643913269
‚úÖ Best LSTM params: {'window_size': 120, 'batch_size': 128, 'lr': 0.005615018464902159, 'hidden_size': 128, 'dropout': 0.2003452089870028}
‚úÖ Best Transformer params: {'window_size': 120, 'batch_size': 32, 'lr': 0.00022981643720492578, 'd_model': 128, 'n_heads': 4, 'num_layers': 1, 'dropout': 0.26687762363452705}

>>> Training LSTM_AE for coin_coin_Cosmos...
Epoch 1/100 | Train Loss=0.000992 | Val Loss=0.640135
Epoch 2/100 | Train Loss=0.000332 | Val Loss=0.570120
Epoch 3/100 | Train Loss=0.000204 | Val Loss=0.608921
Epoch 4/100 | Train Loss=0.000183 | Val Loss=0.594370
Epoch 5/100 | Train Loss=0.000178 | Val Loss=0.563425
Epoch 6/100 | Train Loss=0.000175 | Val Loss=0.559281
Epoch 7/100 | Train Loss=0.000170 | Val Loss=0.552661
Epoch 8/100 | Train Loss=0.000170 | Val Loss=0.540722
Epoch 9/100 | Train Loss=0.000168 | Val Loss=0.530637
Epoch 10/100 | Train Loss=0.000169 | Val Loss=0.522525
Epoch 11/100 | Train Loss=0.000167 | Val Loss=0.516694
Epoch 12/100 | Train Loss=0.000166 | Val Loss=0.508463
Epoch 13/100 | Train Loss=0.000165 | Val Loss=0.503720
Epoch 14/100 | Train Loss=0.000166 | Val Loss=0.497272
Epoch 15/100 | Train Loss=0.000164 | Val Loss=0.489559
Epoch 16/100 | Train Loss=0.000162 | Val Loss=0.490972
Epoch 17/100 | Train Loss=0.000162 | Val Loss=0.494356
Epoch 18/100 | Train Loss=0.000159 | Val Loss=0.495025
Epoch 19/100 | Train Loss=0.000152 | Val Loss=0.508143
Epoch 20/100 | Train Loss=0.000138 | Val Loss=0.531167
Epoch 21/100 | Train Loss=0.000136 | Val Loss=0.545080
Epoch 22/100 | Train Loss=0.000136 | Val Loss=0.524456
‚èπ Early stopping at epoch 22
[coin_coin_Cosmos (LSTM_AE)] Threshold (p95)=0.033545
üìä Saved error distribution to /data/m24csa029/MTP/cyptocurrency/results/coin_coin_Cosmos_LSTM_AE_anomalies_errors.png
coin_coin_Cosmos [LSTM_AE]: 152 anomalies detected

>>> Training Transformer for coin_coin_Cosmos...
Epoch 1/100 | Train Loss=0.002022 | Val Loss=0.358492
Epoch 2/100 | Train Loss=0.000352 | Val Loss=0.296547
Epoch 3/100 | Train Loss=0.000216 | Val Loss=0.250943
Epoch 4/100 | Train Loss=0.000106 | Val Loss=0.235669
Epoch 5/100 | Train Loss=0.000055 | Val Loss=0.225756
Epoch 6/100 | Train Loss=0.000030 | Val Loss=0.229704
Epoch 7/100 | Train Loss=0.000018 | Val Loss=0.229727
Epoch 8/100 | Train Loss=0.000012 | Val Loss=0.227498
Epoch 9/100 | Train Loss=0.000009 | Val Loss=0.226585
Epoch 10/100 | Train Loss=0.000007 | Val Loss=0.230358
Epoch 11/100 | Train Loss=0.000006 | Val Loss=0.234534
Epoch 12/100 | Train Loss=0.000006 | Val Loss=0.235695
‚èπ Early stopping at epoch 12
[coin_coin_Cosmos (Transformer)] Threshold (p95)=0.000141
üìä Saved error distribution to /data/m24csa029/MTP/cyptocurrency/results/coin_coin_Cosmos_Transformer_anomalies_errors.png
coin_coin_Cosmos [Transformer]: 169 anomalies detected

üöÄ Processing coin_coin_Stellar...

üîé Running hyperparameter search for LSTM_AE on coin_coin_Stellar...
Epoch 1/50 | Train Loss=0.000276 | Val Loss=0.055285
Epoch 2/50 | Train Loss=0.000137 | Val Loss=0.050627
Epoch 3/50 | Train Loss=0.000108 | Val Loss=0.044931
Epoch 4/50 | Train Loss=0.000083 | Val Loss=0.044514
Epoch 5/50 | Train Loss=0.000081 | Val Loss=0.045342
Epoch 6/50 | Train Loss=0.000077 | Val Loss=0.045210
Epoch 7/50 | Train Loss=0.000074 | Val Loss=0.045683
Epoch 8/50 | Train Loss=0.000073 | Val Loss=0.046252
Epoch 9/50 | Train Loss=0.000073 | Val Loss=0.045834
‚èπ Early stopping at epoch 9
[Tuning-LSTM_AE] Threshold (p95)=0.038417
Epoch 1/50 | Train Loss=0.000136 | Val Loss=0.053931
Epoch 2/50 | Train Loss=0.000072 | Val Loss=0.053662
Epoch 3/50 | Train Loss=0.000061 | Val Loss=0.047780
Epoch 4/50 | Train Loss=0.000051 | Val Loss=0.045727
Epoch 5/50 | Train Loss=0.000044 | Val Loss=0.046513
Epoch 6/50 | Train Loss=0.000041 | Val Loss=0.046193
Epoch 7/50 | Train Loss=0.000040 | Val Loss=0.047020
Epoch 8/50 | Train Loss=0.000038 | Val Loss=0.046201
Epoch 9/50 | Train Loss=0.000038 | Val Loss=0.046594
‚èπ Early stopping at epoch 9
[Tuning-LSTM_AE] Threshold (p95)=0.041262
Epoch 1/50 | Train Loss=0.000407 | Val Loss=0.058014
Epoch 2/50 | Train Loss=0.000174 | Val Loss=0.051444
Epoch 3/50 | Train Loss=0.000139 | Val Loss=0.049940
Epoch 4/50 | Train Loss=0.000128 | Val Loss=0.051163
Epoch 5/50 | Train Loss=0.000126 | Val Loss=0.050556[I 2025-09-16 23:26:08,759] Trial 2 finished with value: 0.049939949065446854 and parameters: {'window_size': 60, 'batch_size': 32, 'lr': 0.003079930898219597, 'hidden_size': 16, 'dropout': 0.4404094774142745}. Best is trial 0 with value: 0.0445137619972229.
[I 2025-09-16 23:26:17,557] Trial 3 finished with value: 0.05012645572423935 and parameters: {'window_size': 60, 'batch_size': 32, 'lr': 0.0004391690915012615, 'hidden_size': 16, 'dropout': 0.1468685068840641}. Best is trial 0 with value: 0.0445137619972229.
[I 2025-09-16 23:26:29,343] Trial 4 finished with value: 0.043372318148612976 and parameters: {'window_size': 120, 'batch_size': 32, 'lr': 0.0001405357169309598, 'hidden_size': 16, 'dropout': 0.4285959254239151}. Best is trial 4 with value: 0.043372318148612976.
[I 2025-09-16 23:26:33,855] Trial 5 finished with value: 0.04130033776164055 and parameters: {'window_size': 120, 'batch_size': 128, 'lr': 0.00012179364611247265, 'hidden_size': 128, 'dropout': 0.32997980794497495}. Best is trial 5 with value: 0.04130033776164055.
[I 2025-09-16 23:26:35,660] Trial 6 finished with value: 0.042076751589775085 and parameters: {'window_size': 120, 'batch_size': 128, 'lr': 0.0005252246373158739, 'hidden_size': 64, 'dropout': 0.2937199170343264}. Best is trial 5 with value: 0.04130033776164055.

Epoch 6/50 | Train Loss=0.000121 | Val Loss=0.050859
Epoch 7/50 | Train Loss=0.000124 | Val Loss=0.050081
Epoch 8/50 | Train Loss=0.000120 | Val Loss=0.051011
‚èπ Early stopping at epoch 8
[Tuning-LSTM_AE] Threshold (p95)=0.019477
Epoch 1/50 | Train Loss=0.001005 | Val Loss=0.103607
Epoch 2/50 | Train Loss=0.000568 | Val Loss=0.075616
Epoch 3/50 | Train Loss=0.000304 | Val Loss=0.063746
Epoch 4/50 | Train Loss=0.000266 | Val Loss=0.061827
Epoch 5/50 | Train Loss=0.000245 | Val Loss=0.059056
Epoch 6/50 | Train Loss=0.000224 | Val Loss=0.056076
Epoch 7/50 | Train Loss=0.000202 | Val Loss=0.053812
Epoch 8/50 | Train Loss=0.000180 | Val Loss=0.052202
Epoch 9/50 | Train Loss=0.000161 | Val Loss=0.051539
Epoch 10/50 | Train Loss=0.000149 | Val Loss=0.051019
Epoch 11/50 | Train Loss=0.000140 | Val Loss=0.051090
Epoch 12/50 | Train Loss=0.000133 | Val Loss=0.051165
Epoch 13/50 | Train Loss=0.000133 | Val Loss=0.050831
Epoch 14/50 | Train Loss=0.000129 | Val Loss=0.050777
Epoch 15/50 | Train Loss=0.000126 | Val Loss=0.050852
Epoch 16/50 | Train Loss=0.000127 | Val Loss=0.050907
Epoch 17/50 | Train Loss=0.000125 | Val Loss=0.050820
Epoch 18/50 | Train Loss=0.000123 | Val Loss=0.050854
Epoch 19/50 | Train Loss=0.000123 | Val Loss=0.050483
Epoch 20/50 | Train Loss=0.000122 | Val Loss=0.050421
Epoch 21/50 | Train Loss=0.000123 | Val Loss=0.050992
Epoch 22/50 | Train Loss=0.000118 | Val Loss=0.051088
Epoch 23/50 | Train Loss=0.000121 | Val Loss=0.050359
Epoch 24/50 | Train Loss=0.000122 | Val Loss=0.050559
Epoch 25/50 | Train Loss=0.000119 | Val Loss=0.050574
Epoch 26/50 | Train Loss=0.000120 | Val Loss=0.050888
Epoch 27/50 | Train Loss=0.000118 | Val Loss=0.050567
Epoch 28/50 | Train Loss=0.000116 | Val Loss=0.050126
Epoch 29/50 | Train Loss=0.000116 | Val Loss=0.050917
Epoch 30/50 | Train Loss=0.000117 | Val Loss=0.050158
Epoch 31/50 | Train Loss=0.000119 | Val Loss=0.050626
Epoch 32/50 | Train Loss=0.000116 | Val Loss=0.050479
Epoch 33/50 | Train Loss=0.000114 | Val Loss=0.050692
‚èπ Early stopping at epoch 33
[Tuning-LSTM_AE] Threshold (p95)=0.017673
Epoch 1/50 | Train Loss=0.000751 | Val Loss=0.080631
Epoch 2/50 | Train Loss=0.000660 | Val Loss=0.076968
Epoch 3/50 | Train Loss=0.000593 | Val Loss=0.073769
Epoch 4/50 | Train Loss=0.000537 | Val Loss=0.070973
Epoch 5/50 | Train Loss=0.000486 | Val Loss=0.068418
Epoch 6/50 | Train Loss=0.000438 | Val Loss=0.066055
Epoch 7/50 | Train Loss=0.000405 | Val Loss=0.064027
Epoch 8/50 | Train Loss=0.000372 | Val Loss=0.062245
Epoch 9/50 | Train Loss=0.000352 | Val Loss=0.060648
Epoch 10/50 | Train Loss=0.000341 | Val Loss=0.059369
Epoch 11/50 | Train Loss=0.000321 | Val Loss=0.058196
Epoch 12/50 | Train Loss=0.000312 | Val Loss=0.057264
Epoch 13/50 | Train Loss=0.000304 | Val Loss=0.056360
Epoch 14/50 | Train Loss=0.000297 | Val Loss=0.055470
Epoch 15/50 | Train Loss=0.000287 | Val Loss=0.054622
Epoch 16/50 | Train Loss=0.000283 | Val Loss=0.053960
Epoch 17/50 | Train Loss=0.000277 | Val Loss=0.053435
Epoch 18/50 | Train Loss=0.000273 | Val Loss=0.052831
Epoch 19/50 | Train Loss=0.000273 | Val Loss=0.052363
Epoch 20/50 | Train Loss=0.000263 | Val Loss=0.051740
Epoch 21/50 | Train Loss=0.000258 | Val Loss=0.051093
Epoch 22/50 | Train Loss=0.000252 | Val Loss=0.050531
Epoch 23/50 | Train Loss=0.000249 | Val Loss=0.049713
Epoch 24/50 | Train Loss=0.000243 | Val Loss=0.049062
Epoch 25/50 | Train Loss=0.000235 | Val Loss=0.048322
Epoch 26/50 | Train Loss=0.000224 | Val Loss=0.047361
Epoch 27/50 | Train Loss=0.000216 | Val Loss=0.046399
Epoch 28/50 | Train Loss=0.000203 | Val Loss=0.045447
Epoch 29/50 | Train Loss=0.000189 | Val Loss=0.044587
Epoch 30/50 | Train Loss=0.000181 | Val Loss=0.044039
Epoch 31/50 | Train Loss=0.000172 | Val Loss=0.043741
Epoch 32/50 | Train Loss=0.000168 | Val Loss=0.043545
Epoch 33/50 | Train Loss=0.000162 | Val Loss=0.043504
Epoch 34/50 | Train Loss=0.000162 | Val Loss=0.043468
Epoch 35/50 | Train Loss=0.000159 | Val Loss=0.043438
Epoch 36/50 | Train Loss=0.000158 | Val Loss=0.043418
Epoch 37/50 | Train Loss=0.000159 | Val Loss=0.043407
Epoch 38/50 | Train Loss=0.000156 | Val Loss=0.043453
Epoch 39/50 | Train Loss=0.000157 | Val Loss=0.043372
Epoch 40/50 | Train Loss=0.000155 | Val Loss=0.043448
Epoch 41/50 | Train Loss=0.000153 | Val Loss=0.043551
Epoch 42/50 | Train Loss=0.000153 | Val Loss=0.043495
Epoch 43/50 | Train Loss=0.000151 | Val Loss=0.043534
Epoch 44/50 | Train Loss=0.000150 | Val Loss=0.043495
‚èπ Early stopping at epoch 44
[Tuning-LSTM_AE] Threshold (p95)=0.046994
Epoch 1/50 | Train Loss=0.000196 | Val Loss=0.083062
Epoch 2/50 | Train Loss=0.000152 | Val Loss=0.072447
Epoch 3/50 | Train Loss=0.000118 | Val Loss=0.063193
Epoch 4/50 | Train Loss=0.000092 | Val Loss=0.056189
Epoch 5/50 | Train Loss=0.000076 | Val Loss=0.051601
Epoch 6/50 | Train Loss=0.000070 | Val Loss=0.049150
Epoch 7/50 | Train Loss=0.000067 | Val Loss=0.047888
Epoch 8/50 | Train Loss=0.000065 | Val Loss=0.047083
Epoch 9/50 | Train Loss=0.000064 | Val Loss=0.046558
Epoch 10/50 | Train Loss=0.000063 | Val Loss=0.045990
Epoch 11/50 | Train Loss=0.000061 | Val Loss=0.045396
Epoch 12/50 | Train Loss=0.000060 | Val Loss=0.044966
Epoch 13/50 | Train Loss=0.000058 | Val Loss=0.044525
Epoch 14/50 | Train Loss=0.000057 | Val Loss=0.044140
Epoch 15/50 | Train Loss=0.000056 | Val Loss=0.043706
Epoch 16/50 | Train Loss=0.000055 | Val Loss=0.043477
Epoch 17/50 | Train Loss=0.000054 | Val Loss=0.043145
Epoch 18/50 | Train Loss=0.000053 | Val Loss=0.042924
Epoch 19/50 | Train Loss=0.000052 | Val Loss=0.042670
Epoch 20/50 | Train Loss=0.000051 | Val Loss=0.042420
Epoch 21/50 | Train Loss=0.000050 | Val Loss=0.042212
Epoch 22/50 | Train Loss=0.000049 | Val Loss=0.042044
Epoch 23/50 | Train Loss=0.000049 | Val Loss=0.041812
Epoch 24/50 | Train Loss=0.000047 | Val Loss=0.041782
Epoch 25/50 | Train Loss=0.000047 | Val Loss=0.041651
Epoch 26/50 | Train Loss=0.000046 | Val Loss=0.041562
Epoch 27/50 | Train Loss=0.000046 | Val Loss=0.041503
Epoch 28/50 | Train Loss=0.000045 | Val Loss=0.041455
Epoch 29/50 | Train Loss=0.000044 | Val Loss=0.041409
Epoch 30/50 | Train Loss=0.000044 | Val Loss=0.041362
Epoch 31/50 | Train Loss=0.000044 | Val Loss=0.041410
Epoch 32/50 | Train Loss=0.000043 | Val Loss=0.041350
Epoch 33/50 | Train Loss=0.000043 | Val Loss=0.041341
Epoch 34/50 | Train Loss=0.000043 | Val Loss=0.041375
Epoch 35/50 | Train Loss=0.000042 | Val Loss=0.041311
Epoch 36/50 | Train Loss=0.000042 | Val Loss=0.041300
Epoch 37/50 | Train Loss=0.000042 | Val Loss=0.041306
Epoch 38/50 | Train Loss=0.000041 | Val Loss=0.041315
Epoch 39/50 | Train Loss=0.000041 | Val Loss=0.041324
Epoch 40/50 | Train Loss=0.000041 | Val Loss=0.041309
Epoch 41/50 | Train Loss=0.000041 | Val Loss=0.041317
‚èπ Early stopping at epoch 41
[Tuning-LSTM_AE] Threshold (p95)=0.047294
Epoch 1/50 | Train Loss=0.000244 | Val Loss=0.072502
Epoch 2/50 | Train Loss=0.000156 | Val Loss=0.057865
Epoch 3/50 | Train Loss=0.000101 | Val Loss=0.051905
Epoch 4/50 | Train Loss=0.000077 | Val Loss=0.051862
Epoch 5/50 | Train Loss=0.000070 | Val Loss=0.051191
Epoch 6/50 | Train Loss=0.000067 | Val Loss=0.049601
Epoch 7/50 | Train Loss=0.000066 | Val Loss=0.048928
Epoch 8/50 | Train Loss=0.000063 | Val Loss=0.048190
Epoch 9/50 | Train Loss=0.000061 | Val Loss=0.047165
Epoch 10/50 | Train Loss=0.000059 | Val Loss=0.046467
Epoch 11/50 | Train Loss=0.000056 | Val Loss=0.045620
Epoch 12/50 | Train Loss=0.000054 | Val Loss=0.044846
Epoch 13/50 | Train Loss=0.000052 | Val Loss=0.044041
Epoch 14/50 | Train Loss=0.000050 | Val Loss=0.043450
Epoch 15/50 | Train Loss=0.000047 | Val Loss=0.042745
Epoch 16/50 | Train Loss=0.000045 | Val Loss=0.042441
Epoch 17/50 | Train Loss=0.000043 | Val Loss=0.042253
Epoch 18/50 | Train Loss=0.000042 | Val Loss=0.042113
Epoch 19/50 | Train Loss=0.000042 | Val Loss=0.042077
Epoch 20/50 | Train Loss=0.000041 | Val Loss=0.042098
Epoch 21/50 | Train Loss=0.000040 | Val Loss=0.042443
Epoch 22/50 | Train Loss=0.000040 | Val Loss=0.042125
Epoch 23/50 | Train Loss=0.000039 | Val Loss=0.042185
Epoch 24/50 | Train Loss=0.000039 | Val Loss=0.042210
‚èπ Early stopping at epoch 24
[Tuning-LSTM_AE] Threshold (p95)=0.045023
[I 2025-09-16 23:26:37,789] Trial 7 finished with value: 0.05067414417862892 and parameters: {'window_size': 60, 'batch_size': 128, 'lr': 0.0012076855718822072, 'hidden_size': 16, 'dropout': 0.15020947557387868}. Best is trial 5 with value: 0.04130033776164055.
[I 2025-09-16 23:26:40,512] Trial 8 finished with value: 0.045394524931907654 and parameters: {'window_size': 90, 'batch_size': 128, 'lr': 0.00020079994120187456, 'hidden_size': 64, 'dropout': 0.32267156222319515}. Best is trial 5 with value: 0.04130033776164055.
[I 2025-09-16 23:26:43,480] Trial 9 finished with value: 0.043437082320451736 and parameters: {'window_size': 120, 'batch_size': 32, 'lr': 0.006367548157684738, 'hidden_size': 32, 'dropout': 0.17560990465081436}. Best is trial 5 with value: 0.04130033776164055.
[I 2025-09-16 23:26:43,480] A new study created in memory with name: no-name-565dd9d3-1a73-42a5-ba86-8620afd85023
[I 2025-09-16 23:26:45,046] Trial 0 finished with value: 0.017571164295077324 and parameters: {'window_size': 60, 'batch_size': 128, 'lr': 0.00046377188927284707, 'd_model': 128, 'n_heads': 8, 'num_layers': 1, 'dropout': 0.2503314224233534}. Best is trial 0 with value: 0.017571164295077324.
[I 2025-09-16 23:26:50,684] Trial 1 finished with value: 0.01491144672036171 and parameters: {'window_size': 90, 'batch_size': 32, 'lr': 0.004704327805380208, 'd_model': 64, 'n_heads': 8, 'num_layers': 3, 'dropout': 0.288693632437049}. Best is trial 1 with value: 0.01491144672036171.
[I 2025-09-16 23:26:53,139] Trial 2 finished with value: 0.014101386070251465 and parameters: {'window_size': 60, 'batch_size': 128, 'lr': 0.009325469560908942, 'd_model': 128, 'n_heads': 4, 'num_layers': 1, 'dropout': 0.1559914982694194}. Best is trial 2 with value: 0.014101386070251465.
[I 2025-09-16 23:26:55,693] Trial 3 finished with value: 0.009138878434896469 and parameters: {'window_size': 120, 'batch_size': 32, 'lr': 0.005690043765131011, 'd_model': 64, 'n_heads': 2, 'num_layers': 1, 'dropout': 0.25910531774079176}. Best is trial 3 with value: 0.009138878434896469.
