[I 2025-09-16 23:39:51,198] Trial 9 finished with value: 0.01858675107359886 and parameters: {'window_size': 120, 'batch_size': 32, 'lr': 0.004308336541246474, 'd_model': 32, 'n_heads': 8, 'num_layers': 2, 'dropout': 0.35757379415002144}. Best is trial 1 with value: 0.011633405461907387.
[I 2025-09-16 23:40:18,273] A new study created in memory with name: no-name-c85bc2df-61c2-4568-8f77-b1abac6e51bb
Epoch 3/50 | Train Loss=0.000121 | Val Loss=0.035282
Epoch 4/50 | Train Loss=0.000099 | Val Loss=0.033885
Epoch 5/50 | Train Loss=0.000084 | Val Loss=0.032346
Epoch 6/50 | Train Loss=0.000073 | Val Loss=0.030494
Epoch 7/50 | Train Loss=0.000064 | Val Loss=0.029251
Epoch 8/50 | Train Loss=0.000056 | Val Loss=0.028026
Epoch 9/50 | Train Loss=0.000050 | Val Loss=0.026856
Epoch 10/50 | Train Loss=0.000044 | Val Loss=0.025499
Epoch 11/50 | Train Loss=0.000040 | Val Loss=0.024350
Epoch 12/50 | Train Loss=0.000036 | Val Loss=0.023731
Epoch 13/50 | Train Loss=0.000032 | Val Loss=0.022744
Epoch 14/50 | Train Loss=0.000029 | Val Loss=0.022154
Epoch 15/50 | Train Loss=0.000027 | Val Loss=0.021584
Epoch 16/50 | Train Loss=0.000024 | Val Loss=0.021407
Epoch 17/50 | Train Loss=0.000023 | Val Loss=0.021209
Epoch 18/50 | Train Loss=0.000021 | Val Loss=0.021037
Epoch 19/50 | Train Loss=0.000019 | Val Loss=0.020924
Epoch 20/50 | Train Loss=0.000018 | Val Loss=0.020773
Epoch 21/50 | Train Loss=0.000016 | Val Loss=0.020905
Epoch 22/50 | Train Loss=0.000015 | Val Loss=0.020969
Epoch 23/50 | Train Loss=0.000014 | Val Loss=0.021134
Epoch 24/50 | Train Loss=0.000013 | Val Loss=0.021122
Epoch 25/50 | Train Loss=0.000013 | Val Loss=0.021188
‚èπ Early stopping at epoch 25
[Tuning-Transformer] Threshold (p95)=0.001875
Epoch 1/50 | Train Loss=0.002080 | Val Loss=0.050305
Epoch 2/50 | Train Loss=0.000226 | Val Loss=0.044325
Epoch 3/50 | Train Loss=0.000113 | Val Loss=0.041550
Epoch 4/50 | Train Loss=0.000066 | Val Loss=0.038620
Epoch 5/50 | Train Loss=0.000029 | Val Loss=0.030266
Epoch 6/50 | Train Loss=0.000012 | Val Loss=0.020766
Epoch 7/50 | Train Loss=0.000006 | Val Loss=0.016266
Epoch 8/50 | Train Loss=0.000003 | Val Loss=0.015194
Epoch 9/50 | Train Loss=0.000002 | Val Loss=0.014933
Epoch 10/50 | Train Loss=0.000002 | Val Loss=0.014907
Epoch 11/50 | Train Loss=0.000002 | Val Loss=0.015873
Epoch 12/50 | Train Loss=0.000003 | Val Loss=0.016048
Epoch 13/50 | Train Loss=0.000002 | Val Loss=0.016534
Epoch 14/50 | Train Loss=0.000001 | Val Loss=0.017215
Epoch 15/50 | Train Loss=0.000001 | Val Loss=0.018028
‚èπ Early stopping at epoch 15
[Tuning-Transformer] Threshold (p95)=0.000949
Epoch 1/50 | Train Loss=0.001698 | Val Loss=0.039744
Epoch 2/50 | Train Loss=0.000089 | Val Loss=0.027607
Epoch 3/50 | Train Loss=0.000017 | Val Loss=0.019912
Epoch 4/50 | Train Loss=0.000007 | Val Loss=0.018587
Epoch 5/50 | Train Loss=0.000005 | Val Loss=0.019186
Epoch 6/50 | Train Loss=0.000007 | Val Loss=0.020228
Epoch 7/50 | Train Loss=0.000006 | Val Loss=0.020686
Epoch 8/50 | Train Loss=0.000004 | Val Loss=0.021078
Epoch 9/50 | Train Loss=0.000007 | Val Loss=0.021259
‚èπ Early stopping at epoch 9
[Tuning-Transformer] Threshold (p95)=0.003132
üîé Best hyperparameters for Transformer: {'window_size': 120, 'batch_size': 32, 'lr': 0.0007636683033036745, 'd_model': 128, 'n_heads': 4, 'num_layers': 2, 'dropout': 0.10531715485976341}
Best validation loss: 0.011633405461907387
‚úÖ Best LSTM params: {'window_size': 120, 'batch_size': 32, 'lr': 0.0060872552870308, 'hidden_size': 128, 'dropout': 0.46503492710142635}
‚úÖ Best Transformer params: {'window_size': 120, 'batch_size': 32, 'lr': 0.0007636683033036745, 'd_model': 128, 'n_heads': 4, 'num_layers': 2, 'dropout': 0.10531715485976341}

>>> Training LSTM_AE for coin_coin_NEM...
Epoch 1/100 | Train Loss=0.000153 | Val Loss=0.038266
Epoch 2/100 | Train Loss=0.000079 | Val Loss=0.038574
Epoch 3/100 | Train Loss=0.000063 | Val Loss=0.037905
Epoch 4/100 | Train Loss=0.000057 | Val Loss=0.037042
Epoch 5/100 | Train Loss=0.000053 | Val Loss=0.037312
Epoch 6/100 | Train Loss=0.000049 | Val Loss=0.036255
Epoch 7/100 | Train Loss=0.000048 | Val Loss=0.037362
Epoch 8/100 | Train Loss=0.000047 | Val Loss=0.037154
Epoch 9/100 | Train Loss=0.000046 | Val Loss=0.036595
Epoch 10/100 | Train Loss=0.000044 | Val Loss=0.038312
Epoch 11/100 | Train Loss=0.000044 | Val Loss=0.036927
Epoch 12/100 | Train Loss=0.000042 | Val Loss=0.035239
Epoch 13/100 | Train Loss=0.000042 | Val Loss=0.034765
Epoch 14/100 | Train Loss=0.000041 | Val Loss=0.035490
Epoch 15/100 | Train Loss=0.000042 | Val Loss=0.034726
Epoch 16/100 | Train Loss=0.000042 | Val Loss=0.035245
Epoch 17/100 | Train Loss=0.000040 | Val Loss=0.035179
Epoch 18/100 | Train Loss=0.000039 | Val Loss=0.034855
Epoch 19/100 | Train Loss=0.000039 | Val Loss=0.036052
Epoch 20/100 | Train Loss=0.000041 | Val Loss=0.035366
Epoch 21/100 | Train Loss=0.000039 | Val Loss=0.034749
Epoch 22/100 | Train Loss=0.000038 | Val Loss=0.034778
‚èπ Early stopping at epoch 22
[coin_coin_NEM (LSTM_AE)] Threshold (p95)=0.040839
üìä Saved error distribution to /data/m24csa029/MTP/cyptocurrency/results/coin_coin_NEM_LSTM_AE_anomalies_errors.png
coin_coin_NEM [LSTM_AE]: 251 anomalies detected

>>> Training Transformer for coin_coin_NEM...
Epoch 1/100 | Train Loss=0.001444 | Val Loss=0.029855
Epoch 2/100 | Train Loss=0.000115 | Val Loss=0.028389
Epoch 3/100 | Train Loss=0.000058 | Val Loss=0.019480
Epoch 4/100 | Train Loss=0.000030 | Val Loss=0.018488
Epoch 5/100 | Train Loss=0.000015 | Val Loss=0.016435
Epoch 6/100 | Train Loss=0.000009 | Val Loss=0.016838
Epoch 7/100 | Train Loss=0.000006 | Val Loss=0.016105
Epoch 8/100 | Train Loss=0.000006 | Val Loss=0.015567
Epoch 9/100 | Train Loss=0.000007 | Val Loss=0.015872
Epoch 10/100 | Train Loss=0.000004 | Val Loss=0.015385
Epoch 11/100 | Train Loss=0.000004 | Val Loss=0.015510
Epoch 12/100 | Train Loss=0.000004 | Val Loss=0.015080
Epoch 13/100 | Train Loss=0.000003 | Val Loss=0.014433
Epoch 14/100 | Train Loss=0.000002 | Val Loss=0.014240
Epoch 15/100 | Train Loss=0.000003 | Val Loss=0.014212
Epoch 16/100 | Train Loss=0.000002 | Val Loss=0.013620
Epoch 17/100 | Train Loss=0.000002 | Val Loss=0.013365
Epoch 18/100 | Train Loss=0.000001 | Val Loss=0.013048
Epoch 19/100 | Train Loss=0.000004 | Val Loss=0.012831
Epoch 20/100 | Train Loss=0.000001 | Val Loss=0.012223
Epoch 21/100 | Train Loss=0.000001 | Val Loss=0.012016
Epoch 22/100 | Train Loss=0.000001 | Val Loss=0.011759
Epoch 23/100 | Train Loss=0.000001 | Val Loss=0.011536
Epoch 24/100 | Train Loss=0.000001 | Val Loss=0.011313
Epoch 25/100 | Train Loss=0.000001 | Val Loss=0.011123
Epoch 26/100 | Train Loss=0.000001 | Val Loss=0.010901
Epoch 27/100 | Train Loss=0.000000 | Val Loss=0.010741
Epoch 28/100 | Train Loss=0.000000 | Val Loss=0.010601
Epoch 29/100 | Train Loss=0.000000 | Val Loss=0.010484
Epoch 30/100 | Train Loss=0.000000 | Val Loss=0.010371
Epoch 31/100 | Train Loss=0.000000 | Val Loss=0.010309
Epoch 32/100 | Train Loss=0.000000 | Val Loss=0.010237
Epoch 33/100 | Train Loss=0.000000 | Val Loss=0.010224
Epoch 34/100 | Train Loss=0.000000 | Val Loss=0.010214
Epoch 35/100 | Train Loss=0.000000 | Val Loss=0.010210
Epoch 36/100 | Train Loss=0.000000 | Val Loss=0.010232
Epoch 37/100 | Train Loss=0.000000 | Val Loss=0.010283
Epoch 38/100 | Train Loss=0.000000 | Val Loss=0.010322
Epoch 39/100 | Train Loss=0.000000 | Val Loss=0.010381
Epoch 40/100 | Train Loss=0.000000 | Val Loss=0.010444
Epoch 41/100 | Train Loss=0.000000 | Val Loss=0.010524
Epoch 42/100 | Train Loss=0.000000 | Val Loss=0.010609
‚èπ Early stopping at epoch 42
[coin_coin_NEM (Transformer)] Threshold (p95)=0.000137
üìä Saved error distribution to /data/m24csa029/MTP/cyptocurrency/results/coin_coin_NEM_Transformer_anomalies_errors.png
coin_coin_NEM [Transformer]: 251 anomalies detected

üöÄ Processing coin_coin_Aave...

üîé Running hyperparameter search for LSTM_AE on coin_coin_Aave...
Epoch 1/50 | Train Loss=0.001753 | Val Loss=0.248683
Epoch 2/50 | Train Loss=0.001700 | Val Loss=0.241402
Epoch 3/50 | Train Loss=0.001621 | Val Loss=0.234205
Epoch 4/50 | Train Loss=0.001609 | Val Loss=0.227024
Epoch 5/50 | Train Loss=0.001513 | Val Loss=0.219774
Epoch 6/50 | Train Loss=0.001404 | Val Loss=0.212402
Epoch 7/50 | Train Loss=0.001439 | Val Loss=0.204786
Epoch 8/50 | Train Loss=0.001286 | Val Loss=0.196801
Epoch 9/50 | Train Loss=0.001258 | Val Loss=0.188377
Epoch 10/50 | Train Loss=0.001156 | Val Loss=0.179436
Epoch 11/50 | Train Loss=0.001161 | Val Loss=0.169886
Epoch 12/50 | Train Loss=0.001065 | Val Loss=0.159604
Epoch 13/50 | Train Loss=0.000913 | Val Loss=0.148752
[I 2025-09-16 23:40:18,876] Trial 0 finished with value: 0.02666504681110382 and parameters: {'window_size': 60, 'batch_size': 128, 'lr': 0.0006294908071116513, 'hidden_size': 64, 'dropout': 0.4613643326874718}. Best is trial 0 with value: 0.02666504681110382.
[I 2025-09-16 23:40:19,480] Trial 1 finished with value: 0.013388630002737045 and parameters: {'window_size': 90, 'batch_size': 32, 'lr': 0.004078501261309703, 'hidden_size': 64, 'dropout': 0.46353711506817175}. Best is trial 1 with value: 0.013388630002737045.
[I 2025-09-16 23:40:19,651] Trial 2 finished with value: 0.024778209626674652 and parameters: {'window_size': 90, 'batch_size': 128, 'lr': 0.009625363691356671, 'hidden_size': 128, 'dropout': 0.12612761223680224}. Best is trial 1 with value: 0.013388630002737045.
[I 2025-09-16 23:40:20,850] Trial 3 finished with value: 0.04930940270423889 and parameters: {'window_size': 60, 'batch_size': 32, 'lr': 0.0001932397425909108, 'hidden_size': 32, 'dropout': 0.2359678282712336}. Best is trial 1 with value: 0.013388630002737045.
[I 2025-09-16 23:40:21,189] Trial 4 finished with value: 0.029742617160081863 and parameters: {'window_size': 60, 'batch_size': 128, 'lr': 0.007327411645488087, 'hidden_size': 16, 'dropout': 0.32557535043623115}. Best is trial 1 with value: 0.013388630002737045.
Epoch 14/50 | Train Loss=0.000990 | Val Loss=0.137321
Epoch 15/50 | Train Loss=0.000815 | Val Loss=0.125257
Epoch 16/50 | Train Loss=0.000736 | Val Loss=0.113058
Epoch 17/50 | Train Loss=0.000719 | Val Loss=0.101157
Epoch 18/50 | Train Loss=0.000652 | Val Loss=0.089792
Epoch 19/50 | Train Loss=0.000650 | Val Loss=0.079298
Epoch 20/50 | Train Loss=0.000552 | Val Loss=0.070121
Epoch 21/50 | Train Loss=0.000509 | Val Loss=0.062549
Epoch 22/50 | Train Loss=0.000521 | Val Loss=0.056534
Epoch 23/50 | Train Loss=0.000511 | Val Loss=0.051950
Epoch 24/50 | Train Loss=0.000501 | Val Loss=0.048692
Epoch 25/50 | Train Loss=0.000508 | Val Loss=0.046522
Epoch 26/50 | Train Loss=0.000472 | Val Loss=0.045250
Epoch 27/50 | Train Loss=0.000442 | Val Loss=0.044702
Epoch 28/50 | Train Loss=0.000463 | Val Loss=0.045196
Epoch 29/50 | Train Loss=0.000460 | Val Loss=0.046130
Epoch 30/50 | Train Loss=0.000421 | Val Loss=0.046493
Epoch 31/50 | Train Loss=0.000416 | Val Loss=0.046051
Epoch 32/50 | Train Loss=0.000433 | Val Loss=0.044675
Epoch 33/50 | Train Loss=0.000420 | Val Loss=0.042670
Epoch 34/50 | Train Loss=0.000402 | Val Loss=0.040827
Epoch 35/50 | Train Loss=0.000375 | Val Loss=0.040013
Epoch 36/50 | Train Loss=0.000385 | Val Loss=0.039171
Epoch 37/50 | Train Loss=0.000358 | Val Loss=0.038486
Epoch 38/50 | Train Loss=0.000361 | Val Loss=0.037713
Epoch 39/50 | Train Loss=0.000348 | Val Loss=0.036609
Epoch 40/50 | Train Loss=0.000344 | Val Loss=0.035102
Epoch 41/50 | Train Loss=0.000325 | Val Loss=0.033372
Epoch 42/50 | Train Loss=0.000329 | Val Loss=0.032287
Epoch 43/50 | Train Loss=0.000318 | Val Loss=0.032018
Epoch 44/50 | Train Loss=0.000301 | Val Loss=0.031549
Epoch 45/50 | Train Loss=0.000320 | Val Loss=0.030919
Epoch 46/50 | Train Loss=0.000290 | Val Loss=0.030043
Epoch 47/50 | Train Loss=0.000334 | Val Loss=0.028650
Epoch 48/50 | Train Loss=0.000277 | Val Loss=0.027408
Epoch 49/50 | Train Loss=0.000300 | Val Loss=0.026665
Epoch 50/50 | Train Loss=0.000269 | Val Loss=0.027253
[Tuning-LSTM_AE] Threshold (p95)=0.111445
Epoch 1/50 | Train Loss=0.003654 | Val Loss=0.076806
Epoch 2/50 | Train Loss=0.001707 | Val Loss=0.041732
Epoch 3/50 | Train Loss=0.001557 | Val Loss=0.041885
Epoch 4/50 | Train Loss=0.001514 | Val Loss=0.051971
Epoch 5/50 | Train Loss=0.001463 | Val Loss=0.052209
Epoch 6/50 | Train Loss=0.001366 | Val Loss=0.039920
Epoch 7/50 | Train Loss=0.001310 | Val Loss=0.035230
Epoch 8/50 | Train Loss=0.001240 | Val Loss=0.033557
Epoch 9/50 | Train Loss=0.001295 | Val Loss=0.053150
Epoch 10/50 | Train Loss=0.001350 | Val Loss=0.052163
Epoch 11/50 | Train Loss=0.001251 | Val Loss=0.029856
Epoch 12/50 | Train Loss=0.001241 | Val Loss=0.038870
Epoch 13/50 | Train Loss=0.001060 | Val Loss=0.058864
Epoch 14/50 | Train Loss=0.001142 | Val Loss=0.044742
Epoch 15/50 | Train Loss=0.001141 | Val Loss=0.028978
Epoch 16/50 | Train Loss=0.000974 | Val Loss=0.028041
Epoch 17/50 | Train Loss=0.000937 | Val Loss=0.037428
Epoch 18/50 | Train Loss=0.000833 | Val Loss=0.015480
Epoch 19/50 | Train Loss=0.001062 | Val Loss=0.013389
Epoch 20/50 | Train Loss=0.001021 | Val Loss=0.031127
Epoch 21/50 | Train Loss=0.000951 | Val Loss=0.040324
Epoch 22/50 | Train Loss=0.000976 | Val Loss=0.022204
Epoch 23/50 | Train Loss=0.000830 | Val Loss=0.017147
Epoch 24/50 | Train Loss=0.000871 | Val Loss=0.021776
‚èπ Early stopping at epoch 24
[Tuning-LSTM_AE] Threshold (p95)=0.105648
Epoch 1/50 | Train Loss=0.000932 | Val Loss=0.090862
Epoch 2/50 | Train Loss=0.000603 | Val Loss=0.060850
Epoch 3/50 | Train Loss=0.000578 | Val Loss=0.024778
Epoch 4/50 | Train Loss=0.000775 | Val Loss=0.024910
Epoch 5/50 | Train Loss=0.000530 | Val Loss=0.043016
Epoch 6/50 | Train Loss=0.000520 | Val Loss=0.050471
Epoch 7/50 | Train Loss=0.000515 | Val Loss=0.058687
Epoch 8/50 | Train Loss=0.000453 | Val Loss=0.070431
‚èπ Early stopping at epoch 8
[Tuning-LSTM_AE] Threshold (p95)=0.113823
Epoch 1/50 | Train Loss=0.003454 | Val Loss=0.201602
Epoch 2/50 | Train Loss=0.003375 | Val Loss=0.198456
Epoch 3/50 | Train Loss=0.003337 | Val Loss=0.195359
Epoch 4/50 | Train Loss=0.003249 | Val Loss=0.192272
Epoch 5/50 | Train Loss=0.003202 | Val Loss=0.189156
Epoch 6/50 | Train Loss=0.003137 | Val Loss=0.186035
Epoch 7/50 | Train Loss=0.003079 | Val Loss=0.182897
Epoch 8/50 | Train Loss=0.003030 | Val Loss=0.179776
Epoch 9/50 | Train Loss=0.002970 | Val Loss=0.176647
Epoch 10/50 | Train Loss=0.002880 | Val Loss=0.173394
Epoch 11/50 | Train Loss=0.002845 | Val Loss=0.170044
Epoch 12/50 | Train Loss=0.002772 | Val Loss=0.166632
Epoch 13/50 | Train Loss=0.002721 | Val Loss=0.163184
Epoch 14/50 | Train Loss=0.002646 | Val Loss=0.159563
Epoch 15/50 | Train Loss=0.002557 | Val Loss=0.155859
Epoch 16/50 | Train Loss=0.002516 | Val Loss=0.152008
Epoch 17/50 | Train Loss=0.002450 | Val Loss=0.147997
Epoch 18/50 | Train Loss=0.002344 | Val Loss=0.143868
Epoch 19/50 | Train Loss=0.002295 | Val Loss=0.139687
Epoch 20/50 | Train Loss=0.002231 | Val Loss=0.135296
Epoch 21/50 | Train Loss=0.002158 | Val Loss=0.130838
Epoch 22/50 | Train Loss=0.002077 | Val Loss=0.126368
Epoch 23/50 | Train Loss=0.001988 | Val Loss=0.121895
Epoch 24/50 | Train Loss=0.001967 | Val Loss=0.117317
Epoch 25/50 | Train Loss=0.001876 | Val Loss=0.112847
Epoch 26/50 | Train Loss=0.001809 | Val Loss=0.108356
Epoch 27/50 | Train Loss=0.001738 | Val Loss=0.104121
Epoch 28/50 | Train Loss=0.001742 | Val Loss=0.100081
Epoch 29/50 | Train Loss=0.001642 | Val Loss=0.096417
Epoch 30/50 | Train Loss=0.001602 | Val Loss=0.092989
Epoch 31/50 | Train Loss=0.001566 | Val Loss=0.089868
Epoch 32/50 | Train Loss=0.001510 | Val Loss=0.086551
Epoch 33/50 | Train Loss=0.001496 | Val Loss=0.083708
Epoch 34/50 | Train Loss=0.001451 | Val Loss=0.081306
Epoch 35/50 | Train Loss=0.001404 | Val Loss=0.079024
Epoch 36/50 | Train Loss=0.001394 | Val Loss=0.076859
Epoch 37/50 | Train Loss=0.001357 | Val Loss=0.074689
Epoch 38/50 | Train Loss=0.001345 | Val Loss=0.072702
Epoch 39/50 | Train Loss=0.001342 | Val Loss=0.070697
Epoch 40/50 | Train Loss=0.001279 | Val Loss=0.068587
Epoch 41/50 | Train Loss=0.001210 | Val Loss=0.066484
Epoch 42/50 | Train Loss=0.001212 | Val Loss=0.064549
Epoch 43/50 | Train Loss=0.001165 | Val Loss=0.062632
Epoch 44/50 | Train Loss=0.001168 | Val Loss=0.060908
Epoch 45/50 | Train Loss=0.001107 | Val Loss=0.058842
Epoch 46/50 | Train Loss=0.001094 | Val Loss=0.056732
Epoch 47/50 | Train Loss=0.001061 | Val Loss=0.054965
Epoch 48/50 | Train Loss=0.001046 | Val Loss=0.052918
Epoch 49/50 | Train Loss=0.001018 | Val Loss=0.051256
Epoch 50/50 | Train Loss=0.000962 | Val Loss=0.049309
[Tuning-LSTM_AE] Threshold (p95)=0.077757
Epoch 1/50 | Train Loss=0.001902 | Val Loss=0.250419
Epoch 2/50 | Train Loss=0.001570 | Val Loss=0.223639
Epoch 3/50 | Train Loss=0.001500 | Val Loss=0.200170
Epoch 4/50 | Train Loss=0.001272 | Val Loss=0.176921
Epoch 5/50 | Train Loss=0.001109 | Val Loss=0.153083
Epoch 6/50 | Train Loss=0.000990 | Val Loss=0.129647
Epoch 7/50 | Train Loss=0.000818 | Val Loss=0.108587
Epoch 8/50 | Train Loss=0.000758 | Val Loss=0.090457
Epoch 9/50 | Train Loss=0.000658 | Val Loss=0.075878
Epoch 10/50 | Train Loss=0.000611 | Val Loss=0.067024
Epoch 11/50 | Train Loss=0.000574 | Val Loss=0.063885
Epoch 12/50 | Train Loss=0.000579 | Val Loss=0.062803
Epoch 13/50 | Train Loss=0.000524 | Val Loss=0.060617
Epoch 14/50 | Train Loss=0.000520 | Val Loss=0.058003
Epoch 15/50 | Train Loss=0.000471 | Val Loss=0.054999
Epoch 16/50 | Train Loss=0.000390 | Val Loss=0.050988
Epoch 17/50 | Train Loss=0.000369 | Val Loss=0.045074
Epoch 18/50 | Train Loss=0.000372 | Val Loss=0.038208
Epoch 19/50 | Train Loss=0.000324 | Val Loss=0.032399
Epoch 20/50 | Train Loss=0.000346 | Val Loss=0.029743
Epoch 21/50 | Train Loss=0.000306 | Val Loss=0.030243
Epoch 22/50 | Train Loss=0.000301 | Val Loss=0.032162
Epoch 23/50 | Train Loss=0.000263 | Val Loss=0.036037
Epoch 24/50 | Train Loss=0.000290 | Val Loss=0.042442
Epoch 25/50 | Train Loss=0.000252 | Val Loss=0.044726
‚èπ Early stopping at epoch 25
[Tuning-LSTM_AE] Threshold (p95)=0.099531
Epoch 1/50 | Train Loss=0.003332 | Val Loss=0.278355
Epoch 2/50 | Train Loss=0.003268 | Val Loss=0.275016
[I 2025-09-16 23:40:21,925] Trial 5 finished with value: 0.08642327785491943 and parameters: {'window_size': 120, 'batch_size': 64, 'lr': 0.00015254194719835164, 'hidden_size': 64, 'dropout': 0.24399696915566432}. Best is trial 1 with value: 0.013388630002737045.
[I 2025-09-16 23:40:22,377] Trial 6 finished with value: 0.03352983668446541 and parameters: {'window_size': 90, 'batch_size': 128, 'lr': 0.002214480202474421, 'hidden_size': 16, 'dropout': 0.2696863559007275}. Best is trial 1 with value: 0.013388630002737045.
