[I 2025-09-16 23:47:02,961] Trial 7 finished with value: 0.22793999314308167 and parameters: {'window_size': 120, 'batch_size': 128, 'lr': 0.0017714441850679187, 'hidden_size': 32, 'dropout': 0.4036672791878534}. Best is trial 0 with value: 0.20860418677330017.
Epoch 14/50 | Train Loss=0.000230 | Val Loss=0.370744
Epoch 15/50 | Train Loss=0.000208 | Val Loss=0.365403
Epoch 16/50 | Train Loss=0.000191 | Val Loss=0.359864
Epoch 17/50 | Train Loss=0.000174 | Val Loss=0.353874
Epoch 18/50 | Train Loss=0.000162 | Val Loss=0.348777
Epoch 19/50 | Train Loss=0.000148 | Val Loss=0.344148
Epoch 20/50 | Train Loss=0.000140 | Val Loss=0.339691
Epoch 21/50 | Train Loss=0.000132 | Val Loss=0.335863
Epoch 22/50 | Train Loss=0.000126 | Val Loss=0.332509
Epoch 23/50 | Train Loss=0.000123 | Val Loss=0.329619
Epoch 24/50 | Train Loss=0.000118 | Val Loss=0.326815
Epoch 25/50 | Train Loss=0.000118 | Val Loss=0.324396
Epoch 26/50 | Train Loss=0.000116 | Val Loss=0.322326
Epoch 27/50 | Train Loss=0.000114 | Val Loss=0.320436
Epoch 28/50 | Train Loss=0.000110 | Val Loss=0.318619
Epoch 29/50 | Train Loss=0.000110 | Val Loss=0.317199
Epoch 30/50 | Train Loss=0.000109 | Val Loss=0.315562
Epoch 31/50 | Train Loss=0.000108 | Val Loss=0.314102
Epoch 32/50 | Train Loss=0.000107 | Val Loss=0.312873
Epoch 33/50 | Train Loss=0.000106 | Val Loss=0.311752
Epoch 34/50 | Train Loss=0.000104 | Val Loss=0.310536
Epoch 35/50 | Train Loss=0.000102 | Val Loss=0.309377
Epoch 36/50 | Train Loss=0.000102 | Val Loss=0.308061
Epoch 37/50 | Train Loss=0.000100 | Val Loss=0.307316
Epoch 38/50 | Train Loss=0.000101 | Val Loss=0.306375
Epoch 39/50 | Train Loss=0.000101 | Val Loss=0.305344
Epoch 40/50 | Train Loss=0.000100 | Val Loss=0.304469
Epoch 41/50 | Train Loss=0.000099 | Val Loss=0.303294
Epoch 42/50 | Train Loss=0.000099 | Val Loss=0.302269
Epoch 43/50 | Train Loss=0.000098 | Val Loss=0.301040
Epoch 44/50 | Train Loss=0.000101 | Val Loss=0.300086
Epoch 45/50 | Train Loss=0.000096 | Val Loss=0.298533
Epoch 46/50 | Train Loss=0.000097 | Val Loss=0.297692
Epoch 47/50 | Train Loss=0.000095 | Val Loss=0.296972
Epoch 48/50 | Train Loss=0.000095 | Val Loss=0.296332
Epoch 49/50 | Train Loss=0.000096 | Val Loss=0.295104
Epoch 50/50 | Train Loss=0.000097 | Val Loss=0.294152
[Tuning-LSTM_AE] Threshold (p95)=0.023032
Epoch 1/50 | Train Loss=0.002172 | Val Loss=0.526888
Epoch 2/50 | Train Loss=0.001644 | Val Loss=0.480897
Epoch 3/50 | Train Loss=0.001099 | Val Loss=0.440826
Epoch 4/50 | Train Loss=0.000589 | Val Loss=0.415418
Epoch 5/50 | Train Loss=0.000348 | Val Loss=0.397140
Epoch 6/50 | Train Loss=0.000283 | Val Loss=0.382837
Epoch 7/50 | Train Loss=0.000259 | Val Loss=0.370088
Epoch 8/50 | Train Loss=0.000244 | Val Loss=0.360607
Epoch 9/50 | Train Loss=0.000235 | Val Loss=0.350677
Epoch 10/50 | Train Loss=0.000223 | Val Loss=0.341014
Epoch 11/50 | Train Loss=0.000213 | Val Loss=0.330118
Epoch 12/50 | Train Loss=0.000206 | Val Loss=0.322127
Epoch 13/50 | Train Loss=0.000200 | Val Loss=0.311450
Epoch 14/50 | Train Loss=0.000191 | Val Loss=0.300621
Epoch 15/50 | Train Loss=0.000183 | Val Loss=0.291386
Epoch 16/50 | Train Loss=0.000172 | Val Loss=0.283129
Epoch 17/50 | Train Loss=0.000169 | Val Loss=0.276355
Epoch 18/50 | Train Loss=0.000163 | Val Loss=0.269254
Epoch 19/50 | Train Loss=0.000161 | Val Loss=0.264264
Epoch 20/50 | Train Loss=0.000156 | Val Loss=0.256990
Epoch 21/50 | Train Loss=0.000150 | Val Loss=0.256118
Epoch 22/50 | Train Loss=0.000148 | Val Loss=0.251812
Epoch 23/50 | Train Loss=0.000147 | Val Loss=0.247823
Epoch 24/50 | Train Loss=0.000141 | Val Loss=0.246825
Epoch 25/50 | Train Loss=0.000141 | Val Loss=0.243932
Epoch 26/50 | Train Loss=0.000140 | Val Loss=0.242016
Epoch 27/50 | Train Loss=0.000134 | Val Loss=0.242929
Epoch 28/50 | Train Loss=0.000137 | Val Loss=0.239072
Epoch 29/50 | Train Loss=0.000133 | Val Loss=0.238357
Epoch 30/50 | Train Loss=0.000131 | Val Loss=0.237599
Epoch 31/50 | Train Loss=0.000130 | Val Loss=0.237372
Epoch 32/50 | Train Loss=0.000128 | Val Loss=0.235503
Epoch 33/50 | Train Loss=0.000130 | Val Loss=0.238340
Epoch 34/50 | Train Loss=0.000128 | Val Loss=0.235846
Epoch 35/50 | Train Loss=0.000125 | Val Loss=0.235356
Epoch 36/50 | Train Loss=0.000128 | Val Loss=0.235795
Epoch 37/50 | Train Loss=0.000126 | Val Loss=0.234799
Epoch 38/50 | Train Loss=0.000125 | Val Loss=0.234089
Epoch 39/50 | Train Loss=0.000125 | Val Loss=0.235554
Epoch 40/50 | Train Loss=0.000123 | Val Loss=0.232440
Epoch 41/50 | Train Loss=0.000122 | Val Loss=0.233860
Epoch 42/50 | Train Loss=0.000123 | Val Loss=0.234314
Epoch 43/50 | Train Loss=0.000125 | Val Loss=0.233003
Epoch 44/50 | Train Loss=0.000121 | Val Loss=0.232242
Epoch 45/50 | Train Loss=0.000120 | Val Loss=0.231355
Epoch 46/50 | Train Loss=0.000119 | Val Loss=0.232093
Epoch 47/50 | Train Loss=0.000120 | Val Loss=0.232255
Epoch 48/50 | Train Loss=0.000122 | Val Loss=0.231385
Epoch 49/50 | Train Loss=0.000119 | Val Loss=0.230674
Epoch 50/50 | Train Loss=0.000120 | Val Loss=0.231857
[Tuning-LSTM_AE] Threshold (p95)=0.017450
Epoch 1/50 | Train Loss=0.000272 | Val Loss=0.439969
Epoch 2/50 | Train Loss=0.000179 | Val Loss=0.393579
Epoch 3/50 | Train Loss=0.000124 | Val Loss=0.353676
Epoch 4/50 | Train Loss=0.000094 | Val Loss=0.336701
Epoch 5/50 | Train Loss=0.000076 | Val Loss=0.327018
Epoch 6/50 | Train Loss=0.000066 | Val Loss=0.317759
Epoch 7/50 | Train Loss=0.000060 | Val Loss=0.306487
Epoch 8/50 | Train Loss=0.000055 | Val Loss=0.294956
Epoch 9/50 | Train Loss=0.000052 | Val Loss=0.285298
Epoch 10/50 | Train Loss=0.000049 | Val Loss=0.275944
Epoch 11/50 | Train Loss=0.000045 | Val Loss=0.266735
Epoch 12/50 | Train Loss=0.000043 | Val Loss=0.259780
Epoch 13/50 | Train Loss=0.000041 | Val Loss=0.252357
Epoch 14/50 | Train Loss=0.000041 | Val Loss=0.248497
Epoch 15/50 | Train Loss=0.000039 | Val Loss=0.244857
Epoch 16/50 | Train Loss=0.000039 | Val Loss=0.240867
Epoch 17/50 | Train Loss=0.000037 | Val Loss=0.239294
Epoch 18/50 | Train Loss=0.000037 | Val Loss=0.239160
Epoch 19/50 | Train Loss=0.000036 | Val Loss=0.238302
Epoch 20/50 | Train Loss=0.000036 | Val Loss=0.239838
Epoch 21/50 | Train Loss=0.000035 | Val Loss=0.238784
Epoch 22/50 | Train Loss=0.000035 | Val Loss=0.236219
Epoch 23/50 | Train Loss=0.000034 | Val Loss=0.236378
Epoch 24/50 | Train Loss=0.000034 | Val Loss=0.236251
Epoch 25/50 | Train Loss=0.000034 | Val Loss=0.236825
Epoch 26/50 | Train Loss=0.000034 | Val Loss=0.236348
Epoch 27/50 | Train Loss=0.000033 | Val Loss=0.234605
Epoch 28/50 | Train Loss=0.000034 | Val Loss=0.233833
Epoch 29/50 | Train Loss=0.000033 | Val Loss=0.234942
Epoch 30/50 | Train Loss=0.000033 | Val Loss=0.233430
Epoch 31/50 | Train Loss=0.000032 | Val Loss=0.232804
Epoch 32/50 | Train Loss=0.000033 | Val Loss=0.233490
Epoch 33/50 | Train Loss=0.000032 | Val Loss=0.231550
Epoch 34/50 | Train Loss=0.000033 | Val Loss=0.234535
Epoch 35/50 | Train Loss=0.000032 | Val Loss=0.232717
Epoch 36/50 | Train Loss=0.000032 | Val Loss=0.230628
Epoch 37/50 | Train Loss=0.000032 | Val Loss=0.231093
Epoch 38/50 | Train Loss=0.000032 | Val Loss=0.232917
Epoch 39/50 | Train Loss=0.000031 | Val Loss=0.228612
Epoch 40/50 | Train Loss=0.000032 | Val Loss=0.231232
Epoch 41/50 | Train Loss=0.000031 | Val Loss=0.230246
Epoch 42/50 | Train Loss=0.000031 | Val Loss=0.230197
Epoch 43/50 | Train Loss=0.000031 | Val Loss=0.228768
Epoch 44/50 | Train Loss=0.000031 | Val Loss=0.227940
Epoch 45/50 | Train Loss=0.000031 | Val Loss=0.228113
Epoch 46/50 | Train Loss=0.000031 | Val Loss=0.227959
Epoch 47/50 | Train Loss=0.000031 | Val Loss=0.229240
Epoch 48/50 | Train Loss=0.000031 | Val Loss=0.229412
Epoch 49/50 | Train Loss=0.000031 | Val Loss=0.229232
‚èπ Early stopping at epoch 49
[Tuning-LSTM_AE] Threshold (p95)=0.019811
Epoch 1/50 | Train Loss=0.000151 | Val Loss=0.420704
Epoch 2/50 | Train Loss=0.000112 | Val Loss=0.400645
Epoch 3/50 | Train Loss=0.000085 | Val Loss=0.380918
Epoch 4/50 | Train Loss=0.000067 | Val Loss=0.364137
Epoch 5/50 | Train Loss=0.000058 | Val Loss=0.351137
Epoch 6/50 | Train Loss=0.000053 | Val Loss=0.344521
Epoch 7/50 | Train Loss=0.000052 | Val Loss=0.337921
Epoch 8/50 | Train Loss=0.000050 | Val Loss=0.329705
Epoch 9/50 | Train Loss=0.000048 | Val Loss=0.320123
Epoch 10/50 | Train Loss=0.000046 | Val Loss=0.309049
Epoch 11/50 | Train Loss=0.000044 | Val Loss=0.299075
Epoch 12/50 | Train Loss=0.000042 | Val Loss=0.290862
Epoch 13/50 | Train Loss=0.000041 | Val Loss=0.282696
[I 2025-09-16 23:47:04,292] Trial 8 finished with value: 0.24469512701034546 and parameters: {'window_size': 90, 'batch_size': 128, 'lr': 0.001685538149345133, 'hidden_size': 16, 'dropout': 0.19625470289476787}. Best is trial 0 with value: 0.20860418677330017.
[I 2025-09-16 23:47:07,997] Trial 9 finished with value: 0.24145753681659698 and parameters: {'window_size': 90, 'batch_size': 64, 'lr': 0.00019921126222075783, 'hidden_size': 64, 'dropout': 0.4959732580851878}. Best is trial 0 with value: 0.20860418677330017.
[I 2025-09-16 23:47:07,997] A new study created in memory with name: no-name-f569445f-5e1a-4289-b5b0-136b10b865b5
[I 2025-09-16 23:47:12,284] Trial 0 finished with value: 0.11127571016550064 and parameters: {'window_size': 60, 'batch_size': 128, 'lr': 0.003048056036593173, 'd_model': 64, 'n_heads': 4, 'num_layers': 3, 'dropout': 0.1404264005580924}. Best is trial 0 with value: 0.11127571016550064.
[I 2025-09-16 23:47:13,412] Trial 1 finished with value: 0.11751531064510345 and parameters: {'window_size': 60, 'batch_size': 32, 'lr': 0.000298166636555292, 'd_model': 64, 'n_heads': 8, 'num_layers': 1, 'dropout': 0.2457826002870918}. Best is trial 0 with value: 0.11127571016550064.
[I 2025-09-16 23:47:17,491] Trial 2 finished with value: 0.10873086005449295 and parameters: {'window_size': 90, 'batch_size': 128, 'lr': 0.0001755698373404816, 'd_model': 64, 'n_heads': 8, 'num_layers': 1, 'dropout': 0.1168421641237967}. Best is trial 2 with value: 0.10873086005449295.
Epoch 14/50 | Train Loss=0.000039 | Val Loss=0.273342
Epoch 15/50 | Train Loss=0.000037 | Val Loss=0.268232
Epoch 16/50 | Train Loss=0.000035 | Val Loss=0.262619
Epoch 17/50 | Train Loss=0.000035 | Val Loss=0.257333
Epoch 18/50 | Train Loss=0.000033 | Val Loss=0.255242
Epoch 19/50 | Train Loss=0.000033 | Val Loss=0.253929
Epoch 20/50 | Train Loss=0.000032 | Val Loss=0.252720
Epoch 21/50 | Train Loss=0.000032 | Val Loss=0.252246
Epoch 22/50 | Train Loss=0.000032 | Val Loss=0.253657
Epoch 23/50 | Train Loss=0.000032 | Val Loss=0.250153
Epoch 24/50 | Train Loss=0.000032 | Val Loss=0.248623
Epoch 25/50 | Train Loss=0.000031 | Val Loss=0.251641
Epoch 26/50 | Train Loss=0.000031 | Val Loss=0.250717
Epoch 27/50 | Train Loss=0.000031 | Val Loss=0.248364
Epoch 28/50 | Train Loss=0.000031 | Val Loss=0.248593
Epoch 29/50 | Train Loss=0.000030 | Val Loss=0.244695
Epoch 30/50 | Train Loss=0.000030 | Val Loss=0.245129
Epoch 31/50 | Train Loss=0.000031 | Val Loss=0.248775
Epoch 32/50 | Train Loss=0.000030 | Val Loss=0.247110
Epoch 33/50 | Train Loss=0.000031 | Val Loss=0.245283
Epoch 34/50 | Train Loss=0.000030 | Val Loss=0.246133
‚èπ Early stopping at epoch 34
[Tuning-LSTM_AE] Threshold (p95)=0.018018
Epoch 1/50 | Train Loss=0.000302 | Val Loss=0.407398
Epoch 2/50 | Train Loss=0.000242 | Val Loss=0.401672
Epoch 3/50 | Train Loss=0.000197 | Val Loss=0.398048
Epoch 4/50 | Train Loss=0.000169 | Val Loss=0.393794
Epoch 5/50 | Train Loss=0.000153 | Val Loss=0.387078
Epoch 6/50 | Train Loss=0.000146 | Val Loss=0.380661
Epoch 7/50 | Train Loss=0.000139 | Val Loss=0.374124
Epoch 8/50 | Train Loss=0.000133 | Val Loss=0.368797
Epoch 9/50 | Train Loss=0.000127 | Val Loss=0.362368
Epoch 10/50 | Train Loss=0.000124 | Val Loss=0.356603
Epoch 11/50 | Train Loss=0.000120 | Val Loss=0.350749
Epoch 12/50 | Train Loss=0.000118 | Val Loss=0.345960
Epoch 13/50 | Train Loss=0.000115 | Val Loss=0.339848
Epoch 14/50 | Train Loss=0.000112 | Val Loss=0.334826
Epoch 15/50 | Train Loss=0.000109 | Val Loss=0.328631
Epoch 16/50 | Train Loss=0.000105 | Val Loss=0.323702
Epoch 17/50 | Train Loss=0.000104 | Val Loss=0.318295
Epoch 18/50 | Train Loss=0.000101 | Val Loss=0.312875
Epoch 19/50 | Train Loss=0.000099 | Val Loss=0.307927
Epoch 20/50 | Train Loss=0.000096 | Val Loss=0.303149
Epoch 21/50 | Train Loss=0.000094 | Val Loss=0.297459
Epoch 22/50 | Train Loss=0.000091 | Val Loss=0.292302
Epoch 23/50 | Train Loss=0.000090 | Val Loss=0.287325
Epoch 24/50 | Train Loss=0.000086 | Val Loss=0.284187
Epoch 25/50 | Train Loss=0.000086 | Val Loss=0.278964
Epoch 26/50 | Train Loss=0.000084 | Val Loss=0.274850
Epoch 27/50 | Train Loss=0.000081 | Val Loss=0.270848
Epoch 28/50 | Train Loss=0.000078 | Val Loss=0.266896
Epoch 29/50 | Train Loss=0.000078 | Val Loss=0.263928
Epoch 30/50 | Train Loss=0.000077 | Val Loss=0.261094
Epoch 31/50 | Train Loss=0.000076 | Val Loss=0.257695
Epoch 32/50 | Train Loss=0.000074 | Val Loss=0.255707
Epoch 33/50 | Train Loss=0.000073 | Val Loss=0.253236
Epoch 34/50 | Train Loss=0.000072 | Val Loss=0.251464
Epoch 35/50 | Train Loss=0.000072 | Val Loss=0.250523
Epoch 36/50 | Train Loss=0.000070 | Val Loss=0.248808
Epoch 37/50 | Train Loss=0.000071 | Val Loss=0.248558
Epoch 38/50 | Train Loss=0.000070 | Val Loss=0.247541
Epoch 39/50 | Train Loss=0.000069 | Val Loss=0.246585
Epoch 40/50 | Train Loss=0.000068 | Val Loss=0.246975
Epoch 41/50 | Train Loss=0.000068 | Val Loss=0.245170
Epoch 42/50 | Train Loss=0.000068 | Val Loss=0.244356
Epoch 43/50 | Train Loss=0.000068 | Val Loss=0.244122
Epoch 44/50 | Train Loss=0.000067 | Val Loss=0.243620
Epoch 45/50 | Train Loss=0.000068 | Val Loss=0.244134
Epoch 46/50 | Train Loss=0.000066 | Val Loss=0.243823
Epoch 47/50 | Train Loss=0.000066 | Val Loss=0.241941
Epoch 48/50 | Train Loss=0.000066 | Val Loss=0.242313
Epoch 49/50 | Train Loss=0.000064 | Val Loss=0.241458
Epoch 50/50 | Train Loss=0.000065 | Val Loss=0.241825
[Tuning-LSTM_AE] Threshold (p95)=0.016677
üîé Best hyperparameters for LSTM_AE: {'window_size': 120, 'batch_size': 64, 'lr': 0.00887308931015454, 'hidden_size': 128, 'dropout': 0.4080605638331135}
Best validation loss: 0.20860418677330017

üîé Running hyperparameter search for Transformer on coin_coin_ChainLink...
Epoch 1/50 | Train Loss=0.001933 | Val Loss=0.436948
Epoch 2/50 | Train Loss=0.000241 | Val Loss=0.416441
Epoch 3/50 | Train Loss=0.000188 | Val Loss=0.439830
Epoch 4/50 | Train Loss=0.000156 | Val Loss=0.433888
Epoch 5/50 | Train Loss=0.000137 | Val Loss=0.442154
Epoch 6/50 | Train Loss=0.000110 | Val Loss=0.380474
Epoch 7/50 | Train Loss=0.000113 | Val Loss=0.310890
Epoch 8/50 | Train Loss=0.000095 | Val Loss=0.312417
Epoch 9/50 | Train Loss=0.000061 | Val Loss=0.155740
Epoch 10/50 | Train Loss=0.000027 | Val Loss=0.126072
Epoch 11/50 | Train Loss=0.000019 | Val Loss=0.129562
Epoch 12/50 | Train Loss=0.000014 | Val Loss=0.121909
Epoch 13/50 | Train Loss=0.000010 | Val Loss=0.122645
Epoch 14/50 | Train Loss=0.000008 | Val Loss=0.119025
Epoch 15/50 | Train Loss=0.000006 | Val Loss=0.115903
Epoch 16/50 | Train Loss=0.000005 | Val Loss=0.113563
Epoch 17/50 | Train Loss=0.000004 | Val Loss=0.111945
Epoch 18/50 | Train Loss=0.000004 | Val Loss=0.111276
Epoch 19/50 | Train Loss=0.000003 | Val Loss=0.111867
Epoch 20/50 | Train Loss=0.000003 | Val Loss=0.113498
Epoch 21/50 | Train Loss=0.000003 | Val Loss=0.115504
Epoch 22/50 | Train Loss=0.000003 | Val Loss=0.117222
Epoch 23/50 | Train Loss=0.000002 | Val Loss=0.120082
‚èπ Early stopping at epoch 23
[Tuning-Transformer] Threshold (p95)=0.000379
Epoch 1/50 | Train Loss=0.000745 | Val Loss=0.117515
Epoch 2/50 | Train Loss=0.000231 | Val Loss=0.126133
Epoch 3/50 | Train Loss=0.000130 | Val Loss=0.124604
Epoch 4/50 | Train Loss=0.000086 | Val Loss=0.127036
Epoch 5/50 | Train Loss=0.000065 | Val Loss=0.125920
Epoch 6/50 | Train Loss=0.000051 | Val Loss=0.130487
‚èπ Early stopping at epoch 6
[Tuning-Transformer] Threshold (p95)=0.000835
Epoch 1/50 | Train Loss=0.000396 | Val Loss=0.225209
Epoch 2/50 | Train Loss=0.000115 | Val Loss=0.198829
Epoch 3/50 | Train Loss=0.000082 | Val Loss=0.148775
Epoch 4/50 | Train Loss=0.000060 | Val Loss=0.133739
Epoch 5/50 | Train Loss=0.000049 | Val Loss=0.136212
Epoch 6/50 | Train Loss=0.000044 | Val Loss=0.134031
Epoch 7/50 | Train Loss=0.000040 | Val Loss=0.136263
Epoch 8/50 | Train Loss=0.000036 | Val Loss=0.135101
Epoch 9/50 | Train Loss=0.000033 | Val Loss=0.132147
Epoch 10/50 | Train Loss=0.000030 | Val Loss=0.130512
Epoch 11/50 | Train Loss=0.000028 | Val Loss=0.129085
Epoch 12/50 | Train Loss=0.000025 | Val Loss=0.128081
Epoch 13/50 | Train Loss=0.000024 | Val Loss=0.125354
Epoch 14/50 | Train Loss=0.000022 | Val Loss=0.123114
Epoch 15/50 | Train Loss=0.000021 | Val Loss=0.121109
Epoch 16/50 | Train Loss=0.000020 | Val Loss=0.119683
Epoch 17/50 | Train Loss=0.000019 | Val Loss=0.117261
Epoch 18/50 | Train Loss=0.000017 | Val Loss=0.115832
Epoch 19/50 | Train Loss=0.000017 | Val Loss=0.114095
Epoch 20/50 | Train Loss=0.000016 | Val Loss=0.113108
Epoch 21/50 | Train Loss=0.000015 | Val Loss=0.112366
Epoch 22/50 | Train Loss=0.000014 | Val Loss=0.111313
Epoch 23/50 | Train Loss=0.000014 | Val Loss=0.109994
Epoch 24/50 | Train Loss=0.000013 | Val Loss=0.109657
Epoch 25/50 | Train Loss=0.000012 | Val Loss=0.109179
Epoch 26/50 | Train Loss=0.000012 | Val Loss=0.109555
Epoch 27/50 | Train Loss=0.000011 | Val Loss=0.108996
Epoch 28/50 | Train Loss=0.000011 | Val Loss=0.108973
Epoch 29/50 | Train Loss=0.000011 | Val Loss=0.109085
Epoch 30/50 | Train Loss=0.000010 | Val Loss=0.109206
Epoch 31/50 | Train Loss=0.000010 | Val Loss=0.109074
Epoch 32/50 | Train Loss=0.000010 | Val Loss=0.108731
Epoch 33/50 | Train Loss=0.000009 | Val Loss=0.108976
Epoch 34/50 | Train Loss=0.000009 | Val Loss=0.109487
Epoch 35/50 | Train Loss=0.000009 | Val Loss=0.109281
Epoch 36/50 | Train Loss=0.000008 | Val Loss=0.110102
Epoch 37/50 | Train Loss=0.000008 | Val Loss=0.109449
‚èπ Early stopping at epoch 37
[Tuning-Transformer] Threshold (p95)=0.000512
Epoch 1/50 | Train Loss=0.002663 | Val Loss=0.313797
Epoch 2/50 | Train Loss=0.000230 | Val Loss=0.361453
Epoch 3/50 | Train Loss=0.000174 | Val Loss=0.386883
[I 2025-09-16 23:47:20,444] Trial 3 finished with value: 0.3137972950935364 and parameters: {'window_size': 120, 'batch_size': 128, 'lr': 0.002316673123709116, 'd_model': 128, 'n_heads': 4, 'num_layers': 3, 'dropout': 0.13944679667983617}. Best is trial 2 with value: 0.10873086005449295.
[I 2025-09-16 23:47:24,711] Trial 4 finished with value: 0.08717545121908188 and parameters: {'window_size': 90, 'batch_size': 32, 'lr': 0.00015715188412522118, 'd_model': 64, 'n_heads': 8, 'num_layers': 2, 'dropout': 0.14866022387466793}. Best is trial 4 with value: 0.08717545121908188.
[I 2025-09-16 23:47:26,952] Trial 5 finished with value: 0.11409793049097061 and parameters: {'window_size': 60, 'batch_size': 128, 'lr': 0.0019759189980325946, 'd_model': 128, 'n_heads': 8, 'num_layers': 2, 'dropout': 0.19502784376048216}. Best is trial 4 with value: 0.08717545121908188.
[I 2025-09-16 23:47:28,675] Trial 6 finished with value: 0.13478808104991913 and parameters: {'window_size': 60, 'batch_size': 64, 'lr': 0.005646258603382692, 'd_model': 64, 'n_heads': 4, 'num_layers': 2, 'dropout': 0.3829895677948636}. Best is trial 4 with value: 0.08717545121908188.
[I 2025-09-16 23:47:32,038] Trial 7 finished with value: 0.10885637253522873 and parameters: {'window_size': 90, 'batch_size': 64, 'lr': 0.001056889181195123, 'd_model': 64, 'n_heads': 4, 'num_layers': 3, 'dropout': 0.15055242151579684}. Best is trial 4 with value: 0.08717545121908188.
[I 2025-09-16 23:47:35,146] Trial 8 finished with value: 0.10644488036632538 and parameters: {'window_size': 90, 'batch_size': 32, 'lr': 0.0030162167868110377, 'd_model': 32, 'n_heads': 2, 'num_layers': 2, 'dropout': 0.37608326542197346}. Best is trial 4 with value: 0.08717545121908188.
[I 2025-09-16 23:47:37,300] Trial 9 finished with value: 0.11022333055734634 and parameters: {'window_size': 60, 'batch_size': 128, 'lr': 0.0017471764479781362, 'd_model': 128, 'n_heads': 4, 'num_layers': 2, 'dropout': 0.19848627930316826}. Best is trial 4 with value: 0.08717545121908188.
[I 2025-09-16 23:47:41,576] A new study created in memory with name: no-name-072345a9-66cf-412a-b7ea-01008a27a81a
