[I 2025-09-16 23:34:39,056] Trial 9 finished with value: 0.06627622991800308 and parameters: {'window_size': 90, 'batch_size': 64, 'lr': 0.0012040121664498855, 'd_model': 32, 'n_heads': 4, 'num_layers': 2, 'dropout': 0.35229176613877977}. Best is trial 7 with value: 0.050335537642240524.
Epoch 8/50 | Train Loss=0.000006 | Val Loss=0.090989
Epoch 9/50 | Train Loss=0.000004 | Val Loss=0.090925
‚èπ Early stopping at epoch 9
[Tuning-Transformer] Threshold (p95)=0.001571
Epoch 1/50 | Train Loss=0.002056 | Val Loss=0.110152
Epoch 2/50 | Train Loss=0.000045 | Val Loss=0.059071
Epoch 3/50 | Train Loss=0.000014 | Val Loss=0.065956
Epoch 4/50 | Train Loss=0.000012 | Val Loss=0.079121
Epoch 5/50 | Train Loss=0.000006 | Val Loss=0.083629
Epoch 6/50 | Train Loss=0.000008 | Val Loss=0.086097
Epoch 7/50 | Train Loss=0.000008 | Val Loss=0.090934
‚èπ Early stopping at epoch 7
[Tuning-Transformer] Threshold (p95)=0.002289
Epoch 1/50 | Train Loss=0.000937 | Val Loss=0.152861
Epoch 2/50 | Train Loss=0.000267 | Val Loss=0.157424
Epoch 3/50 | Train Loss=0.000172 | Val Loss=0.161708
Epoch 4/50 | Train Loss=0.000089 | Val Loss=0.133119
Epoch 5/50 | Train Loss=0.000030 | Val Loss=0.113300
Epoch 6/50 | Train Loss=0.000017 | Val Loss=0.084885
Epoch 7/50 | Train Loss=0.000010 | Val Loss=0.069989
Epoch 8/50 | Train Loss=0.000006 | Val Loss=0.065127
Epoch 9/50 | Train Loss=0.000005 | Val Loss=0.063041
Epoch 10/50 | Train Loss=0.000004 | Val Loss=0.062951
Epoch 11/50 | Train Loss=0.000003 | Val Loss=0.063689
Epoch 12/50 | Train Loss=0.000003 | Val Loss=0.064736
Epoch 13/50 | Train Loss=0.000002 | Val Loss=0.066367
Epoch 14/50 | Train Loss=0.000002 | Val Loss=0.068427
Epoch 15/50 | Train Loss=0.000002 | Val Loss=0.070335
‚èπ Early stopping at epoch 15
[Tuning-Transformer] Threshold (p95)=0.000554
Epoch 1/50 | Train Loss=0.000758 | Val Loss=0.125067
Epoch 2/50 | Train Loss=0.000141 | Val Loss=0.107764
Epoch 3/50 | Train Loss=0.000053 | Val Loss=0.080073
Epoch 4/50 | Train Loss=0.000028 | Val Loss=0.082325
Epoch 5/50 | Train Loss=0.000018 | Val Loss=0.083752
Epoch 6/50 | Train Loss=0.000013 | Val Loss=0.082278
Epoch 7/50 | Train Loss=0.000010 | Val Loss=0.079107
Epoch 8/50 | Train Loss=0.000007 | Val Loss=0.076121
Epoch 9/50 | Train Loss=0.000006 | Val Loss=0.072132
Epoch 10/50 | Train Loss=0.000005 | Val Loss=0.067988
Epoch 11/50 | Train Loss=0.000004 | Val Loss=0.064917
Epoch 12/50 | Train Loss=0.000003 | Val Loss=0.061766
Epoch 13/50 | Train Loss=0.000003 | Val Loss=0.059584
Epoch 14/50 | Train Loss=0.000002 | Val Loss=0.057464
Epoch 15/50 | Train Loss=0.000002 | Val Loss=0.056097
Epoch 16/50 | Train Loss=0.000002 | Val Loss=0.054905
Epoch 17/50 | Train Loss=0.000001 | Val Loss=0.054250
Epoch 18/50 | Train Loss=0.000001 | Val Loss=0.053797
Epoch 19/50 | Train Loss=0.000001 | Val Loss=0.053686
Epoch 20/50 | Train Loss=0.000001 | Val Loss=0.053811
Epoch 21/50 | Train Loss=0.000001 | Val Loss=0.054201
Epoch 22/50 | Train Loss=0.000001 | Val Loss=0.054527
Epoch 23/50 | Train Loss=0.000001 | Val Loss=0.055333
Epoch 24/50 | Train Loss=0.000001 | Val Loss=0.056200
‚èπ Early stopping at epoch 24
[Tuning-Transformer] Threshold (p95)=0.000114
Epoch 1/50 | Train Loss=0.000954 | Val Loss=0.131925
Epoch 2/50 | Train Loss=0.000186 | Val Loss=0.114640
Epoch 3/50 | Train Loss=0.000044 | Val Loss=0.088930
Epoch 4/50 | Train Loss=0.000016 | Val Loss=0.081414
Epoch 5/50 | Train Loss=0.000010 | Val Loss=0.077911
Epoch 6/50 | Train Loss=0.000008 | Val Loss=0.073343
Epoch 7/50 | Train Loss=0.000006 | Val Loss=0.068812
Epoch 8/50 | Train Loss=0.000005 | Val Loss=0.065177
Epoch 9/50 | Train Loss=0.000004 | Val Loss=0.062113
Epoch 10/50 | Train Loss=0.000003 | Val Loss=0.059696
Epoch 11/50 | Train Loss=0.000003 | Val Loss=0.057736
Epoch 12/50 | Train Loss=0.000003 | Val Loss=0.056289
Epoch 13/50 | Train Loss=0.000002 | Val Loss=0.055233
Epoch 14/50 | Train Loss=0.000002 | Val Loss=0.054588
Epoch 15/50 | Train Loss=0.000002 | Val Loss=0.054297
Epoch 16/50 | Train Loss=0.000002 | Val Loss=0.054305
Epoch 17/50 | Train Loss=0.000002 | Val Loss=0.054345
Epoch 18/50 | Train Loss=0.000002 | Val Loss=0.054664
Epoch 19/50 | Train Loss=0.000002 | Val Loss=0.055127
Epoch 20/50 | Train Loss=0.000002 | Val Loss=0.055596
‚èπ Early stopping at epoch 20
[Tuning-Transformer] Threshold (p95)=0.000247
Epoch 1/50 | Train Loss=0.000517 | Val Loss=0.081583
Epoch 2/50 | Train Loss=0.000153 | Val Loss=0.069139
Epoch 3/50 | Train Loss=0.000089 | Val Loss=0.070854
Epoch 4/50 | Train Loss=0.000060 | Val Loss=0.074656
Epoch 5/50 | Train Loss=0.000045 | Val Loss=0.075667
Epoch 6/50 | Train Loss=0.000036 | Val Loss=0.078313
Epoch 7/50 | Train Loss=0.000029 | Val Loss=0.078863
‚èπ Early stopping at epoch 7
[Tuning-Transformer] Threshold (p95)=0.001688
Epoch 1/50 | Train Loss=0.001896 | Val Loss=0.134480
Epoch 2/50 | Train Loss=0.000130 | Val Loss=0.112625
Epoch 3/50 | Train Loss=0.000023 | Val Loss=0.063464
Epoch 4/50 | Train Loss=0.000007 | Val Loss=0.054951
Epoch 5/50 | Train Loss=0.000005 | Val Loss=0.053744
Epoch 6/50 | Train Loss=0.000004 | Val Loss=0.053899
Epoch 7/50 | Train Loss=0.000003 | Val Loss=0.055275
Epoch 8/50 | Train Loss=0.000002 | Val Loss=0.058596
Epoch 9/50 | Train Loss=0.000002 | Val Loss=0.062621
Epoch 10/50 | Train Loss=0.000005 | Val Loss=0.068241
‚èπ Early stopping at epoch 10
[Tuning-Transformer] Threshold (p95)=0.000729
Epoch 1/50 | Train Loss=0.002320 | Val Loss=0.148583
Epoch 2/50 | Train Loss=0.000243 | Val Loss=0.132038
Epoch 3/50 | Train Loss=0.000050 | Val Loss=0.075408
Epoch 4/50 | Train Loss=0.000011 | Val Loss=0.061638
Epoch 5/50 | Train Loss=0.000004 | Val Loss=0.055435
Epoch 6/50 | Train Loss=0.000003 | Val Loss=0.052108
Epoch 7/50 | Train Loss=0.000002 | Val Loss=0.050541
Epoch 8/50 | Train Loss=0.000002 | Val Loss=0.050336
Epoch 9/50 | Train Loss=0.000001 | Val Loss=0.050657
Epoch 10/50 | Train Loss=0.000001 | Val Loss=0.051410
Epoch 11/50 | Train Loss=0.000001 | Val Loss=0.052899
Epoch 12/50 | Train Loss=0.000001 | Val Loss=0.054845
Epoch 13/50 | Train Loss=0.000001 | Val Loss=0.057235
‚èπ Early stopping at epoch 13
[Tuning-Transformer] Threshold (p95)=0.000362
Epoch 1/50 | Train Loss=0.000378 | Val Loss=0.139185
Epoch 2/50 | Train Loss=0.000121 | Val Loss=0.116386
Epoch 3/50 | Train Loss=0.000076 | Val Loss=0.101493
Epoch 4/50 | Train Loss=0.000042 | Val Loss=0.086887
Epoch 5/50 | Train Loss=0.000022 | Val Loss=0.084827
Epoch 6/50 | Train Loss=0.000015 | Val Loss=0.086028
Epoch 7/50 | Train Loss=0.000012 | Val Loss=0.086322
Epoch 8/50 | Train Loss=0.000010 | Val Loss=0.086805
Epoch 9/50 | Train Loss=0.000008 | Val Loss=0.086293
Epoch 10/50 | Train Loss=0.000007 | Val Loss=0.085264
‚èπ Early stopping at epoch 10
[Tuning-Transformer] Threshold (p95)=0.003400
Epoch 1/50 | Train Loss=0.000729 | Val Loss=0.121581
Epoch 2/50 | Train Loss=0.000195 | Val Loss=0.120126
Epoch 3/50 | Train Loss=0.000070 | Val Loss=0.103256
Epoch 4/50 | Train Loss=0.000042 | Val Loss=0.097762
Epoch 5/50 | Train Loss=0.000028 | Val Loss=0.098452
Epoch 6/50 | Train Loss=0.000021 | Val Loss=0.096911
Epoch 7/50 | Train Loss=0.000015 | Val Loss=0.093792
Epoch 8/50 | Train Loss=0.000011 | Val Loss=0.089237
Epoch 9/50 | Train Loss=0.000009 | Val Loss=0.083585
Epoch 10/50 | Train Loss=0.000007 | Val Loss=0.078881
Epoch 11/50 | Train Loss=0.000005 | Val Loss=0.074561
Epoch 12/50 | Train Loss=0.000004 | Val Loss=0.071599
Epoch 13/50 | Train Loss=0.000004 | Val Loss=0.069162
Epoch 14/50 | Train Loss=0.000003 | Val Loss=0.067581
Epoch 15/50 | Train Loss=0.000003 | Val Loss=0.066678
Epoch 16/50 | Train Loss=0.000002 | Val Loss=0.066326
Epoch 17/50 | Train Loss=0.000002 | Val Loss=0.066276
Epoch 18/50 | Train Loss=0.000002 | Val Loss=0.066755
Epoch 19/50 | Train Loss=0.000002 | Val Loss=0.067667
Epoch 20/50 | Train Loss=0.000002 | Val Loss=0.068804
Epoch 21/50 | Train Loss=0.000002 | Val Loss=0.070174
Epoch 22/50 | Train Loss=0.000002 | Val Loss=0.072007
‚èπ Early stopping at epoch 22
[Tuning-Transformer] Threshold (p95)=0.000541
üîé Best hyperparameters for Transformer: {'window_size': 90, 'batch_size': 64, 'lr': 0.002419875979618006, 'd_model': 128, 'n_heads': 4, 'num_layers': 2, 'dropout': 0.3186622255881667}
Best validation loss: 0.050335537642240524
‚úÖ Best LSTM params: {'window_size': 90, 'batch_size': 64, 'lr': 0.0007153501283158441, 'hidden_size': 128, 'dropout': 0.4435130158978111}
[I 2025-09-16 23:34:47,297] A new study created in memory with name: no-name-1608c29c-3ecf-4b2e-a0aa-b18126f7fbfc
[I 2025-09-16 23:34:48,455] Trial 0 finished with value: 0.024997670203447342 and parameters: {'window_size': 60, 'batch_size': 64, 'lr': 0.0017983268696620087, 'hidden_size': 32, 'dropout': 0.45146450745978206}. Best is trial 0 with value: 0.024997670203447342.
[I 2025-09-16 23:34:48,962] Trial 1 finished with value: 0.024971747770905495 and parameters: {'window_size': 60, 'batch_size': 128, 'lr': 0.0034771041364966677, 'hidden_size': 64, 'dropout': 0.4424568828410086}. Best is trial 1 with value: 0.024971747770905495.
[I 2025-09-16 23:34:49,413] Trial 2 finished with value: 0.018021341413259506 and parameters: {'window_size': 120, 'batch_size': 64, 'lr': 0.0020460449411598665, 'hidden_size': 64, 'dropout': 0.29909311937484495}. Best is trial 2 with value: 0.018021341413259506.
[I 2025-09-16 23:34:49,734] Trial 3 finished with value: 0.018798034638166428 and parameters: {'window_size': 90, 'batch_size': 128, 'lr': 0.002633479185229598, 'hidden_size': 64, 'dropout': 0.1362089598402061}. Best is trial 2 with value: 0.018021341413259506.
[I 2025-09-16 23:34:50,299] Trial 4 finished with value: 0.026223013177514076 and parameters: {'window_size': 60, 'batch_size': 128, 'lr': 0.0013998714094835187, 'hidden_size': 16, 'dropout': 0.25284928999927736}. Best is trial 2 with value: 0.018021341413259506.
[I 2025-09-16 23:34:51,851] Trial 5 finished with value: 0.01751369796693325 and parameters: {'window_size': 120, 'batch_size': 32, 'lr': 0.00041221683572183687, 'hidden_size': 128, 'dropout': 0.21151602110593998}. Best is trial 5 with value: 0.01751369796693325.
[I 2025-09-16 23:34:52,888] Trial 6 finished with value: 0.019106414169073105 and parameters: {'window_size': 120, 'batch_size': 32, 'lr': 0.00026719547901120637, 'hidden_size': 64, 'dropout': 0.4002017023510228}. Best is trial 5 with value: 0.01751369796693325.
‚úÖ Best Transformer params: {'window_size': 90, 'batch_size': 64, 'lr': 0.002419875979618006, 'd_model': 128, 'n_heads': 4, 'num_layers': 2, 'dropout': 0.3186622255881667}

>>> Training LSTM_AE for coin_coin_Monero...
Epoch 1/100 | Train Loss=0.000272 | Val Loss=0.140990
Epoch 2/100 | Train Loss=0.000089 | Val Loss=0.126368
Epoch 3/100 | Train Loss=0.000071 | Val Loss=0.127203
Epoch 4/100 | Train Loss=0.000062 | Val Loss=0.125606
Epoch 5/100 | Train Loss=0.000057 | Val Loss=0.129744
Epoch 6/100 | Train Loss=0.000057 | Val Loss=0.128657
Epoch 7/100 | Train Loss=0.000052 | Val Loss=0.127251
Epoch 8/100 | Train Loss=0.000051 | Val Loss=0.129050
Epoch 9/100 | Train Loss=0.000048 | Val Loss=0.130250
Epoch 10/100 | Train Loss=0.000053 | Val Loss=0.129372
Epoch 11/100 | Train Loss=0.000046 | Val Loss=0.132156
‚èπ Early stopping at epoch 11
[coin_coin_Monero (LSTM_AE)] Threshold (p95)=0.023639
üìä Saved error distribution to /data/m24csa029/MTP/cyptocurrency/results/coin_coin_Monero_LSTM_AE_anomalies_errors.png
coin_coin_Monero [LSTM_AE]: 300 anomalies detected

>>> Training Transformer for coin_coin_Monero...
Epoch 1/100 | Train Loss=0.001738 | Val Loss=0.136916
Epoch 2/100 | Train Loss=0.000165 | Val Loss=0.095640
Epoch 3/100 | Train Loss=0.000041 | Val Loss=0.073057
Epoch 4/100 | Train Loss=0.000019 | Val Loss=0.067336
Epoch 5/100 | Train Loss=0.000013 | Val Loss=0.067934
Epoch 6/100 | Train Loss=0.000010 | Val Loss=0.070776
Epoch 7/100 | Train Loss=0.000007 | Val Loss=0.068777
Epoch 8/100 | Train Loss=0.000009 | Val Loss=0.068312
Epoch 9/100 | Train Loss=0.000005 | Val Loss=0.069848
Epoch 10/100 | Train Loss=0.000004 | Val Loss=0.069760
Epoch 11/100 | Train Loss=0.000004 | Val Loss=0.068664
‚èπ Early stopping at epoch 11
[coin_coin_Monero (Transformer)] Threshold (p95)=0.000409
üìä Saved error distribution to /data/m24csa029/MTP/cyptocurrency/results/coin_coin_Monero_Transformer_anomalies_errors.png
coin_coin_Monero [Transformer]: 300 anomalies detected

üöÄ Processing coin_coin_USDCoin...

üîé Running hyperparameter search for LSTM_AE on coin_coin_USDCoin...
Epoch 1/50 | Train Loss=0.001977 | Val Loss=0.083815
Epoch 2/50 | Train Loss=0.000987 | Val Loss=0.040231
Epoch 3/50 | Train Loss=0.000570 | Val Loss=0.040459
Epoch 4/50 | Train Loss=0.000463 | Val Loss=0.041006
Epoch 5/50 | Train Loss=0.000439 | Val Loss=0.040387
Epoch 6/50 | Train Loss=0.000427 | Val Loss=0.039255
Epoch 7/50 | Train Loss=0.000421 | Val Loss=0.038460
Epoch 8/50 | Train Loss=0.000411 | Val Loss=0.038264
Epoch 9/50 | Train Loss=0.000403 | Val Loss=0.038056
Epoch 10/50 | Train Loss=0.000398 | Val Loss=0.037423
Epoch 11/50 | Train Loss=0.000382 | Val Loss=0.036239
Epoch 12/50 | Train Loss=0.000352 | Val Loss=0.033339
Epoch 13/50 | Train Loss=0.000262 | Val Loss=0.026304
Epoch 14/50 | Train Loss=0.000147 | Val Loss=0.026224
Epoch 15/50 | Train Loss=0.000118 | Val Loss=0.024998
Epoch 16/50 | Train Loss=0.000117 | Val Loss=0.025485
Epoch 17/50 | Train Loss=0.000110 | Val Loss=0.025048
Epoch 18/50 | Train Loss=0.000109 | Val Loss=0.025031
Epoch 19/50 | Train Loss=0.000108 | Val Loss=0.025561
Epoch 20/50 | Train Loss=0.000103 | Val Loss=0.025270
‚èπ Early stopping at epoch 20
[Tuning-LSTM_AE] Threshold (p95)=0.025667
Epoch 1/50 | Train Loss=0.001012 | Val Loss=0.080065
Epoch 2/50 | Train Loss=0.000493 | Val Loss=0.056318
Epoch 3/50 | Train Loss=0.000289 | Val Loss=0.035746
Epoch 4/50 | Train Loss=0.000160 | Val Loss=0.027617
Epoch 5/50 | Train Loss=0.000095 | Val Loss=0.025694
Epoch 6/50 | Train Loss=0.000070 | Val Loss=0.027568
Epoch 7/50 | Train Loss=0.000063 | Val Loss=0.025868
Epoch 8/50 | Train Loss=0.000059 | Val Loss=0.025141
Epoch 9/50 | Train Loss=0.000059 | Val Loss=0.025223
Epoch 10/50 | Train Loss=0.000055 | Val Loss=0.025202
Epoch 11/50 | Train Loss=0.000055 | Val Loss=0.024972
Epoch 12/50 | Train Loss=0.000055 | Val Loss=0.025069
Epoch 13/50 | Train Loss=0.000053 | Val Loss=0.025129
Epoch 14/50 | Train Loss=0.000053 | Val Loss=0.025301
Epoch 15/50 | Train Loss=0.000052 | Val Loss=0.025126
Epoch 16/50 | Train Loss=0.000053 | Val Loss=0.025010
‚èπ Early stopping at epoch 16
[Tuning-LSTM_AE] Threshold (p95)=0.026306
Epoch 1/50 | Train Loss=0.000667 | Val Loss=0.028501
Epoch 2/50 | Train Loss=0.000190 | Val Loss=0.018842
Epoch 3/50 | Train Loss=0.000120 | Val Loss=0.018021
Epoch 4/50 | Train Loss=0.000108 | Val Loss=0.018488
Epoch 5/50 | Train Loss=0.000104 | Val Loss=0.018072
Epoch 6/50 | Train Loss=0.000101 | Val Loss=0.018786
Epoch 7/50 | Train Loss=0.000101 | Val Loss=0.018782
Epoch 8/50 | Train Loss=0.000101 | Val Loss=0.018216
‚èπ Early stopping at epoch 8
[Tuning-LSTM_AE] Threshold (p95)=0.021521
Epoch 1/50 | Train Loss=0.000726 | Val Loss=0.053557
Epoch 2/50 | Train Loss=0.000220 | Val Loss=0.020127
Epoch 3/50 | Train Loss=0.000087 | Val Loss=0.024743
Epoch 4/50 | Train Loss=0.000070 | Val Loss=0.018798
Epoch 5/50 | Train Loss=0.000057 | Val Loss=0.021669
Epoch 6/50 | Train Loss=0.000053 | Val Loss=0.020968
Epoch 7/50 | Train Loss=0.000051 | Val Loss=0.020691
Epoch 8/50 | Train Loss=0.000051 | Val Loss=0.020712
Epoch 9/50 | Train Loss=0.000049 | Val Loss=0.020864
‚èπ Early stopping at epoch 9
[Tuning-LSTM_AE] Threshold (p95)=0.024943
Epoch 1/50 | Train Loss=0.000499 | Val Loss=0.075013
Epoch 2/50 | Train Loss=0.000409 | Val Loss=0.067106
Epoch 3/50 | Train Loss=0.000322 | Val Loss=0.058373
Epoch 4/50 | Train Loss=0.000239 | Val Loss=0.049104
Epoch 5/50 | Train Loss=0.000169 | Val Loss=0.040846
Epoch 6/50 | Train Loss=0.000122 | Val Loss=0.034463
Epoch 7/50 | Train Loss=0.000096 | Val Loss=0.029912
Epoch 8/50 | Train Loss=0.000083 | Val Loss=0.027201
Epoch 9/50 | Train Loss=0.000074 | Val Loss=0.026223
Epoch 10/50 | Train Loss=0.000070 | Val Loss=0.026254
Epoch 11/50 | Train Loss=0.000065 | Val Loss=0.026566
Epoch 12/50 | Train Loss=0.000064 | Val Loss=0.026731
Epoch 13/50 | Train Loss=0.000062 | Val Loss=0.026729
Epoch 14/50 | Train Loss=0.000061 | Val Loss=0.026536
‚èπ Early stopping at epoch 14
[Tuning-LSTM_AE] Threshold (p95)=0.027310
Epoch 1/50 | Train Loss=0.001724 | Val Loss=0.034687
Epoch 2/50 | Train Loss=0.000719 | Val Loss=0.021344
Epoch 3/50 | Train Loss=0.000246 | Val Loss=0.017831
Epoch 4/50 | Train Loss=0.000215 | Val Loss=0.017697
Epoch 5/50 | Train Loss=0.000211 | Val Loss=0.017641
Epoch 6/50 | Train Loss=0.000207 | Val Loss=0.017975
Epoch 7/50 | Train Loss=0.000205 | Val Loss=0.017678
Epoch 8/50 | Train Loss=0.000202 | Val Loss=0.017614
Epoch 9/50 | Train Loss=0.000201 | Val Loss=0.017514
Epoch 10/50 | Train Loss=0.000197 | Val Loss=0.017734
Epoch 11/50 | Train Loss=0.000196 | Val Loss=0.017897
Epoch 12/50 | Train Loss=0.000195 | Val Loss=0.017627
Epoch 13/50 | Train Loss=0.000199 | Val Loss=0.017758
Epoch 14/50 | Train Loss=0.000194 | Val Loss=0.017782
‚èπ Early stopping at epoch 14
[Tuning-LSTM_AE] Threshold (p95)=0.020966
Epoch 1/50 | Train Loss=0.002742 | Val Loss=0.072807
Epoch 2/50 | Train Loss=0.001520 | Val Loss=0.037894
Epoch 3/50 | Train Loss=0.000710 | Val Loss=0.024220
Epoch 4/50 | Train Loss=0.000388 | Val Loss=0.020464
Epoch 5/50 | Train Loss=0.000314 | Val Loss=0.019106
Epoch 6/50 | Train Loss=0.000292 | Val Loss=0.019264
Epoch 7/50 | Train Loss=0.000277 | Val Loss=0.019398
Epoch 8/50 | Train Loss=0.000266 | Val Loss=0.019434
Epoch 9/50 | Train Loss=0.000262 | Val Loss=0.019358
Epoch 10/50 | Train Loss=0.000251 | Val Loss=0.019383
‚èπ Early stopping at epoch 10
[Tuning-LSTM_AE] Threshold (p95)=0.021807
Epoch 1/50 | Train Loss=0.000824 | Val Loss=0.110928
Epoch 2/50 | Train Loss=0.000703 | Val Loss=0.095912
Epoch 3/50 | Train Loss=0.000590 | Val Loss=0.081010
Epoch 4/50 | Train Loss=0.000475 | Val Loss=0.066104
Epoch 5/50 | Train Loss=0.000365 | Val Loss=0.052735
Epoch 6/50 | Train Loss=0.000278 | Val Loss=0.042911
Epoch 7/50 | Train Loss=0.000219 | Val Loss=0.035892
Epoch 8/50 | Train Loss=0.000168 | Val Loss=0.030432
Epoch 9/50 | Train Loss=0.000123 | Val Loss=0.027326
Epoch 10/50 | Train Loss=0.000094 | Val Loss=0.026235
Epoch 11/50 | Train Loss=0.000080 | Val Loss=0.026123
Epoch 12/50 | Train Loss=0.000076 | Val Loss=0.026327
Epoch 13/50 | Train Loss=0.000073 | Val Loss=0.026235
[I 2025-09-16 23:34:53,687] Trial 7 finished with value: 0.025504350662231445 and parameters: {'window_size': 60, 'batch_size': 128, 'lr': 0.0006268141853711248, 'hidden_size': 64, 'dropout': 0.4715021119852286}. Best is trial 5 with value: 0.01751369796693325.
[I 2025-09-16 23:34:55,820] Trial 8 finished with value: 0.01792741008102894 and parameters: {'window_size': 120, 'batch_size': 128, 'lr': 0.00015429035065383904, 'hidden_size': 128, 'dropout': 0.3815403742492869}. Best is trial 5 with value: 0.01751369796693325.
[I 2025-09-16 23:34:56,100] Trial 9 finished with value: 0.017399610951542854 and parameters: {'window_size': 120, 'batch_size': 128, 'lr': 0.0032834678609517396, 'hidden_size': 16, 'dropout': 0.49014980164302047}. Best is trial 9 with value: 0.017399610951542854.
[I 2025-09-16 23:34:56,101] A new study created in memory with name: no-name-2f095ccb-9525-4d2a-ae2f-5032b0f11bd4
[I 2025-09-16 23:34:58,435] Trial 0 finished with value: 0.0034122182987630367 and parameters: {'window_size': 90, 'batch_size': 32, 'lr': 0.007928106466160106, 'd_model': 32, 'n_heads': 8, 'num_layers': 2, 'dropout': 0.16788278339589718}. Best is trial 0 with value: 0.0034122182987630367.
[I 2025-09-16 23:35:03,565] Trial 1 finished with value: 0.0002962342987302691 and parameters: {'window_size': 120, 'batch_size': 32, 'lr': 0.0015307708857195928, 'd_model': 128, 'n_heads': 4, 'num_layers': 1, 'dropout': 0.135522638894469}. Best is trial 1 with value: 0.0002962342987302691.
