[I 2025-09-16 23:40:31,062] Trial 5 finished with value: 0.0023844751995056868 and parameters: {'window_size': 60, 'batch_size': 128, 'lr': 0.004489322354340858, 'd_model': 32, 'n_heads': 4, 'num_layers': 2, 'dropout': 0.24943958270754846}. Best is trial 2 with value: 0.00042245269287377596.
Epoch 30/50 | Train Loss=0.000161 | Val Loss=0.000599
Epoch 31/50 | Train Loss=0.000157 | Val Loss=0.000556
Epoch 32/50 | Train Loss=0.000154 | Val Loss=0.000582
Epoch 33/50 | Train Loss=0.000148 | Val Loss=0.000599
Epoch 34/50 | Train Loss=0.000146 | Val Loss=0.000535
Epoch 35/50 | Train Loss=0.000142 | Val Loss=0.000547
Epoch 36/50 | Train Loss=0.000139 | Val Loss=0.000517
Epoch 37/50 | Train Loss=0.000135 | Val Loss=0.000512
Epoch 38/50 | Train Loss=0.000129 | Val Loss=0.000524
Epoch 39/50 | Train Loss=0.000128 | Val Loss=0.000466
Epoch 40/50 | Train Loss=0.000122 | Val Loss=0.000493
Epoch 41/50 | Train Loss=0.000123 | Val Loss=0.000476
Epoch 42/50 | Train Loss=0.000121 | Val Loss=0.000447
Epoch 43/50 | Train Loss=0.000116 | Val Loss=0.000469
Epoch 44/50 | Train Loss=0.000114 | Val Loss=0.000446
Epoch 45/50 | Train Loss=0.000110 | Val Loss=0.000458
Epoch 46/50 | Train Loss=0.000111 | Val Loss=0.000429
Epoch 47/50 | Train Loss=0.000108 | Val Loss=0.000471
Epoch 48/50 | Train Loss=0.000104 | Val Loss=0.000432
Epoch 49/50 | Train Loss=0.000103 | Val Loss=0.000443
Epoch 50/50 | Train Loss=0.000101 | Val Loss=0.000422
[Tuning-Transformer] Threshold (p95)=0.000313
Epoch 1/50 | Train Loss=0.002835 | Val Loss=0.258692
Epoch 2/50 | Train Loss=0.001766 | Val Loss=0.157562
Epoch 3/50 | Train Loss=0.001081 | Val Loss=0.094059
Epoch 4/50 | Train Loss=0.000757 | Val Loss=0.057452
Epoch 5/50 | Train Loss=0.000580 | Val Loss=0.037391
Epoch 6/50 | Train Loss=0.000479 | Val Loss=0.026830
Epoch 7/50 | Train Loss=0.000432 | Val Loss=0.021762
Epoch 8/50 | Train Loss=0.000402 | Val Loss=0.019761
Epoch 9/50 | Train Loss=0.000373 | Val Loss=0.019176
Epoch 10/50 | Train Loss=0.000336 | Val Loss=0.018865
Epoch 11/50 | Train Loss=0.000302 | Val Loss=0.018251
Epoch 12/50 | Train Loss=0.000265 | Val Loss=0.017401
Epoch 13/50 | Train Loss=0.000244 | Val Loss=0.016543
Epoch 14/50 | Train Loss=0.000229 | Val Loss=0.015796
Epoch 15/50 | Train Loss=0.000224 | Val Loss=0.015080
Epoch 16/50 | Train Loss=0.000213 | Val Loss=0.014348
Epoch 17/50 | Train Loss=0.000208 | Val Loss=0.013709
Epoch 18/50 | Train Loss=0.000203 | Val Loss=0.013284
Epoch 19/50 | Train Loss=0.000196 | Val Loss=0.013069
Epoch 20/50 | Train Loss=0.000191 | Val Loss=0.012976
Epoch 21/50 | Train Loss=0.000187 | Val Loss=0.012878
Epoch 22/50 | Train Loss=0.000181 | Val Loss=0.012641
Epoch 23/50 | Train Loss=0.000180 | Val Loss=0.012196
Epoch 24/50 | Train Loss=0.000169 | Val Loss=0.011595
Epoch 25/50 | Train Loss=0.000168 | Val Loss=0.010937
Epoch 26/50 | Train Loss=0.000157 | Val Loss=0.010303
Epoch 27/50 | Train Loss=0.000158 | Val Loss=0.009745
Epoch 28/50 | Train Loss=0.000151 | Val Loss=0.009279
Epoch 29/50 | Train Loss=0.000149 | Val Loss=0.008906
Epoch 30/50 | Train Loss=0.000149 | Val Loss=0.008594
Epoch 31/50 | Train Loss=0.000147 | Val Loss=0.008316
Epoch 32/50 | Train Loss=0.000141 | Val Loss=0.008067
Epoch 33/50 | Train Loss=0.000137 | Val Loss=0.007844
Epoch 34/50 | Train Loss=0.000135 | Val Loss=0.007636
Epoch 35/50 | Train Loss=0.000137 | Val Loss=0.007446
Epoch 36/50 | Train Loss=0.000129 | Val Loss=0.007263
Epoch 37/50 | Train Loss=0.000131 | Val Loss=0.007067
Epoch 38/50 | Train Loss=0.000126 | Val Loss=0.006842
Epoch 39/50 | Train Loss=0.000127 | Val Loss=0.006602
Epoch 40/50 | Train Loss=0.000122 | Val Loss=0.006372
Epoch 41/50 | Train Loss=0.000120 | Val Loss=0.006167
Epoch 42/50 | Train Loss=0.000118 | Val Loss=0.005977
Epoch 43/50 | Train Loss=0.000114 | Val Loss=0.005799
Epoch 44/50 | Train Loss=0.000114 | Val Loss=0.005612
Epoch 45/50 | Train Loss=0.000111 | Val Loss=0.005417
Epoch 46/50 | Train Loss=0.000112 | Val Loss=0.005231
Epoch 47/50 | Train Loss=0.000108 | Val Loss=0.005067
Epoch 48/50 | Train Loss=0.000106 | Val Loss=0.004919
Epoch 49/50 | Train Loss=0.000104 | Val Loss=0.004782
Epoch 50/50 | Train Loss=0.000103 | Val Loss=0.004654
[Tuning-Transformer] Threshold (p95)=0.005278
Epoch 1/50 | Train Loss=0.003370 | Val Loss=0.200699
Epoch 2/50 | Train Loss=0.001480 | Val Loss=0.092558
Epoch 3/50 | Train Loss=0.000696 | Val Loss=0.040887
Epoch 4/50 | Train Loss=0.000431 | Val Loss=0.017100
Epoch 5/50 | Train Loss=0.000366 | Val Loss=0.012443
Epoch 6/50 | Train Loss=0.000398 | Val Loss=0.014771
Epoch 7/50 | Train Loss=0.000433 | Val Loss=0.015976
Epoch 8/50 | Train Loss=0.000427 | Val Loss=0.014273
Epoch 9/50 | Train Loss=0.000377 | Val Loss=0.010992
Epoch 10/50 | Train Loss=0.000313 | Val Loss=0.007925
Epoch 11/50 | Train Loss=0.000258 | Val Loss=0.006132
Epoch 12/50 | Train Loss=0.000224 | Val Loss=0.005775
Epoch 13/50 | Train Loss=0.000209 | Val Loss=0.006424
Epoch 14/50 | Train Loss=0.000202 | Val Loss=0.007474
Epoch 15/50 | Train Loss=0.000204 | Val Loss=0.008477
Epoch 16/50 | Train Loss=0.000203 | Val Loss=0.009216
Epoch 17/50 | Train Loss=0.000212 | Val Loss=0.009659
‚èπ Early stopping at epoch 17
[Tuning-Transformer] Threshold (p95)=0.014676
Epoch 1/50 | Train Loss=0.003967 | Val Loss=0.235199
Epoch 2/50 | Train Loss=0.002271 | Val Loss=0.049770
Epoch 3/50 | Train Loss=0.000938 | Val Loss=0.061259
Epoch 4/50 | Train Loss=0.000888 | Val Loss=0.057188
Epoch 5/50 | Train Loss=0.000762 | Val Loss=0.042805
Epoch 6/50 | Train Loss=0.000622 | Val Loss=0.024906
Epoch 7/50 | Train Loss=0.000500 | Val Loss=0.018281
Epoch 8/50 | Train Loss=0.000448 | Val Loss=0.021371
Epoch 9/50 | Train Loss=0.000430 | Val Loss=0.020346
Epoch 10/50 | Train Loss=0.000407 | Val Loss=0.015843
Epoch 11/50 | Train Loss=0.000364 | Val Loss=0.012557
Epoch 12/50 | Train Loss=0.000321 | Val Loss=0.013180
Epoch 13/50 | Train Loss=0.000293 | Val Loss=0.014378
Epoch 14/50 | Train Loss=0.000279 | Val Loss=0.011323
Epoch 15/50 | Train Loss=0.000261 | Val Loss=0.010854
Epoch 16/50 | Train Loss=0.000241 | Val Loss=0.010701
Epoch 17/50 | Train Loss=0.000219 | Val Loss=0.009767
Epoch 18/50 | Train Loss=0.000203 | Val Loss=0.012892
Epoch 19/50 | Train Loss=0.000182 | Val Loss=0.010729
Epoch 20/50 | Train Loss=0.000163 | Val Loss=0.010640
Epoch 21/50 | Train Loss=0.000142 | Val Loss=0.009010
Epoch 22/50 | Train Loss=0.000124 | Val Loss=0.008981
Epoch 23/50 | Train Loss=0.000119 | Val Loss=0.009760
Epoch 24/50 | Train Loss=0.000116 | Val Loss=0.008113
Epoch 25/50 | Train Loss=0.000103 | Val Loss=0.008743
Epoch 26/50 | Train Loss=0.000093 | Val Loss=0.008166
Epoch 27/50 | Train Loss=0.000085 | Val Loss=0.007159
Epoch 28/50 | Train Loss=0.000079 | Val Loss=0.007287
Epoch 29/50 | Train Loss=0.000072 | Val Loss=0.006910
Epoch 30/50 | Train Loss=0.000068 | Val Loss=0.005695
Epoch 31/50 | Train Loss=0.000057 | Val Loss=0.005480
Epoch 32/50 | Train Loss=0.000050 | Val Loss=0.005318
Epoch 33/50 | Train Loss=0.000049 | Val Loss=0.005218
Epoch 34/50 | Train Loss=0.000046 | Val Loss=0.005506
Epoch 35/50 | Train Loss=0.000043 | Val Loss=0.004559
Epoch 36/50 | Train Loss=0.000037 | Val Loss=0.004376
Epoch 37/50 | Train Loss=0.000036 | Val Loss=0.004229
Epoch 38/50 | Train Loss=0.000034 | Val Loss=0.003685
Epoch 39/50 | Train Loss=0.000030 | Val Loss=0.003922
Epoch 40/50 | Train Loss=0.000029 | Val Loss=0.003302
Epoch 41/50 | Train Loss=0.000027 | Val Loss=0.003441
Epoch 42/50 | Train Loss=0.000025 | Val Loss=0.003126
Epoch 43/50 | Train Loss=0.000024 | Val Loss=0.003067
Epoch 44/50 | Train Loss=0.000022 | Val Loss=0.003344
Epoch 45/50 | Train Loss=0.000023 | Val Loss=0.002826
Epoch 46/50 | Train Loss=0.000020 | Val Loss=0.002655
Epoch 47/50 | Train Loss=0.000019 | Val Loss=0.002832
Epoch 48/50 | Train Loss=0.000019 | Val Loss=0.002515
Epoch 49/50 | Train Loss=0.000017 | Val Loss=0.002384
Epoch 50/50 | Train Loss=0.000017 | Val Loss=0.002458
[Tuning-Transformer] Threshold (p95)=0.001802
Epoch 1/50 | Train Loss=0.020016 | Val Loss=0.071001
Epoch 2/50 | Train Loss=0.003188 | Val Loss=0.039285
Epoch 3/50 | Train Loss=0.002139 | Val Loss=0.115009
Epoch 4/50 | Train Loss=0.002392 | Val Loss=0.034211
Epoch 5/50 | Train Loss=0.002040 | Val Loss=0.067537
Epoch 6/50 | Train Loss=0.001892 | Val Loss=0.018102
Epoch 7/50 | Train Loss=0.001854 | Val Loss=0.031569
Epoch 8/50 | Train Loss=0.001639 | Val Loss=0.015614
Epoch 9/50 | Train Loss=0.002238 | Val Loss=0.015009
Epoch 10/50 | Train Loss=0.001925 | Val Loss=0.086360
[I 2025-09-16 23:40:32,334] Trial 6 finished with value: 0.013103418983519077 and parameters: {'window_size': 90, 'batch_size': 32, 'lr': 0.007314550149502189, 'd_model': 128, 'n_heads': 8, 'num_layers': 3, 'dropout': 0.14822498220125008}. Best is trial 2 with value: 0.00042245269287377596.
[I 2025-09-16 23:40:32,722] Trial 7 finished with value: 0.038114648312330246 and parameters: {'window_size': 60, 'batch_size': 128, 'lr': 0.004954202245689584, 'd_model': 128, 'n_heads': 2, 'num_layers': 2, 'dropout': 0.16330263041850707}. Best is trial 2 with value: 0.00042245269287377596.
[I 2025-09-16 23:40:33,679] Trial 8 finished with value: 0.003992332145571709 and parameters: {'window_size': 60, 'batch_size': 64, 'lr': 0.0001195137489990118, 'd_model': 32, 'n_heads': 4, 'num_layers': 1, 'dropout': 0.1877528649369069}. Best is trial 2 with value: 0.00042245269287377596.
[I 2025-09-16 23:40:34,324] Trial 9 finished with value: 0.009204166941344738 and parameters: {'window_size': 120, 'batch_size': 64, 'lr': 0.00019693950627971697, 'd_model': 64, 'n_heads': 4, 'num_layers': 3, 'dropout': 0.32391613658750007}. Best is trial 2 with value: 0.00042245269287377596.
Epoch 11/50 | Train Loss=0.001596 | Val Loss=0.013103
Epoch 12/50 | Train Loss=0.002207 | Val Loss=0.053581
Epoch 13/50 | Train Loss=0.001595 | Val Loss=0.031445
Epoch 14/50 | Train Loss=0.001641 | Val Loss=0.029531
Epoch 15/50 | Train Loss=0.001565 | Val Loss=0.033397
Epoch 16/50 | Train Loss=0.001509 | Val Loss=0.050162
‚èπ Early stopping at epoch 16
[Tuning-Transformer] Threshold (p95)=0.094340
Epoch 1/50 | Train Loss=0.009068 | Val Loss=0.695510
Epoch 2/50 | Train Loss=0.007543 | Val Loss=0.200102
Epoch 3/50 | Train Loss=0.001602 | Val Loss=0.163284
Epoch 4/50 | Train Loss=0.001607 | Val Loss=0.102946
Epoch 5/50 | Train Loss=0.000878 | Val Loss=0.038115
Epoch 6/50 | Train Loss=0.000852 | Val Loss=0.050328
Epoch 7/50 | Train Loss=0.000797 | Val Loss=0.053466
Epoch 8/50 | Train Loss=0.000695 | Val Loss=0.057902
Epoch 9/50 | Train Loss=0.000741 | Val Loss=0.065290
Epoch 10/50 | Train Loss=0.000688 | Val Loss=0.055685
‚èπ Early stopping at epoch 10
[Tuning-Transformer] Threshold (p95)=0.091007
Epoch 1/50 | Train Loss=0.002139 | Val Loss=0.057897
Epoch 2/50 | Train Loss=0.001027 | Val Loss=0.031061
Epoch 3/50 | Train Loss=0.000696 | Val Loss=0.028061
Epoch 4/50 | Train Loss=0.000626 | Val Loss=0.024043
Epoch 5/50 | Train Loss=0.000536 | Val Loss=0.019931
Epoch 6/50 | Train Loss=0.000436 | Val Loss=0.017998
Epoch 7/50 | Train Loss=0.000388 | Val Loss=0.017227
Epoch 8/50 | Train Loss=0.000360 | Val Loss=0.015541
Epoch 9/50 | Train Loss=0.000338 | Val Loss=0.012952
Epoch 10/50 | Train Loss=0.000313 | Val Loss=0.010841
Epoch 11/50 | Train Loss=0.000296 | Val Loss=0.009845
Epoch 12/50 | Train Loss=0.000290 | Val Loss=0.009544
Epoch 13/50 | Train Loss=0.000284 | Val Loss=0.009348
Epoch 14/50 | Train Loss=0.000271 | Val Loss=0.009160
Epoch 15/50 | Train Loss=0.000260 | Val Loss=0.009079
Epoch 16/50 | Train Loss=0.000256 | Val Loss=0.009073
Epoch 17/50 | Train Loss=0.000247 | Val Loss=0.008975
Epoch 18/50 | Train Loss=0.000244 | Val Loss=0.008728
Epoch 19/50 | Train Loss=0.000238 | Val Loss=0.008427
Epoch 20/50 | Train Loss=0.000233 | Val Loss=0.008178
Epoch 21/50 | Train Loss=0.000230 | Val Loss=0.008000
Epoch 22/50 | Train Loss=0.000219 | Val Loss=0.007831
Epoch 23/50 | Train Loss=0.000217 | Val Loss=0.007674
Epoch 24/50 | Train Loss=0.000213 | Val Loss=0.007521
Epoch 25/50 | Train Loss=0.000210 | Val Loss=0.007337
Epoch 26/50 | Train Loss=0.000204 | Val Loss=0.007138
Epoch 27/50 | Train Loss=0.000203 | Val Loss=0.006945
Epoch 28/50 | Train Loss=0.000196 | Val Loss=0.006771
Epoch 29/50 | Train Loss=0.000196 | Val Loss=0.006614
Epoch 30/50 | Train Loss=0.000190 | Val Loss=0.006465
Epoch 31/50 | Train Loss=0.000186 | Val Loss=0.006330
Epoch 32/50 | Train Loss=0.000181 | Val Loss=0.006201
Epoch 33/50 | Train Loss=0.000177 | Val Loss=0.006050
Epoch 34/50 | Train Loss=0.000173 | Val Loss=0.005874
Epoch 35/50 | Train Loss=0.000173 | Val Loss=0.005707
Epoch 36/50 | Train Loss=0.000168 | Val Loss=0.005574
Epoch 37/50 | Train Loss=0.000163 | Val Loss=0.005450
Epoch 38/50 | Train Loss=0.000162 | Val Loss=0.005295
Epoch 39/50 | Train Loss=0.000159 | Val Loss=0.005157
Epoch 40/50 | Train Loss=0.000154 | Val Loss=0.005032
Epoch 41/50 | Train Loss=0.000152 | Val Loss=0.004893
Epoch 42/50 | Train Loss=0.000149 | Val Loss=0.004771
Epoch 43/50 | Train Loss=0.000146 | Val Loss=0.004658
Epoch 44/50 | Train Loss=0.000145 | Val Loss=0.004550
Epoch 45/50 | Train Loss=0.000141 | Val Loss=0.004432
Epoch 46/50 | Train Loss=0.000137 | Val Loss=0.004305
Epoch 47/50 | Train Loss=0.000134 | Val Loss=0.004204
Epoch 48/50 | Train Loss=0.000134 | Val Loss=0.004145
Epoch 49/50 | Train Loss=0.000130 | Val Loss=0.004082
Epoch 50/50 | Train Loss=0.000128 | Val Loss=0.003992
[Tuning-Transformer] Threshold (p95)=0.004249
Epoch 1/50 | Train Loss=0.004144 | Val Loss=0.063770
Epoch 2/50 | Train Loss=0.001730 | Val Loss=0.017051
Epoch 3/50 | Train Loss=0.001405 | Val Loss=0.021086
Epoch 4/50 | Train Loss=0.001040 | Val Loss=0.021851
Epoch 5/50 | Train Loss=0.000840 | Val Loss=0.022784
Epoch 6/50 | Train Loss=0.000796 | Val Loss=0.019587
Epoch 7/50 | Train Loss=0.000718 | Val Loss=0.012798
Epoch 8/50 | Train Loss=0.000588 | Val Loss=0.009204
Epoch 9/50 | Train Loss=0.000523 | Val Loss=0.011250
Epoch 10/50 | Train Loss=0.000521 | Val Loss=0.013713
Epoch 11/50 | Train Loss=0.000494 | Val Loss=0.014103
Epoch 12/50 | Train Loss=0.000449 | Val Loss=0.013660
Epoch 13/50 | Train Loss=0.000430 | Val Loss=0.012806
‚èπ Early stopping at epoch 13
[Tuning-Transformer] Threshold (p95)=0.017951
üîé Best hyperparameters for Transformer: {'window_size': 120, 'batch_size': 32, 'lr': 0.00018098229932110474, 'd_model': 64, 'n_heads': 2, 'num_layers': 2, 'dropout': 0.18516407431173332}
Best validation loss: 0.00042245269287377596
‚úÖ Best LSTM params: {'window_size': 90, 'batch_size': 32, 'lr': 0.004078501261309703, 'hidden_size': 64, 'dropout': 0.46353711506817175}
‚úÖ Best Transformer params: {'window_size': 120, 'batch_size': 32, 'lr': 0.00018098229932110474, 'd_model': 64, 'n_heads': 2, 'num_layers': 2, 'dropout': 0.18516407431173332}

>>> Training LSTM_AE for coin_coin_Aave...
Epoch 1/100 | Train Loss=0.003060 | Val Loss=0.237995
Epoch 2/100 | Train Loss=0.002333 | Val Loss=0.207683
Epoch 3/100 | Train Loss=0.002441 | Val Loss=0.180242
Epoch 4/100 | Train Loss=0.001957 | Val Loss=0.154931
Epoch 5/100 | Train Loss=0.001847 | Val Loss=0.131034
Epoch 6/100 | Train Loss=0.001873 | Val Loss=0.108723
Epoch 7/100 | Train Loss=0.001303 | Val Loss=0.087492
Epoch 8/100 | Train Loss=0.001272 | Val Loss=0.069137
Epoch 9/100 | Train Loss=0.000973 | Val Loss=0.056175
Epoch 10/100 | Train Loss=0.000997 | Val Loss=0.047339
Epoch 11/100 | Train Loss=0.000904 | Val Loss=0.039873
Epoch 12/100 | Train Loss=0.000878 | Val Loss=0.035769
Epoch 13/100 | Train Loss=0.000875 | Val Loss=0.036688
Epoch 14/100 | Train Loss=0.000825 | Val Loss=0.040240
Epoch 15/100 | Train Loss=0.000861 | Val Loss=0.042747
Epoch 16/100 | Train Loss=0.000780 | Val Loss=0.042861
Epoch 17/100 | Train Loss=0.000695 | Val Loss=0.044829
Epoch 18/100 | Train Loss=0.000903 | Val Loss=0.046729
Epoch 19/100 | Train Loss=0.000795 | Val Loss=0.046708
‚èπ Early stopping at epoch 19
[coin_coin_Aave (LSTM_AE)] Threshold (p95)=0.086993
üìä Saved error distribution to /data/m24csa029/MTP/cyptocurrency/results/coin_coin_Aave_LSTM_AE_anomalies_errors.png
coin_coin_Aave [LSTM_AE]: 27 anomalies detected

>>> Training Transformer for coin_coin_Aave...
Epoch 1/100 | Train Loss=0.006266 | Val Loss=0.069122
Epoch 2/100 | Train Loss=0.002083 | Val Loss=0.057902
Epoch 3/100 | Train Loss=0.001067 | Val Loss=0.053643
Epoch 4/100 | Train Loss=0.000744 | Val Loss=0.009121
Epoch 5/100 | Train Loss=0.000581 | Val Loss=0.011911
Epoch 6/100 | Train Loss=0.000654 | Val Loss=0.008008
Epoch 7/100 | Train Loss=0.000448 | Val Loss=0.007497
Epoch 8/100 | Train Loss=0.000434 | Val Loss=0.013016
Epoch 9/100 | Train Loss=0.000469 | Val Loss=0.011309
Epoch 10/100 | Train Loss=0.000384 | Val Loss=0.007532
Epoch 11/100 | Train Loss=0.000341 | Val Loss=0.008916
Epoch 12/100 | Train Loss=0.000370 | Val Loss=0.008030
Epoch 13/100 | Train Loss=0.000329 | Val Loss=0.005040
Epoch 14/100 | Train Loss=0.000289 | Val Loss=0.005080
Epoch 15/100 | Train Loss=0.000294 | Val Loss=0.004961
Epoch 16/100 | Train Loss=0.000272 | Val Loss=0.003788
Epoch 17/100 | Train Loss=0.000236 | Val Loss=0.003976
Epoch 18/100 | Train Loss=0.000227 | Val Loss=0.003805
Epoch 19/100 | Train Loss=0.000212 | Val Loss=0.003091
Epoch 20/100 | Train Loss=0.000185 | Val Loss=0.003097
Epoch 21/100 | Train Loss=0.000177 | Val Loss=0.002781
Epoch 22/100 | Train Loss=0.000160 | Val Loss=0.002284
Epoch 23/100 | Train Loss=0.000146 | Val Loss=0.002299
Epoch 24/100 | Train Loss=0.000135 | Val Loss=0.001728
Epoch 25/100 | Train Loss=0.000118 | Val Loss=0.001742
Epoch 26/100 | Train Loss=0.000110 | Val Loss=0.001438
Epoch 27/100 | Train Loss=0.000097 | Val Loss=0.001628
Epoch 28/100 | Train Loss=0.000089 | Val Loss=0.001190
Epoch 29/100 | Train Loss=0.000082 | Val Loss=0.001178
Epoch 30/100 | Train Loss=0.000074 | Val Loss=0.001216
Epoch 31/100 | Train Loss=0.000068 | Val Loss=0.001098
[I 2025-09-16 23:40:37,423] A new study created in memory with name: no-name-763d0ed9-8257-4b25-acd8-e660a5df4bc1
[I 2025-09-16 23:40:38,011] Trial 0 finished with value: 0.10618868470191956 and parameters: {'window_size': 90, 'batch_size': 128, 'lr': 0.00011394521155484671, 'hidden_size': 64, 'dropout': 0.2595129262459055}. Best is trial 0 with value: 0.10618868470191956.
[I 2025-09-16 23:40:38,167] Trial 1 finished with value: 0.06363912671804428 and parameters: {'window_size': 120, 'batch_size': 64, 'lr': 0.008514374787663603, 'hidden_size': 32, 'dropout': 0.24002488922671847}. Best is trial 1 with value: 0.06363912671804428.
[I 2025-09-16 23:40:38,324] Trial 2 finished with value: 0.04780203849077225 and parameters: {'window_size': 90, 'batch_size': 64, 'lr': 0.008406790237116617, 'hidden_size': 64, 'dropout': 0.1959140136133519}. Best is trial 2 with value: 0.04780203849077225.
