[I 2025-09-16 23:46:43,406] Trial 0 finished with value: 0.20860418677330017 and parameters: {'window_size': 120, 'batch_size': 64, 'lr': 0.00887308931015454, 'hidden_size': 128, 'dropout': 0.4080605638331135}. Best is trial 0 with value: 0.20860418677330017.
Epoch 45/50 | Train Loss=0.000020 | Val Loss=0.009174
Epoch 46/50 | Train Loss=0.000020 | Val Loss=0.009156
Epoch 47/50 | Train Loss=0.000019 | Val Loss=0.008991
Epoch 48/50 | Train Loss=0.000018 | Val Loss=0.008998
Epoch 49/50 | Train Loss=0.000018 | Val Loss=0.008951
Epoch 50/50 | Train Loss=0.000017 | Val Loss=0.008810
[Tuning-Transformer] Threshold (p95)=0.002015
Epoch 1/50 | Train Loss=0.000984 | Val Loss=0.035748
Epoch 2/50 | Train Loss=0.000056 | Val Loss=0.017357
Epoch 3/50 | Train Loss=0.000041 | Val Loss=0.014930
Epoch 4/50 | Train Loss=0.000037 | Val Loss=0.015040
Epoch 5/50 | Train Loss=0.000028 | Val Loss=0.012643
Epoch 6/50 | Train Loss=0.000059 | Val Loss=0.027255
Epoch 7/50 | Train Loss=0.000031 | Val Loss=0.025052
Epoch 8/50 | Train Loss=0.000020 | Val Loss=0.019367
Epoch 9/50 | Train Loss=0.000026 | Val Loss=0.019907
Epoch 10/50 | Train Loss=0.000019 | Val Loss=0.019212
‚èπ Early stopping at epoch 10
[Tuning-Transformer] Threshold (p95)=0.001550
Epoch 1/50 | Train Loss=0.000957 | Val Loss=0.043208
Epoch 2/50 | Train Loss=0.000101 | Val Loss=0.022662
Epoch 3/50 | Train Loss=0.000054 | Val Loss=0.009896
Epoch 4/50 | Train Loss=0.000038 | Val Loss=0.006655
Epoch 5/50 | Train Loss=0.000026 | Val Loss=0.008511
Epoch 6/50 | Train Loss=0.000015 | Val Loss=0.010265
Epoch 7/50 | Train Loss=0.000010 | Val Loss=0.011788
Epoch 8/50 | Train Loss=0.000009 | Val Loss=0.014045
Epoch 9/50 | Train Loss=0.000006 | Val Loss=0.014252
‚èπ Early stopping at epoch 9
[Tuning-Transformer] Threshold (p95)=0.000356
üîé Best hyperparameters for Transformer: {'window_size': 60, 'batch_size': 32, 'lr': 0.0018637167009422947, 'd_model': 128, 'n_heads': 2, 'num_layers': 2, 'dropout': 0.23678529968846243}
Best validation loss: 0.0008256012806668878
‚úÖ Best LSTM params: {'window_size': 120, 'batch_size': 128, 'lr': 0.002413378509772116, 'hidden_size': 128, 'dropout': 0.4676498398470804}
‚úÖ Best Transformer params: {'window_size': 60, 'batch_size': 32, 'lr': 0.0018637167009422947, 'd_model': 128, 'n_heads': 2, 'num_layers': 2, 'dropout': 0.23678529968846243}

>>> Training LSTM_AE for coin_coin_Tether...
Epoch 1/100 | Train Loss=0.001312 | Val Loss=0.047650
Epoch 2/100 | Train Loss=0.000098 | Val Loss=0.042449
Epoch 3/100 | Train Loss=0.000062 | Val Loss=0.041609
Epoch 4/100 | Train Loss=0.000055 | Val Loss=0.041409
Epoch 5/100 | Train Loss=0.000049 | Val Loss=0.040698
Epoch 6/100 | Train Loss=0.000045 | Val Loss=0.040540
Epoch 7/100 | Train Loss=0.000042 | Val Loss=0.040452
Epoch 8/100 | Train Loss=0.000039 | Val Loss=0.040243
Epoch 9/100 | Train Loss=0.000037 | Val Loss=0.040131
Epoch 10/100 | Train Loss=0.000037 | Val Loss=0.040223
Epoch 11/100 | Train Loss=0.000035 | Val Loss=0.039404
Epoch 12/100 | Train Loss=0.000032 | Val Loss=0.039789
Epoch 13/100 | Train Loss=0.000033 | Val Loss=0.039158
Epoch 14/100 | Train Loss=0.000031 | Val Loss=0.039581
Epoch 15/100 | Train Loss=0.000030 | Val Loss=0.038963
Epoch 16/100 | Train Loss=0.000029 | Val Loss=0.039099
Epoch 17/100 | Train Loss=0.000028 | Val Loss=0.038995
Epoch 18/100 | Train Loss=0.000028 | Val Loss=0.038644
Epoch 19/100 | Train Loss=0.000027 | Val Loss=0.038728
Epoch 20/100 | Train Loss=0.000026 | Val Loss=0.038824
Epoch 21/100 | Train Loss=0.000025 | Val Loss=0.038203
Epoch 22/100 | Train Loss=0.000025 | Val Loss=0.038348
Epoch 23/100 | Train Loss=0.000025 | Val Loss=0.038071
Epoch 24/100 | Train Loss=0.000024 | Val Loss=0.038189
Epoch 25/100 | Train Loss=0.000024 | Val Loss=0.038437
Epoch 26/100 | Train Loss=0.000023 | Val Loss=0.037685
Epoch 27/100 | Train Loss=0.000023 | Val Loss=0.036802
Epoch 28/100 | Train Loss=0.000023 | Val Loss=0.037310
Epoch 29/100 | Train Loss=0.000022 | Val Loss=0.036488
Epoch 30/100 | Train Loss=0.000022 | Val Loss=0.035494
Epoch 31/100 | Train Loss=0.000021 | Val Loss=0.032787
Epoch 32/100 | Train Loss=0.000021 | Val Loss=0.044510
Epoch 33/100 | Train Loss=0.000026 | Val Loss=0.040485
Epoch 34/100 | Train Loss=0.000023 | Val Loss=0.039716
Epoch 35/100 | Train Loss=0.000023 | Val Loss=0.039553
Epoch 36/100 | Train Loss=0.000022 | Val Loss=0.038818
Epoch 37/100 | Train Loss=0.000022 | Val Loss=0.039410
Epoch 38/100 | Train Loss=0.000022 | Val Loss=0.039553
‚èπ Early stopping at epoch 38
[coin_coin_Tether (LSTM_AE)] Threshold (p95)=0.006334
üìä Saved error distribution to /data/m24csa029/MTP/cyptocurrency/results/coin_coin_Tether_LSTM_AE_anomalies_errors.png
coin_coin_Tether [LSTM_AE]: 464 anomalies detected

>>> Training Transformer for coin_coin_Tether...
Epoch 1/100 | Train Loss=0.001010 | Val Loss=0.032020
Epoch 2/100 | Train Loss=0.000126 | Val Loss=0.016426
Epoch 3/100 | Train Loss=0.000040 | Val Loss=0.004905
Epoch 4/100 | Train Loss=0.000019 | Val Loss=0.003907
Epoch 5/100 | Train Loss=0.000015 | Val Loss=0.003158
Epoch 6/100 | Train Loss=0.000013 | Val Loss=0.003434
Epoch 7/100 | Train Loss=0.000013 | Val Loss=0.005009
Epoch 8/100 | Train Loss=0.000010 | Val Loss=0.002722
Epoch 9/100 | Train Loss=0.000009 | Val Loss=0.002694
Epoch 10/100 | Train Loss=0.000011 | Val Loss=0.003743
Epoch 11/100 | Train Loss=0.000014 | Val Loss=0.002348
Epoch 12/100 | Train Loss=0.000006 | Val Loss=0.002202
Epoch 13/100 | Train Loss=0.000006 | Val Loss=0.002006
Epoch 14/100 | Train Loss=0.000006 | Val Loss=0.001876
Epoch 15/100 | Train Loss=0.000005 | Val Loss=0.001776
Epoch 16/100 | Train Loss=0.000006 | Val Loss=0.004093
Epoch 17/100 | Train Loss=0.000010 | Val Loss=0.001311
Epoch 18/100 | Train Loss=0.000004 | Val Loss=0.001407
Epoch 19/100 | Train Loss=0.000003 | Val Loss=0.001229
Epoch 20/100 | Train Loss=0.000004 | Val Loss=0.001211
Epoch 21/100 | Train Loss=0.000003 | Val Loss=0.001230
Epoch 22/100 | Train Loss=0.000003 | Val Loss=0.001237
Epoch 23/100 | Train Loss=0.000002 | Val Loss=0.001303
Epoch 24/100 | Train Loss=0.000004 | Val Loss=0.000826
Epoch 25/100 | Train Loss=0.000002 | Val Loss=0.001168
Epoch 26/100 | Train Loss=0.000002 | Val Loss=0.000948
Epoch 27/100 | Train Loss=0.000002 | Val Loss=0.001047
Epoch 28/100 | Train Loss=0.000003 | Val Loss=0.000870
Epoch 29/100 | Train Loss=0.000002 | Val Loss=0.000732
Epoch 30/100 | Train Loss=0.000002 | Val Loss=0.000780
Epoch 31/100 | Train Loss=0.000002 | Val Loss=0.000822
Epoch 32/100 | Train Loss=0.000002 | Val Loss=0.000834
Epoch 33/100 | Train Loss=0.000002 | Val Loss=0.000793
Epoch 34/100 | Train Loss=0.000002 | Val Loss=0.000647
Epoch 35/100 | Train Loss=0.000002 | Val Loss=0.000705
Epoch 36/100 | Train Loss=0.000002 | Val Loss=0.000674
Epoch 37/100 | Train Loss=0.000002 | Val Loss=0.000901
Epoch 38/100 | Train Loss=0.000002 | Val Loss=0.000693
Epoch 39/100 | Train Loss=0.000002 | Val Loss=0.000676
Epoch 40/100 | Train Loss=0.000002 | Val Loss=0.000648
Epoch 41/100 | Train Loss=0.000002 | Val Loss=0.000803
‚èπ Early stopping at epoch 41
[coin_coin_Tether (Transformer)] Threshold (p95)=0.000605
üìä Saved error distribution to /data/m24csa029/MTP/cyptocurrency/results/coin_coin_Tether_Transformer_anomalies_errors.png
coin_coin_Tether [Transformer]: 196 anomalies detected

üöÄ Processing coin_coin_ChainLink...

üîé Running hyperparameter search for LSTM_AE on coin_coin_ChainLink...
Epoch 1/50 | Train Loss=0.000173 | Val Loss=0.268608
Epoch 2/50 | Train Loss=0.000071 | Val Loss=0.234951
Epoch 3/50 | Train Loss=0.000065 | Val Loss=0.208604
Epoch 4/50 | Train Loss=0.000062 | Val Loss=0.216844
Epoch 5/50 | Train Loss=0.000063 | Val Loss=0.209497
Epoch 6/50 | Train Loss=0.000062 | Val Loss=0.231732
Epoch 7/50 | Train Loss=0.000061 | Val Loss=0.218428
Epoch 8/50 | Train Loss=0.000060 | Val Loss=0.224746
‚èπ Early stopping at epoch 8
[Tuning-LSTM_AE] Threshold (p95)=0.019425
Epoch 1/50 | Train Loss=0.000220 | Val Loss=0.416718
Epoch 2/50 | Train Loss=0.000099 | Val Loss=0.382155
Epoch 3/50 | Train Loss=0.000068 | Val Loss=0.352029
Epoch 4/50 | Train Loss=0.000057 | Val Loss=0.339875
Epoch 5/50 | Train Loss=0.000053 | Val Loss=0.331230
Epoch 6/50 | Train Loss=0.000050 | Val Loss=0.322643
Epoch 7/50 | Train Loss=0.000047 | Val Loss=0.312435
Epoch 8/50 | Train Loss=0.000045 | Val Loss=0.299736
Epoch 9/50 | Train Loss=0.000043 | Val Loss=0.282108
Epoch 10/50 | Train Loss=0.000038 | Val Loss=0.265821
[I 2025-09-16 23:46:44,770] Trial 1 finished with value: 0.22857537865638733 and parameters: {'window_size': 120, 'batch_size': 128, 'lr': 0.004020020424514648, 'hidden_size': 16, 'dropout': 0.2910886932907966}. Best is trial 0 with value: 0.20860418677330017.
[I 2025-09-16 23:46:46,315] Trial 2 finished with value: 0.22635675966739655 and parameters: {'window_size': 60, 'batch_size': 128, 'lr': 0.0019147104346846897, 'hidden_size': 32, 'dropout': 0.45505352659773046}. Best is trial 0 with value: 0.20860418677330017.
[I 2025-09-16 23:46:48,051] Trial 3 finished with value: 0.23435577750205994 and parameters: {'window_size': 90, 'batch_size': 64, 'lr': 0.004732450181210918, 'hidden_size': 16, 'dropout': 0.15279853896643406}. Best is trial 0 with value: 0.20860418677330017.
[I 2025-09-16 23:46:50,138] Trial 4 finished with value: 0.37209552526474 and parameters: {'window_size': 60, 'batch_size': 128, 'lr': 0.00020056572583659947, 'hidden_size': 16, 'dropout': 0.3252565061082615}. Best is trial 0 with value: 0.20860418677330017.
Epoch 11/50 | Train Loss=0.000036 | Val Loss=0.251552
Epoch 12/50 | Train Loss=0.000034 | Val Loss=0.246890
Epoch 13/50 | Train Loss=0.000032 | Val Loss=0.245336
Epoch 14/50 | Train Loss=0.000032 | Val Loss=0.245857
Epoch 15/50 | Train Loss=0.000032 | Val Loss=0.246170
Epoch 16/50 | Train Loss=0.000031 | Val Loss=0.243278
Epoch 17/50 | Train Loss=0.000031 | Val Loss=0.238920
Epoch 18/50 | Train Loss=0.000030 | Val Loss=0.237143
Epoch 19/50 | Train Loss=0.000031 | Val Loss=0.238605
Epoch 20/50 | Train Loss=0.000031 | Val Loss=0.239483
Epoch 21/50 | Train Loss=0.000031 | Val Loss=0.236094
Epoch 22/50 | Train Loss=0.000030 | Val Loss=0.234130
Epoch 23/50 | Train Loss=0.000030 | Val Loss=0.238077
Epoch 24/50 | Train Loss=0.000030 | Val Loss=0.237246
Epoch 25/50 | Train Loss=0.000030 | Val Loss=0.231563
Epoch 26/50 | Train Loss=0.000029 | Val Loss=0.231740
Epoch 27/50 | Train Loss=0.000030 | Val Loss=0.233433
Epoch 28/50 | Train Loss=0.000030 | Val Loss=0.233503
Epoch 29/50 | Train Loss=0.000029 | Val Loss=0.228575
Epoch 30/50 | Train Loss=0.000029 | Val Loss=0.232059
Epoch 31/50 | Train Loss=0.000029 | Val Loss=0.232990
Epoch 32/50 | Train Loss=0.000029 | Val Loss=0.231187
Epoch 33/50 | Train Loss=0.000029 | Val Loss=0.229204
Epoch 34/50 | Train Loss=0.000029 | Val Loss=0.230984
‚èπ Early stopping at epoch 34
[Tuning-LSTM_AE] Threshold (p95)=0.019952
Epoch 1/50 | Train Loss=0.000359 | Val Loss=0.417147
Epoch 2/50 | Train Loss=0.000187 | Val Loss=0.389592
Epoch 3/50 | Train Loss=0.000117 | Val Loss=0.378485
Epoch 4/50 | Train Loss=0.000099 | Val Loss=0.370886
Epoch 5/50 | Train Loss=0.000084 | Val Loss=0.361906
Epoch 6/50 | Train Loss=0.000081 | Val Loss=0.350950
Epoch 7/50 | Train Loss=0.000068 | Val Loss=0.330440
Epoch 8/50 | Train Loss=0.000062 | Val Loss=0.311855
Epoch 9/50 | Train Loss=0.000057 | Val Loss=0.293464
Epoch 10/50 | Train Loss=0.000052 | Val Loss=0.277786
Epoch 11/50 | Train Loss=0.000053 | Val Loss=0.267811
Epoch 12/50 | Train Loss=0.000048 | Val Loss=0.260586
Epoch 13/50 | Train Loss=0.000045 | Val Loss=0.258596
Epoch 14/50 | Train Loss=0.000043 | Val Loss=0.259820
Epoch 15/50 | Train Loss=0.000043 | Val Loss=0.259556
Epoch 16/50 | Train Loss=0.000042 | Val Loss=0.252366
Epoch 17/50 | Train Loss=0.000040 | Val Loss=0.248714
Epoch 18/50 | Train Loss=0.000038 | Val Loss=0.250002
Epoch 19/50 | Train Loss=0.000041 | Val Loss=0.249255
Epoch 20/50 | Train Loss=0.000037 | Val Loss=0.244341
Epoch 21/50 | Train Loss=0.000039 | Val Loss=0.245907
Epoch 22/50 | Train Loss=0.000037 | Val Loss=0.244654
Epoch 23/50 | Train Loss=0.000038 | Val Loss=0.246819
Epoch 24/50 | Train Loss=0.000039 | Val Loss=0.242158
Epoch 25/50 | Train Loss=0.000035 | Val Loss=0.243370
Epoch 26/50 | Train Loss=0.000036 | Val Loss=0.246282
Epoch 27/50 | Train Loss=0.000037 | Val Loss=0.245877
Epoch 28/50 | Train Loss=0.000037 | Val Loss=0.235766
Epoch 29/50 | Train Loss=0.000036 | Val Loss=0.241383
Epoch 30/50 | Train Loss=0.000037 | Val Loss=0.240665
Epoch 31/50 | Train Loss=0.000038 | Val Loss=0.226357
Epoch 32/50 | Train Loss=0.000033 | Val Loss=0.237817
Epoch 33/50 | Train Loss=0.000035 | Val Loss=0.238492
Epoch 34/50 | Train Loss=0.000034 | Val Loss=0.231259
Epoch 35/50 | Train Loss=0.000038 | Val Loss=0.231624
Epoch 36/50 | Train Loss=0.000036 | Val Loss=0.228378
‚èπ Early stopping at epoch 36
[Tuning-LSTM_AE] Threshold (p95)=0.019623
Epoch 1/50 | Train Loss=0.000208 | Val Loss=0.371639
Epoch 2/50 | Train Loss=0.000100 | Val Loss=0.316038
Epoch 3/50 | Train Loss=0.000073 | Val Loss=0.277517
Epoch 4/50 | Train Loss=0.000066 | Val Loss=0.269983
Epoch 5/50 | Train Loss=0.000064 | Val Loss=0.260584
Epoch 6/50 | Train Loss=0.000061 | Val Loss=0.250450
Epoch 7/50 | Train Loss=0.000059 | Val Loss=0.252838
Epoch 8/50 | Train Loss=0.000059 | Val Loss=0.256284
Epoch 9/50 | Train Loss=0.000058 | Val Loss=0.258361
Epoch 10/50 | Train Loss=0.000059 | Val Loss=0.243922
Epoch 11/50 | Train Loss=0.000058 | Val Loss=0.255736
Epoch 12/50 | Train Loss=0.000058 | Val Loss=0.242776
Epoch 13/50 | Train Loss=0.000059 | Val Loss=0.246507
Epoch 14/50 | Train Loss=0.000057 | Val Loss=0.248890
Epoch 15/50 | Train Loss=0.000057 | Val Loss=0.246960
Epoch 16/50 | Train Loss=0.000058 | Val Loss=0.238828
Epoch 17/50 | Train Loss=0.000058 | Val Loss=0.248710
Epoch 18/50 | Train Loss=0.000057 | Val Loss=0.255036
Epoch 19/50 | Train Loss=0.000060 | Val Loss=0.234356
Epoch 20/50 | Train Loss=0.000058 | Val Loss=0.250259
Epoch 21/50 | Train Loss=0.000057 | Val Loss=0.243006
Epoch 22/50 | Train Loss=0.000058 | Val Loss=0.242416
Epoch 23/50 | Train Loss=0.000056 | Val Loss=0.241997
Epoch 24/50 | Train Loss=0.000057 | Val Loss=0.241278
‚èπ Early stopping at epoch 24
[Tuning-LSTM_AE] Threshold (p95)=0.019080
Epoch 1/50 | Train Loss=0.000163 | Val Loss=0.467790
Epoch 2/50 | Train Loss=0.000155 | Val Loss=0.464900
Epoch 3/50 | Train Loss=0.000156 | Val Loss=0.462368
Epoch 4/50 | Train Loss=0.000145 | Val Loss=0.459505
Epoch 5/50 | Train Loss=0.000136 | Val Loss=0.456914
Epoch 6/50 | Train Loss=0.000132 | Val Loss=0.454655
Epoch 7/50 | Train Loss=0.000127 | Val Loss=0.452388
Epoch 8/50 | Train Loss=0.000129 | Val Loss=0.450133
Epoch 9/50 | Train Loss=0.000131 | Val Loss=0.447533
Epoch 10/50 | Train Loss=0.000123 | Val Loss=0.444623
Epoch 11/50 | Train Loss=0.000121 | Val Loss=0.441892
Epoch 12/50 | Train Loss=0.000117 | Val Loss=0.438955
Epoch 13/50 | Train Loss=0.000109 | Val Loss=0.436373
Epoch 14/50 | Train Loss=0.000106 | Val Loss=0.434007
Epoch 15/50 | Train Loss=0.000107 | Val Loss=0.431567
Epoch 16/50 | Train Loss=0.000104 | Val Loss=0.429470
Epoch 17/50 | Train Loss=0.000098 | Val Loss=0.427242
Epoch 18/50 | Train Loss=0.000093 | Val Loss=0.425445
Epoch 19/50 | Train Loss=0.000095 | Val Loss=0.423954
Epoch 20/50 | Train Loss=0.000088 | Val Loss=0.422495
Epoch 21/50 | Train Loss=0.000093 | Val Loss=0.421079
Epoch 22/50 | Train Loss=0.000087 | Val Loss=0.419211
Epoch 23/50 | Train Loss=0.000085 | Val Loss=0.417728
Epoch 24/50 | Train Loss=0.000090 | Val Loss=0.416200
Epoch 25/50 | Train Loss=0.000090 | Val Loss=0.414229
Epoch 26/50 | Train Loss=0.000082 | Val Loss=0.412462
Epoch 27/50 | Train Loss=0.000085 | Val Loss=0.410841
Epoch 28/50 | Train Loss=0.000084 | Val Loss=0.408878
Epoch 29/50 | Train Loss=0.000085 | Val Loss=0.407136
Epoch 30/50 | Train Loss=0.000087 | Val Loss=0.405246
Epoch 31/50 | Train Loss=0.000081 | Val Loss=0.403107
Epoch 32/50 | Train Loss=0.000075 | Val Loss=0.401265
Epoch 33/50 | Train Loss=0.000075 | Val Loss=0.400002
Epoch 34/50 | Train Loss=0.000077 | Val Loss=0.398717
Epoch 35/50 | Train Loss=0.000075 | Val Loss=0.397316
Epoch 36/50 | Train Loss=0.000072 | Val Loss=0.395674
Epoch 37/50 | Train Loss=0.000076 | Val Loss=0.394310
Epoch 38/50 | Train Loss=0.000071 | Val Loss=0.392520
Epoch 39/50 | Train Loss=0.000073 | Val Loss=0.391069
Epoch 40/50 | Train Loss=0.000070 | Val Loss=0.389722
Epoch 41/50 | Train Loss=0.000071 | Val Loss=0.388354
Epoch 42/50 | Train Loss=0.000070 | Val Loss=0.386650
Epoch 43/50 | Train Loss=0.000071 | Val Loss=0.384968
Epoch 44/50 | Train Loss=0.000072 | Val Loss=0.383604
Epoch 45/50 | Train Loss=0.000069 | Val Loss=0.381301
Epoch 46/50 | Train Loss=0.000070 | Val Loss=0.379387
Epoch 47/50 | Train Loss=0.000065 | Val Loss=0.377117
Epoch 48/50 | Train Loss=0.000067 | Val Loss=0.375296
Epoch 49/50 | Train Loss=0.000066 | Val Loss=0.373471
Epoch 50/50 | Train Loss=0.000064 | Val Loss=0.372096
[Tuning-LSTM_AE] Threshold (p95)=0.033097
Epoch 1/50 | Train Loss=0.000499 | Val Loss=0.420785
Epoch 2/50 | Train Loss=0.000477 | Val Loss=0.417784
Epoch 3/50 | Train Loss=0.000456 | Val Loss=0.414787
Epoch 4/50 | Train Loss=0.000435 | Val Loss=0.411664
Epoch 5/50 | Train Loss=0.000415 | Val Loss=0.408720
Epoch 6/50 | Train Loss=0.000396 | Val Loss=0.405647
Epoch 7/50 | Train Loss=0.000374 | Val Loss=0.402263
Epoch 8/50 | Train Loss=0.000357 | Val Loss=0.399042
Epoch 9/50 | Train Loss=0.000336 | Val Loss=0.394891
Epoch 10/50 | Train Loss=0.000313 | Val Loss=0.390593
Epoch 11/50 | Train Loss=0.000295 | Val Loss=0.386083
Epoch 12/50 | Train Loss=0.000272 | Val Loss=0.381075
Epoch 13/50 | Train Loss=0.000247 | Val Loss=0.375762
[I 2025-09-16 23:46:53,862] Trial 5 finished with value: 0.29415175318717957 and parameters: {'window_size': 120, 'batch_size': 64, 'lr': 0.0001021625831342303, 'hidden_size': 32, 'dropout': 0.258597893144772}. Best is trial 0 with value: 0.20860418677330017.
[I 2025-09-16 23:47:01,028] Trial 6 finished with value: 0.23067408800125122 and parameters: {'window_size': 60, 'batch_size': 32, 'lr': 0.0002767332503179304, 'hidden_size': 32, 'dropout': 0.10109934201938985}. Best is trial 0 with value: 0.20860418677330017.
