[I 2025-09-16 23:32:21,163] Trial 9 finished with value: 0.15046335756778717 and parameters: {'window_size': 60, 'batch_size': 32, 'lr': 0.0038443330520710976, 'hidden_size': 32, 'dropout': 0.4665343427078097}. Best is trial 4 with value: 0.10319656878709793.
Epoch 13/50 | Train Loss=0.000074 | Val Loss=0.127126
Epoch 14/50 | Train Loss=0.000074 | Val Loss=0.138247
Epoch 15/50 | Train Loss=0.000069 | Val Loss=0.139339
Epoch 16/50 | Train Loss=0.000068 | Val Loss=0.132449
Epoch 17/50 | Train Loss=0.000067 | Val Loss=0.135764
‚èπ Early stopping at epoch 17
[Tuning-LSTM_AE] Threshold (p95)=0.028943
Epoch 1/50 | Train Loss=0.000311 | Val Loss=0.172080
Epoch 2/50 | Train Loss=0.000110 | Val Loss=0.138223
Epoch 3/50 | Train Loss=0.000090 | Val Loss=0.134027
Epoch 4/50 | Train Loss=0.000084 | Val Loss=0.132560
Epoch 5/50 | Train Loss=0.000079 | Val Loss=0.131918
Epoch 6/50 | Train Loss=0.000075 | Val Loss=0.134076
Epoch 7/50 | Train Loss=0.000076 | Val Loss=0.131626
Epoch 8/50 | Train Loss=0.000076 | Val Loss=0.124827
Epoch 9/50 | Train Loss=0.000071 | Val Loss=0.133501
Epoch 10/50 | Train Loss=0.000072 | Val Loss=0.132379
Epoch 11/50 | Train Loss=0.000072 | Val Loss=0.127669
Epoch 12/50 | Train Loss=0.000073 | Val Loss=0.129089
Epoch 13/50 | Train Loss=0.000074 | Val Loss=0.126098
‚èπ Early stopping at epoch 13
[Tuning-LSTM_AE] Threshold (p95)=0.028296
Epoch 1/50 | Train Loss=0.000263 | Val Loss=0.118702
Epoch 2/50 | Train Loss=0.000121 | Val Loss=0.109798
Epoch 3/50 | Train Loss=0.000110 | Val Loss=0.107489
Epoch 4/50 | Train Loss=0.000110 | Val Loss=0.104720
Epoch 5/50 | Train Loss=0.000104 | Val Loss=0.103197
Epoch 6/50 | Train Loss=0.000099 | Val Loss=0.104640
Epoch 7/50 | Train Loss=0.000102 | Val Loss=0.108087
Epoch 8/50 | Train Loss=0.000095 | Val Loss=0.111503
Epoch 9/50 | Train Loss=0.000092 | Val Loss=0.113022
Epoch 10/50 | Train Loss=0.000102 | Val Loss=0.106892
‚èπ Early stopping at epoch 10
[Tuning-LSTM_AE] Threshold (p95)=0.034535
Epoch 1/50 | Train Loss=0.000539 | Val Loss=0.267842
Epoch 2/50 | Train Loss=0.000249 | Val Loss=0.217695
Epoch 3/50 | Train Loss=0.000152 | Val Loss=0.197413
Epoch 4/50 | Train Loss=0.000130 | Val Loss=0.185743
Epoch 5/50 | Train Loss=0.000117 | Val Loss=0.177173
Epoch 6/50 | Train Loss=0.000111 | Val Loss=0.168955
Epoch 7/50 | Train Loss=0.000104 | Val Loss=0.156822
Epoch 8/50 | Train Loss=0.000095 | Val Loss=0.144201
Epoch 9/50 | Train Loss=0.000080 | Val Loss=0.130257
Epoch 10/50 | Train Loss=0.000072 | Val Loss=0.124411
Epoch 11/50 | Train Loss=0.000067 | Val Loss=0.124786
Epoch 12/50 | Train Loss=0.000064 | Val Loss=0.125227
Epoch 13/50 | Train Loss=0.000063 | Val Loss=0.125654
Epoch 14/50 | Train Loss=0.000062 | Val Loss=0.124490
Epoch 15/50 | Train Loss=0.000060 | Val Loss=0.125264
‚èπ Early stopping at epoch 15
[Tuning-LSTM_AE] Threshold (p95)=0.039803
Epoch 1/50 | Train Loss=0.000290 | Val Loss=0.177848
Epoch 2/50 | Train Loss=0.000132 | Val Loss=0.136254
Epoch 3/50 | Train Loss=0.000107 | Val Loss=0.137032
Epoch 4/50 | Train Loss=0.000107 | Val Loss=0.133917
Epoch 5/50 | Train Loss=0.000103 | Val Loss=0.135550
Epoch 6/50 | Train Loss=0.000099 | Val Loss=0.138628
Epoch 7/50 | Train Loss=0.000098 | Val Loss=0.135281
Epoch 8/50 | Train Loss=0.000097 | Val Loss=0.134316
Epoch 9/50 | Train Loss=0.000096 | Val Loss=0.131388
Epoch 10/50 | Train Loss=0.000096 | Val Loss=0.142011
Epoch 11/50 | Train Loss=0.000095 | Val Loss=0.135335
Epoch 12/50 | Train Loss=0.000094 | Val Loss=0.135131
Epoch 13/50 | Train Loss=0.000093 | Val Loss=0.138763
Epoch 14/50 | Train Loss=0.000095 | Val Loss=0.137801
‚èπ Early stopping at epoch 14
[Tuning-LSTM_AE] Threshold (p95)=0.038207
Epoch 1/50 | Train Loss=0.000393 | Val Loss=0.191001
Epoch 2/50 | Train Loss=0.000221 | Val Loss=0.187561
Epoch 3/50 | Train Loss=0.000190 | Val Loss=0.176548
Epoch 4/50 | Train Loss=0.000171 | Val Loss=0.160715
Epoch 5/50 | Train Loss=0.000139 | Val Loss=0.145567
Epoch 6/50 | Train Loss=0.000113 | Val Loss=0.140262
Epoch 7/50 | Train Loss=0.000105 | Val Loss=0.140319
Epoch 8/50 | Train Loss=0.000099 | Val Loss=0.139453
Epoch 9/50 | Train Loss=0.000098 | Val Loss=0.139551
Epoch 10/50 | Train Loss=0.000094 | Val Loss=0.137861
Epoch 11/50 | Train Loss=0.000094 | Val Loss=0.137128
Epoch 12/50 | Train Loss=0.000091 | Val Loss=0.137408
Epoch 13/50 | Train Loss=0.000088 | Val Loss=0.137552
Epoch 14/50 | Train Loss=0.000087 | Val Loss=0.136712
Epoch 15/50 | Train Loss=0.000084 | Val Loss=0.137085
Epoch 16/50 | Train Loss=0.000083 | Val Loss=0.135028
Epoch 17/50 | Train Loss=0.000082 | Val Loss=0.135596
Epoch 18/50 | Train Loss=0.000081 | Val Loss=0.135328
Epoch 19/50 | Train Loss=0.000079 | Val Loss=0.133612
Epoch 20/50 | Train Loss=0.000078 | Val Loss=0.133637
Epoch 21/50 | Train Loss=0.000079 | Val Loss=0.134477
Epoch 22/50 | Train Loss=0.000077 | Val Loss=0.133588
Epoch 23/50 | Train Loss=0.000077 | Val Loss=0.135778
Epoch 24/50 | Train Loss=0.000076 | Val Loss=0.135300
Epoch 25/50 | Train Loss=0.000076 | Val Loss=0.136025
Epoch 26/50 | Train Loss=0.000076 | Val Loss=0.137207
Epoch 27/50 | Train Loss=0.000077 | Val Loss=0.133863
‚èπ Early stopping at epoch 27
[Tuning-LSTM_AE] Threshold (p95)=0.032672
Epoch 1/50 | Train Loss=0.000446 | Val Loss=0.278974
Epoch 2/50 | Train Loss=0.000375 | Val Loss=0.258016
Epoch 3/50 | Train Loss=0.000335 | Val Loss=0.240231
Epoch 4/50 | Train Loss=0.000284 | Val Loss=0.224152
Epoch 5/50 | Train Loss=0.000251 | Val Loss=0.211879
Epoch 6/50 | Train Loss=0.000225 | Val Loss=0.202554
Epoch 7/50 | Train Loss=0.000201 | Val Loss=0.195933
Epoch 8/50 | Train Loss=0.000185 | Val Loss=0.189326
Epoch 9/50 | Train Loss=0.000174 | Val Loss=0.183878
Epoch 10/50 | Train Loss=0.000166 | Val Loss=0.178475
Epoch 11/50 | Train Loss=0.000154 | Val Loss=0.173570
Epoch 12/50 | Train Loss=0.000152 | Val Loss=0.168631
Epoch 13/50 | Train Loss=0.000148 | Val Loss=0.163925
Epoch 14/50 | Train Loss=0.000138 | Val Loss=0.159211
Epoch 15/50 | Train Loss=0.000125 | Val Loss=0.155692
Epoch 16/50 | Train Loss=0.000126 | Val Loss=0.152936
Epoch 17/50 | Train Loss=0.000123 | Val Loss=0.150407
Epoch 18/50 | Train Loss=0.000113 | Val Loss=0.149087
Epoch 19/50 | Train Loss=0.000114 | Val Loss=0.147308
Epoch 20/50 | Train Loss=0.000110 | Val Loss=0.145616
Epoch 21/50 | Train Loss=0.000105 | Val Loss=0.144848
Epoch 22/50 | Train Loss=0.000105 | Val Loss=0.144721
Epoch 23/50 | Train Loss=0.000104 | Val Loss=0.144351
Epoch 24/50 | Train Loss=0.000105 | Val Loss=0.144364
Epoch 25/50 | Train Loss=0.000101 | Val Loss=0.144475
Epoch 26/50 | Train Loss=0.000102 | Val Loss=0.143807
Epoch 27/50 | Train Loss=0.000098 | Val Loss=0.142807
Epoch 28/50 | Train Loss=0.000100 | Val Loss=0.142788
Epoch 29/50 | Train Loss=0.000096 | Val Loss=0.142940
Epoch 30/50 | Train Loss=0.000098 | Val Loss=0.142665
Epoch 31/50 | Train Loss=0.000096 | Val Loss=0.142662
Epoch 32/50 | Train Loss=0.000103 | Val Loss=0.142739
Epoch 33/50 | Train Loss=0.000097 | Val Loss=0.141476
Epoch 34/50 | Train Loss=0.000095 | Val Loss=0.141795
Epoch 35/50 | Train Loss=0.000098 | Val Loss=0.141800
Epoch 36/50 | Train Loss=0.000095 | Val Loss=0.140745
Epoch 37/50 | Train Loss=0.000092 | Val Loss=0.140405
Epoch 38/50 | Train Loss=0.000090 | Val Loss=0.140138
Epoch 39/50 | Train Loss=0.000094 | Val Loss=0.140606
Epoch 40/50 | Train Loss=0.000089 | Val Loss=0.140736
Epoch 41/50 | Train Loss=0.000088 | Val Loss=0.140639
Epoch 42/50 | Train Loss=0.000090 | Val Loss=0.140585
Epoch 43/50 | Train Loss=0.000092 | Val Loss=0.140516
‚èπ Early stopping at epoch 43
[Tuning-LSTM_AE] Threshold (p95)=0.036664
Epoch 1/50 | Train Loss=0.000540 | Val Loss=0.181836
Epoch 2/50 | Train Loss=0.000227 | Val Loss=0.159196
Epoch 3/50 | Train Loss=0.000198 | Val Loss=0.157360
Epoch 4/50 | Train Loss=0.000202 | Val Loss=0.155870
Epoch 5/50 | Train Loss=0.000190 | Val Loss=0.150463
Epoch 6/50 | Train Loss=0.000183 | Val Loss=0.151752
Epoch 7/50 | Train Loss=0.000181 | Val Loss=0.153426
Epoch 8/50 | Train Loss=0.000179 | Val Loss=0.158507
Epoch 9/50 | Train Loss=0.000187 | Val Loss=0.155448
Epoch 10/50 | Train Loss=0.000179 | Val Loss=0.155909
‚èπ Early stopping at epoch 10
[Tuning-LSTM_AE] Threshold (p95)=0.039742
üîé Best hyperparameters for LSTM_AE: {'window_size': 120, 'batch_size': 64, 'lr': 0.0022501715700652017, 'hidden_size': 128, 'dropout': 0.3334249418220266}
Best validation loss: 0.10319656878709793
[I 2025-09-16 23:32:21,163] A new study created in memory with name: no-name-560d53ae-a775-4870-aabe-b1f2bd88d312
[I 2025-09-16 23:32:28,146] Trial 0 finished with value: 0.05987700819969177 and parameters: {'window_size': 90, 'batch_size': 64, 'lr': 0.0001065398750608669, 'd_model': 32, 'n_heads': 4, 'num_layers': 2, 'dropout': 0.29744678194049984}. Best is trial 0 with value: 0.05987700819969177.
[I 2025-09-16 23:32:33,166] Trial 1 finished with value: 0.03581982105970383 and parameters: {'window_size': 90, 'batch_size': 32, 'lr': 0.0008897032919801557, 'd_model': 64, 'n_heads': 2, 'num_layers': 1, 'dropout': 0.2933973944118514}. Best is trial 1 with value: 0.03581982105970383.
[I 2025-09-16 23:32:39,585] Trial 2 finished with value: 0.0689798966050148 and parameters: {'window_size': 90, 'batch_size': 128, 'lr': 0.0005157345520976485, 'd_model': 32, 'n_heads': 4, 'num_layers': 3, 'dropout': 0.38788694792017964}. Best is trial 1 with value: 0.03581982105970383.
[I 2025-09-16 23:32:41,392] Trial 3 finished with value: 0.09762846678495407 and parameters: {'window_size': 60, 'batch_size': 128, 'lr': 0.009879497102965153, 'd_model': 32, 'n_heads': 2, 'num_layers': 1, 'dropout': 0.11708343804043561}. Best is trial 1 with value: 0.03581982105970383.
[I 2025-09-16 23:32:49,724] Trial 4 finished with value: 0.013227943331003189 and parameters: {'window_size': 120, 'batch_size': 128, 'lr': 0.0018207856873976407, 'd_model': 128, 'n_heads': 4, 'num_layers': 1, 'dropout': 0.2179797174535178}. Best is trial 4 with value: 0.013227943331003189.
[I 2025-09-16 23:32:57,649] Trial 5 finished with value: 0.029036201536655426 and parameters: {'window_size': 120, 'batch_size': 32, 'lr': 0.0025784158219380056, 'd_model': 128, 'n_heads': 2, 'num_layers': 3, 'dropout': 0.3844943422480188}. Best is trial 4 with value: 0.013227943331003189.
[I 2025-09-16 23:32:59,198] Trial 6 finished with value: 0.05179113149642944 and parameters: {'window_size': 120, 'batch_size': 128, 'lr': 0.0010773537566188317, 'd_model': 32, 'n_heads': 2, 'num_layers': 1, 'dropout': 0.17468786323548724}. Best is trial 4 with value: 0.013227943331003189.
[I 2025-09-16 23:33:03,331] Trial 7 finished with value: 0.038938239216804504 and parameters: {'window_size': 120, 'batch_size': 32, 'lr': 0.004867682359238765, 'd_model': 64, 'n_heads': 2, 'num_layers': 2, 'dropout': 0.2819723082352469}. Best is trial 4 with value: 0.013227943331003189.

üîé Running hyperparameter search for Transformer on coin_coin_Ethereum...
Epoch 1/50 | Train Loss=0.001245 | Val Loss=0.114884
Epoch 2/50 | Train Loss=0.000331 | Val Loss=0.089959
Epoch 3/50 | Train Loss=0.000256 | Val Loss=0.079271
Epoch 4/50 | Train Loss=0.000208 | Val Loss=0.074679
Epoch 5/50 | Train Loss=0.000172 | Val Loss=0.071844
Epoch 6/50 | Train Loss=0.000147 | Val Loss=0.069060
Epoch 7/50 | Train Loss=0.000130 | Val Loss=0.066189
Epoch 8/50 | Train Loss=0.000116 | Val Loss=0.064689
Epoch 9/50 | Train Loss=0.000106 | Val Loss=0.063266
Epoch 10/50 | Train Loss=0.000098 | Val Loss=0.062226
Epoch 11/50 | Train Loss=0.000090 | Val Loss=0.061414
Epoch 12/50 | Train Loss=0.000084 | Val Loss=0.061020
Epoch 13/50 | Train Loss=0.000079 | Val Loss=0.060790
Epoch 14/50 | Train Loss=0.000074 | Val Loss=0.060497
Epoch 15/50 | Train Loss=0.000069 | Val Loss=0.060431
Epoch 16/50 | Train Loss=0.000065 | Val Loss=0.060173
Epoch 17/50 | Train Loss=0.000062 | Val Loss=0.059877
Epoch 18/50 | Train Loss=0.000058 | Val Loss=0.059905
Epoch 19/50 | Train Loss=0.000055 | Val Loss=0.060059
Epoch 20/50 | Train Loss=0.000053 | Val Loss=0.060045
Epoch 21/50 | Train Loss=0.000050 | Val Loss=0.060503
Epoch 22/50 | Train Loss=0.000048 | Val Loss=0.060811
‚èπ Early stopping at epoch 22
[Tuning-Transformer] Threshold (p95)=0.002976
Epoch 1/50 | Train Loss=0.000815 | Val Loss=0.062296
Epoch 2/50 | Train Loss=0.000092 | Val Loss=0.071765
Epoch 3/50 | Train Loss=0.000044 | Val Loss=0.068778
Epoch 4/50 | Train Loss=0.000028 | Val Loss=0.066724
Epoch 5/50 | Train Loss=0.000020 | Val Loss=0.062327
Epoch 6/50 | Train Loss=0.000015 | Val Loss=0.059127
Epoch 7/50 | Train Loss=0.000013 | Val Loss=0.054205
Epoch 8/50 | Train Loss=0.000011 | Val Loss=0.048683
Epoch 9/50 | Train Loss=0.000009 | Val Loss=0.043611
Epoch 10/50 | Train Loss=0.000008 | Val Loss=0.039771
Epoch 11/50 | Train Loss=0.000007 | Val Loss=0.036837
Epoch 12/50 | Train Loss=0.000006 | Val Loss=0.035820
Epoch 13/50 | Train Loss=0.000006 | Val Loss=0.036630
Epoch 14/50 | Train Loss=0.000006 | Val Loss=0.038944
Epoch 15/50 | Train Loss=0.000005 | Val Loss=0.041982
Epoch 16/50 | Train Loss=0.000005 | Val Loss=0.046525
Epoch 17/50 | Train Loss=0.000005 | Val Loss=0.051305
‚èπ Early stopping at epoch 17
[Tuning-Transformer] Threshold (p95)=0.000422
Epoch 1/50 | Train Loss=0.000376 | Val Loss=0.117877
Epoch 2/50 | Train Loss=0.000183 | Val Loss=0.096116
Epoch 3/50 | Train Loss=0.000123 | Val Loss=0.093479
Epoch 4/50 | Train Loss=0.000087 | Val Loss=0.081348
Epoch 5/50 | Train Loss=0.000070 | Val Loss=0.076596
Epoch 6/50 | Train Loss=0.000059 | Val Loss=0.072646
Epoch 7/50 | Train Loss=0.000050 | Val Loss=0.071275
Epoch 8/50 | Train Loss=0.000044 | Val Loss=0.071031
Epoch 9/50 | Train Loss=0.000039 | Val Loss=0.070501
Epoch 10/50 | Train Loss=0.000034 | Val Loss=0.070133
Epoch 11/50 | Train Loss=0.000031 | Val Loss=0.069737
Epoch 12/50 | Train Loss=0.000027 | Val Loss=0.069668
Epoch 13/50 | Train Loss=0.000025 | Val Loss=0.068980
Epoch 14/50 | Train Loss=0.000022 | Val Loss=0.069350
Epoch 15/50 | Train Loss=0.000020 | Val Loss=0.069529
Epoch 16/50 | Train Loss=0.000018 | Val Loss=0.069064
Epoch 17/50 | Train Loss=0.000016 | Val Loss=0.069553
Epoch 18/50 | Train Loss=0.000015 | Val Loss=0.069342
‚èπ Early stopping at epoch 18
[Tuning-Transformer] Threshold (p95)=0.002439
Epoch 1/50 | Train Loss=0.001206 | Val Loss=0.260815
Epoch 2/50 | Train Loss=0.000203 | Val Loss=0.240729
Epoch 3/50 | Train Loss=0.000129 | Val Loss=0.152909
Epoch 4/50 | Train Loss=0.000041 | Val Loss=0.120495
Epoch 5/50 | Train Loss=0.000015 | Val Loss=0.107706
Epoch 6/50 | Train Loss=0.000010 | Val Loss=0.102411
Epoch 7/50 | Train Loss=0.000007 | Val Loss=0.102312
Epoch 8/50 | Train Loss=0.000006 | Val Loss=0.099535
Epoch 9/50 | Train Loss=0.000005 | Val Loss=0.098479
Epoch 10/50 | Train Loss=0.000004 | Val Loss=0.097628
Epoch 11/50 | Train Loss=0.000004 | Val Loss=0.098951
Epoch 12/50 | Train Loss=0.000003 | Val Loss=0.103593
Epoch 13/50 | Train Loss=0.000003 | Val Loss=0.107335
Epoch 14/50 | Train Loss=0.000004 | Val Loss=0.110726
Epoch 15/50 | Train Loss=0.000003 | Val Loss=0.115455
‚èπ Early stopping at epoch 15
[Tuning-Transformer] Threshold (p95)=0.002331
Epoch 1/50 | Train Loss=0.001473 | Val Loss=0.109659
Epoch 2/50 | Train Loss=0.000193 | Val Loss=0.052956
Epoch 3/50 | Train Loss=0.000087 | Val Loss=0.054453
Epoch 4/50 | Train Loss=0.000033 | Val Loss=0.053928
Epoch 5/50 | Train Loss=0.000016 | Val Loss=0.052055
Epoch 6/50 | Train Loss=0.000007 | Val Loss=0.051429
Epoch 7/50 | Train Loss=0.000004 | Val Loss=0.050552
Epoch 8/50 | Train Loss=0.000003 | Val Loss=0.048784
Epoch 9/50 | Train Loss=0.000003 | Val Loss=0.047126
Epoch 10/50 | Train Loss=0.000003 | Val Loss=0.045669
Epoch 11/50 | Train Loss=0.000002 | Val Loss=0.043594
Epoch 12/50 | Train Loss=0.000002 | Val Loss=0.041329
Epoch 13/50 | Train Loss=0.000002 | Val Loss=0.039279
Epoch 14/50 | Train Loss=0.000002 | Val Loss=0.036491
Epoch 15/50 | Train Loss=0.000002 | Val Loss=0.034227
Epoch 16/50 | Train Loss=0.000002 | Val Loss=0.031245
Epoch 17/50 | Train Loss=0.000001 | Val Loss=0.028341
Epoch 18/50 | Train Loss=0.000001 | Val Loss=0.025612
Epoch 19/50 | Train Loss=0.000001 | Val Loss=0.022751
Epoch 20/50 | Train Loss=0.000001 | Val Loss=0.020264
Epoch 21/50 | Train Loss=0.000001 | Val Loss=0.018228
Epoch 22/50 | Train Loss=0.000001 | Val Loss=0.016467
Epoch 23/50 | Train Loss=0.000001 | Val Loss=0.015190
Epoch 24/50 | Train Loss=0.000001 | Val Loss=0.014303
Epoch 25/50 | Train Loss=0.000001 | Val Loss=0.013648
Epoch 26/50 | Train Loss=0.000001 | Val Loss=0.013411
Epoch 27/50 | Train Loss=0.000001 | Val Loss=0.013228
Epoch 28/50 | Train Loss=0.000001 | Val Loss=0.013386
Epoch 29/50 | Train Loss=0.000001 | Val Loss=0.013738
Epoch 30/50 | Train Loss=0.000001 | Val Loss=0.014188
Epoch 31/50 | Train Loss=0.000001 | Val Loss=0.014823
Epoch 32/50 | Train Loss=0.000001 | Val Loss=0.015624
‚èπ Early stopping at epoch 32
[Tuning-Transformer] Threshold (p95)=0.000139
Epoch 1/50 | Train Loss=0.002875 | Val Loss=0.162081
Epoch 2/50 | Train Loss=0.000186 | Val Loss=0.045962
Epoch 3/50 | Train Loss=0.000021 | Val Loss=0.038324
Epoch 4/50 | Train Loss=0.000008 | Val Loss=0.029036
Epoch 5/50 | Train Loss=0.000005 | Val Loss=0.030041
Epoch 6/50 | Train Loss=0.000003 | Val Loss=0.034583
Epoch 7/50 | Train Loss=0.000003 | Val Loss=0.040557
Epoch 8/50 | Train Loss=0.000004 | Val Loss=0.050289
Epoch 9/50 | Train Loss=0.000003 | Val Loss=0.060528
‚èπ Early stopping at epoch 9
[Tuning-Transformer] Threshold (p95)=0.000665
Epoch 1/50 | Train Loss=0.000300 | Val Loss=0.053696
Epoch 2/50 | Train Loss=0.000117 | Val Loss=0.059199
Epoch 3/50 | Train Loss=0.000084 | Val Loss=0.057043
Epoch 4/50 | Train Loss=0.000060 | Val Loss=0.051791
Epoch 5/50 | Train Loss=0.000040 | Val Loss=0.052064
Epoch 6/50 | Train Loss=0.000028 | Val Loss=0.054025
Epoch 7/50 | Train Loss=0.000021 | Val Loss=0.056062
Epoch 8/50 | Train Loss=0.000017 | Val Loss=0.058149
Epoch 9/50 | Train Loss=0.000015 | Val Loss=0.059288
‚èπ Early stopping at epoch 9
[Tuning-Transformer] Threshold (p95)=0.003129
Epoch 1/50 | Train Loss=0.002130 | Val Loss=0.049487
Epoch 2/50 | Train Loss=0.000090 | Val Loss=0.042948
Epoch 3/50 | Train Loss=0.000018 | Val Loss=0.038938
Epoch 4/50 | Train Loss=0.000007 | Val Loss=0.046864
Epoch 5/50 | Train Loss=0.000006 | Val Loss=0.059425
Epoch 6/50 | Train Loss=0.000008 | Val Loss=0.071757
Epoch 7/50 | Train Loss=0.000012 | Val Loss=0.079764
Epoch 8/50 | Train Loss=0.000007 | Val Loss=0.080450
‚èπ Early stopping at epoch 8
[Tuning-Transformer] Threshold (p95)=0.001778
Epoch 1/50 | Train Loss=0.001592 | Val Loss=0.091884
Epoch 2/50 | Train Loss=0.000134 | Val Loss=0.061619
Epoch 3/50 | Train Loss=0.000043 | Val Loss=0.055421
Epoch 4/50 | Train Loss=0.000021 | Val Loss=0.045561
Epoch 5/50 | Train Loss=0.000012 | Val Loss=0.039163
Epoch 6/50 | Train Loss=0.000008 | Val Loss=0.039539
Epoch 7/50 | Train Loss=0.000006 | Val Loss=0.044379
Epoch 8/50 | Train Loss=0.000005 | Val Loss=0.050273
Epoch 9/50 | Train Loss=0.000004 | Val Loss=0.055849
Epoch 10/50 | Train Loss=0.000005 | Val Loss=0.061927
[I 2025-09-16 23:33:07,859] Trial 8 finished with value: 0.03916308283805847 and parameters: {'window_size': 120, 'batch_size': 32, 'lr': 0.0026459429751478527, 'd_model': 32, 'n_heads': 2, 'num_layers': 2, 'dropout': 0.2434519142194122}. Best is trial 4 with value: 0.013227943331003189.
[I 2025-09-16 23:33:09,440] Trial 9 finished with value: 0.048007652163505554 and parameters: {'window_size': 120, 'batch_size': 128, 'lr': 0.0010941937785162584, 'd_model': 64, 'n_heads': 4, 'num_layers': 1, 'dropout': 0.3254036999544251}. Best is trial 4 with value: 0.013227943331003189.
[I 2025-09-16 23:33:13,835] A new study created in memory with name: no-name-e8800018-3252-4b94-a1bb-f198ea50fb31
[I 2025-09-16 23:33:17,064] Trial 0 finished with value: 0.13023912906646729 and parameters: {'window_size': 60, 'batch_size': 64, 'lr': 0.00019823199867751514, 'hidden_size': 128, 'dropout': 0.12945063105210364}. Best is trial 0 with value: 0.13023912906646729.
[I 2025-09-16 23:33:18,076] Trial 1 finished with value: 0.13281497359275818 and parameters: {'window_size': 60, 'batch_size': 128, 'lr': 0.0008421712956221265, 'hidden_size': 32, 'dropout': 0.332519518556757}. Best is trial 0 with value: 0.13023912906646729.
[I 2025-09-16 23:33:18,942] Trial 2 finished with value: 0.12755216658115387 and parameters: {'window_size': 120, 'batch_size': 64, 'lr': 0.0011281826304529647, 'hidden_size': 64, 'dropout': 0.2262213509449373}. Best is trial 2 with value: 0.12755216658115387.
