[I 2025-09-16 23:45:15,780] Trial 8 finished with value: 0.04823318123817444 and parameters: {'window_size': 60, 'batch_size': 128, 'lr': 0.0002317054179253668, 'hidden_size': 32, 'dropout': 0.23893134751462483}. Best is trial 5 with value: 0.03927606716752052.
Epoch 3/50 | Train Loss=0.000161 | Val Loss=0.049643
Epoch 4/50 | Train Loss=0.000105 | Val Loss=0.048554
Epoch 5/50 | Train Loss=0.000095 | Val Loss=0.047925
Epoch 6/50 | Train Loss=0.000087 | Val Loss=0.047669
Epoch 7/50 | Train Loss=0.000086 | Val Loss=0.047410
Epoch 8/50 | Train Loss=0.000076 | Val Loss=0.047445
Epoch 9/50 | Train Loss=0.000072 | Val Loss=0.047605
Epoch 10/50 | Train Loss=0.000072 | Val Loss=0.047608
Epoch 11/50 | Train Loss=0.000070 | Val Loss=0.047557
Epoch 12/50 | Train Loss=0.000068 | Val Loss=0.047550
‚èπ Early stopping at epoch 12
[Tuning-LSTM_AE] Threshold (p95)=0.008266
Epoch 1/50 | Train Loss=0.001373 | Val Loss=0.047472
Epoch 2/50 | Train Loss=0.000122 | Val Loss=0.044780
Epoch 3/50 | Train Loss=0.000083 | Val Loss=0.044386
Epoch 4/50 | Train Loss=0.000069 | Val Loss=0.044297
Epoch 5/50 | Train Loss=0.000066 | Val Loss=0.044959
Epoch 6/50 | Train Loss=0.000063 | Val Loss=0.044906
Epoch 7/50 | Train Loss=0.000061 | Val Loss=0.045444
Epoch 8/50 | Train Loss=0.000059 | Val Loss=0.043577
Epoch 9/50 | Train Loss=0.000058 | Val Loss=0.045842
Epoch 10/50 | Train Loss=0.000057 | Val Loss=0.046237
Epoch 11/50 | Train Loss=0.000057 | Val Loss=0.044220
Epoch 12/50 | Train Loss=0.000057 | Val Loss=0.045033
Epoch 13/50 | Train Loss=0.000056 | Val Loss=0.044736
‚èπ Early stopping at epoch 13
[Tuning-LSTM_AE] Threshold (p95)=0.008503
Epoch 1/50 | Train Loss=0.001261 | Val Loss=0.121576
Epoch 2/50 | Train Loss=0.000361 | Val Loss=0.051661
Epoch 3/50 | Train Loss=0.000091 | Val Loss=0.045748
Epoch 4/50 | Train Loss=0.000052 | Val Loss=0.043956
Epoch 5/50 | Train Loss=0.000044 | Val Loss=0.044051
Epoch 6/50 | Train Loss=0.000040 | Val Loss=0.044203
Epoch 7/50 | Train Loss=0.000039 | Val Loss=0.044373
Epoch 8/50 | Train Loss=0.000036 | Val Loss=0.044343
Epoch 9/50 | Train Loss=0.000035 | Val Loss=0.044325
‚èπ Early stopping at epoch 9
[Tuning-LSTM_AE] Threshold (p95)=0.008196
Epoch 1/50 | Train Loss=0.000692 | Val Loss=0.049771
Epoch 2/50 | Train Loss=0.000074 | Val Loss=0.046313
Epoch 3/50 | Train Loss=0.000041 | Val Loss=0.041336
Epoch 4/50 | Train Loss=0.000036 | Val Loss=0.039276
Epoch 5/50 | Train Loss=0.000034 | Val Loss=0.040282
Epoch 6/50 | Train Loss=0.000033 | Val Loss=0.040317
Epoch 7/50 | Train Loss=0.000032 | Val Loss=0.040257
Epoch 8/50 | Train Loss=0.000030 | Val Loss=0.040544
Epoch 9/50 | Train Loss=0.000029 | Val Loss=0.040556
‚èπ Early stopping at epoch 9
[Tuning-LSTM_AE] Threshold (p95)=0.006829
Epoch 1/50 | Train Loss=0.003965 | Val Loss=0.251083
Epoch 2/50 | Train Loss=0.003534 | Val Loss=0.215282
Epoch 3/50 | Train Loss=0.003025 | Val Loss=0.179712
Epoch 4/50 | Train Loss=0.002462 | Val Loss=0.151497
Epoch 5/50 | Train Loss=0.001950 | Val Loss=0.132766
Epoch 6/50 | Train Loss=0.001554 | Val Loss=0.117009
Epoch 7/50 | Train Loss=0.001261 | Val Loss=0.103156
Epoch 8/50 | Train Loss=0.001047 | Val Loss=0.091249
Epoch 9/50 | Train Loss=0.000869 | Val Loss=0.079607
Epoch 10/50 | Train Loss=0.000700 | Val Loss=0.068284
Epoch 11/50 | Train Loss=0.000536 | Val Loss=0.058870
Epoch 12/50 | Train Loss=0.000388 | Val Loss=0.052015
Epoch 13/50 | Train Loss=0.000286 | Val Loss=0.047487
Epoch 14/50 | Train Loss=0.000215 | Val Loss=0.044894
Epoch 15/50 | Train Loss=0.000170 | Val Loss=0.043775
Epoch 16/50 | Train Loss=0.000154 | Val Loss=0.043385
Epoch 17/50 | Train Loss=0.000130 | Val Loss=0.043195
Epoch 18/50 | Train Loss=0.000120 | Val Loss=0.043195
Epoch 19/50 | Train Loss=0.000110 | Val Loss=0.043098
Epoch 20/50 | Train Loss=0.000107 | Val Loss=0.043114
Epoch 21/50 | Train Loss=0.000104 | Val Loss=0.043184
Epoch 22/50 | Train Loss=0.000099 | Val Loss=0.043255
Epoch 23/50 | Train Loss=0.000093 | Val Loss=0.043407
Epoch 24/50 | Train Loss=0.000087 | Val Loss=0.043460
‚èπ Early stopping at epoch 24
[Tuning-LSTM_AE] Threshold (p95)=0.007328
Epoch 1/50 | Train Loss=0.002380 | Val Loss=0.124148
Epoch 2/50 | Train Loss=0.000529 | Val Loss=0.057796
Epoch 3/50 | Train Loss=0.000114 | Val Loss=0.053983
Epoch 4/50 | Train Loss=0.000091 | Val Loss=0.051208
Epoch 5/50 | Train Loss=0.000085 | Val Loss=0.048655
Epoch 6/50 | Train Loss=0.000076 | Val Loss=0.048120
Epoch 7/50 | Train Loss=0.000073 | Val Loss=0.047992
Epoch 8/50 | Train Loss=0.000068 | Val Loss=0.047612
Epoch 9/50 | Train Loss=0.000065 | Val Loss=0.047768
Epoch 10/50 | Train Loss=0.000063 | Val Loss=0.047606
Epoch 11/50 | Train Loss=0.000064 | Val Loss=0.047773
Epoch 12/50 | Train Loss=0.000066 | Val Loss=0.047343
Epoch 13/50 | Train Loss=0.000061 | Val Loss=0.048137
Epoch 14/50 | Train Loss=0.000059 | Val Loss=0.047656
Epoch 15/50 | Train Loss=0.000059 | Val Loss=0.047734
Epoch 16/50 | Train Loss=0.000058 | Val Loss=0.047844
Epoch 17/50 | Train Loss=0.000057 | Val Loss=0.047498
‚èπ Early stopping at epoch 17
[Tuning-LSTM_AE] Threshold (p95)=0.007926
Epoch 1/50 | Train Loss=0.002432 | Val Loss=0.318144
Epoch 2/50 | Train Loss=0.002253 | Val Loss=0.292311
Epoch 3/50 | Train Loss=0.002065 | Val Loss=0.265717
Epoch 4/50 | Train Loss=0.001879 | Val Loss=0.236578
Epoch 5/50 | Train Loss=0.001653 | Val Loss=0.204879
Epoch 6/50 | Train Loss=0.001406 | Val Loss=0.171384
Epoch 7/50 | Train Loss=0.001150 | Val Loss=0.140777
Epoch 8/50 | Train Loss=0.000907 | Val Loss=0.118251
Epoch 9/50 | Train Loss=0.000731 | Val Loss=0.103647
Epoch 10/50 | Train Loss=0.000576 | Val Loss=0.093424
Epoch 11/50 | Train Loss=0.000449 | Val Loss=0.083688
Epoch 12/50 | Train Loss=0.000341 | Val Loss=0.073790
Epoch 13/50 | Train Loss=0.000243 | Val Loss=0.065349
Epoch 14/50 | Train Loss=0.000176 | Val Loss=0.059536
Epoch 15/50 | Train Loss=0.000140 | Val Loss=0.056153
Epoch 16/50 | Train Loss=0.000114 | Val Loss=0.054198
Epoch 17/50 | Train Loss=0.000100 | Val Loss=0.052974
Epoch 18/50 | Train Loss=0.000086 | Val Loss=0.052113
Epoch 19/50 | Train Loss=0.000086 | Val Loss=0.051612
Epoch 20/50 | Train Loss=0.000075 | Val Loss=0.051195
Epoch 21/50 | Train Loss=0.000073 | Val Loss=0.050856
Epoch 22/50 | Train Loss=0.000069 | Val Loss=0.050539
Epoch 23/50 | Train Loss=0.000066 | Val Loss=0.050349
Epoch 24/50 | Train Loss=0.000063 | Val Loss=0.050191
Epoch 25/50 | Train Loss=0.000063 | Val Loss=0.050042
Epoch 26/50 | Train Loss=0.000062 | Val Loss=0.049899
Epoch 27/50 | Train Loss=0.000061 | Val Loss=0.049771
Epoch 28/50 | Train Loss=0.000058 | Val Loss=0.049534
Epoch 29/50 | Train Loss=0.000056 | Val Loss=0.049385
Epoch 30/50 | Train Loss=0.000058 | Val Loss=0.049263
Epoch 31/50 | Train Loss=0.000056 | Val Loss=0.049167
Epoch 32/50 | Train Loss=0.000059 | Val Loss=0.049137
Epoch 33/50 | Train Loss=0.000053 | Val Loss=0.049076
Epoch 34/50 | Train Loss=0.000051 | Val Loss=0.049030
Epoch 35/50 | Train Loss=0.000052 | Val Loss=0.048985
Epoch 36/50 | Train Loss=0.000052 | Val Loss=0.048956
Epoch 37/50 | Train Loss=0.000051 | Val Loss=0.048849
Epoch 38/50 | Train Loss=0.000050 | Val Loss=0.048804
Epoch 39/50 | Train Loss=0.000049 | Val Loss=0.048782
Epoch 40/50 | Train Loss=0.000054 | Val Loss=0.048782
Epoch 41/50 | Train Loss=0.000050 | Val Loss=0.048733
Epoch 42/50 | Train Loss=0.000049 | Val Loss=0.048570
Epoch 43/50 | Train Loss=0.000049 | Val Loss=0.048474
Epoch 44/50 | Train Loss=0.000048 | Val Loss=0.048362
Epoch 45/50 | Train Loss=0.000047 | Val Loss=0.048233
Epoch 46/50 | Train Loss=0.000046 | Val Loss=0.048270
Epoch 47/50 | Train Loss=0.000045 | Val Loss=0.048415
Epoch 48/50 | Train Loss=0.000044 | Val Loss=0.048501
Epoch 49/50 | Train Loss=0.000043 | Val Loss=0.048488
Epoch 50/50 | Train Loss=0.000049 | Val Loss=0.048457
‚èπ Early stopping at epoch 50
[Tuning-LSTM_AE] Threshold (p95)=0.008904
Epoch 1/50 | Train Loss=0.003451 | Val Loss=0.047087
Epoch 2/50 | Train Loss=0.000139 | Val Loss=0.044495
Epoch 3/50 | Train Loss=0.000118 | Val Loss=0.042707
Epoch 4/50 | Train Loss=0.000115 | Val Loss=0.042574
Epoch 5/50 | Train Loss=0.000112 | Val Loss=0.043225
Epoch 6/50 | Train Loss=0.000109 | Val Loss=0.042908
Epoch 7/50 | Train Loss=0.000107 | Val Loss=0.043212
Epoch 8/50 | Train Loss=0.000105 | Val Loss=0.042743
Epoch 9/50 | Train Loss=0.000104 | Val Loss=0.042078
Epoch 10/50 | Train Loss=0.000103 | Val Loss=0.043210
Epoch 11/50 | Train Loss=0.000101 | Val Loss=0.042603
[I 2025-09-16 23:45:20,325] Trial 9 finished with value: 0.04205765575170517 and parameters: {'window_size': 90, 'batch_size': 32, 'lr': 0.0003591617120250974, 'hidden_size': 128, 'dropout': 0.15527638713469552}. Best is trial 5 with value: 0.03927606716752052.
[I 2025-09-16 23:45:20,326] A new study created in memory with name: no-name-55aacc68-64b9-47e4-a057-e1163b5105da
[I 2025-09-16 23:45:24,660] Trial 0 finished with value: 0.009159719571471214 and parameters: {'window_size': 60, 'batch_size': 64, 'lr': 0.000610113327562304, 'd_model': 32, 'n_heads': 2, 'num_layers': 3, 'dropout': 0.3002964232477171}. Best is trial 0 with value: 0.009159719571471214.
[I 2025-09-16 23:45:29,671] Trial 1 finished with value: 0.0034482614137232304 and parameters: {'window_size': 120, 'batch_size': 32, 'lr': 0.0002192153570279193, 'd_model': 64, 'n_heads': 8, 'num_layers': 2, 'dropout': 0.11534181108951527}. Best is trial 1 with value: 0.0034482614137232304.
[I 2025-09-16 23:45:35,344] Trial 2 finished with value: 0.0008256012806668878 and parameters: {'window_size': 60, 'batch_size': 32, 'lr': 0.0018637167009422947, 'd_model': 128, 'n_heads': 2, 'num_layers': 2, 'dropout': 0.23678529968846243}. Best is trial 2 with value: 0.0008256012806668878.
[I 2025-09-16 23:45:42,651] Trial 3 finished with value: 0.0029949175659567118 and parameters: {'window_size': 120, 'batch_size': 128, 'lr': 0.004535573378281494, 'd_model': 64, 'n_heads': 8, 'num_layers': 2, 'dropout': 0.10163620001243179}. Best is trial 2 with value: 0.0008256012806668878.
[I 2025-09-16 23:45:45,592] Trial 4 finished with value: 0.007768970914185047 and parameters: {'window_size': 90, 'batch_size': 32, 'lr': 0.00017717362045575956, 'd_model': 128, 'n_heads': 4, 'num_layers': 1, 'dropout': 0.24228018953428623}. Best is trial 2 with value: 0.0008256012806668878.
[I 2025-09-16 23:45:55,580] Trial 5 finished with value: 0.0009670376894064248 and parameters: {'window_size': 90, 'batch_size': 128, 'lr': 0.0020776930479008532, 'd_model': 128, 'n_heads': 4, 'num_layers': 2, 'dropout': 0.35171479204167355}. Best is trial 2 with value: 0.0008256012806668878.
[I 2025-09-16 23:45:59,170] Trial 6 finished with value: 0.014988780952990055 and parameters: {'window_size': 90, 'batch_size': 32, 'lr': 0.008314083877234443, 'd_model': 64, 'n_heads': 2, 'num_layers': 2, 'dropout': 0.2946072088739903}. Best is trial 2 with value: 0.0008256012806668878.
Epoch 12/50 | Train Loss=0.000099 | Val Loss=0.042058
Epoch 13/50 | Train Loss=0.000098 | Val Loss=0.043134
Epoch 14/50 | Train Loss=0.000098 | Val Loss=0.042935
Epoch 15/50 | Train Loss=0.000097 | Val Loss=0.043615
Epoch 16/50 | Train Loss=0.000096 | Val Loss=0.042603
Epoch 17/50 | Train Loss=0.000095 | Val Loss=0.043028
‚èπ Early stopping at epoch 17
[Tuning-LSTM_AE] Threshold (p95)=0.007163
üîé Best hyperparameters for LSTM_AE: {'window_size': 120, 'batch_size': 128, 'lr': 0.002413378509772116, 'hidden_size': 128, 'dropout': 0.4676498398470804}
Best validation loss: 0.03927606716752052

üîé Running hyperparameter search for Transformer on coin_coin_Tether...
Epoch 1/50 | Train Loss=0.000459 | Val Loss=0.042882
Epoch 2/50 | Train Loss=0.000152 | Val Loss=0.048123
Epoch 3/50 | Train Loss=0.000094 | Val Loss=0.041113
Epoch 4/50 | Train Loss=0.000072 | Val Loss=0.034977
Epoch 5/50 | Train Loss=0.000059 | Val Loss=0.027991
Epoch 6/50 | Train Loss=0.000047 | Val Loss=0.014846
Epoch 7/50 | Train Loss=0.000037 | Val Loss=0.009160
Epoch 8/50 | Train Loss=0.000030 | Val Loss=0.012155
Epoch 9/50 | Train Loss=0.000025 | Val Loss=0.009964
Epoch 10/50 | Train Loss=0.000020 | Val Loss=0.010433
Epoch 11/50 | Train Loss=0.000017 | Val Loss=0.010914
Epoch 12/50 | Train Loss=0.000015 | Val Loss=0.010499
‚èπ Early stopping at epoch 12
[Tuning-Transformer] Threshold (p95)=0.001413
Epoch 1/50 | Train Loss=0.000612 | Val Loss=0.020571
Epoch 2/50 | Train Loss=0.000125 | Val Loss=0.005768
Epoch 3/50 | Train Loss=0.000075 | Val Loss=0.003448
Epoch 4/50 | Train Loss=0.000053 | Val Loss=0.003595
Epoch 5/50 | Train Loss=0.000040 | Val Loss=0.003727
Epoch 6/50 | Train Loss=0.000033 | Val Loss=0.004038
Epoch 7/50 | Train Loss=0.000028 | Val Loss=0.004064
Epoch 8/50 | Train Loss=0.000024 | Val Loss=0.003903
‚èπ Early stopping at epoch 8
[Tuning-Transformer] Threshold (p95)=0.000799
Epoch 1/50 | Train Loss=0.001825 | Val Loss=0.047317
Epoch 2/50 | Train Loss=0.000101 | Val Loss=0.004288
Epoch 3/50 | Train Loss=0.000035 | Val Loss=0.003231
Epoch 4/50 | Train Loss=0.000023 | Val Loss=0.001156
Epoch 5/50 | Train Loss=0.000015 | Val Loss=0.000984
Epoch 6/50 | Train Loss=0.000008 | Val Loss=0.000826
Epoch 7/50 | Train Loss=0.000005 | Val Loss=0.001334
Epoch 8/50 | Train Loss=0.000004 | Val Loss=0.002651
Epoch 9/50 | Train Loss=0.000004 | Val Loss=0.004064
Epoch 10/50 | Train Loss=0.000002 | Val Loss=0.006716
Epoch 11/50 | Train Loss=0.000004 | Val Loss=0.010188
‚èπ Early stopping at epoch 11
[Tuning-Transformer] Threshold (p95)=0.000206
Epoch 1/50 | Train Loss=0.001042 | Val Loss=0.030425
Epoch 2/50 | Train Loss=0.000110 | Val Loss=0.039965
Epoch 3/50 | Train Loss=0.000064 | Val Loss=0.037857
Epoch 4/50 | Train Loss=0.000036 | Val Loss=0.041809
Epoch 5/50 | Train Loss=0.000025 | Val Loss=0.036215
Epoch 6/50 | Train Loss=0.000019 | Val Loss=0.023771
Epoch 7/50 | Train Loss=0.000014 | Val Loss=0.014033
Epoch 8/50 | Train Loss=0.000011 | Val Loss=0.009185
Epoch 9/50 | Train Loss=0.000010 | Val Loss=0.006537
Epoch 10/50 | Train Loss=0.000008 | Val Loss=0.005323
Epoch 11/50 | Train Loss=0.000007 | Val Loss=0.003769
Epoch 12/50 | Train Loss=0.000005 | Val Loss=0.002995
Epoch 13/50 | Train Loss=0.000007 | Val Loss=0.004600
Epoch 14/50 | Train Loss=0.000004 | Val Loss=0.003251
Epoch 15/50 | Train Loss=0.000003 | Val Loss=0.004605
Epoch 16/50 | Train Loss=0.000003 | Val Loss=0.005003
Epoch 17/50 | Train Loss=0.000002 | Val Loss=0.006532
‚èπ Early stopping at epoch 17
[Tuning-Transformer] Threshold (p95)=0.000398
Epoch 1/50 | Train Loss=0.000896 | Val Loss=0.015438
Epoch 2/50 | Train Loss=0.000187 | Val Loss=0.007769
Epoch 3/50 | Train Loss=0.000105 | Val Loss=0.008194
Epoch 4/50 | Train Loss=0.000069 | Val Loss=0.008523
Epoch 5/50 | Train Loss=0.000049 | Val Loss=0.009405
Epoch 6/50 | Train Loss=0.000038 | Val Loss=0.009433
Epoch 7/50 | Train Loss=0.000031 | Val Loss=0.009380
‚èπ Early stopping at epoch 7
[Tuning-Transformer] Threshold (p95)=0.000873
Epoch 1/50 | Train Loss=0.001302 | Val Loss=0.048871
Epoch 2/50 | Train Loss=0.000259 | Val Loss=0.051385
Epoch 3/50 | Train Loss=0.000139 | Val Loss=0.046428
Epoch 4/50 | Train Loss=0.000070 | Val Loss=0.043253
Epoch 5/50 | Train Loss=0.000040 | Val Loss=0.034599
Epoch 6/50 | Train Loss=0.000025 | Val Loss=0.016553
Epoch 7/50 | Train Loss=0.000017 | Val Loss=0.007106
Epoch 8/50 | Train Loss=0.000010 | Val Loss=0.003529
Epoch 9/50 | Train Loss=0.000008 | Val Loss=0.003489
Epoch 10/50 | Train Loss=0.000007 | Val Loss=0.003450
Epoch 11/50 | Train Loss=0.000006 | Val Loss=0.002967
Epoch 12/50 | Train Loss=0.000005 | Val Loss=0.002212
Epoch 13/50 | Train Loss=0.000005 | Val Loss=0.002118
Epoch 14/50 | Train Loss=0.000004 | Val Loss=0.001808
Epoch 15/50 | Train Loss=0.000004 | Val Loss=0.001578
Epoch 16/50 | Train Loss=0.000003 | Val Loss=0.001260
Epoch 17/50 | Train Loss=0.000003 | Val Loss=0.001183
Epoch 18/50 | Train Loss=0.000002 | Val Loss=0.001083
Epoch 19/50 | Train Loss=0.000002 | Val Loss=0.000967
Epoch 20/50 | Train Loss=0.000002 | Val Loss=0.001019
Epoch 21/50 | Train Loss=0.000002 | Val Loss=0.001022
Epoch 22/50 | Train Loss=0.000001 | Val Loss=0.000995
Epoch 23/50 | Train Loss=0.000002 | Val Loss=0.001318
Epoch 24/50 | Train Loss=0.000001 | Val Loss=0.001373
‚èπ Early stopping at epoch 24
[Tuning-Transformer] Threshold (p95)=0.000237
Epoch 1/50 | Train Loss=0.001387 | Val Loss=0.035733
Epoch 2/50 | Train Loss=0.000056 | Val Loss=0.014989
Epoch 3/50 | Train Loss=0.000032 | Val Loss=0.018875
Epoch 4/50 | Train Loss=0.000036 | Val Loss=0.024379
Epoch 5/50 | Train Loss=0.000034 | Val Loss=0.028012
Epoch 6/50 | Train Loss=0.000022 | Val Loss=0.024263
Epoch 7/50 | Train Loss=0.000018 | Val Loss=0.022123
‚èπ Early stopping at epoch 7
[Tuning-Transformer] Threshold (p95)=0.000785
Epoch 1/50 | Train Loss=0.002166 | Val Loss=0.067022
Epoch 2/50 | Train Loss=0.000405 | Val Loss=0.050918
Epoch 3/50 | Train Loss=0.000297 | Val Loss=0.049979
Epoch 4/50 | Train Loss=0.000229 | Val Loss=0.045567
Epoch 5/50 | Train Loss=0.000184 | Val Loss=0.044161
Epoch 6/50 | Train Loss=0.000156 | Val Loss=0.043830
Epoch 7/50 | Train Loss=0.000140 | Val Loss=0.041659
Epoch 8/50 | Train Loss=0.000128 | Val Loss=0.039948
Epoch 9/50 | Train Loss=0.000119 | Val Loss=0.036886
Epoch 10/50 | Train Loss=0.000111 | Val Loss=0.035495
Epoch 11/50 | Train Loss=0.000104 | Val Loss=0.035443
Epoch 12/50 | Train Loss=0.000098 | Val Loss=0.034947
Epoch 13/50 | Train Loss=0.000093 | Val Loss=0.032724
Epoch 14/50 | Train Loss=0.000087 | Val Loss=0.030413
Epoch 15/50 | Train Loss=0.000082 | Val Loss=0.028858
Epoch 16/50 | Train Loss=0.000078 | Val Loss=0.027488
Epoch 17/50 | Train Loss=0.000074 | Val Loss=0.027285
Epoch 18/50 | Train Loss=0.000070 | Val Loss=0.025403
Epoch 19/50 | Train Loss=0.000067 | Val Loss=0.022352
Epoch 20/50 | Train Loss=0.000063 | Val Loss=0.020184
Epoch 21/50 | Train Loss=0.000059 | Val Loss=0.019225
Epoch 22/50 | Train Loss=0.000056 | Val Loss=0.017755
Epoch 23/50 | Train Loss=0.000053 | Val Loss=0.015935
Epoch 24/50 | Train Loss=0.000050 | Val Loss=0.015491
Epoch 25/50 | Train Loss=0.000047 | Val Loss=0.013712
Epoch 26/50 | Train Loss=0.000044 | Val Loss=0.013246
Epoch 27/50 | Train Loss=0.000042 | Val Loss=0.012059
Epoch 28/50 | Train Loss=0.000040 | Val Loss=0.011799
Epoch 29/50 | Train Loss=0.000038 | Val Loss=0.011018
Epoch 30/50 | Train Loss=0.000036 | Val Loss=0.010822
Epoch 31/50 | Train Loss=0.000034 | Val Loss=0.010762
Epoch 32/50 | Train Loss=0.000032 | Val Loss=0.010155
Epoch 33/50 | Train Loss=0.000031 | Val Loss=0.010166
Epoch 34/50 | Train Loss=0.000030 | Val Loss=0.010126
Epoch 35/50 | Train Loss=0.000028 | Val Loss=0.010072
Epoch 36/50 | Train Loss=0.000027 | Val Loss=0.009870
Epoch 37/50 | Train Loss=0.000026 | Val Loss=0.009895
Epoch 38/50 | Train Loss=0.000025 | Val Loss=0.009914
Epoch 39/50 | Train Loss=0.000024 | Val Loss=0.009602
Epoch 40/50 | Train Loss=0.000023 | Val Loss=0.009494
Epoch 41/50 | Train Loss=0.000023 | Val Loss=0.009498
Epoch 42/50 | Train Loss=0.000022 | Val Loss=0.009630
Epoch 43/50 | Train Loss=0.000021 | Val Loss=0.009494
Epoch 44/50 | Train Loss=0.000021 | Val Loss=0.009394
[I 2025-09-16 23:46:15,386] Trial 7 finished with value: 0.008809867314994335 and parameters: {'window_size': 90, 'batch_size': 64, 'lr': 0.00011931722144867779, 'd_model': 32, 'n_heads': 2, 'num_layers': 2, 'dropout': 0.32916158966442777}. Best is trial 2 with value: 0.0008256012806668878.
[I 2025-09-16 23:46:18,808] Trial 8 finished with value: 0.012642823159694672 and parameters: {'window_size': 120, 'batch_size': 32, 'lr': 0.008638673817415019, 'd_model': 64, 'n_heads': 2, 'num_layers': 1, 'dropout': 0.32504589587104527}. Best is trial 2 with value: 0.0008256012806668878.
[I 2025-09-16 23:46:22,468] Trial 9 finished with value: 0.006654692813754082 and parameters: {'window_size': 60, 'batch_size': 32, 'lr': 0.0032085305039740207, 'd_model': 32, 'n_heads': 2, 'num_layers': 2, 'dropout': 0.2718056774990292}. Best is trial 2 with value: 0.0008256012806668878.
[I 2025-09-16 23:46:42,693] A new study created in memory with name: no-name-a00e6c1b-c47f-41c3-8767-eabd744b2a0e
