[I 2025-09-16 23:41:10,018] Trial 4 finished with value: 0.0015073801623657346 and parameters: {'window_size': 120, 'batch_size': 64, 'lr': 0.00179159075009482, 'd_model': 32, 'n_heads': 4, 'num_layers': 1, 'dropout': 0.19751659194356985}. Best is trial 1 with value: 0.00038044824032112956.
Epoch 25/50 | Train Loss=0.000118 | Val Loss=0.001221
Epoch 26/50 | Train Loss=0.000117 | Val Loss=0.001235
Epoch 27/50 | Train Loss=0.000111 | Val Loss=0.001157
Epoch 28/50 | Train Loss=0.000111 | Val Loss=0.001072
Epoch 29/50 | Train Loss=0.000107 | Val Loss=0.001018
Epoch 30/50 | Train Loss=0.000106 | Val Loss=0.001020
Epoch 31/50 | Train Loss=0.000103 | Val Loss=0.000992
Epoch 32/50 | Train Loss=0.000102 | Val Loss=0.000961
Epoch 33/50 | Train Loss=0.000099 | Val Loss=0.000924
Epoch 34/50 | Train Loss=0.000097 | Val Loss=0.000864
Epoch 35/50 | Train Loss=0.000095 | Val Loss=0.000907
Epoch 36/50 | Train Loss=0.000094 | Val Loss=0.000888
Epoch 37/50 | Train Loss=0.000094 | Val Loss=0.000821
Epoch 38/50 | Train Loss=0.000090 | Val Loss=0.000792
Epoch 39/50 | Train Loss=0.000087 | Val Loss=0.000828
Epoch 40/50 | Train Loss=0.000086 | Val Loss=0.000789
Epoch 41/50 | Train Loss=0.000083 | Val Loss=0.000724
Epoch 42/50 | Train Loss=0.000081 | Val Loss=0.000714
Epoch 43/50 | Train Loss=0.000084 | Val Loss=0.000717
Epoch 44/50 | Train Loss=0.000081 | Val Loss=0.000698
Epoch 45/50 | Train Loss=0.000079 | Val Loss=0.000680
Epoch 46/50 | Train Loss=0.000077 | Val Loss=0.000690
Epoch 47/50 | Train Loss=0.000076 | Val Loss=0.000668
Epoch 48/50 | Train Loss=0.000078 | Val Loss=0.000615
Epoch 49/50 | Train Loss=0.000075 | Val Loss=0.000612
Epoch 50/50 | Train Loss=0.000075 | Val Loss=0.000613
[Tuning-Transformer] Threshold (p95)=0.000691
Epoch 1/50 | Train Loss=0.002135 | Val Loss=0.073884
Epoch 2/50 | Train Loss=0.001085 | Val Loss=0.038398
Epoch 3/50 | Train Loss=0.000792 | Val Loss=0.027042
Epoch 4/50 | Train Loss=0.000632 | Val Loss=0.018180
Epoch 5/50 | Train Loss=0.000539 | Val Loss=0.025387
Epoch 6/50 | Train Loss=0.000512 | Val Loss=0.022353
Epoch 7/50 | Train Loss=0.000414 | Val Loss=0.018822
Epoch 8/50 | Train Loss=0.000421 | Val Loss=0.016758
Epoch 9/50 | Train Loss=0.000398 | Val Loss=0.014933
Epoch 10/50 | Train Loss=0.000351 | Val Loss=0.013335
Epoch 11/50 | Train Loss=0.000332 | Val Loss=0.010473
Epoch 12/50 | Train Loss=0.000303 | Val Loss=0.007879
Epoch 13/50 | Train Loss=0.000304 | Val Loss=0.006632
Epoch 14/50 | Train Loss=0.000279 | Val Loss=0.006571
Epoch 15/50 | Train Loss=0.000256 | Val Loss=0.006930
Epoch 16/50 | Train Loss=0.000252 | Val Loss=0.006445
Epoch 17/50 | Train Loss=0.000231 | Val Loss=0.005988
Epoch 18/50 | Train Loss=0.000228 | Val Loss=0.005533
Epoch 19/50 | Train Loss=0.000215 | Val Loss=0.004721
Epoch 20/50 | Train Loss=0.000200 | Val Loss=0.004720
Epoch 21/50 | Train Loss=0.000194 | Val Loss=0.005074
Epoch 22/50 | Train Loss=0.000180 | Val Loss=0.004646
Epoch 23/50 | Train Loss=0.000177 | Val Loss=0.003862
Epoch 24/50 | Train Loss=0.000168 | Val Loss=0.003626
Epoch 25/50 | Train Loss=0.000160 | Val Loss=0.003599
Epoch 26/50 | Train Loss=0.000158 | Val Loss=0.003623
Epoch 27/50 | Train Loss=0.000157 | Val Loss=0.003329
Epoch 28/50 | Train Loss=0.000144 | Val Loss=0.003114
Epoch 29/50 | Train Loss=0.000136 | Val Loss=0.003321
Epoch 30/50 | Train Loss=0.000132 | Val Loss=0.003699
Epoch 31/50 | Train Loss=0.000133 | Val Loss=0.003517
Epoch 32/50 | Train Loss=0.000122 | Val Loss=0.003218
Epoch 33/50 | Train Loss=0.000124 | Val Loss=0.002955
Epoch 34/50 | Train Loss=0.000121 | Val Loss=0.002862
Epoch 35/50 | Train Loss=0.000111 | Val Loss=0.002873
Epoch 36/50 | Train Loss=0.000112 | Val Loss=0.002747
Epoch 37/50 | Train Loss=0.000106 | Val Loss=0.002598
Epoch 38/50 | Train Loss=0.000115 | Val Loss=0.002773
Epoch 39/50 | Train Loss=0.000106 | Val Loss=0.002795
Epoch 40/50 | Train Loss=0.000102 | Val Loss=0.002714
Epoch 41/50 | Train Loss=0.000105 | Val Loss=0.002527
Epoch 42/50 | Train Loss=0.000099 | Val Loss=0.002143
Epoch 43/50 | Train Loss=0.000096 | Val Loss=0.002143
Epoch 44/50 | Train Loss=0.000094 | Val Loss=0.002295
Epoch 45/50 | Train Loss=0.000094 | Val Loss=0.002080
Epoch 46/50 | Train Loss=0.000092 | Val Loss=0.002108
Epoch 47/50 | Train Loss=0.000093 | Val Loss=0.002056
Epoch 48/50 | Train Loss=0.000090 | Val Loss=0.002005
Epoch 49/50 | Train Loss=0.000088 | Val Loss=0.002077
Epoch 50/50 | Train Loss=0.000087 | Val Loss=0.001799
[Tuning-Transformer] Threshold (p95)=0.002147
Epoch 1/50 | Train Loss=0.003026 | Val Loss=0.045497
Epoch 2/50 | Train Loss=0.000862 | Val Loss=0.027518
Epoch 3/50 | Train Loss=0.000689 | Val Loss=0.030868
Epoch 4/50 | Train Loss=0.000625 | Val Loss=0.008327
Epoch 5/50 | Train Loss=0.000514 | Val Loss=0.009595
Epoch 6/50 | Train Loss=0.000514 | Val Loss=0.009080
Epoch 7/50 | Train Loss=0.000452 | Val Loss=0.006227
Epoch 8/50 | Train Loss=0.000418 | Val Loss=0.005403
Epoch 9/50 | Train Loss=0.000407 | Val Loss=0.004639
Epoch 10/50 | Train Loss=0.000362 | Val Loss=0.004755
Epoch 11/50 | Train Loss=0.000330 | Val Loss=0.004521
Epoch 12/50 | Train Loss=0.000304 | Val Loss=0.003410
Epoch 13/50 | Train Loss=0.000265 | Val Loss=0.003356
Epoch 14/50 | Train Loss=0.000246 | Val Loss=0.002926
Epoch 15/50 | Train Loss=0.000219 | Val Loss=0.002440
Epoch 16/50 | Train Loss=0.000198 | Val Loss=0.002404
Epoch 17/50 | Train Loss=0.000161 | Val Loss=0.002266
Epoch 18/50 | Train Loss=0.000141 | Val Loss=0.001914
Epoch 19/50 | Train Loss=0.000121 | Val Loss=0.001718
Epoch 20/50 | Train Loss=0.000101 | Val Loss=0.001933
Epoch 21/50 | Train Loss=0.000092 | Val Loss=0.001838
Epoch 22/50 | Train Loss=0.000087 | Val Loss=0.001685
Epoch 23/50 | Train Loss=0.000076 | Val Loss=0.001707
Epoch 24/50 | Train Loss=0.000070 | Val Loss=0.001615
Epoch 25/50 | Train Loss=0.000062 | Val Loss=0.001618
Epoch 26/50 | Train Loss=0.000061 | Val Loss=0.001546
Epoch 27/50 | Train Loss=0.000056 | Val Loss=0.001507
Epoch 28/50 | Train Loss=0.000050 | Val Loss=0.001574
Epoch 29/50 | Train Loss=0.000049 | Val Loss=0.001665
Epoch 30/50 | Train Loss=0.000047 | Val Loss=0.001601
Epoch 31/50 | Train Loss=0.000045 | Val Loss=0.001548
Epoch 32/50 | Train Loss=0.000042 | Val Loss=0.001514
‚èπ Early stopping at epoch 32
[Tuning-Transformer] Threshold (p95)=0.002016
Epoch 1/50 | Train Loss=0.001816 | Val Loss=0.055606
Epoch 2/50 | Train Loss=0.000690 | Val Loss=0.042092
Epoch 3/50 | Train Loss=0.000433 | Val Loss=0.018410
Epoch 4/50 | Train Loss=0.000306 | Val Loss=0.024222
Epoch 5/50 | Train Loss=0.000317 | Val Loss=0.017827
Epoch 6/50 | Train Loss=0.000256 | Val Loss=0.010501
Epoch 7/50 | Train Loss=0.000212 | Val Loss=0.011590
Epoch 8/50 | Train Loss=0.000216 | Val Loss=0.012055
Epoch 9/50 | Train Loss=0.000206 | Val Loss=0.008695
Epoch 10/50 | Train Loss=0.000182 | Val Loss=0.006599
Epoch 11/50 | Train Loss=0.000170 | Val Loss=0.006767
Epoch 12/50 | Train Loss=0.000174 | Val Loss=0.006174
Epoch 13/50 | Train Loss=0.000161 | Val Loss=0.005066
Epoch 14/50 | Train Loss=0.000148 | Val Loss=0.004694
Epoch 15/50 | Train Loss=0.000142 | Val Loss=0.004868
Epoch 16/50 | Train Loss=0.000138 | Val Loss=0.004985
Epoch 17/50 | Train Loss=0.000132 | Val Loss=0.004897
Epoch 18/50 | Train Loss=0.000125 | Val Loss=0.004763
Epoch 19/50 | Train Loss=0.000120 | Val Loss=0.004525
Epoch 20/50 | Train Loss=0.000118 | Val Loss=0.003869
Epoch 21/50 | Train Loss=0.000114 | Val Loss=0.003178
Epoch 22/50 | Train Loss=0.000109 | Val Loss=0.002952
Epoch 23/50 | Train Loss=0.000105 | Val Loss=0.002882
Epoch 24/50 | Train Loss=0.000103 | Val Loss=0.002563
Epoch 25/50 | Train Loss=0.000099 | Val Loss=0.002340
Epoch 26/50 | Train Loss=0.000095 | Val Loss=0.002414
Epoch 27/50 | Train Loss=0.000092 | Val Loss=0.002589
Epoch 28/50 | Train Loss=0.000090 | Val Loss=0.002323
Epoch 29/50 | Train Loss=0.000089 | Val Loss=0.002060
Epoch 30/50 | Train Loss=0.000086 | Val Loss=0.002062
Epoch 31/50 | Train Loss=0.000085 | Val Loss=0.002018
Epoch 32/50 | Train Loss=0.000083 | Val Loss=0.001870
Epoch 33/50 | Train Loss=0.000080 | Val Loss=0.001842
Epoch 34/50 | Train Loss=0.000078 | Val Loss=0.001802
Epoch 35/50 | Train Loss=0.000076 | Val Loss=0.001726
Epoch 36/50 | Train Loss=0.000075 | Val Loss=0.001768
Epoch 37/50 | Train Loss=0.000073 | Val Loss=0.001770
Epoch 38/50 | Train Loss=0.000073 | Val Loss=0.001706
Epoch 39/50 | Train Loss=0.000070 | Val Loss=0.001733
Epoch 40/50 | Train Loss=0.000068 | Val Loss=0.001645
Epoch 41/50 | Train Loss=0.000068 | Val Loss=0.001500
[I 2025-09-16 23:41:11,831] Trial 5 finished with value: 0.0013167544966563582 and parameters: {'window_size': 90, 'batch_size': 128, 'lr': 0.00021591149690814495, 'd_model': 64, 'n_heads': 2, 'num_layers': 3, 'dropout': 0.21343479490433173}. Best is trial 1 with value: 0.00038044824032112956.
[I 2025-09-16 23:41:13,664] Trial 6 finished with value: 0.0005551300127990544 and parameters: {'window_size': 120, 'batch_size': 32, 'lr': 0.00018595523638611125, 'd_model': 64, 'n_heads': 2, 'num_layers': 3, 'dropout': 0.22828177324609775}. Best is trial 1 with value: 0.00038044824032112956.
[I 2025-09-16 23:41:15,678] Trial 7 finished with value: 0.0009624036028981209 and parameters: {'window_size': 120, 'batch_size': 64, 'lr': 0.0005912235658209256, 'd_model': 32, 'n_heads': 8, 'num_layers': 3, 'dropout': 0.3162075894307378}. Best is trial 1 with value: 0.00038044824032112956.
[I 2025-09-16 23:41:19,009] Trial 8 finished with value: 0.00040251214522868395 and parameters: {'window_size': 90, 'batch_size': 32, 'lr': 0.0012035219766716955, 'd_model': 128, 'n_heads': 4, 'num_layers': 3, 'dropout': 0.1747146160356729}. Best is trial 1 with value: 0.00038044824032112956.
Epoch 42/50 | Train Loss=0.000067 | Val Loss=0.001487
Epoch 43/50 | Train Loss=0.000066 | Val Loss=0.001460
Epoch 44/50 | Train Loss=0.000064 | Val Loss=0.001436
Epoch 45/50 | Train Loss=0.000062 | Val Loss=0.001478
Epoch 46/50 | Train Loss=0.000061 | Val Loss=0.001458
Epoch 47/50 | Train Loss=0.000061 | Val Loss=0.001386
Epoch 48/50 | Train Loss=0.000060 | Val Loss=0.001360
Epoch 49/50 | Train Loss=0.000059 | Val Loss=0.001344
Epoch 50/50 | Train Loss=0.000057 | Val Loss=0.001317
[Tuning-Transformer] Threshold (p95)=0.001506
Epoch 1/50 | Train Loss=0.002913 | Val Loss=0.011942
Epoch 2/50 | Train Loss=0.000964 | Val Loss=0.011225
Epoch 3/50 | Train Loss=0.000720 | Val Loss=0.018019
Epoch 4/50 | Train Loss=0.000602 | Val Loss=0.004872
Epoch 5/50 | Train Loss=0.000520 | Val Loss=0.003691
Epoch 6/50 | Train Loss=0.000450 | Val Loss=0.003963
Epoch 7/50 | Train Loss=0.000417 | Val Loss=0.003177
Epoch 8/50 | Train Loss=0.000382 | Val Loss=0.002872
Epoch 9/50 | Train Loss=0.000348 | Val Loss=0.002192
Epoch 10/50 | Train Loss=0.000326 | Val Loss=0.002035
Epoch 11/50 | Train Loss=0.000300 | Val Loss=0.001869
Epoch 12/50 | Train Loss=0.000280 | Val Loss=0.001966
Epoch 13/50 | Train Loss=0.000267 | Val Loss=0.001867
Epoch 14/50 | Train Loss=0.000245 | Val Loss=0.001781
Epoch 15/50 | Train Loss=0.000232 | Val Loss=0.001659
Epoch 16/50 | Train Loss=0.000220 | Val Loss=0.001639
Epoch 17/50 | Train Loss=0.000212 | Val Loss=0.001374
Epoch 18/50 | Train Loss=0.000201 | Val Loss=0.001158
Epoch 19/50 | Train Loss=0.000193 | Val Loss=0.001130
Epoch 20/50 | Train Loss=0.000183 | Val Loss=0.001108
Epoch 21/50 | Train Loss=0.000175 | Val Loss=0.001141
Epoch 22/50 | Train Loss=0.000169 | Val Loss=0.000955
Epoch 23/50 | Train Loss=0.000162 | Val Loss=0.000876
Epoch 24/50 | Train Loss=0.000158 | Val Loss=0.000739
Epoch 25/50 | Train Loss=0.000152 | Val Loss=0.000734
Epoch 26/50 | Train Loss=0.000145 | Val Loss=0.000750
Epoch 27/50 | Train Loss=0.000141 | Val Loss=0.000829
Epoch 28/50 | Train Loss=0.000137 | Val Loss=0.000721
Epoch 29/50 | Train Loss=0.000131 | Val Loss=0.000694
Epoch 30/50 | Train Loss=0.000126 | Val Loss=0.000688
Epoch 31/50 | Train Loss=0.000123 | Val Loss=0.000555
Epoch 32/50 | Train Loss=0.000121 | Val Loss=0.000611
Epoch 33/50 | Train Loss=0.000115 | Val Loss=0.000577
Epoch 34/50 | Train Loss=0.000113 | Val Loss=0.000597
Epoch 35/50 | Train Loss=0.000110 | Val Loss=0.000565
Epoch 36/50 | Train Loss=0.000105 | Val Loss=0.000582
‚èπ Early stopping at epoch 36
[Tuning-Transformer] Threshold (p95)=0.000759
Epoch 1/50 | Train Loss=0.003462 | Val Loss=0.042154
Epoch 2/50 | Train Loss=0.001150 | Val Loss=0.061696
Epoch 3/50 | Train Loss=0.000937 | Val Loss=0.038160
Epoch 4/50 | Train Loss=0.000724 | Val Loss=0.017073
Epoch 5/50 | Train Loss=0.000648 | Val Loss=0.009879
Epoch 6/50 | Train Loss=0.000554 | Val Loss=0.007883
Epoch 7/50 | Train Loss=0.000453 | Val Loss=0.009040
Epoch 8/50 | Train Loss=0.000439 | Val Loss=0.007004
Epoch 9/50 | Train Loss=0.000395 | Val Loss=0.006968
Epoch 10/50 | Train Loss=0.000366 | Val Loss=0.008169
Epoch 11/50 | Train Loss=0.000343 | Val Loss=0.004987
Epoch 12/50 | Train Loss=0.000310 | Val Loss=0.003467
Epoch 13/50 | Train Loss=0.000300 | Val Loss=0.003136
Epoch 14/50 | Train Loss=0.000271 | Val Loss=0.003044
Epoch 15/50 | Train Loss=0.000248 | Val Loss=0.002724
Epoch 16/50 | Train Loss=0.000229 | Val Loss=0.002827
Epoch 17/50 | Train Loss=0.000216 | Val Loss=0.002362
Epoch 18/50 | Train Loss=0.000203 | Val Loss=0.002118
Epoch 19/50 | Train Loss=0.000181 | Val Loss=0.002005
Epoch 20/50 | Train Loss=0.000175 | Val Loss=0.002089
Epoch 21/50 | Train Loss=0.000165 | Val Loss=0.002122
Epoch 22/50 | Train Loss=0.000153 | Val Loss=0.002074
Epoch 23/50 | Train Loss=0.000150 | Val Loss=0.001751
Epoch 24/50 | Train Loss=0.000147 | Val Loss=0.001760
Epoch 25/50 | Train Loss=0.000134 | Val Loss=0.001871
Epoch 26/50 | Train Loss=0.000127 | Val Loss=0.001850
Epoch 27/50 | Train Loss=0.000124 | Val Loss=0.001674
Epoch 28/50 | Train Loss=0.000122 | Val Loss=0.001581
Epoch 29/50 | Train Loss=0.000117 | Val Loss=0.001518
Epoch 30/50 | Train Loss=0.000114 | Val Loss=0.001636
Epoch 31/50 | Train Loss=0.000108 | Val Loss=0.001491
Epoch 32/50 | Train Loss=0.000105 | Val Loss=0.001386
Epoch 33/50 | Train Loss=0.000102 | Val Loss=0.001356
Epoch 34/50 | Train Loss=0.000100 | Val Loss=0.001246
Epoch 35/50 | Train Loss=0.000095 | Val Loss=0.001226
Epoch 36/50 | Train Loss=0.000092 | Val Loss=0.001260
Epoch 37/50 | Train Loss=0.000089 | Val Loss=0.001149
Epoch 38/50 | Train Loss=0.000091 | Val Loss=0.001279
Epoch 39/50 | Train Loss=0.000084 | Val Loss=0.001107
Epoch 40/50 | Train Loss=0.000083 | Val Loss=0.001082
Epoch 41/50 | Train Loss=0.000084 | Val Loss=0.001147
Epoch 42/50 | Train Loss=0.000079 | Val Loss=0.001079
Epoch 43/50 | Train Loss=0.000075 | Val Loss=0.001090
Epoch 44/50 | Train Loss=0.000077 | Val Loss=0.001003
Epoch 45/50 | Train Loss=0.000072 | Val Loss=0.001065
Epoch 46/50 | Train Loss=0.000070 | Val Loss=0.001000
Epoch 47/50 | Train Loss=0.000069 | Val Loss=0.001039
Epoch 48/50 | Train Loss=0.000066 | Val Loss=0.000977
Epoch 49/50 | Train Loss=0.000065 | Val Loss=0.000992
Epoch 50/50 | Train Loss=0.000063 | Val Loss=0.000962
[Tuning-Transformer] Threshold (p95)=0.001230
Epoch 1/50 | Train Loss=0.018632 | Val Loss=0.104705
Epoch 2/50 | Train Loss=0.002346 | Val Loss=0.064255
Epoch 3/50 | Train Loss=0.001622 | Val Loss=0.053662
Epoch 4/50 | Train Loss=0.001101 | Val Loss=0.016344
Epoch 5/50 | Train Loss=0.000870 | Val Loss=0.013601
Epoch 6/50 | Train Loss=0.000671 | Val Loss=0.013426
Epoch 7/50 | Train Loss=0.000526 | Val Loss=0.005593
Epoch 8/50 | Train Loss=0.000430 | Val Loss=0.008681
Epoch 9/50 | Train Loss=0.000347 | Val Loss=0.004471
Epoch 10/50 | Train Loss=0.000286 | Val Loss=0.003729
Epoch 11/50 | Train Loss=0.000226 | Val Loss=0.003259
Epoch 12/50 | Train Loss=0.000178 | Val Loss=0.002001
Epoch 13/50 | Train Loss=0.000162 | Val Loss=0.002851
Epoch 14/50 | Train Loss=0.000121 | Val Loss=0.002015
Epoch 15/50 | Train Loss=0.000099 | Val Loss=0.003857
Epoch 16/50 | Train Loss=0.000182 | Val Loss=0.001627
Epoch 17/50 | Train Loss=0.000110 | Val Loss=0.001936
Epoch 18/50 | Train Loss=0.000081 | Val Loss=0.003350
Epoch 19/50 | Train Loss=0.000065 | Val Loss=0.001945
Epoch 20/50 | Train Loss=0.000054 | Val Loss=0.001368
Epoch 21/50 | Train Loss=0.000036 | Val Loss=0.001586
Epoch 22/50 | Train Loss=0.000042 | Val Loss=0.001167
Epoch 23/50 | Train Loss=0.000035 | Val Loss=0.001030
Epoch 24/50 | Train Loss=0.000026 | Val Loss=0.000887
Epoch 25/50 | Train Loss=0.000019 | Val Loss=0.000815
Epoch 26/50 | Train Loss=0.000020 | Val Loss=0.000727
Epoch 27/50 | Train Loss=0.000017 | Val Loss=0.000745
Epoch 28/50 | Train Loss=0.000014 | Val Loss=0.000902
Epoch 29/50 | Train Loss=0.000014 | Val Loss=0.000781
Epoch 30/50 | Train Loss=0.000013 | Val Loss=0.000682
Epoch 31/50 | Train Loss=0.000013 | Val Loss=0.000647
Epoch 32/50 | Train Loss=0.000012 | Val Loss=0.000640
Epoch 33/50 | Train Loss=0.000012 | Val Loss=0.000671
Epoch 34/50 | Train Loss=0.000010 | Val Loss=0.000672
Epoch 35/50 | Train Loss=0.000010 | Val Loss=0.000640
Epoch 36/50 | Train Loss=0.000010 | Val Loss=0.000650
Epoch 37/50 | Train Loss=0.000009 | Val Loss=0.000639
Epoch 38/50 | Train Loss=0.000009 | Val Loss=0.000668
Epoch 39/50 | Train Loss=0.000009 | Val Loss=0.000649
Epoch 40/50 | Train Loss=0.000009 | Val Loss=0.000588
Epoch 41/50 | Train Loss=0.000008 | Val Loss=0.000561
Epoch 42/50 | Train Loss=0.000008 | Val Loss=0.000560
Epoch 43/50 | Train Loss=0.000008 | Val Loss=0.000531
Epoch 44/50 | Train Loss=0.000008 | Val Loss=0.000550
Epoch 45/50 | Train Loss=0.000007 | Val Loss=0.000504
Epoch 46/50 | Train Loss=0.000007 | Val Loss=0.000479
Epoch 47/50 | Train Loss=0.000007 | Val Loss=0.000444
Epoch 48/50 | Train Loss=0.000006 | Val Loss=0.000431
Epoch 49/50 | Train Loss=0.000005 | Val Loss=0.000442
Epoch 50/50 | Train Loss=0.000006 | Val Loss=0.000403
[Tuning-Transformer] Threshold (p95)=0.000456
Epoch 1/50 | Train Loss=0.003075 | Val Loss=0.093523
Epoch 2/50 | Train Loss=0.000968 | Val Loss=0.041583
Epoch 3/50 | Train Loss=0.000461 | Val Loss=0.025420
