[I 2025-09-16 23:30:27,038] Trial 5 finished with value: 0.06913527101278305 and parameters: {'window_size': 120, 'batch_size': 64, 'lr': 0.00172022272687456, 'hidden_size': 16, 'dropout': 0.2290533943718488}. Best is trial 3 with value: 0.05820099636912346.
Epoch 8/50 | Train Loss=0.000130 | Val Loss=0.078170
Epoch 9/50 | Train Loss=0.000125 | Val Loss=0.078382
Epoch 10/50 | Train Loss=0.000118 | Val Loss=0.076920
Epoch 11/50 | Train Loss=0.000110 | Val Loss=0.077113
Epoch 12/50 | Train Loss=0.000100 | Val Loss=0.076867
Epoch 13/50 | Train Loss=0.000088 | Val Loss=0.072259
Epoch 14/50 | Train Loss=0.000159 | Val Loss=0.077601
Epoch 15/50 | Train Loss=0.000174 | Val Loss=0.111679
Epoch 16/50 | Train Loss=0.000192 | Val Loss=0.092031
Epoch 17/50 | Train Loss=0.000123 | Val Loss=0.079917
Epoch 18/50 | Train Loss=0.000101 | Val Loss=0.079314
‚èπ Early stopping at epoch 18
[Tuning-LSTM_AE] Threshold (p95)=0.064635
Epoch 1/50 | Train Loss=0.000450 | Val Loss=0.085065
Epoch 2/50 | Train Loss=0.000193 | Val Loss=0.062225
Epoch 3/50 | Train Loss=0.000146 | Val Loss=0.066478
Epoch 4/50 | Train Loss=0.000132 | Val Loss=0.064857
Epoch 5/50 | Train Loss=0.000118 | Val Loss=0.064822
Epoch 6/50 | Train Loss=0.000112 | Val Loss=0.061274
Epoch 7/50 | Train Loss=0.000118 | Val Loss=0.063926
Epoch 8/50 | Train Loss=0.000118 | Val Loss=0.064232
Epoch 9/50 | Train Loss=0.000120 | Val Loss=0.062419
Epoch 10/50 | Train Loss=0.000113 | Val Loss=0.067186
Epoch 11/50 | Train Loss=0.000120 | Val Loss=0.060528
Epoch 12/50 | Train Loss=0.000107 | Val Loss=0.059966
Epoch 13/50 | Train Loss=0.000104 | Val Loss=0.061793
Epoch 14/50 | Train Loss=0.000101 | Val Loss=0.059367
Epoch 15/50 | Train Loss=0.000100 | Val Loss=0.058201
Epoch 16/50 | Train Loss=0.000096 | Val Loss=0.061950
Epoch 17/50 | Train Loss=0.000104 | Val Loss=0.067937
Epoch 18/50 | Train Loss=0.000108 | Val Loss=0.061359
Epoch 19/50 | Train Loss=0.000104 | Val Loss=0.062826
Epoch 20/50 | Train Loss=0.000109 | Val Loss=0.061806
‚èπ Early stopping at epoch 20
[Tuning-LSTM_AE] Threshold (p95)=0.031310
Epoch 1/50 | Train Loss=0.001940 | Val Loss=0.246978
Epoch 2/50 | Train Loss=0.001746 | Val Loss=0.233470
Epoch 3/50 | Train Loss=0.001606 | Val Loss=0.221020
Epoch 4/50 | Train Loss=0.001501 | Val Loss=0.208751
Epoch 5/50 | Train Loss=0.001349 | Val Loss=0.195947
Epoch 6/50 | Train Loss=0.001247 | Val Loss=0.183271
Epoch 7/50 | Train Loss=0.001129 | Val Loss=0.170186
Epoch 8/50 | Train Loss=0.001038 | Val Loss=0.157223
Epoch 9/50 | Train Loss=0.000935 | Val Loss=0.145000
Epoch 10/50 | Train Loss=0.000861 | Val Loss=0.134117
Epoch 11/50 | Train Loss=0.000802 | Val Loss=0.124949
Epoch 12/50 | Train Loss=0.000738 | Val Loss=0.117700
Epoch 13/50 | Train Loss=0.000703 | Val Loss=0.110972
Epoch 14/50 | Train Loss=0.000670 | Val Loss=0.106394
Epoch 15/50 | Train Loss=0.000627 | Val Loss=0.101542
Epoch 16/50 | Train Loss=0.000589 | Val Loss=0.097142
Epoch 17/50 | Train Loss=0.000571 | Val Loss=0.092769
Epoch 18/50 | Train Loss=0.000575 | Val Loss=0.087747
Epoch 19/50 | Train Loss=0.000481 | Val Loss=0.083781
Epoch 20/50 | Train Loss=0.000464 | Val Loss=0.079924
Epoch 21/50 | Train Loss=0.000423 | Val Loss=0.076978
Epoch 22/50 | Train Loss=0.000410 | Val Loss=0.074580
Epoch 23/50 | Train Loss=0.000386 | Val Loss=0.073011
Epoch 24/50 | Train Loss=0.000366 | Val Loss=0.072086
Epoch 25/50 | Train Loss=0.000357 | Val Loss=0.071206
Epoch 26/50 | Train Loss=0.000337 | Val Loss=0.070539
Epoch 27/50 | Train Loss=0.000336 | Val Loss=0.069973
Epoch 28/50 | Train Loss=0.000315 | Val Loss=0.069252
Epoch 29/50 | Train Loss=0.000333 | Val Loss=0.069213
Epoch 30/50 | Train Loss=0.000329 | Val Loss=0.068766
Epoch 31/50 | Train Loss=0.000306 | Val Loss=0.068300
Epoch 32/50 | Train Loss=0.000309 | Val Loss=0.068105
Epoch 33/50 | Train Loss=0.000303 | Val Loss=0.068011
Epoch 34/50 | Train Loss=0.000304 | Val Loss=0.067643
Epoch 35/50 | Train Loss=0.000304 | Val Loss=0.067495
Epoch 36/50 | Train Loss=0.000300 | Val Loss=0.067202
Epoch 37/50 | Train Loss=0.000302 | Val Loss=0.066859
Epoch 38/50 | Train Loss=0.000291 | Val Loss=0.066457
Epoch 39/50 | Train Loss=0.000280 | Val Loss=0.066458
Epoch 40/50 | Train Loss=0.000292 | Val Loss=0.066218
Epoch 41/50 | Train Loss=0.000297 | Val Loss=0.065971
Epoch 42/50 | Train Loss=0.000285 | Val Loss=0.065583
Epoch 43/50 | Train Loss=0.000283 | Val Loss=0.065540
Epoch 44/50 | Train Loss=0.000286 | Val Loss=0.065384
Epoch 45/50 | Train Loss=0.000263 | Val Loss=0.064819
Epoch 46/50 | Train Loss=0.000272 | Val Loss=0.064629
Epoch 47/50 | Train Loss=0.000269 | Val Loss=0.064732
Epoch 48/50 | Train Loss=0.000268 | Val Loss=0.064430
Epoch 49/50 | Train Loss=0.000267 | Val Loss=0.064245
Epoch 50/50 | Train Loss=0.000267 | Val Loss=0.064093
[Tuning-LSTM_AE] Threshold (p95)=0.030004
Epoch 1/50 | Train Loss=0.001273 | Val Loss=0.203213
Epoch 2/50 | Train Loss=0.000895 | Val Loss=0.163874
Epoch 3/50 | Train Loss=0.000655 | Val Loss=0.137088
Epoch 4/50 | Train Loss=0.000538 | Val Loss=0.121835
Epoch 5/50 | Train Loss=0.000447 | Val Loss=0.113082
Epoch 6/50 | Train Loss=0.000400 | Val Loss=0.103981
Epoch 7/50 | Train Loss=0.000355 | Val Loss=0.098424
Epoch 8/50 | Train Loss=0.000342 | Val Loss=0.095042
Epoch 9/50 | Train Loss=0.000321 | Val Loss=0.093761
Epoch 10/50 | Train Loss=0.000315 | Val Loss=0.088653
Epoch 11/50 | Train Loss=0.000292 | Val Loss=0.087288
Epoch 12/50 | Train Loss=0.000294 | Val Loss=0.086034
Epoch 13/50 | Train Loss=0.000281 | Val Loss=0.081589
Epoch 14/50 | Train Loss=0.000271 | Val Loss=0.080833
Epoch 15/50 | Train Loss=0.000270 | Val Loss=0.079866
Epoch 16/50 | Train Loss=0.000258 | Val Loss=0.077497
Epoch 17/50 | Train Loss=0.000248 | Val Loss=0.076225
Epoch 18/50 | Train Loss=0.000227 | Val Loss=0.076086
Epoch 19/50 | Train Loss=0.000213 | Val Loss=0.075826
Epoch 20/50 | Train Loss=0.000213 | Val Loss=0.075879
Epoch 21/50 | Train Loss=0.000201 | Val Loss=0.074705
Epoch 22/50 | Train Loss=0.000181 | Val Loss=0.070977
Epoch 23/50 | Train Loss=0.000187 | Val Loss=0.073712
Epoch 24/50 | Train Loss=0.000189 | Val Loss=0.077185
Epoch 25/50 | Train Loss=0.000186 | Val Loss=0.073929
Epoch 26/50 | Train Loss=0.000171 | Val Loss=0.070272
Epoch 27/50 | Train Loss=0.000163 | Val Loss=0.069135
Epoch 28/50 | Train Loss=0.000159 | Val Loss=0.069321
Epoch 29/50 | Train Loss=0.000162 | Val Loss=0.073254
Epoch 30/50 | Train Loss=0.000160 | Val Loss=0.073305
Epoch 31/50 | Train Loss=0.000156 | Val Loss=0.070497
Epoch 32/50 | Train Loss=0.000158 | Val Loss=0.069440
‚èπ Early stopping at epoch 32
[Tuning-LSTM_AE] Threshold (p95)=0.041040
Epoch 1/50 | Train Loss=0.000734 | Val Loss=0.272398
Epoch 2/50 | Train Loss=0.000674 | Val Loss=0.264296
Epoch 3/50 | Train Loss=0.000642 | Val Loss=0.256405
Epoch 4/50 | Train Loss=0.000616 | Val Loss=0.248423
Epoch 5/50 | Train Loss=0.000578 | Val Loss=0.240077
Epoch 6/50 | Train Loss=0.000541 | Val Loss=0.231504
Epoch 7/50 | Train Loss=0.000531 | Val Loss=0.222681
Epoch 8/50 | Train Loss=0.000495 | Val Loss=0.213153
Epoch 9/50 | Train Loss=0.000461 | Val Loss=0.202735
Epoch 10/50 | Train Loss=0.000413 | Val Loss=0.191863
Epoch 11/50 | Train Loss=0.000380 | Val Loss=0.181198
Epoch 12/50 | Train Loss=0.000357 | Val Loss=0.170286
Epoch 13/50 | Train Loss=0.000331 | Val Loss=0.159347
Epoch 14/50 | Train Loss=0.000293 | Val Loss=0.148147
Epoch 15/50 | Train Loss=0.000271 | Val Loss=0.138585
Epoch 16/50 | Train Loss=0.000258 | Val Loss=0.129843
Epoch 17/50 | Train Loss=0.000255 | Val Loss=0.122167
Epoch 18/50 | Train Loss=0.000232 | Val Loss=0.114839
Epoch 19/50 | Train Loss=0.000215 | Val Loss=0.108867
Epoch 20/50 | Train Loss=0.000208 | Val Loss=0.104325
Epoch 21/50 | Train Loss=0.000205 | Val Loss=0.100858
Epoch 22/50 | Train Loss=0.000188 | Val Loss=0.096916
Epoch 23/50 | Train Loss=0.000186 | Val Loss=0.093834
Epoch 24/50 | Train Loss=0.000171 | Val Loss=0.090886
Epoch 25/50 | Train Loss=0.000167 | Val Loss=0.087668
Epoch 26/50 | Train Loss=0.000156 | Val Loss=0.084236
Epoch 27/50 | Train Loss=0.000150 | Val Loss=0.081484
Epoch 28/50 | Train Loss=0.000148 | Val Loss=0.078247
Epoch 29/50 | Train Loss=0.000137 | Val Loss=0.074086
Epoch 30/50 | Train Loss=0.000128 | Val Loss=0.071599
Epoch 31/50 | Train Loss=0.000121 | Val Loss=0.069736
Epoch 32/50 | Train Loss=0.000114 | Val Loss=0.067366
Epoch 33/50 | Train Loss=0.000112 | Val Loss=0.065519
Epoch 34/50 | Train Loss=0.000115 | Val Loss=0.064079
[I 2025-09-16 23:30:28,317] Trial 6 finished with value: 0.06241215020418167 and parameters: {'window_size': 60, 'batch_size': 128, 'lr': 0.00025567139766060487, 'hidden_size': 64, 'dropout': 0.47461074170232864}. Best is trial 3 with value: 0.05820099636912346.
[I 2025-09-16 23:30:29,509] Trial 7 finished with value: 0.05833469331264496 and parameters: {'window_size': 60, 'batch_size': 64, 'lr': 0.0026717880814386198, 'hidden_size': 64, 'dropout': 0.2734170927283641}. Best is trial 3 with value: 0.05820099636912346.
[I 2025-09-16 23:30:30,847] Trial 8 finished with value: 0.1006666049361229 and parameters: {'window_size': 120, 'batch_size': 128, 'lr': 0.00018631428366001305, 'hidden_size': 32, 'dropout': 0.2973839402799359}. Best is trial 3 with value: 0.05820099636912346.
[I 2025-09-16 23:30:33,434] Trial 9 finished with value: 0.059865254908800125 and parameters: {'window_size': 60, 'batch_size': 32, 'lr': 0.00044606486010261617, 'hidden_size': 64, 'dropout': 0.4802370036614646}. Best is trial 3 with value: 0.05820099636912346.
[I 2025-09-16 23:30:33,434] A new study created in memory with name: no-name-9e8c0e6e-50e1-4709-bba1-6b48249d3610
[I 2025-09-16 23:30:35,084] Trial 0 finished with value: 0.024775946512818336 and parameters: {'window_size': 60, 'batch_size': 128, 'lr': 0.0078109376512424, 'd_model': 128, 'n_heads': 4, 'num_layers': 1, 'dropout': 0.3321416220601544}. Best is trial 0 with value: 0.024775946512818336.
Epoch 35/50 | Train Loss=0.000103 | Val Loss=0.063287
Epoch 36/50 | Train Loss=0.000101 | Val Loss=0.062617
Epoch 37/50 | Train Loss=0.000101 | Val Loss=0.062412
Epoch 38/50 | Train Loss=0.000099 | Val Loss=0.062417
Epoch 39/50 | Train Loss=0.000096 | Val Loss=0.062440
Epoch 40/50 | Train Loss=0.000095 | Val Loss=0.062494
Epoch 41/50 | Train Loss=0.000094 | Val Loss=0.062722
Epoch 42/50 | Train Loss=0.000094 | Val Loss=0.062698
‚èπ Early stopping at epoch 42
[Tuning-LSTM_AE] Threshold (p95)=0.036114
Epoch 1/50 | Train Loss=0.000881 | Val Loss=0.130476
Epoch 2/50 | Train Loss=0.000381 | Val Loss=0.106025
Epoch 3/50 | Train Loss=0.000237 | Val Loss=0.072460
Epoch 4/50 | Train Loss=0.000159 | Val Loss=0.063960
Epoch 5/50 | Train Loss=0.000148 | Val Loss=0.067019
Epoch 6/50 | Train Loss=0.000137 | Val Loss=0.065211
Epoch 7/50 | Train Loss=0.000127 | Val Loss=0.064137
Epoch 8/50 | Train Loss=0.000122 | Val Loss=0.063715
Epoch 9/50 | Train Loss=0.000117 | Val Loss=0.061241
Epoch 10/50 | Train Loss=0.000114 | Val Loss=0.060311
Epoch 11/50 | Train Loss=0.000107 | Val Loss=0.061111
Epoch 12/50 | Train Loss=0.000108 | Val Loss=0.061174
Epoch 13/50 | Train Loss=0.000110 | Val Loss=0.061770
Epoch 14/50 | Train Loss=0.000106 | Val Loss=0.060583
Epoch 15/50 | Train Loss=0.000100 | Val Loss=0.059296
Epoch 16/50 | Train Loss=0.000102 | Val Loss=0.062248
Epoch 17/50 | Train Loss=0.000103 | Val Loss=0.059255
Epoch 18/50 | Train Loss=0.000097 | Val Loss=0.058335
Epoch 19/50 | Train Loss=0.000100 | Val Loss=0.059823
Epoch 20/50 | Train Loss=0.000097 | Val Loss=0.059422
Epoch 21/50 | Train Loss=0.000105 | Val Loss=0.061146
Epoch 22/50 | Train Loss=0.000119 | Val Loss=0.061210
Epoch 23/50 | Train Loss=0.000116 | Val Loss=0.061060
‚èπ Early stopping at epoch 23
[Tuning-LSTM_AE] Threshold (p95)=0.030463
Epoch 1/50 | Train Loss=0.000709 | Val Loss=0.251648
Epoch 2/50 | Train Loss=0.000691 | Val Loss=0.248715
Epoch 3/50 | Train Loss=0.000679 | Val Loss=0.245879
Epoch 4/50 | Train Loss=0.000663 | Val Loss=0.243071
Epoch 5/50 | Train Loss=0.000650 | Val Loss=0.240300
Epoch 6/50 | Train Loss=0.000641 | Val Loss=0.237569
Epoch 7/50 | Train Loss=0.000624 | Val Loss=0.234832
Epoch 8/50 | Train Loss=0.000616 | Val Loss=0.232107
Epoch 9/50 | Train Loss=0.000603 | Val Loss=0.229342
Epoch 10/50 | Train Loss=0.000589 | Val Loss=0.226563
Epoch 11/50 | Train Loss=0.000581 | Val Loss=0.223772
Epoch 12/50 | Train Loss=0.000569 | Val Loss=0.220951
Epoch 13/50 | Train Loss=0.000557 | Val Loss=0.218078
Epoch 14/50 | Train Loss=0.000549 | Val Loss=0.215179
Epoch 15/50 | Train Loss=0.000535 | Val Loss=0.212207
Epoch 16/50 | Train Loss=0.000526 | Val Loss=0.209199
Epoch 17/50 | Train Loss=0.000510 | Val Loss=0.206131
Epoch 18/50 | Train Loss=0.000504 | Val Loss=0.203015
Epoch 19/50 | Train Loss=0.000489 | Val Loss=0.199816
Epoch 20/50 | Train Loss=0.000477 | Val Loss=0.196534
Epoch 21/50 | Train Loss=0.000469 | Val Loss=0.193185
Epoch 22/50 | Train Loss=0.000456 | Val Loss=0.189769
Epoch 23/50 | Train Loss=0.000442 | Val Loss=0.186294
Epoch 24/50 | Train Loss=0.000432 | Val Loss=0.182688
Epoch 25/50 | Train Loss=0.000423 | Val Loss=0.179022
Epoch 26/50 | Train Loss=0.000408 | Val Loss=0.175227
Epoch 27/50 | Train Loss=0.000398 | Val Loss=0.171415
Epoch 28/50 | Train Loss=0.000383 | Val Loss=0.167473
Epoch 29/50 | Train Loss=0.000372 | Val Loss=0.163495
Epoch 30/50 | Train Loss=0.000365 | Val Loss=0.159446
Epoch 31/50 | Train Loss=0.000349 | Val Loss=0.155309
Epoch 32/50 | Train Loss=0.000336 | Val Loss=0.151123
Epoch 33/50 | Train Loss=0.000324 | Val Loss=0.146947
Epoch 34/50 | Train Loss=0.000314 | Val Loss=0.142711
Epoch 35/50 | Train Loss=0.000294 | Val Loss=0.138589
Epoch 36/50 | Train Loss=0.000285 | Val Loss=0.134484
Epoch 37/50 | Train Loss=0.000270 | Val Loss=0.130506
Epoch 38/50 | Train Loss=0.000265 | Val Loss=0.126686
Epoch 39/50 | Train Loss=0.000255 | Val Loss=0.123112
Epoch 40/50 | Train Loss=0.000240 | Val Loss=0.119696
Epoch 41/50 | Train Loss=0.000235 | Val Loss=0.116468
Epoch 42/50 | Train Loss=0.000230 | Val Loss=0.113710
Epoch 43/50 | Train Loss=0.000218 | Val Loss=0.111177
Epoch 44/50 | Train Loss=0.000213 | Val Loss=0.108972
Epoch 45/50 | Train Loss=0.000210 | Val Loss=0.107032
Epoch 46/50 | Train Loss=0.000200 | Val Loss=0.105358
Epoch 47/50 | Train Loss=0.000197 | Val Loss=0.103972
Epoch 48/50 | Train Loss=0.000194 | Val Loss=0.102790
Epoch 49/50 | Train Loss=0.000193 | Val Loss=0.101635
Epoch 50/50 | Train Loss=0.000186 | Val Loss=0.100667
[Tuning-LSTM_AE] Threshold (p95)=0.137411
Epoch 1/50 | Train Loss=0.001713 | Val Loss=0.174805
Epoch 2/50 | Train Loss=0.001108 | Val Loss=0.128638
Epoch 3/50 | Train Loss=0.000812 | Val Loss=0.105805
Epoch 4/50 | Train Loss=0.000659 | Val Loss=0.095497
Epoch 5/50 | Train Loss=0.000568 | Val Loss=0.085012
Epoch 6/50 | Train Loss=0.000475 | Val Loss=0.075223
Epoch 7/50 | Train Loss=0.000424 | Val Loss=0.069120
Epoch 8/50 | Train Loss=0.000362 | Val Loss=0.068911
Epoch 9/50 | Train Loss=0.000346 | Val Loss=0.065938
Epoch 10/50 | Train Loss=0.000328 | Val Loss=0.064563
Epoch 11/50 | Train Loss=0.000299 | Val Loss=0.064507
Epoch 12/50 | Train Loss=0.000294 | Val Loss=0.063416
Epoch 13/50 | Train Loss=0.000282 | Val Loss=0.063335
Epoch 14/50 | Train Loss=0.000273 | Val Loss=0.062397
Epoch 15/50 | Train Loss=0.000265 | Val Loss=0.061744
Epoch 16/50 | Train Loss=0.000259 | Val Loss=0.062504
Epoch 17/50 | Train Loss=0.000260 | Val Loss=0.061713
Epoch 18/50 | Train Loss=0.000263 | Val Loss=0.062191
Epoch 19/50 | Train Loss=0.000253 | Val Loss=0.060865
Epoch 20/50 | Train Loss=0.000239 | Val Loss=0.061014
Epoch 21/50 | Train Loss=0.000243 | Val Loss=0.059865
Epoch 22/50 | Train Loss=0.000237 | Val Loss=0.060834
Epoch 23/50 | Train Loss=0.000238 | Val Loss=0.060679
Epoch 24/50 | Train Loss=0.000224 | Val Loss=0.060959
Epoch 25/50 | Train Loss=0.000231 | Val Loss=0.060773
Epoch 26/50 | Train Loss=0.000225 | Val Loss=0.060462
‚èπ Early stopping at epoch 26
[Tuning-LSTM_AE] Threshold (p95)=0.027250
üîé Best hyperparameters for LSTM_AE: {'window_size': 60, 'batch_size': 64, 'lr': 0.003227652404992597, 'hidden_size': 128, 'dropout': 0.3524111026740916}
Best validation loss: 0.05820099636912346

üîé Running hyperparameter search for Transformer on coin_coin_CryptocomCoin...
Epoch 1/50 | Train Loss=0.003406 | Val Loss=0.325917
Epoch 2/50 | Train Loss=0.000829 | Val Loss=0.129038
Epoch 3/50 | Train Loss=0.000538 | Val Loss=0.119408
Epoch 4/50 | Train Loss=0.000415 | Val Loss=0.130152
Epoch 5/50 | Train Loss=0.000353 | Val Loss=0.109887
Epoch 6/50 | Train Loss=0.000295 | Val Loss=0.127626
Epoch 7/50 | Train Loss=0.000219 | Val Loss=0.073720
Epoch 8/50 | Train Loss=0.000138 | Val Loss=0.055121
Epoch 9/50 | Train Loss=0.000058 | Val Loss=0.046977
Epoch 10/50 | Train Loss=0.000032 | Val Loss=0.043375
Epoch 11/50 | Train Loss=0.000022 | Val Loss=0.041178
Epoch 12/50 | Train Loss=0.000017 | Val Loss=0.039248
Epoch 13/50 | Train Loss=0.000015 | Val Loss=0.037137
Epoch 14/50 | Train Loss=0.000013 | Val Loss=0.034668
Epoch 15/50 | Train Loss=0.000011 | Val Loss=0.031884
Epoch 16/50 | Train Loss=0.000009 | Val Loss=0.028690
Epoch 17/50 | Train Loss=0.000008 | Val Loss=0.027151
Epoch 18/50 | Train Loss=0.000006 | Val Loss=0.025589
Epoch 19/50 | Train Loss=0.000005 | Val Loss=0.024776
Epoch 20/50 | Train Loss=0.000005 | Val Loss=0.025384
Epoch 21/50 | Train Loss=0.000004 | Val Loss=0.025834
Epoch 22/50 | Train Loss=0.000003 | Val Loss=0.025719
Epoch 23/50 | Train Loss=0.000003 | Val Loss=0.026027
Epoch 24/50 | Train Loss=0.000003 | Val Loss=0.026346
‚èπ Early stopping at epoch 24
[Tuning-Transformer] Threshold (p95)=0.000652
Epoch 1/50 | Train Loss=0.000970 | Val Loss=0.057360
Epoch 2/50 | Train Loss=0.000211 | Val Loss=0.033324
Epoch 3/50 | Train Loss=0.000147 | Val Loss=0.026929
Epoch 4/50 | Train Loss=0.000113 | Val Loss=0.025232
Epoch 5/50 | Train Loss=0.000087 | Val Loss=0.022593
Epoch 6/50 | Train Loss=0.000068 | Val Loss=0.021366
Epoch 7/50 | Train Loss=0.000054 | Val Loss=0.021264
Epoch 8/50 | Train Loss=0.000045 | Val Loss=0.021313
Epoch 9/50 | Train Loss=0.000038 | Val Loss=0.020950
Epoch 10/50 | Train Loss=0.000033 | Val Loss=0.021293
[I 2025-09-16 23:30:37,375] Trial 1 finished with value: 0.020924462005496025 and parameters: {'window_size': 60, 'batch_size': 64, 'lr': 0.00038013467298461147, 'd_model': 128, 'n_heads': 8, 'num_layers': 2, 'dropout': 0.1893415524876615}. Best is trial 1 with value: 0.020924462005496025.
[I 2025-09-16 23:30:40,350] Trial 2 finished with value: 0.024564268067479134 and parameters: {'window_size': 60, 'batch_size': 64, 'lr': 0.004411274132060108, 'd_model': 32, 'n_heads': 4, 'num_layers': 3, 'dropout': 0.10656040499995106}. Best is trial 1 with value: 0.020924462005496025.
[I 2025-09-16 23:30:44,333] Trial 3 finished with value: 0.021985581144690514 and parameters: {'window_size': 60, 'batch_size': 64, 'lr': 0.00010432815977633529, 'd_model': 64, 'n_heads': 4, 'num_layers': 2, 'dropout': 0.1746884748271948}. Best is trial 1 with value: 0.020924462005496025.
[I 2025-09-16 23:30:45,443] Trial 4 finished with value: 0.022841302677989006 and parameters: {'window_size': 60, 'batch_size': 128, 'lr': 0.0002331589814286576, 'd_model': 128, 'n_heads': 2, 'num_layers': 1, 'dropout': 0.2253192709484304}. Best is trial 1 with value: 0.020924462005496025.
[I 2025-09-16 23:30:48,487] Trial 5 finished with value: 0.029733289033174515 and parameters: {'window_size': 90, 'batch_size': 32, 'lr': 0.0001156407902961012, 'd_model': 32, 'n_heads': 8, 'num_layers': 1, 'dropout': 0.34602349715323}. Best is trial 1 with value: 0.020924462005496025.
