[I 2025-09-16 23:37:11,967] Trial 9 finished with value: 2.32411789894104 and parameters: {'window_size': 60, 'batch_size': 128, 'lr': 0.0007608566554715292, 'd_model': 128, 'n_heads': 8, 'num_layers': 1, 'dropout': 0.3270180896057536}. Best is trial 2 with value: 1.5925061702728271.
[I 2025-09-16 23:37:14,951] A new study created in memory with name: no-name-da59d4ce-1b2c-4211-9474-82883c001c22
Epoch 5/50 | Train Loss=0.000017 | Val Loss=1.609222
Epoch 6/50 | Train Loss=0.000013 | Val Loss=1.612567
Epoch 7/50 | Train Loss=0.000011 | Val Loss=1.613739
Epoch 8/50 | Train Loss=0.000009 | Val Loss=1.613256
‚èπ Early stopping at epoch 8
[Tuning-Transformer] Threshold (p95)=0.001455
Epoch 1/50 | Train Loss=0.001775 | Val Loss=1.655547
Epoch 2/50 | Train Loss=0.000237 | Val Loss=1.616116
Epoch 3/50 | Train Loss=0.000090 | Val Loss=1.630488
Epoch 4/50 | Train Loss=0.000053 | Val Loss=1.639541
Epoch 5/50 | Train Loss=0.000034 | Val Loss=1.649110
Epoch 6/50 | Train Loss=0.000024 | Val Loss=1.643592
Epoch 7/50 | Train Loss=0.000018 | Val Loss=1.637058
‚èπ Early stopping at epoch 7
[Tuning-Transformer] Threshold (p95)=0.001110
Epoch 1/50 | Train Loss=0.000386 | Val Loss=1.988202
Epoch 2/50 | Train Loss=0.000101 | Val Loss=1.974901
Epoch 3/50 | Train Loss=0.000061 | Val Loss=1.958281
Epoch 4/50 | Train Loss=0.000043 | Val Loss=1.965895
Epoch 5/50 | Train Loss=0.000031 | Val Loss=1.968607
Epoch 6/50 | Train Loss=0.000022 | Val Loss=1.973491
Epoch 7/50 | Train Loss=0.000017 | Val Loss=1.980124
Epoch 8/50 | Train Loss=0.000013 | Val Loss=1.982059
‚èπ Early stopping at epoch 8
[Tuning-Transformer] Threshold (p95)=0.001208
Epoch 1/50 | Train Loss=0.001425 | Val Loss=1.763953
Epoch 2/50 | Train Loss=0.000345 | Val Loss=1.739195
Epoch 3/50 | Train Loss=0.000203 | Val Loss=1.703912
Epoch 4/50 | Train Loss=0.000159 | Val Loss=1.645230
Epoch 5/50 | Train Loss=0.000138 | Val Loss=1.641470
Epoch 6/50 | Train Loss=0.000124 | Val Loss=1.624947
Epoch 7/50 | Train Loss=0.000113 | Val Loss=1.614403
Epoch 8/50 | Train Loss=0.000103 | Val Loss=1.609327
Epoch 9/50 | Train Loss=0.000095 | Val Loss=1.606004
Epoch 10/50 | Train Loss=0.000087 | Val Loss=1.604954
Epoch 11/50 | Train Loss=0.000082 | Val Loss=1.601108
Epoch 12/50 | Train Loss=0.000076 | Val Loss=1.600708
Epoch 13/50 | Train Loss=0.000071 | Val Loss=1.599769
Epoch 14/50 | Train Loss=0.000066 | Val Loss=1.599955
Epoch 15/50 | Train Loss=0.000062 | Val Loss=1.599488
Epoch 16/50 | Train Loss=0.000058 | Val Loss=1.598617
Epoch 17/50 | Train Loss=0.000055 | Val Loss=1.598539
Epoch 18/50 | Train Loss=0.000052 | Val Loss=1.596745
Epoch 19/50 | Train Loss=0.000049 | Val Loss=1.596352
Epoch 20/50 | Train Loss=0.000046 | Val Loss=1.597667
Epoch 21/50 | Train Loss=0.000044 | Val Loss=1.598464
Epoch 22/50 | Train Loss=0.000042 | Val Loss=1.597638
Epoch 23/50 | Train Loss=0.000040 | Val Loss=1.598459
Epoch 24/50 | Train Loss=0.000038 | Val Loss=1.599005
‚èπ Early stopping at epoch 24
[Tuning-Transformer] Threshold (p95)=0.001192
Epoch 1/50 | Train Loss=0.001826 | Val Loss=1.801085
Epoch 2/50 | Train Loss=0.000468 | Val Loss=1.814847
Epoch 3/50 | Train Loss=0.000297 | Val Loss=1.826981
Epoch 4/50 | Train Loss=0.000140 | Val Loss=1.720593
Epoch 5/50 | Train Loss=0.000041 | Val Loss=1.688162
Epoch 6/50 | Train Loss=0.000031 | Val Loss=1.699530
Epoch 7/50 | Train Loss=0.000026 | Val Loss=1.727112
Epoch 8/50 | Train Loss=0.000024 | Val Loss=1.745306
Epoch 9/50 | Train Loss=0.000021 | Val Loss=1.757770
Epoch 10/50 | Train Loss=0.000022 | Val Loss=1.750443
‚èπ Early stopping at epoch 10
[Tuning-Transformer] Threshold (p95)=0.001582
Epoch 1/50 | Train Loss=0.000976 | Val Loss=2.218712
Epoch 2/50 | Train Loss=0.000263 | Val Loss=2.076422
Epoch 3/50 | Train Loss=0.000146 | Val Loss=2.040938
Epoch 4/50 | Train Loss=0.000104 | Val Loss=2.036160
Epoch 5/50 | Train Loss=0.000076 | Val Loss=2.027302
Epoch 6/50 | Train Loss=0.000059 | Val Loss=2.027789
Epoch 7/50 | Train Loss=0.000048 | Val Loss=2.031937
Epoch 8/50 | Train Loss=0.000038 | Val Loss=2.035484
Epoch 9/50 | Train Loss=0.000032 | Val Loss=2.038851
Epoch 10/50 | Train Loss=0.000026 | Val Loss=2.038944
‚èπ Early stopping at epoch 10
[Tuning-Transformer] Threshold (p95)=0.002277
Epoch 1/50 | Train Loss=0.002405 | Val Loss=2.601157
Epoch 2/50 | Train Loss=0.000494 | Val Loss=2.663067
Epoch 3/50 | Train Loss=0.000332 | Val Loss=2.610636
Epoch 4/50 | Train Loss=0.000153 | Val Loss=2.536162
Epoch 5/50 | Train Loss=0.000054 | Val Loss=2.532530
Epoch 6/50 | Train Loss=0.000036 | Val Loss=2.546335
Epoch 7/50 | Train Loss=0.000031 | Val Loss=2.554868
Epoch 8/50 | Train Loss=0.000026 | Val Loss=2.562626
Epoch 9/50 | Train Loss=0.000022 | Val Loss=2.546843
Epoch 10/50 | Train Loss=0.000021 | Val Loss=2.539485
‚èπ Early stopping at epoch 10
[Tuning-Transformer] Threshold (p95)=0.002585
Epoch 1/50 | Train Loss=0.000743 | Val Loss=2.364243
Epoch 2/50 | Train Loss=0.000190 | Val Loss=2.324486
Epoch 3/50 | Train Loss=0.000112 | Val Loss=2.324118
Epoch 4/50 | Train Loss=0.000067 | Val Loss=2.335480
Epoch 5/50 | Train Loss=0.000043 | Val Loss=2.361638
Epoch 6/50 | Train Loss=0.000027 | Val Loss=2.370111
Epoch 7/50 | Train Loss=0.000019 | Val Loss=2.376097
Epoch 8/50 | Train Loss=0.000014 | Val Loss=2.376443
‚èπ Early stopping at epoch 8
[Tuning-Transformer] Threshold (p95)=0.001526
üîé Best hyperparameters for Transformer: {'window_size': 120, 'batch_size': 64, 'lr': 0.0009723208514623315, 'd_model': 128, 'n_heads': 2, 'num_layers': 1, 'dropout': 0.3251091082774358}
Best validation loss: 1.5925061702728271
‚úÖ Best LSTM params: {'window_size': 120, 'batch_size': 64, 'lr': 0.0036708896393665316, 'hidden_size': 64, 'dropout': 0.387092404303372}
‚úÖ Best Transformer params: {'window_size': 120, 'batch_size': 64, 'lr': 0.0009723208514623315, 'd_model': 128, 'n_heads': 2, 'num_layers': 1, 'dropout': 0.3251091082774358}

>>> Training LSTM_AE for coin_coin_BinanceCoin...
Epoch 1/100 | Train Loss=0.000678 | Val Loss=1.882127
Epoch 2/100 | Train Loss=0.000291 | Val Loss=1.831062
Epoch 3/100 | Train Loss=0.000239 | Val Loss=1.785936
Epoch 4/100 | Train Loss=0.000217 | Val Loss=1.758229
Epoch 5/100 | Train Loss=0.000191 | Val Loss=1.745570
Epoch 6/100 | Train Loss=0.000188 | Val Loss=1.741037
Epoch 7/100 | Train Loss=0.000172 | Val Loss=1.744162
Epoch 8/100 | Train Loss=0.000160 | Val Loss=1.752967
Epoch 9/100 | Train Loss=0.000148 | Val Loss=1.760816
Epoch 10/100 | Train Loss=0.000147 | Val Loss=1.795431
Epoch 11/100 | Train Loss=0.000136 | Val Loss=1.792254
Epoch 12/100 | Train Loss=0.000131 | Val Loss=1.793794
Epoch 13/100 | Train Loss=0.000124 | Val Loss=1.802563
‚èπ Early stopping at epoch 13
[coin_coin_BinanceCoin (LSTM_AE)] Threshold (p95)=0.035047
üìä Saved error distribution to /data/m24csa029/MTP/cyptocurrency/results/coin_coin_BinanceCoin_LSTM_AE_anomalies_errors.png
coin_coin_BinanceCoin [LSTM_AE]: 156 anomalies detected

>>> Training Transformer for coin_coin_BinanceCoin...
Epoch 1/100 | Train Loss=0.001491 | Val Loss=1.592964
Epoch 2/100 | Train Loss=0.000240 | Val Loss=1.552268
Epoch 3/100 | Train Loss=0.000090 | Val Loss=1.550139
Epoch 4/100 | Train Loss=0.000034 | Val Loss=1.553120
Epoch 5/100 | Train Loss=0.000018 | Val Loss=1.553943
Epoch 6/100 | Train Loss=0.000012 | Val Loss=1.555642
Epoch 7/100 | Train Loss=0.000009 | Val Loss=1.557947
Epoch 8/100 | Train Loss=0.000007 | Val Loss=1.561025
Epoch 9/100 | Train Loss=0.000005 | Val Loss=1.567282
Epoch 10/100 | Train Loss=0.000005 | Val Loss=1.567362
‚èπ Early stopping at epoch 10
[coin_coin_BinanceCoin (Transformer)] Threshold (p95)=0.000279
üìä Saved error distribution to /data/m24csa029/MTP/cyptocurrency/results/coin_coin_BinanceCoin_Transformer_anomalies_errors.png
coin_coin_BinanceCoin [Transformer]: 186 anomalies detected

üöÄ Processing coin_coin_NEM...

üîé Running hyperparameter search for LSTM_AE on coin_coin_NEM...
Epoch 1/50 | Train Loss=0.000262 | Val Loss=0.077446
Epoch 2/50 | Train Loss=0.000237 | Val Loss=0.073240
Epoch 3/50 | Train Loss=0.000215 | Val Loss=0.069198
Epoch 4/50 | Train Loss=0.000192 | Val Loss=0.065304
Epoch 5/50 | Train Loss=0.000172 | Val Loss=0.061676
Epoch 6/50 | Train Loss=0.000152 | Val Loss=0.058243
Epoch 7/50 | Train Loss=0.000134 | Val Loss=0.055115
Epoch 8/50 | Train Loss=0.000118 | Val Loss=0.052282
Epoch 9/50 | Train Loss=0.000102 | Val Loss=0.049835
Epoch 10/50 | Train Loss=0.000090 | Val Loss=0.047773
Epoch 11/50 | Train Loss=0.000079 | Val Loss=0.046123
Epoch 12/50 | Train Loss=0.000070 | Val Loss=0.044793
Epoch 13/50 | Train Loss=0.000064 | Val Loss=0.043865
[I 2025-09-16 23:37:16,860] Trial 0 finished with value: 0.041530292481184006 and parameters: {'window_size': 60, 'batch_size': 128, 'lr': 0.00032019212027709976, 'hidden_size': 16, 'dropout': 0.21697188964291636}. Best is trial 0 with value: 0.041530292481184006.
[I 2025-09-16 23:37:19,065] Trial 1 finished with value: 0.03700246661901474 and parameters: {'window_size': 120, 'batch_size': 64, 'lr': 0.0021660015443108094, 'hidden_size': 64, 'dropout': 0.4284151259918346}. Best is trial 1 with value: 0.03700246661901474.
[I 2025-09-16 23:37:20,862] Trial 2 finished with value: 0.03843598812818527 and parameters: {'window_size': 90, 'batch_size': 64, 'lr': 0.004585077547841347, 'hidden_size': 16, 'dropout': 0.10574967210255731}. Best is trial 1 with value: 0.03700246661901474.
[I 2025-09-16 23:37:23,575] Trial 3 finished with value: 0.03760595992207527 and parameters: {'window_size': 120, 'batch_size': 32, 'lr': 0.0007347035120711646, 'hidden_size': 128, 'dropout': 0.29321958173105284}. Best is trial 1 with value: 0.03700246661901474.
[I 2025-09-16 23:37:28,845] Trial 4 finished with value: 0.03870556503534317 and parameters: {'window_size': 90, 'batch_size': 32, 'lr': 0.001036589004582419, 'hidden_size': 128, 'dropout': 0.4899061976714918}. Best is trial 1 with value: 0.03700246661901474.
[I 2025-09-16 23:37:30,005] Trial 5 finished with value: 0.038785748183727264 and parameters: {'window_size': 90, 'batch_size': 128, 'lr': 0.004357121141673082, 'hidden_size': 32, 'dropout': 0.18622732666852043}. Best is trial 1 with value: 0.03700246661901474.
Epoch 14/50 | Train Loss=0.000059 | Val Loss=0.043203
Epoch 15/50 | Train Loss=0.000056 | Val Loss=0.042797
Epoch 16/50 | Train Loss=0.000054 | Val Loss=0.042522
Epoch 17/50 | Train Loss=0.000054 | Val Loss=0.042395
Epoch 18/50 | Train Loss=0.000052 | Val Loss=0.042337
Epoch 19/50 | Train Loss=0.000050 | Val Loss=0.042290
Epoch 20/50 | Train Loss=0.000050 | Val Loss=0.042291
Epoch 21/50 | Train Loss=0.000050 | Val Loss=0.042280
Epoch 22/50 | Train Loss=0.000050 | Val Loss=0.042300
Epoch 23/50 | Train Loss=0.000049 | Val Loss=0.042273
Epoch 24/50 | Train Loss=0.000048 | Val Loss=0.042239
Epoch 25/50 | Train Loss=0.000048 | Val Loss=0.042180
Epoch 26/50 | Train Loss=0.000048 | Val Loss=0.042163
Epoch 27/50 | Train Loss=0.000048 | Val Loss=0.042147
Epoch 28/50 | Train Loss=0.000047 | Val Loss=0.042094
Epoch 29/50 | Train Loss=0.000046 | Val Loss=0.042057
Epoch 30/50 | Train Loss=0.000047 | Val Loss=0.042041
Epoch 31/50 | Train Loss=0.000047 | Val Loss=0.042030
Epoch 32/50 | Train Loss=0.000047 | Val Loss=0.041989
Epoch 33/50 | Train Loss=0.000047 | Val Loss=0.041961
Epoch 34/50 | Train Loss=0.000046 | Val Loss=0.041954
Epoch 35/50 | Train Loss=0.000045 | Val Loss=0.041932
Epoch 36/50 | Train Loss=0.000045 | Val Loss=0.041895
Epoch 37/50 | Train Loss=0.000045 | Val Loss=0.041847
Epoch 38/50 | Train Loss=0.000046 | Val Loss=0.041827
Epoch 39/50 | Train Loss=0.000046 | Val Loss=0.041806
Epoch 40/50 | Train Loss=0.000045 | Val Loss=0.041800
Epoch 41/50 | Train Loss=0.000044 | Val Loss=0.041749
Epoch 42/50 | Train Loss=0.000045 | Val Loss=0.041752
Epoch 43/50 | Train Loss=0.000044 | Val Loss=0.041685
Epoch 44/50 | Train Loss=0.000044 | Val Loss=0.041660
Epoch 45/50 | Train Loss=0.000043 | Val Loss=0.041646
Epoch 46/50 | Train Loss=0.000043 | Val Loss=0.041622
Epoch 47/50 | Train Loss=0.000043 | Val Loss=0.041594
Epoch 48/50 | Train Loss=0.000043 | Val Loss=0.041560
Epoch 49/50 | Train Loss=0.000043 | Val Loss=0.041561
Epoch 50/50 | Train Loss=0.000042 | Val Loss=0.041530
[Tuning-LSTM_AE] Threshold (p95)=0.029977
Epoch 1/50 | Train Loss=0.000164 | Val Loss=0.039591
Epoch 2/50 | Train Loss=0.000101 | Val Loss=0.039017
Epoch 3/50 | Train Loss=0.000093 | Val Loss=0.038642
Epoch 4/50 | Train Loss=0.000090 | Val Loss=0.038428
Epoch 5/50 | Train Loss=0.000086 | Val Loss=0.038078
Epoch 6/50 | Train Loss=0.000084 | Val Loss=0.037899
Epoch 7/50 | Train Loss=0.000080 | Val Loss=0.037831
Epoch 8/50 | Train Loss=0.000080 | Val Loss=0.037970
Epoch 9/50 | Train Loss=0.000080 | Val Loss=0.037784
Epoch 10/50 | Train Loss=0.000077 | Val Loss=0.037888
Epoch 11/50 | Train Loss=0.000077 | Val Loss=0.037644
Epoch 12/50 | Train Loss=0.000075 | Val Loss=0.037582
Epoch 13/50 | Train Loss=0.000074 | Val Loss=0.037522
Epoch 14/50 | Train Loss=0.000072 | Val Loss=0.037504
Epoch 15/50 | Train Loss=0.000068 | Val Loss=0.037453
Epoch 16/50 | Train Loss=0.000070 | Val Loss=0.037322
Epoch 17/50 | Train Loss=0.000068 | Val Loss=0.037002
Epoch 18/50 | Train Loss=0.000070 | Val Loss=0.037202
Epoch 19/50 | Train Loss=0.000066 | Val Loss=0.037464
Epoch 20/50 | Train Loss=0.000066 | Val Loss=0.037592
Epoch 21/50 | Train Loss=0.000064 | Val Loss=0.037370
Epoch 22/50 | Train Loss=0.000064 | Val Loss=0.037071
‚èπ Early stopping at epoch 22
[Tuning-LSTM_AE] Threshold (p95)=0.054030
Epoch 1/50 | Train Loss=0.000131 | Val Loss=0.042246
Epoch 2/50 | Train Loss=0.000099 | Val Loss=0.042548
Epoch 3/50 | Train Loss=0.000095 | Val Loss=0.041835
Epoch 4/50 | Train Loss=0.000092 | Val Loss=0.040637
Epoch 5/50 | Train Loss=0.000074 | Val Loss=0.038826
Epoch 6/50 | Train Loss=0.000064 | Val Loss=0.038638
Epoch 7/50 | Train Loss=0.000062 | Val Loss=0.038727
Epoch 8/50 | Train Loss=0.000064 | Val Loss=0.038867
Epoch 9/50 | Train Loss=0.000063 | Val Loss=0.038436
Epoch 10/50 | Train Loss=0.000063 | Val Loss=0.038739
Epoch 11/50 | Train Loss=0.000065 | Val Loss=0.038892
Epoch 12/50 | Train Loss=0.000063 | Val Loss=0.038745
Epoch 13/50 | Train Loss=0.000063 | Val Loss=0.038958
Epoch 14/50 | Train Loss=0.000063 | Val Loss=0.038903
‚èπ Early stopping at epoch 14
[Tuning-LSTM_AE] Threshold (p95)=0.048479
Epoch 1/50 | Train Loss=0.000354 | Val Loss=0.038723
Epoch 2/50 | Train Loss=0.000184 | Val Loss=0.038154
Epoch 3/50 | Train Loss=0.000173 | Val Loss=0.037630
Epoch 4/50 | Train Loss=0.000164 | Val Loss=0.037634
Epoch 5/50 | Train Loss=0.000161 | Val Loss=0.037606
Epoch 6/50 | Train Loss=0.000160 | Val Loss=0.037670
Epoch 7/50 | Train Loss=0.000156 | Val Loss=0.037892
Epoch 8/50 | Train Loss=0.000159 | Val Loss=0.037707
Epoch 9/50 | Train Loss=0.000155 | Val Loss=0.037930
Epoch 10/50 | Train Loss=0.000156 | Val Loss=0.037901
‚èπ Early stopping at epoch 10
[Tuning-LSTM_AE] Threshold (p95)=0.063580
Epoch 1/50 | Train Loss=0.000209 | Val Loss=0.040182
Epoch 2/50 | Train Loss=0.000162 | Val Loss=0.039518
Epoch 3/50 | Train Loss=0.000152 | Val Loss=0.039436
Epoch 4/50 | Train Loss=0.000144 | Val Loss=0.039411
Epoch 5/50 | Train Loss=0.000142 | Val Loss=0.039527
Epoch 6/50 | Train Loss=0.000136 | Val Loss=0.039388
Epoch 7/50 | Train Loss=0.000138 | Val Loss=0.039373
Epoch 8/50 | Train Loss=0.000131 | Val Loss=0.039528
Epoch 9/50 | Train Loss=0.000139 | Val Loss=0.039304
Epoch 10/50 | Train Loss=0.000126 | Val Loss=0.039339
Epoch 11/50 | Train Loss=0.000126 | Val Loss=0.039165
Epoch 12/50 | Train Loss=0.000126 | Val Loss=0.039174
Epoch 13/50 | Train Loss=0.000122 | Val Loss=0.038980
Epoch 14/50 | Train Loss=0.000121 | Val Loss=0.038998
Epoch 15/50 | Train Loss=0.000119 | Val Loss=0.038706
Epoch 16/50 | Train Loss=0.000121 | Val Loss=0.038924
Epoch 17/50 | Train Loss=0.000118 | Val Loss=0.038918
Epoch 18/50 | Train Loss=0.000117 | Val Loss=0.038730
Epoch 19/50 | Train Loss=0.000117 | Val Loss=0.039552
Epoch 20/50 | Train Loss=0.000118 | Val Loss=0.038987
‚èπ Early stopping at epoch 20
[Tuning-LSTM_AE] Threshold (p95)=0.049021
Epoch 1/50 | Train Loss=0.000093 | Val Loss=0.043582
Epoch 2/50 | Train Loss=0.000050 | Val Loss=0.042151
Epoch 3/50 | Train Loss=0.000047 | Val Loss=0.040924
Epoch 4/50 | Train Loss=0.000045 | Val Loss=0.040944
Epoch 5/50 | Train Loss=0.000044 | Val Loss=0.040133
Epoch 6/50 | Train Loss=0.000042 | Val Loss=0.039993
Epoch 7/50 | Train Loss=0.000039 | Val Loss=0.039059
Epoch 8/50 | Train Loss=0.000037 | Val Loss=0.039080
Epoch 9/50 | Train Loss=0.000034 | Val Loss=0.038847
Epoch 10/50 | Train Loss=0.000032 | Val Loss=0.038932
Epoch 11/50 | Train Loss=0.000032 | Val Loss=0.038812
Epoch 12/50 | Train Loss=0.000032 | Val Loss=0.038786
Epoch 13/50 | Train Loss=0.000031 | Val Loss=0.038887
Epoch 14/50 | Train Loss=0.000032 | Val Loss=0.039013
Epoch 15/50 | Train Loss=0.000032 | Val Loss=0.038971
Epoch 16/50 | Train Loss=0.000032 | Val Loss=0.039129
Epoch 17/50 | Train Loss=0.000031 | Val Loss=0.039071
‚èπ Early stopping at epoch 17
[Tuning-LSTM_AE] Threshold (p95)=0.047957
Epoch 1/50 | Train Loss=0.000323 | Val Loss=0.067037
Epoch 2/50 | Train Loss=0.000244 | Val Loss=0.058489
Epoch 3/50 | Train Loss=0.000175 | Val Loss=0.049051
Epoch 4/50 | Train Loss=0.000125 | Val Loss=0.043209
Epoch 5/50 | Train Loss=0.000110 | Val Loss=0.042236
Epoch 6/50 | Train Loss=0.000108 | Val Loss=0.041893
Epoch 7/50 | Train Loss=0.000106 | Val Loss=0.041433
Epoch 8/50 | Train Loss=0.000103 | Val Loss=0.040900
Epoch 9/50 | Train Loss=0.000100 | Val Loss=0.040529
Epoch 10/50 | Train Loss=0.000104 | Val Loss=0.040444
Epoch 11/50 | Train Loss=0.000102 | Val Loss=0.040005
Epoch 12/50 | Train Loss=0.000096 | Val Loss=0.039843
Epoch 13/50 | Train Loss=0.000095 | Val Loss=0.039738
Epoch 14/50 | Train Loss=0.000093 | Val Loss=0.039490
Epoch 15/50 | Train Loss=0.000095 | Val Loss=0.039344
Epoch 16/50 | Train Loss=0.000091 | Val Loss=0.039211
Epoch 17/50 | Train Loss=0.000092 | Val Loss=0.039163
Epoch 18/50 | Train Loss=0.000089 | Val Loss=0.039098
Epoch 19/50 | Train Loss=0.000090 | Val Loss=0.038946
Epoch 20/50 | Train Loss=0.000088 | Val Loss=0.038924
Epoch 21/50 | Train Loss=0.000087 | Val Loss=0.038744
Epoch 22/50 | Train Loss=0.000085 | Val Loss=0.038604
Epoch 23/50 | Train Loss=0.000086 | Val Loss=0.038709
Epoch 24/50 | Train Loss=0.000089 | Val Loss=0.038704
Epoch 25/50 | Train Loss=0.000087 | Val Loss=0.038578
[I 2025-09-16 23:37:35,571] Trial 6 finished with value: 0.03834564611315727 and parameters: {'window_size': 90, 'batch_size': 64, 'lr': 0.00010906749673293428, 'hidden_size': 128, 'dropout': 0.39212766575490665}. Best is trial 1 with value: 0.03700246661901474.
[I 2025-09-16 23:37:39,368] Trial 7 finished with value: 0.03694060444831848 and parameters: {'window_size': 120, 'batch_size': 32, 'lr': 0.0060872552870308, 'hidden_size': 128, 'dropout': 0.46503492710142635}. Best is trial 7 with value: 0.03694060444831848.
[I 2025-09-16 23:37:42,643] Trial 8 finished with value: 0.043831586837768555 and parameters: {'window_size': 90, 'batch_size': 128, 'lr': 0.00013971410833273746, 'hidden_size': 16, 'dropout': 0.46181387117893136}. Best is trial 7 with value: 0.03694060444831848.
[I 2025-09-16 23:37:44,100] Trial 9 finished with value: 0.03773949667811394 and parameters: {'window_size': 120, 'batch_size': 64, 'lr': 0.0012597423941973713, 'hidden_size': 128, 'dropout': 0.15490575710766566}. Best is trial 7 with value: 0.03694060444831848.
[I 2025-09-16 23:37:44,101] A new study created in memory with name: no-name-63e55ac9-7f0b-4759-b993-cb244d9a0b69
[I 2025-09-16 23:37:51,754] Trial 0 finished with value: 0.014961889013648033 and parameters: {'window_size': 120, 'batch_size': 128, 'lr': 0.0018747378262863323, 'd_model': 64, 'n_heads': 8, 'num_layers': 1, 'dropout': 0.25407101553109057}. Best is trial 0 with value: 0.014961889013648033.
