[I 2025-09-16 23:53:48,296] Trial 7 finished with value: 0.30784136056900024 and parameters: {'window_size': 120, 'batch_size': 128, 'lr': 0.001375605259972129, 'd_model': 128, 'n_heads': 2, 'num_layers': 3, 'dropout': 0.3976301902100612}. Best is trial 0 with value: 0.12094362825155258.
Epoch 38/50 | Train Loss=0.000175 | Val Loss=0.309032
Epoch 39/50 | Train Loss=0.000169 | Val Loss=0.308048
Epoch 40/50 | Train Loss=0.000167 | Val Loss=0.307167
Epoch 41/50 | Train Loss=0.000163 | Val Loss=0.306225
Epoch 42/50 | Train Loss=0.000161 | Val Loss=0.305433
Epoch 43/50 | Train Loss=0.000156 | Val Loss=0.304621
Epoch 44/50 | Train Loss=0.000156 | Val Loss=0.303787
Epoch 45/50 | Train Loss=0.000153 | Val Loss=0.303166
Epoch 46/50 | Train Loss=0.000149 | Val Loss=0.302426
Epoch 47/50 | Train Loss=0.000152 | Val Loss=0.301754
Epoch 48/50 | Train Loss=0.000152 | Val Loss=0.301079
Epoch 49/50 | Train Loss=0.000150 | Val Loss=0.300453
Epoch 50/50 | Train Loss=0.000147 | Val Loss=0.299799
[Tuning-LSTM_AE] Threshold (p95)=0.080023
üîé Best hyperparameters for LSTM_AE: {'window_size': 120, 'batch_size': 64, 'lr': 0.003215390416253163, 'hidden_size': 32, 'dropout': 0.29610211946832604}
Best validation loss: 0.25220417976379395

üîé Running hyperparameter search for Transformer on coin_coin_Cardano...
Epoch 1/50 | Train Loss=0.002748 | Val Loss=0.314150
Epoch 2/50 | Train Loss=0.000224 | Val Loss=0.196112
Epoch 3/50 | Train Loss=0.000027 | Val Loss=0.160018
Epoch 4/50 | Train Loss=0.000013 | Val Loss=0.137147
Epoch 5/50 | Train Loss=0.000008 | Val Loss=0.123393
Epoch 6/50 | Train Loss=0.000007 | Val Loss=0.120944
Epoch 7/50 | Train Loss=0.000006 | Val Loss=0.124684
Epoch 8/50 | Train Loss=0.000006 | Val Loss=0.131153
Epoch 9/50 | Train Loss=0.000006 | Val Loss=0.140800
Epoch 10/50 | Train Loss=0.000005 | Val Loss=0.152261
Epoch 11/50 | Train Loss=0.000004 | Val Loss=0.164401
‚èπ Early stopping at epoch 11
[Tuning-Transformer] Threshold (p95)=0.000382
Epoch 1/50 | Train Loss=0.001203 | Val Loss=0.416679
Epoch 2/50 | Train Loss=0.000255 | Val Loss=0.420428
Epoch 3/50 | Train Loss=0.000170 | Val Loss=0.413146
Epoch 4/50 | Train Loss=0.000108 | Val Loss=0.409691
Epoch 5/50 | Train Loss=0.000080 | Val Loss=0.411016
Epoch 6/50 | Train Loss=0.000061 | Val Loss=0.358183
Epoch 7/50 | Train Loss=0.000040 | Val Loss=0.275637
Epoch 8/50 | Train Loss=0.000021 | Val Loss=0.248391
Epoch 9/50 | Train Loss=0.000018 | Val Loss=0.254987
Epoch 10/50 | Train Loss=0.000016 | Val Loss=0.256989
Epoch 11/50 | Train Loss=0.000014 | Val Loss=0.253458
Epoch 12/50 | Train Loss=0.000012 | Val Loss=0.253586
Epoch 13/50 | Train Loss=0.000010 | Val Loss=0.258723
‚èπ Early stopping at epoch 13
[Tuning-Transformer] Threshold (p95)=0.004439
Epoch 1/50 | Train Loss=0.000529 | Val Loss=0.306859
Epoch 2/50 | Train Loss=0.000240 | Val Loss=0.241102
Epoch 3/50 | Train Loss=0.000144 | Val Loss=0.197567
Epoch 4/50 | Train Loss=0.000103 | Val Loss=0.199076
Epoch 5/50 | Train Loss=0.000083 | Val Loss=0.185048
Epoch 6/50 | Train Loss=0.000070 | Val Loss=0.176739
Epoch 7/50 | Train Loss=0.000062 | Val Loss=0.170804
Epoch 8/50 | Train Loss=0.000054 | Val Loss=0.167017
Epoch 9/50 | Train Loss=0.000048 | Val Loss=0.166676
Epoch 10/50 | Train Loss=0.000043 | Val Loss=0.165459
Epoch 11/50 | Train Loss=0.000039 | Val Loss=0.166368
Epoch 12/50 | Train Loss=0.000035 | Val Loss=0.167344
Epoch 13/50 | Train Loss=0.000032 | Val Loss=0.168169
Epoch 14/50 | Train Loss=0.000028 | Val Loss=0.169068
Epoch 15/50 | Train Loss=0.000026 | Val Loss=0.170853
‚èπ Early stopping at epoch 15
[Tuning-Transformer] Threshold (p95)=0.002055
Epoch 1/50 | Train Loss=0.000435 | Val Loss=0.223501
Epoch 2/50 | Train Loss=0.000115 | Val Loss=0.159079
Epoch 3/50 | Train Loss=0.000070 | Val Loss=0.159275
Epoch 4/50 | Train Loss=0.000051 | Val Loss=0.152344
Epoch 5/50 | Train Loss=0.000041 | Val Loss=0.146950
Epoch 6/50 | Train Loss=0.000034 | Val Loss=0.143888
Epoch 7/50 | Train Loss=0.000028 | Val Loss=0.144386
Epoch 8/50 | Train Loss=0.000024 | Val Loss=0.150557
Epoch 9/50 | Train Loss=0.000020 | Val Loss=0.153459
Epoch 10/50 | Train Loss=0.000018 | Val Loss=0.154303
Epoch 11/50 | Train Loss=0.000016 | Val Loss=0.155741
‚èπ Early stopping at epoch 11
[Tuning-Transformer] Threshold (p95)=0.001195
Epoch 1/50 | Train Loss=0.002038 | Val Loss=0.353567
Epoch 2/50 | Train Loss=0.000301 | Val Loss=0.362904
Epoch 3/50 | Train Loss=0.000220 | Val Loss=0.360493
Epoch 4/50 | Train Loss=0.000169 | Val Loss=0.371152
Epoch 5/50 | Train Loss=0.000130 | Val Loss=0.368942
Epoch 6/50 | Train Loss=0.000096 | Val Loss=0.340259
Epoch 7/50 | Train Loss=0.000070 | Val Loss=0.294550
Epoch 8/50 | Train Loss=0.000035 | Val Loss=0.229312
Epoch 9/50 | Train Loss=0.000018 | Val Loss=0.214505
Epoch 10/50 | Train Loss=0.000010 | Val Loss=0.202158
Epoch 11/50 | Train Loss=0.000007 | Val Loss=0.196808
Epoch 12/50 | Train Loss=0.000005 | Val Loss=0.185071
Epoch 13/50 | Train Loss=0.000004 | Val Loss=0.177458
Epoch 14/50 | Train Loss=0.000003 | Val Loss=0.172981
Epoch 15/50 | Train Loss=0.000003 | Val Loss=0.170877
Epoch 16/50 | Train Loss=0.000002 | Val Loss=0.171315
Epoch 17/50 | Train Loss=0.000002 | Val Loss=0.173057
Epoch 18/50 | Train Loss=0.000002 | Val Loss=0.175544
Epoch 19/50 | Train Loss=0.000002 | Val Loss=0.178792
Epoch 20/50 | Train Loss=0.000002 | Val Loss=0.182037
‚èπ Early stopping at epoch 20
[Tuning-Transformer] Threshold (p95)=0.000585
Epoch 1/50 | Train Loss=0.000582 | Val Loss=0.313610
Epoch 2/50 | Train Loss=0.000241 | Val Loss=0.241554
Epoch 3/50 | Train Loss=0.000144 | Val Loss=0.238722
Epoch 4/50 | Train Loss=0.000101 | Val Loss=0.228549
Epoch 5/50 | Train Loss=0.000080 | Val Loss=0.228295
Epoch 6/50 | Train Loss=0.000066 | Val Loss=0.228341
Epoch 7/50 | Train Loss=0.000055 | Val Loss=0.234375
Epoch 8/50 | Train Loss=0.000047 | Val Loss=0.236223
Epoch 9/50 | Train Loss=0.000040 | Val Loss=0.239775
Epoch 10/50 | Train Loss=0.000035 | Val Loss=0.240131
‚èπ Early stopping at epoch 10
[Tuning-Transformer] Threshold (p95)=0.003336
Epoch 1/50 | Train Loss=0.000629 | Val Loss=0.193514
Epoch 2/50 | Train Loss=0.000208 | Val Loss=0.170993
Epoch 3/50 | Train Loss=0.000149 | Val Loss=0.157066
Epoch 4/50 | Train Loss=0.000114 | Val Loss=0.153572
Epoch 5/50 | Train Loss=0.000089 | Val Loss=0.147325
Epoch 6/50 | Train Loss=0.000072 | Val Loss=0.145644
Epoch 7/50 | Train Loss=0.000060 | Val Loss=0.144761
Epoch 8/50 | Train Loss=0.000051 | Val Loss=0.144861
Epoch 9/50 | Train Loss=0.000044 | Val Loss=0.146161
Epoch 10/50 | Train Loss=0.000039 | Val Loss=0.147860
Epoch 11/50 | Train Loss=0.000034 | Val Loss=0.149926
Epoch 12/50 | Train Loss=0.000031 | Val Loss=0.152119
‚èπ Early stopping at epoch 12
[Tuning-Transformer] Threshold (p95)=0.001051
Epoch 1/50 | Train Loss=0.002895 | Val Loss=0.442381
Epoch 2/50 | Train Loss=0.000455 | Val Loss=0.332249
Epoch 3/50 | Train Loss=0.000315 | Val Loss=0.307841
Epoch 4/50 | Train Loss=0.000239 | Val Loss=0.325485
Epoch 5/50 | Train Loss=0.000182 | Val Loss=0.315474
Epoch 6/50 | Train Loss=0.000140 | Val Loss=0.331494
Epoch 7/50 | Train Loss=0.000112 | Val Loss=0.327333
Epoch 8/50 | Train Loss=0.000092 | Val Loss=0.318999
‚èπ Early stopping at epoch 8
[Tuning-Transformer] Threshold (p95)=0.081481
Epoch 1/50 | Train Loss=0.000530 | Val Loss=0.305646
Epoch 2/50 | Train Loss=0.000205 | Val Loss=0.263137
Epoch 3/50 | Train Loss=0.000157 | Val Loss=0.219429
Epoch 4/50 | Train Loss=0.000135 | Val Loss=0.217188
Epoch 5/50 | Train Loss=0.000118 | Val Loss=0.200803
Epoch 6/50 | Train Loss=0.000104 | Val Loss=0.202724
Epoch 7/50 | Train Loss=0.000093 | Val Loss=0.196704
Epoch 8/50 | Train Loss=0.000084 | Val Loss=0.194409
Epoch 9/50 | Train Loss=0.000076 | Val Loss=0.190054
Epoch 10/50 | Train Loss=0.000070 | Val Loss=0.187662
Epoch 11/50 | Train Loss=0.000064 | Val Loss=0.184334
Epoch 12/50 | Train Loss=0.000060 | Val Loss=0.182860
Epoch 13/50 | Train Loss=0.000056 | Val Loss=0.180928
Epoch 14/50 | Train Loss=0.000053 | Val Loss=0.179512
Epoch 15/50 | Train Loss=0.000050 | Val Loss=0.178535
Epoch 16/50 | Train Loss=0.000047 | Val Loss=0.177627
Epoch 17/50 | Train Loss=0.000044 | Val Loss=0.176652
Epoch 18/50 | Train Loss=0.000042 | Val Loss=0.176515
Epoch 19/50 | Train Loss=0.000040 | Val Loss=0.175413
Epoch 20/50 | Train Loss=0.000038 | Val Loss=0.175624
Epoch 21/50 | Train Loss=0.000037 | Val Loss=0.175165
Epoch 22/50 | Train Loss=0.000035 | Val Loss=0.175230
[I 2025-09-16 23:53:54,602] Trial 8 finished with value: 0.17516474425792694 and parameters: {'window_size': 90, 'batch_size': 128, 'lr': 0.00013361359977873371, 'd_model': 64, 'n_heads': 2, 'num_layers': 3, 'dropout': 0.3094444655849391}. Best is trial 0 with value: 0.12094362825155258.
[I 2025-09-16 23:53:57,889] Trial 9 finished with value: 0.18627288937568665 and parameters: {'window_size': 120, 'batch_size': 64, 'lr': 0.007170623296551493, 'd_model': 32, 'n_heads': 2, 'num_layers': 3, 'dropout': 0.2411697665091919}. Best is trial 0 with value: 0.12094362825155258.
[I 2025-09-16 23:54:03,002] A new study created in memory with name: no-name-66b9842e-0223-4a44-9271-b82304a67944
[I 2025-09-16 23:54:07,170] Trial 0 finished with value: 0.0041279783472418785 and parameters: {'window_size': 120, 'batch_size': 32, 'lr': 0.0001648056525437682, 'hidden_size': 32, 'dropout': 0.13005855772947028}. Best is trial 0 with value: 0.0041279783472418785.
[I 2025-09-16 23:54:09,987] Trial 1 finished with value: 0.004127149935811758 and parameters: {'window_size': 120, 'batch_size': 32, 'lr': 0.00011598270721818315, 'hidden_size': 128, 'dropout': 0.49726850921542287}. Best is trial 1 with value: 0.004127149935811758.
Epoch 23/50 | Train Loss=0.000033 | Val Loss=0.175897
Epoch 24/50 | Train Loss=0.000032 | Val Loss=0.176031
Epoch 25/50 | Train Loss=0.000031 | Val Loss=0.176242
Epoch 26/50 | Train Loss=0.000030 | Val Loss=0.176458
‚èπ Early stopping at epoch 26
[Tuning-Transformer] Threshold (p95)=0.001903
Epoch 1/50 | Train Loss=0.001601 | Val Loss=0.344800
Epoch 2/50 | Train Loss=0.000319 | Val Loss=0.333572
Epoch 3/50 | Train Loss=0.000158 | Val Loss=0.286694
Epoch 4/50 | Train Loss=0.000071 | Val Loss=0.200686
Epoch 5/50 | Train Loss=0.000031 | Val Loss=0.187730
Epoch 6/50 | Train Loss=0.000022 | Val Loss=0.186273
Epoch 7/50 | Train Loss=0.000017 | Val Loss=0.189873
Epoch 8/50 | Train Loss=0.000014 | Val Loss=0.199615
Epoch 9/50 | Train Loss=0.000013 | Val Loss=0.207064
Epoch 10/50 | Train Loss=0.000012 | Val Loss=0.212681
Epoch 11/50 | Train Loss=0.000011 | Val Loss=0.216759
‚èπ Early stopping at epoch 11
[Tuning-Transformer] Threshold (p95)=0.003074
üîé Best hyperparameters for Transformer: {'window_size': 90, 'batch_size': 32, 'lr': 0.003322962730934776, 'd_model': 64, 'n_heads': 2, 'num_layers': 1, 'dropout': 0.19486632262303583}
Best validation loss: 0.12094362825155258
‚úÖ Best LSTM params: {'window_size': 120, 'batch_size': 64, 'lr': 0.003215390416253163, 'hidden_size': 32, 'dropout': 0.29610211946832604}
‚úÖ Best Transformer params: {'window_size': 90, 'batch_size': 32, 'lr': 0.003322962730934776, 'd_model': 64, 'n_heads': 2, 'num_layers': 1, 'dropout': 0.19486632262303583}

>>> Training LSTM_AE for coin_coin_Cardano...
Epoch 1/100 | Train Loss=0.000287 | Val Loss=0.329506
Epoch 2/100 | Train Loss=0.000167 | Val Loss=0.318058
Epoch 3/100 | Train Loss=0.000130 | Val Loss=0.317487
Epoch 4/100 | Train Loss=0.000112 | Val Loss=0.307161
Epoch 5/100 | Train Loss=0.000108 | Val Loss=0.299825
Epoch 6/100 | Train Loss=0.000101 | Val Loss=0.292522
Epoch 7/100 | Train Loss=0.000094 | Val Loss=0.285296
Epoch 8/100 | Train Loss=0.000088 | Val Loss=0.278242
Epoch 9/100 | Train Loss=0.000073 | Val Loss=0.273691
Epoch 10/100 | Train Loss=0.000070 | Val Loss=0.272753
Epoch 11/100 | Train Loss=0.000066 | Val Loss=0.272586
Epoch 12/100 | Train Loss=0.000064 | Val Loss=0.274533
Epoch 13/100 | Train Loss=0.000064 | Val Loss=0.275793
Epoch 14/100 | Train Loss=0.000064 | Val Loss=0.273824
Epoch 15/100 | Train Loss=0.000061 | Val Loss=0.273309
Epoch 16/100 | Train Loss=0.000060 | Val Loss=0.271691
Epoch 17/100 | Train Loss=0.000063 | Val Loss=0.272276
Epoch 18/100 | Train Loss=0.000062 | Val Loss=0.273875
Epoch 19/100 | Train Loss=0.000060 | Val Loss=0.272853
Epoch 20/100 | Train Loss=0.000060 | Val Loss=0.272301
Epoch 21/100 | Train Loss=0.000061 | Val Loss=0.271076
Epoch 22/100 | Train Loss=0.000060 | Val Loss=0.271405
Epoch 23/100 | Train Loss=0.000062 | Val Loss=0.272490
Epoch 24/100 | Train Loss=0.000060 | Val Loss=0.271239
Epoch 25/100 | Train Loss=0.000061 | Val Loss=0.271743
Epoch 26/100 | Train Loss=0.000061 | Val Loss=0.270169
Epoch 27/100 | Train Loss=0.000060 | Val Loss=0.270522
Epoch 28/100 | Train Loss=0.000060 | Val Loss=0.270755
Epoch 29/100 | Train Loss=0.000058 | Val Loss=0.270356
Epoch 30/100 | Train Loss=0.000061 | Val Loss=0.269494
Epoch 31/100 | Train Loss=0.000059 | Val Loss=0.270971
Epoch 32/100 | Train Loss=0.000058 | Val Loss=0.269673
Epoch 33/100 | Train Loss=0.000058 | Val Loss=0.269811
Epoch 34/100 | Train Loss=0.000058 | Val Loss=0.270080
Epoch 35/100 | Train Loss=0.000056 | Val Loss=0.269792
Epoch 36/100 | Train Loss=0.000059 | Val Loss=0.268833
Epoch 37/100 | Train Loss=0.000061 | Val Loss=0.268787
Epoch 38/100 | Train Loss=0.000058 | Val Loss=0.268837
Epoch 39/100 | Train Loss=0.000058 | Val Loss=0.269782
Epoch 40/100 | Train Loss=0.000059 | Val Loss=0.268218
Epoch 41/100 | Train Loss=0.000058 | Val Loss=0.268710
Epoch 42/100 | Train Loss=0.000056 | Val Loss=0.268509
Epoch 43/100 | Train Loss=0.000059 | Val Loss=0.268471
Epoch 44/100 | Train Loss=0.000057 | Val Loss=0.268804
Epoch 45/100 | Train Loss=0.000058 | Val Loss=0.268917
Epoch 46/100 | Train Loss=0.000057 | Val Loss=0.269378
Epoch 47/100 | Train Loss=0.000060 | Val Loss=0.269262
‚èπ Early stopping at epoch 47
[coin_coin_Cardano (LSTM_AE)] Threshold (p95)=0.046685
üìä Saved error distribution to /data/m24csa029/MTP/cyptocurrency/results/coin_coin_Cardano_LSTM_AE_anomalies_errors.png
coin_coin_Cardano [LSTM_AE]: 183 anomalies detected

>>> Training Transformer for coin_coin_Cardano...
Epoch 1/100 | Train Loss=0.000553 | Val Loss=0.160597
Epoch 2/100 | Train Loss=0.000156 | Val Loss=0.144080
Epoch 3/100 | Train Loss=0.000081 | Val Loss=0.150886
Epoch 4/100 | Train Loss=0.000039 | Val Loss=0.158664
Epoch 5/100 | Train Loss=0.000022 | Val Loss=0.162318
Epoch 6/100 | Train Loss=0.000016 | Val Loss=0.164988
Epoch 7/100 | Train Loss=0.000012 | Val Loss=0.165372
Epoch 8/100 | Train Loss=0.000010 | Val Loss=0.165225
Epoch 9/100 | Train Loss=0.000009 | Val Loss=0.164768
‚èπ Early stopping at epoch 9
[coin_coin_Cardano (Transformer)] Threshold (p95)=0.000809
üìä Saved error distribution to /data/m24csa029/MTP/cyptocurrency/results/coin_coin_Cardano_Transformer_anomalies_errors.png
coin_coin_Cardano [Transformer]: 223 anomalies detected

üöÄ Processing coin_coin_Iota...

üîé Running hyperparameter search for LSTM_AE on coin_coin_Iota...
Epoch 1/50 | Train Loss=0.001153 | Val Loss=0.026389
Epoch 2/50 | Train Loss=0.000979 | Val Loss=0.021105
Epoch 3/50 | Train Loss=0.000806 | Val Loss=0.015883
Epoch 4/50 | Train Loss=0.000638 | Val Loss=0.010650
Epoch 5/50 | Train Loss=0.000485 | Val Loss=0.006568
Epoch 6/50 | Train Loss=0.000387 | Val Loss=0.005049
Epoch 7/50 | Train Loss=0.000360 | Val Loss=0.004714
Epoch 8/50 | Train Loss=0.000353 | Val Loss=0.004623
Epoch 9/50 | Train Loss=0.000350 | Val Loss=0.004588
Epoch 10/50 | Train Loss=0.000337 | Val Loss=0.004538
Epoch 11/50 | Train Loss=0.000337 | Val Loss=0.004468
Epoch 12/50 | Train Loss=0.000331 | Val Loss=0.004458
Epoch 13/50 | Train Loss=0.000335 | Val Loss=0.004417
Epoch 14/50 | Train Loss=0.000323 | Val Loss=0.004417
Epoch 15/50 | Train Loss=0.000324 | Val Loss=0.004347
Epoch 16/50 | Train Loss=0.000311 | Val Loss=0.004320
Epoch 17/50 | Train Loss=0.000313 | Val Loss=0.004284
Epoch 18/50 | Train Loss=0.000312 | Val Loss=0.004257
Epoch 19/50 | Train Loss=0.000307 | Val Loss=0.004203
Epoch 20/50 | Train Loss=0.000312 | Val Loss=0.004177
Epoch 21/50 | Train Loss=0.000293 | Val Loss=0.004178
Epoch 22/50 | Train Loss=0.000287 | Val Loss=0.004128
Epoch 23/50 | Train Loss=0.000281 | Val Loss=0.004154
Epoch 24/50 | Train Loss=0.000283 | Val Loss=0.004161
Epoch 25/50 | Train Loss=0.000268 | Val Loss=0.004173
Epoch 26/50 | Train Loss=0.000255 | Val Loss=0.004264
Epoch 27/50 | Train Loss=0.000244 | Val Loss=0.004626
‚èπ Early stopping at epoch 27
[Tuning-LSTM_AE] Threshold (p95)=0.070506
Epoch 1/50 | Train Loss=0.002271 | Val Loss=0.046179
Epoch 2/50 | Train Loss=0.001245 | Val Loss=0.016504
Epoch 3/50 | Train Loss=0.000606 | Val Loss=0.006229
Epoch 4/50 | Train Loss=0.000460 | Val Loss=0.004737
Epoch 5/50 | Train Loss=0.000412 | Val Loss=0.004389
Epoch 6/50 | Train Loss=0.000402 | Val Loss=0.004347
Epoch 7/50 | Train Loss=0.000400 | Val Loss=0.004276
Epoch 8/50 | Train Loss=0.000387 | Val Loss=0.004297
Epoch 9/50 | Train Loss=0.000375 | Val Loss=0.004255
Epoch 10/50 | Train Loss=0.000381 | Val Loss=0.004226
Epoch 11/50 | Train Loss=0.000372 | Val Loss=0.004203
Epoch 12/50 | Train Loss=0.000362 | Val Loss=0.004127
Epoch 13/50 | Train Loss=0.000360 | Val Loss=0.004188
Epoch 14/50 | Train Loss=0.000351 | Val Loss=0.004138
Epoch 15/50 | Train Loss=0.000347 | Val Loss=0.004222
Epoch 16/50 | Train Loss=0.000340 | Val Loss=0.004213
Epoch 17/50 | Train Loss=0.000339 | Val Loss=0.004195
‚èπ Early stopping at epoch 17
[Tuning-LSTM_AE] Threshold (p95)=0.083049
Epoch 1/50 | Train Loss=0.000208 | Val Loss=0.017251
Epoch 2/50 | Train Loss=0.000168 | Val Loss=0.013267
Epoch 3/50 | Train Loss=0.000143 | Val Loss=0.010497
Epoch 4/50 | Train Loss=0.000123 | Val Loss=0.008403
Epoch 5/50 | Train Loss=0.000108 | Val Loss=0.006870
Epoch 6/50 | Train Loss=0.000098 | Val Loss=0.005888
Epoch 7/50 | Train Loss=0.000091 | Val Loss=0.005346
[I 2025-09-16 23:54:11,934] Trial 2 finished with value: 0.0037593813613057137 and parameters: {'window_size': 90, 'batch_size': 128, 'lr': 0.00032364324784039223, 'hidden_size': 64, 'dropout': 0.19773195119263842}. Best is trial 2 with value: 0.0037593813613057137.
[I 2025-09-16 23:54:13,285] Trial 3 finished with value: 0.0020615002140402794 and parameters: {'window_size': 60, 'batch_size': 64, 'lr': 0.002328633329948878, 'hidden_size': 64, 'dropout': 0.3910280600849003}. Best is trial 3 with value: 0.0020615002140402794.
[I 2025-09-16 23:54:15,512] Trial 4 finished with value: 0.0024443648289889097 and parameters: {'window_size': 90, 'batch_size': 32, 'lr': 0.002007893869714938, 'hidden_size': 128, 'dropout': 0.44399440240268706}. Best is trial 3 with value: 0.0020615002140402794.
[I 2025-09-16 23:54:16,299] Trial 5 finished with value: 0.003289049258455634 and parameters: {'window_size': 120, 'batch_size': 64, 'lr': 0.007033682400262202, 'hidden_size': 64, 'dropout': 0.4758775558756002}. Best is trial 3 with value: 0.0020615002140402794.
[I 2025-09-16 23:54:20,966] Trial 6 finished with value: 0.0038908538408577442 and parameters: {'window_size': 90, 'batch_size': 32, 'lr': 0.00029077199998312544, 'hidden_size': 16, 'dropout': 0.28556537878319366}. Best is trial 3 with value: 0.0020615002140402794.
