[I 2025-09-16 23:29:42,206] Trial 8 finished with value: 0.0020014639012515545 and parameters: {'window_size': 90, 'batch_size': 128, 'lr': 0.002706983399814999, 'd_model': 128, 'n_heads': 4, 'num_layers': 3, 'dropout': 0.30656090337980074}. Best is trial 8 with value: 0.0020014639012515545.
Epoch 10/50 | Train Loss=0.000002 | Val Loss=0.007332
Epoch 11/50 | Train Loss=0.000002 | Val Loss=0.007880
‚èπ Early stopping at epoch 11
[Tuning-Transformer] Threshold (p95)=0.000148
Epoch 1/50 | Train Loss=0.001332 | Val Loss=0.041085
Epoch 2/50 | Train Loss=0.000149 | Val Loss=0.026203
Epoch 3/50 | Train Loss=0.000051 | Val Loss=0.018020
Epoch 4/50 | Train Loss=0.000037 | Val Loss=0.012869
Epoch 5/50 | Train Loss=0.000012 | Val Loss=0.010256
Epoch 6/50 | Train Loss=0.000006 | Val Loss=0.008892
Epoch 7/50 | Train Loss=0.000004 | Val Loss=0.007559
Epoch 8/50 | Train Loss=0.000004 | Val Loss=0.006469
Epoch 9/50 | Train Loss=0.000003 | Val Loss=0.005593
Epoch 10/50 | Train Loss=0.000002 | Val Loss=0.004749
Epoch 11/50 | Train Loss=0.000002 | Val Loss=0.003970
Epoch 12/50 | Train Loss=0.000002 | Val Loss=0.003417
Epoch 13/50 | Train Loss=0.000002 | Val Loss=0.003130
Epoch 14/50 | Train Loss=0.000001 | Val Loss=0.002755
Epoch 15/50 | Train Loss=0.000001 | Val Loss=0.002588
Epoch 16/50 | Train Loss=0.000001 | Val Loss=0.002431
Epoch 17/50 | Train Loss=0.000001 | Val Loss=0.002338
Epoch 18/50 | Train Loss=0.000001 | Val Loss=0.002338
Epoch 19/50 | Train Loss=0.000001 | Val Loss=0.002422
Epoch 20/50 | Train Loss=0.000001 | Val Loss=0.002485
Epoch 21/50 | Train Loss=0.000001 | Val Loss=0.002666
Epoch 22/50 | Train Loss=0.000001 | Val Loss=0.002881
‚èπ Early stopping at epoch 22
[Tuning-Transformer] Threshold (p95)=0.000022
Epoch 1/50 | Train Loss=0.000902 | Val Loss=0.029703
Epoch 2/50 | Train Loss=0.000085 | Val Loss=0.022988
Epoch 3/50 | Train Loss=0.000037 | Val Loss=0.016605
Epoch 4/50 | Train Loss=0.000018 | Val Loss=0.011238
Epoch 5/50 | Train Loss=0.000011 | Val Loss=0.008355
Epoch 6/50 | Train Loss=0.000008 | Val Loss=0.007080
Epoch 7/50 | Train Loss=0.000006 | Val Loss=0.006702
Epoch 8/50 | Train Loss=0.000005 | Val Loss=0.007120
Epoch 9/50 | Train Loss=0.000004 | Val Loss=0.007869
Epoch 10/50 | Train Loss=0.000003 | Val Loss=0.008956
Epoch 11/50 | Train Loss=0.000003 | Val Loss=0.010091
Epoch 12/50 | Train Loss=0.000003 | Val Loss=0.010886
‚èπ Early stopping at epoch 12
[Tuning-Transformer] Threshold (p95)=0.000195
Epoch 1/50 | Train Loss=0.000357 | Val Loss=0.020361
Epoch 2/50 | Train Loss=0.000117 | Val Loss=0.014845
Epoch 3/50 | Train Loss=0.000060 | Val Loss=0.013746
Epoch 4/50 | Train Loss=0.000040 | Val Loss=0.013575
Epoch 5/50 | Train Loss=0.000030 | Val Loss=0.013655
Epoch 6/50 | Train Loss=0.000023 | Val Loss=0.013600
Epoch 7/50 | Train Loss=0.000019 | Val Loss=0.013560
Epoch 8/50 | Train Loss=0.000016 | Val Loss=0.013283
Epoch 9/50 | Train Loss=0.000013 | Val Loss=0.012976
Epoch 10/50 | Train Loss=0.000012 | Val Loss=0.012735
Epoch 11/50 | Train Loss=0.000010 | Val Loss=0.012383
Epoch 12/50 | Train Loss=0.000009 | Val Loss=0.011813
Epoch 13/50 | Train Loss=0.000008 | Val Loss=0.011384
Epoch 14/50 | Train Loss=0.000007 | Val Loss=0.010893
Epoch 15/50 | Train Loss=0.000007 | Val Loss=0.010338
Epoch 16/50 | Train Loss=0.000006 | Val Loss=0.009921
Epoch 17/50 | Train Loss=0.000005 | Val Loss=0.009416
Epoch 18/50 | Train Loss=0.000005 | Val Loss=0.009132
Epoch 19/50 | Train Loss=0.000004 | Val Loss=0.008786
Epoch 20/50 | Train Loss=0.000004 | Val Loss=0.008463
Epoch 21/50 | Train Loss=0.000004 | Val Loss=0.008181
Epoch 22/50 | Train Loss=0.000003 | Val Loss=0.007936
Epoch 23/50 | Train Loss=0.000003 | Val Loss=0.007712
Epoch 24/50 | Train Loss=0.000003 | Val Loss=0.007536
Epoch 25/50 | Train Loss=0.000003 | Val Loss=0.007321
Epoch 26/50 | Train Loss=0.000003 | Val Loss=0.007245
Epoch 27/50 | Train Loss=0.000002 | Val Loss=0.007124
Epoch 28/50 | Train Loss=0.000002 | Val Loss=0.007081
Epoch 29/50 | Train Loss=0.000002 | Val Loss=0.007033
Epoch 30/50 | Train Loss=0.000002 | Val Loss=0.007040
Epoch 31/50 | Train Loss=0.000002 | Val Loss=0.007022
Epoch 32/50 | Train Loss=0.000002 | Val Loss=0.007040
Epoch 33/50 | Train Loss=0.000002 | Val Loss=0.007076
Epoch 34/50 | Train Loss=0.000002 | Val Loss=0.007123
Epoch 35/50 | Train Loss=0.000002 | Val Loss=0.007207
Epoch 36/50 | Train Loss=0.000002 | Val Loss=0.007286
‚èπ Early stopping at epoch 36
[Tuning-Transformer] Threshold (p95)=0.000170
Epoch 1/50 | Train Loss=0.000622 | Val Loss=0.031217
Epoch 2/50 | Train Loss=0.000111 | Val Loss=0.023177
Epoch 3/50 | Train Loss=0.000042 | Val Loss=0.013417
Epoch 4/50 | Train Loss=0.000022 | Val Loss=0.010065
Epoch 5/50 | Train Loss=0.000014 | Val Loss=0.009843
Epoch 6/50 | Train Loss=0.000010 | Val Loss=0.009158
Epoch 7/50 | Train Loss=0.000007 | Val Loss=0.008498
Epoch 8/50 | Train Loss=0.000005 | Val Loss=0.007464
Epoch 9/50 | Train Loss=0.000004 | Val Loss=0.006607
Epoch 10/50 | Train Loss=0.000003 | Val Loss=0.005824
Epoch 11/50 | Train Loss=0.000002 | Val Loss=0.004979
Epoch 12/50 | Train Loss=0.000002 | Val Loss=0.004459
Epoch 13/50 | Train Loss=0.000001 | Val Loss=0.003945
Epoch 14/50 | Train Loss=0.000001 | Val Loss=0.003601
Epoch 15/50 | Train Loss=0.000001 | Val Loss=0.003332
Epoch 16/50 | Train Loss=0.000001 | Val Loss=0.003110
Epoch 17/50 | Train Loss=0.000001 | Val Loss=0.003026
Epoch 18/50 | Train Loss=0.000001 | Val Loss=0.002983
Epoch 19/50 | Train Loss=0.000001 | Val Loss=0.003042
Epoch 20/50 | Train Loss=0.000001 | Val Loss=0.003113
Epoch 21/50 | Train Loss=0.000001 | Val Loss=0.003269
Epoch 22/50 | Train Loss=0.000001 | Val Loss=0.003462
Epoch 23/50 | Train Loss=0.000001 | Val Loss=0.003782
‚èπ Early stopping at epoch 23
[Tuning-Transformer] Threshold (p95)=0.000049
Epoch 1/50 | Train Loss=0.001281 | Val Loss=0.055563
Epoch 2/50 | Train Loss=0.000190 | Val Loss=0.039641
Epoch 3/50 | Train Loss=0.000115 | Val Loss=0.038769
Epoch 4/50 | Train Loss=0.000060 | Val Loss=0.033023
Epoch 5/50 | Train Loss=0.000024 | Val Loss=0.020430
Epoch 6/50 | Train Loss=0.000010 | Val Loss=0.011495
Epoch 7/50 | Train Loss=0.000005 | Val Loss=0.007718
Epoch 8/50 | Train Loss=0.000003 | Val Loss=0.006055
Epoch 9/50 | Train Loss=0.000002 | Val Loss=0.005013
Epoch 10/50 | Train Loss=0.000002 | Val Loss=0.004433
Epoch 11/50 | Train Loss=0.000001 | Val Loss=0.004112
Epoch 12/50 | Train Loss=0.000001 | Val Loss=0.003981
Epoch 13/50 | Train Loss=0.000001 | Val Loss=0.003994
Epoch 14/50 | Train Loss=0.000001 | Val Loss=0.004057
Epoch 15/50 | Train Loss=0.000001 | Val Loss=0.004219
Epoch 16/50 | Train Loss=0.000001 | Val Loss=0.004410
Epoch 17/50 | Train Loss=0.000001 | Val Loss=0.004660
‚èπ Early stopping at epoch 17
[Tuning-Transformer] Threshold (p95)=0.000119
Epoch 1/50 | Train Loss=0.001919 | Val Loss=0.053715
Epoch 2/50 | Train Loss=0.000243 | Val Loss=0.038616
Epoch 3/50 | Train Loss=0.000115 | Val Loss=0.035030
Epoch 4/50 | Train Loss=0.000058 | Val Loss=0.032563
Epoch 5/50 | Train Loss=0.000028 | Val Loss=0.015168
Epoch 6/50 | Train Loss=0.000008 | Val Loss=0.007163
Epoch 7/50 | Train Loss=0.000003 | Val Loss=0.004599
Epoch 8/50 | Train Loss=0.000001 | Val Loss=0.003874
Epoch 9/50 | Train Loss=0.000001 | Val Loss=0.002979
Epoch 10/50 | Train Loss=0.000001 | Val Loss=0.002480
Epoch 11/50 | Train Loss=0.000001 | Val Loss=0.002192
Epoch 12/50 | Train Loss=0.000001 | Val Loss=0.002041
Epoch 13/50 | Train Loss=0.000001 | Val Loss=0.002001
Epoch 14/50 | Train Loss=0.000001 | Val Loss=0.002004
Epoch 15/50 | Train Loss=0.000001 | Val Loss=0.002104
Epoch 16/50 | Train Loss=0.000001 | Val Loss=0.002325
Epoch 17/50 | Train Loss=0.000001 | Val Loss=0.002509
Epoch 18/50 | Train Loss=0.000001 | Val Loss=0.002878
‚èπ Early stopping at epoch 18
[Tuning-Transformer] Threshold (p95)=0.000229
Epoch 1/50 | Train Loss=0.000753 | Val Loss=0.034612
Epoch 2/50 | Train Loss=0.000118 | Val Loss=0.025830
Epoch 3/50 | Train Loss=0.000073 | Val Loss=0.022023
Epoch 4/50 | Train Loss=0.000049 | Val Loss=0.017216
Epoch 5/50 | Train Loss=0.000030 | Val Loss=0.010970
Epoch 6/50 | Train Loss=0.000020 | Val Loss=0.009020
Epoch 7/50 | Train Loss=0.000015 | Val Loss=0.008795
Epoch 8/50 | Train Loss=0.000012 | Val Loss=0.009326
Epoch 9/50 | Train Loss=0.000009 | Val Loss=0.009246
Epoch 10/50 | Train Loss=0.000008 | Val Loss=0.009885
Epoch 11/50 | Train Loss=0.000006 | Val Loss=0.009938
Epoch 12/50 | Train Loss=0.000005 | Val Loss=0.010437
‚èπ Early stopping at epoch 12
[I 2025-09-16 23:29:47,518] Trial 9 finished with value: 0.008794874884188175 and parameters: {'window_size': 90, 'batch_size': 128, 'lr': 0.0004829961255967497, 'd_model': 128, 'n_heads': 2, 'num_layers': 3, 'dropout': 0.19349151595116137}. Best is trial 8 with value: 0.0020014639012515545.
[I 2025-09-16 23:30:14,412] A new study created in memory with name: no-name-0689eef6-3e7a-42a5-8d03-eee1194cf2b0
[I 2025-09-16 23:30:16,985] Trial 0 finished with value: 0.06177705153822899 and parameters: {'window_size': 60, 'batch_size': 64, 'lr': 0.00011698835119809715, 'hidden_size': 64, 'dropout': 0.18494916858637933}. Best is trial 0 with value: 0.06177705153822899.
[I 2025-09-16 23:30:18,654] Trial 1 finished with value: 0.06502687186002731 and parameters: {'window_size': 90, 'batch_size': 64, 'lr': 0.00033286406549907686, 'hidden_size': 128, 'dropout': 0.2542006346284388}. Best is trial 0 with value: 0.06177705153822899.
[Tuning-Transformer] Threshold (p95)=0.000850
üîé Best hyperparameters for Transformer: {'window_size': 90, 'batch_size': 128, 'lr': 0.002706983399814999, 'd_model': 128, 'n_heads': 4, 'num_layers': 3, 'dropout': 0.30656090337980074}
Best validation loss: 0.0020014639012515545
‚úÖ Best LSTM params: {'window_size': 120, 'batch_size': 32, 'lr': 0.00014939614645350478, 'hidden_size': 64, 'dropout': 0.14995289773155582}
‚úÖ Best Transformer params: {'window_size': 90, 'batch_size': 128, 'lr': 0.002706983399814999, 'd_model': 128, 'n_heads': 4, 'num_layers': 3, 'dropout': 0.30656090337980074}

>>> Training LSTM_AE for coin_coin_XRP...
Epoch 1/100 | Train Loss=0.000104 | Val Loss=0.029565
Epoch 2/100 | Train Loss=0.000051 | Val Loss=0.027151
Epoch 3/100 | Train Loss=0.000039 | Val Loss=0.028796
Epoch 4/100 | Train Loss=0.000034 | Val Loss=0.028735
Epoch 5/100 | Train Loss=0.000032 | Val Loss=0.028160
Epoch 6/100 | Train Loss=0.000032 | Val Loss=0.028007
Epoch 7/100 | Train Loss=0.000030 | Val Loss=0.027936
Epoch 8/100 | Train Loss=0.000030 | Val Loss=0.027747
Epoch 9/100 | Train Loss=0.000029 | Val Loss=0.027609
‚èπ Early stopping at epoch 9
[coin_coin_XRP (LSTM_AE)] Threshold (p95)=0.036653
üìä Saved error distribution to /data/m24csa029/MTP/cyptocurrency/results/coin_coin_XRP_LSTM_AE_anomalies_errors.png
coin_coin_XRP [LSTM_AE]: 224 anomalies detected

>>> Training Transformer for coin_coin_XRP...
Epoch 1/100 | Train Loss=0.001730 | Val Loss=0.040649
Epoch 2/100 | Train Loss=0.000192 | Val Loss=0.030429
Epoch 3/100 | Train Loss=0.000045 | Val Loss=0.026133
Epoch 4/100 | Train Loss=0.000025 | Val Loss=0.023034
Epoch 5/100 | Train Loss=0.000019 | Val Loss=0.014059
Epoch 6/100 | Train Loss=0.000014 | Val Loss=0.006948
Epoch 7/100 | Train Loss=0.000012 | Val Loss=0.007982
Epoch 8/100 | Train Loss=0.000013 | Val Loss=0.005174
Epoch 9/100 | Train Loss=0.000007 | Val Loss=0.004358
Epoch 10/100 | Train Loss=0.000006 | Val Loss=0.004136
Epoch 11/100 | Train Loss=0.000011 | Val Loss=0.004066
Epoch 12/100 | Train Loss=0.000004 | Val Loss=0.003535
Epoch 13/100 | Train Loss=0.000003 | Val Loss=0.003158
Epoch 14/100 | Train Loss=0.000003 | Val Loss=0.002765
Epoch 15/100 | Train Loss=0.000002 | Val Loss=0.002598
Epoch 16/100 | Train Loss=0.000002 | Val Loss=0.002316
Epoch 17/100 | Train Loss=0.000002 | Val Loss=0.002165
Epoch 18/100 | Train Loss=0.000001 | Val Loss=0.002031
Epoch 19/100 | Train Loss=0.000001 | Val Loss=0.001936
Epoch 20/100 | Train Loss=0.000001 | Val Loss=0.001883
Epoch 21/100 | Train Loss=0.000001 | Val Loss=0.001859
Epoch 22/100 | Train Loss=0.000001 | Val Loss=0.001853
Epoch 23/100 | Train Loss=0.000001 | Val Loss=0.001875
Epoch 24/100 | Train Loss=0.000001 | Val Loss=0.001899
Epoch 25/100 | Train Loss=0.000000 | Val Loss=0.001960
Epoch 26/100 | Train Loss=0.000000 | Val Loss=0.002024
Epoch 27/100 | Train Loss=0.000000 | Val Loss=0.002110
Epoch 28/100 | Train Loss=0.000000 | Val Loss=0.002188
Epoch 29/100 | Train Loss=0.000000 | Val Loss=0.002280
‚èπ Early stopping at epoch 29
[coin_coin_XRP (Transformer)] Threshold (p95)=0.000089
üìä Saved error distribution to /data/m24csa029/MTP/cyptocurrency/results/coin_coin_XRP_Transformer_anomalies_errors.png
coin_coin_XRP [Transformer]: 235 anomalies detected

üöÄ Processing coin_coin_CryptocomCoin...

üîé Running hyperparameter search for LSTM_AE on coin_coin_CryptocomCoin...
Epoch 1/50 | Train Loss=0.001029 | Val Loss=0.252023
Epoch 2/50 | Train Loss=0.000939 | Val Loss=0.240013
Epoch 3/50 | Train Loss=0.000863 | Val Loss=0.228457
Epoch 4/50 | Train Loss=0.000797 | Val Loss=0.217182
Epoch 5/50 | Train Loss=0.000739 | Val Loss=0.206821
Epoch 6/50 | Train Loss=0.000684 | Val Loss=0.197126
Epoch 7/50 | Train Loss=0.000635 | Val Loss=0.188631
Epoch 8/50 | Train Loss=0.000612 | Val Loss=0.180198
Epoch 9/50 | Train Loss=0.000578 | Val Loss=0.172609
Epoch 10/50 | Train Loss=0.000540 | Val Loss=0.164813
Epoch 11/50 | Train Loss=0.000509 | Val Loss=0.157146
Epoch 12/50 | Train Loss=0.000478 | Val Loss=0.149489
Epoch 13/50 | Train Loss=0.000450 | Val Loss=0.142002
Epoch 14/50 | Train Loss=0.000428 | Val Loss=0.134441
Epoch 15/50 | Train Loss=0.000401 | Val Loss=0.127429
Epoch 16/50 | Train Loss=0.000382 | Val Loss=0.121171
Epoch 17/50 | Train Loss=0.000362 | Val Loss=0.115225
Epoch 18/50 | Train Loss=0.000346 | Val Loss=0.109462
Epoch 19/50 | Train Loss=0.000324 | Val Loss=0.103958
Epoch 20/50 | Train Loss=0.000308 | Val Loss=0.099895
Epoch 21/50 | Train Loss=0.000293 | Val Loss=0.095668
Epoch 22/50 | Train Loss=0.000279 | Val Loss=0.091150
Epoch 23/50 | Train Loss=0.000263 | Val Loss=0.087053
Epoch 24/50 | Train Loss=0.000249 | Val Loss=0.083861
Epoch 25/50 | Train Loss=0.000236 | Val Loss=0.080251
Epoch 26/50 | Train Loss=0.000217 | Val Loss=0.076887
Epoch 27/50 | Train Loss=0.000209 | Val Loss=0.074814
Epoch 28/50 | Train Loss=0.000194 | Val Loss=0.072332
Epoch 29/50 | Train Loss=0.000190 | Val Loss=0.069845
Epoch 30/50 | Train Loss=0.000176 | Val Loss=0.068494
Epoch 31/50 | Train Loss=0.000167 | Val Loss=0.066731
Epoch 32/50 | Train Loss=0.000161 | Val Loss=0.065769
Epoch 33/50 | Train Loss=0.000154 | Val Loss=0.064704
Epoch 34/50 | Train Loss=0.000149 | Val Loss=0.063788
Epoch 35/50 | Train Loss=0.000144 | Val Loss=0.063333
Epoch 36/50 | Train Loss=0.000142 | Val Loss=0.063560
Epoch 37/50 | Train Loss=0.000140 | Val Loss=0.063379
Epoch 38/50 | Train Loss=0.000138 | Val Loss=0.063103
Epoch 39/50 | Train Loss=0.000133 | Val Loss=0.062394
Epoch 40/50 | Train Loss=0.000131 | Val Loss=0.062339
Epoch 41/50 | Train Loss=0.000132 | Val Loss=0.062714
Epoch 42/50 | Train Loss=0.000132 | Val Loss=0.062508
Epoch 43/50 | Train Loss=0.000130 | Val Loss=0.062538
Epoch 44/50 | Train Loss=0.000129 | Val Loss=0.062479
Epoch 45/50 | Train Loss=0.000129 | Val Loss=0.061940
Epoch 46/50 | Train Loss=0.000125 | Val Loss=0.061777
Epoch 47/50 | Train Loss=0.000123 | Val Loss=0.061829
Epoch 48/50 | Train Loss=0.000129 | Val Loss=0.061990
Epoch 49/50 | Train Loss=0.000126 | Val Loss=0.061909
Epoch 50/50 | Train Loss=0.000127 | Val Loss=0.061782
[Tuning-LSTM_AE] Threshold (p95)=0.031905
Epoch 1/50 | Train Loss=0.001024 | Val Loss=0.180890
Epoch 2/50 | Train Loss=0.000680 | Val Loss=0.149545
Epoch 3/50 | Train Loss=0.000553 | Val Loss=0.133652
Epoch 4/50 | Train Loss=0.000457 | Val Loss=0.118951
Epoch 5/50 | Train Loss=0.000377 | Val Loss=0.103870
Epoch 6/50 | Train Loss=0.000348 | Val Loss=0.094942
Epoch 7/50 | Train Loss=0.000308 | Val Loss=0.088222
Epoch 8/50 | Train Loss=0.000278 | Val Loss=0.085428
Epoch 9/50 | Train Loss=0.000270 | Val Loss=0.080090
Epoch 10/50 | Train Loss=0.000245 | Val Loss=0.076410
Epoch 11/50 | Train Loss=0.000230 | Val Loss=0.074432
Epoch 12/50 | Train Loss=0.000215 | Val Loss=0.073215
Epoch 13/50 | Train Loss=0.000207 | Val Loss=0.072433
Epoch 14/50 | Train Loss=0.000207 | Val Loss=0.072645
Epoch 15/50 | Train Loss=0.000201 | Val Loss=0.072131
Epoch 16/50 | Train Loss=0.000194 | Val Loss=0.072102
Epoch 17/50 | Train Loss=0.000179 | Val Loss=0.071794
Epoch 18/50 | Train Loss=0.000172 | Val Loss=0.071257
Epoch 19/50 | Train Loss=0.000166 | Val Loss=0.070915
Epoch 20/50 | Train Loss=0.000163 | Val Loss=0.070657
Epoch 21/50 | Train Loss=0.000158 | Val Loss=0.069280
Epoch 22/50 | Train Loss=0.000154 | Val Loss=0.067937
Epoch 23/50 | Train Loss=0.000150 | Val Loss=0.066859
Epoch 24/50 | Train Loss=0.000147 | Val Loss=0.066076
Epoch 25/50 | Train Loss=0.000145 | Val Loss=0.065027
Epoch 26/50 | Train Loss=0.000140 | Val Loss=0.065085
Epoch 27/50 | Train Loss=0.000146 | Val Loss=0.065663
Epoch 28/50 | Train Loss=0.000143 | Val Loss=0.065795
Epoch 29/50 | Train Loss=0.000143 | Val Loss=0.065291
Epoch 30/50 | Train Loss=0.000142 | Val Loss=0.065333
‚èπ Early stopping at epoch 30
[Tuning-LSTM_AE] Threshold (p95)=0.035088
Epoch 1/50 | Train Loss=0.000426 | Val Loss=0.123575
Epoch 2/50 | Train Loss=0.000208 | Val Loss=0.092617
Epoch 3/50 | Train Loss=0.000182 | Val Loss=0.096029
Epoch 4/50 | Train Loss=0.000163 | Val Loss=0.090880
Epoch 5/50 | Train Loss=0.000149 | Val Loss=0.084450
Epoch 6/50 | Train Loss=0.000138 | Val Loss=0.082710
Epoch 7/50 | Train Loss=0.000136 | Val Loss=0.082458
[I 2025-09-16 23:30:19,373] Trial 2 finished with value: 0.07225879281759262 and parameters: {'window_size': 120, 'batch_size': 128, 'lr': 0.0025822343796236395, 'hidden_size': 128, 'dropout': 0.3727828883571245}. Best is trial 0 with value: 0.06177705153822899.
[I 2025-09-16 23:30:20,495] Trial 3 finished with value: 0.05820099636912346 and parameters: {'window_size': 60, 'batch_size': 64, 'lr': 0.003227652404992597, 'hidden_size': 128, 'dropout': 0.3524111026740916}. Best is trial 3 with value: 0.05820099636912346.
[I 2025-09-16 23:30:25,314] Trial 4 finished with value: 0.06409300863742828 and parameters: {'window_size': 60, 'batch_size': 32, 'lr': 0.0001527913172239319, 'hidden_size': 32, 'dropout': 0.45759297866648296}. Best is trial 3 with value: 0.05820099636912346.
