[I 2025-09-16 23:40:44,012] Trial 2 finished with value: 0.0008457869989797473 and parameters: {'window_size': 90, 'batch_size': 64, 'lr': 0.0007463210867261709, 'd_model': 64, 'n_heads': 2, 'num_layers': 1, 'dropout': 0.14942051271188125}. Best is trial 2 with value: 0.0008457869989797473.
Epoch 1/50 | Train Loss=0.002407 | Val Loss=0.106322
Epoch 2/50 | Train Loss=0.001179 | Val Loss=0.071594
Epoch 3/50 | Train Loss=0.001006 | Val Loss=0.056559
Epoch 4/50 | Train Loss=0.000901 | Val Loss=0.061054
Epoch 5/50 | Train Loss=0.000814 | Val Loss=0.065779
Epoch 6/50 | Train Loss=0.000740 | Val Loss=0.062119
Epoch 7/50 | Train Loss=0.000630 | Val Loss=0.055846
Epoch 8/50 | Train Loss=0.000582 | Val Loss=0.060526
Epoch 9/50 | Train Loss=0.000558 | Val Loss=0.053363
Epoch 10/50 | Train Loss=0.000545 | Val Loss=0.057820
Epoch 11/50 | Train Loss=0.000529 | Val Loss=0.053979
Epoch 12/50 | Train Loss=0.000519 | Val Loss=0.044264
Epoch 13/50 | Train Loss=0.000514 | Val Loss=0.044199
Epoch 14/50 | Train Loss=0.000482 | Val Loss=0.046510
Epoch 15/50 | Train Loss=0.000471 | Val Loss=0.048210
Epoch 16/50 | Train Loss=0.000486 | Val Loss=0.040192
Epoch 17/50 | Train Loss=0.000494 | Val Loss=0.035400
Epoch 18/50 | Train Loss=0.000493 | Val Loss=0.046518
Epoch 19/50 | Train Loss=0.000486 | Val Loss=0.030141
Epoch 20/50 | Train Loss=0.000492 | Val Loss=0.033781
Epoch 21/50 | Train Loss=0.000479 | Val Loss=0.044826
Epoch 22/50 | Train Loss=0.000477 | Val Loss=0.030588
Epoch 23/50 | Train Loss=0.000472 | Val Loss=0.030824
Epoch 24/50 | Train Loss=0.000472 | Val Loss=0.033693
‚èπ Early stopping at epoch 24
[Tuning-LSTM_AE] Threshold (p95)=0.047654
Epoch 1/50 | Train Loss=0.000901 | Val Loss=0.107587
Epoch 2/50 | Train Loss=0.000540 | Val Loss=0.086327
Epoch 3/50 | Train Loss=0.000484 | Val Loss=0.079411
Epoch 4/50 | Train Loss=0.000380 | Val Loss=0.074784
Epoch 5/50 | Train Loss=0.000321 | Val Loss=0.068837
Epoch 6/50 | Train Loss=0.000258 | Val Loss=0.057100
Epoch 7/50 | Train Loss=0.000236 | Val Loss=0.042356
Epoch 8/50 | Train Loss=0.000215 | Val Loss=0.033889
Epoch 9/50 | Train Loss=0.000204 | Val Loss=0.034021
Epoch 10/50 | Train Loss=0.000184 | Val Loss=0.038784
Epoch 11/50 | Train Loss=0.000176 | Val Loss=0.040928
Epoch 12/50 | Train Loss=0.000161 | Val Loss=0.040620
Epoch 13/50 | Train Loss=0.000160 | Val Loss=0.036219
‚èπ Early stopping at epoch 13
[Tuning-LSTM_AE] Threshold (p95)=0.046280
üîé Best hyperparameters for LSTM_AE: {'window_size': 90, 'batch_size': 32, 'lr': 0.001793212939870915, 'hidden_size': 128, 'dropout': 0.12436434769561355}
Best validation loss: 0.03014138713479042

üîé Running hyperparameter search for Transformer on coin_coin_Uniswap...
Epoch 1/50 | Train Loss=0.017652 | Val Loss=0.076450
Epoch 2/50 | Train Loss=0.002681 | Val Loss=0.043723
Epoch 3/50 | Train Loss=0.002067 | Val Loss=0.031933
Epoch 4/50 | Train Loss=0.001986 | Val Loss=0.096380
Epoch 5/50 | Train Loss=0.001791 | Val Loss=0.133962
Epoch 6/50 | Train Loss=0.001639 | Val Loss=0.043243
Epoch 7/50 | Train Loss=0.001442 | Val Loss=0.064889
Epoch 8/50 | Train Loss=0.001329 | Val Loss=0.058422
‚èπ Early stopping at epoch 8
[Tuning-Transformer] Threshold (p95)=0.084905
Epoch 1/50 | Train Loss=0.003569 | Val Loss=0.205143
Epoch 2/50 | Train Loss=0.002036 | Val Loss=0.123795
Epoch 3/50 | Train Loss=0.001552 | Val Loss=0.083376
Epoch 4/50 | Train Loss=0.001346 | Val Loss=0.056681
Epoch 5/50 | Train Loss=0.001115 | Val Loss=0.039355
Epoch 6/50 | Train Loss=0.000999 | Val Loss=0.030672
Epoch 7/50 | Train Loss=0.000941 | Val Loss=0.026278
Epoch 8/50 | Train Loss=0.000880 | Val Loss=0.023063
Epoch 9/50 | Train Loss=0.000809 | Val Loss=0.020738
Epoch 10/50 | Train Loss=0.000732 | Val Loss=0.019728
Epoch 11/50 | Train Loss=0.000686 | Val Loss=0.019763
Epoch 12/50 | Train Loss=0.000672 | Val Loss=0.019451
Epoch 13/50 | Train Loss=0.000623 | Val Loss=0.017949
Epoch 14/50 | Train Loss=0.000623 | Val Loss=0.015615
Epoch 15/50 | Train Loss=0.000591 | Val Loss=0.013018
Epoch 16/50 | Train Loss=0.000556 | Val Loss=0.010799
Epoch 17/50 | Train Loss=0.000540 | Val Loss=0.009083
Epoch 18/50 | Train Loss=0.000531 | Val Loss=0.007840
Epoch 19/50 | Train Loss=0.000508 | Val Loss=0.007027
Epoch 20/50 | Train Loss=0.000501 | Val Loss=0.006518
Epoch 21/50 | Train Loss=0.000472 | Val Loss=0.006072
Epoch 22/50 | Train Loss=0.000466 | Val Loss=0.005705
Epoch 23/50 | Train Loss=0.000460 | Val Loss=0.005502
Epoch 24/50 | Train Loss=0.000448 | Val Loss=0.005416
Epoch 25/50 | Train Loss=0.000442 | Val Loss=0.005349
Epoch 26/50 | Train Loss=0.000424 | Val Loss=0.005178
Epoch 27/50 | Train Loss=0.000405 | Val Loss=0.005030
Epoch 28/50 | Train Loss=0.000406 | Val Loss=0.004968
Epoch 29/50 | Train Loss=0.000397 | Val Loss=0.004962
Epoch 30/50 | Train Loss=0.000401 | Val Loss=0.004941
Epoch 31/50 | Train Loss=0.000391 | Val Loss=0.004846
Epoch 32/50 | Train Loss=0.000374 | Val Loss=0.004790
Epoch 33/50 | Train Loss=0.000397 | Val Loss=0.004819
Epoch 34/50 | Train Loss=0.000363 | Val Loss=0.004852
Epoch 35/50 | Train Loss=0.000353 | Val Loss=0.004837
Epoch 36/50 | Train Loss=0.000339 | Val Loss=0.004749
Epoch 37/50 | Train Loss=0.000339 | Val Loss=0.004644
Epoch 38/50 | Train Loss=0.000340 | Val Loss=0.004534
Epoch 39/50 | Train Loss=0.000332 | Val Loss=0.004458
Epoch 40/50 | Train Loss=0.000328 | Val Loss=0.004397
Epoch 41/50 | Train Loss=0.000321 | Val Loss=0.004341
Epoch 42/50 | Train Loss=0.000315 | Val Loss=0.004288
Epoch 43/50 | Train Loss=0.000316 | Val Loss=0.004257
Epoch 44/50 | Train Loss=0.000298 | Val Loss=0.004215
Epoch 45/50 | Train Loss=0.000296 | Val Loss=0.004145
Epoch 46/50 | Train Loss=0.000294 | Val Loss=0.004086
Epoch 47/50 | Train Loss=0.000290 | Val Loss=0.004103
Epoch 48/50 | Train Loss=0.000278 | Val Loss=0.004005
Epoch 49/50 | Train Loss=0.000277 | Val Loss=0.003912
Epoch 50/50 | Train Loss=0.000268 | Val Loss=0.003902
[Tuning-Transformer] Threshold (p95)=0.005127
Epoch 1/50 | Train Loss=0.002180 | Val Loss=0.014116
Epoch 2/50 | Train Loss=0.000542 | Val Loss=0.013027
Epoch 3/50 | Train Loss=0.000390 | Val Loss=0.021949
Epoch 4/50 | Train Loss=0.000351 | Val Loss=0.011040
Epoch 5/50 | Train Loss=0.000271 | Val Loss=0.008874
Epoch 6/50 | Train Loss=0.000257 | Val Loss=0.006095
Epoch 7/50 | Train Loss=0.000214 | Val Loss=0.003109
Epoch 8/50 | Train Loss=0.000209 | Val Loss=0.002738
Epoch 9/50 | Train Loss=0.000191 | Val Loss=0.003611
Epoch 10/50 | Train Loss=0.000174 | Val Loss=0.002630
Epoch 11/50 | Train Loss=0.000152 | Val Loss=0.001781
Epoch 12/50 | Train Loss=0.000141 | Val Loss=0.002381
Epoch 13/50 | Train Loss=0.000133 | Val Loss=0.001675
Epoch 14/50 | Train Loss=0.000125 | Val Loss=0.001360
Epoch 15/50 | Train Loss=0.000113 | Val Loss=0.001192
Epoch 16/50 | Train Loss=0.000106 | Val Loss=0.001045
Epoch 17/50 | Train Loss=0.000096 | Val Loss=0.001514
Epoch 18/50 | Train Loss=0.000090 | Val Loss=0.001210
Epoch 19/50 | Train Loss=0.000082 | Val Loss=0.001056
Epoch 20/50 | Train Loss=0.000079 | Val Loss=0.001025
Epoch 21/50 | Train Loss=0.000075 | Val Loss=0.000846
Epoch 22/50 | Train Loss=0.000069 | Val Loss=0.000930
Epoch 23/50 | Train Loss=0.000066 | Val Loss=0.001074
Epoch 24/50 | Train Loss=0.000061 | Val Loss=0.000917
Epoch 25/50 | Train Loss=0.000059 | Val Loss=0.000895
Epoch 26/50 | Train Loss=0.000052 | Val Loss=0.000877
‚èπ Early stopping at epoch 26
[Tuning-Transformer] Threshold (p95)=0.000897
Epoch 1/50 | Train Loss=0.012358 | Val Loss=0.206739
Epoch 2/50 | Train Loss=0.002727 | Val Loss=0.077335
Epoch 3/50 | Train Loss=0.001875 | Val Loss=0.072318
Epoch 4/50 | Train Loss=0.001697 | Val Loss=0.062852
Epoch 5/50 | Train Loss=0.001510 | Val Loss=0.064053
Epoch 6/50 | Train Loss=0.001398 | Val Loss=0.039457
Epoch 7/50 | Train Loss=0.000741 | Val Loss=0.016108
Epoch 8/50 | Train Loss=0.000508 | Val Loss=0.020459
Epoch 9/50 | Train Loss=0.000366 | Val Loss=0.007503
Epoch 10/50 | Train Loss=0.000242 | Val Loss=0.006486
Epoch 11/50 | Train Loss=0.000164 | Val Loss=0.005908
Epoch 12/50 | Train Loss=0.000114 | Val Loss=0.008094
Epoch 13/50 | Train Loss=0.000088 | Val Loss=0.002841
Epoch 14/50 | Train Loss=0.000053 | Val Loss=0.002301
Epoch 15/50 | Train Loss=0.000037 | Val Loss=0.002382
Epoch 16/50 | Train Loss=0.000030 | Val Loss=0.001510
Epoch 17/50 | Train Loss=0.000026 | Val Loss=0.001350
Epoch 18/50 | Train Loss=0.000022 | Val Loss=0.001316
Epoch 19/50 | Train Loss=0.000019 | Val Loss=0.000833
Epoch 20/50 | Train Loss=0.000017 | Val Loss=0.000780
[I 2025-09-16 23:40:45,671] Trial 3 finished with value: 0.0004774762492161244 and parameters: {'window_size': 60, 'batch_size': 32, 'lr': 0.00618018729571886, 'd_model': 64, 'n_heads': 8, 'num_layers': 2, 'dropout': 0.18318751817606801}. Best is trial 3 with value: 0.0004774762492161244.
[I 2025-09-16 23:40:47,770] Trial 4 finished with value: 0.0017394430469721556 and parameters: {'window_size': 120, 'batch_size': 64, 'lr': 0.0008451807712586165, 'd_model': 32, 'n_heads': 4, 'num_layers': 3, 'dropout': 0.3597282086846235}. Best is trial 3 with value: 0.0004774762492161244.
[I 2025-09-16 23:40:48,877] Trial 5 finished with value: 0.0014699473977088928 and parameters: {'window_size': 60, 'batch_size': 64, 'lr': 0.004292515072155776, 'd_model': 32, 'n_heads': 4, 'num_layers': 1, 'dropout': 0.35909761589297184}. Best is trial 3 with value: 0.0004774762492161244.
[I 2025-09-16 23:40:49,245] Trial 6 finished with value: 0.006129768211394548 and parameters: {'window_size': 60, 'batch_size': 128, 'lr': 0.0063161600308656125, 'd_model': 64, 'n_heads': 2, 'num_layers': 1, 'dropout': 0.29789695799726296}. Best is trial 3 with value: 0.0004774762492161244.
Epoch 21/50 | Train Loss=0.000016 | Val Loss=0.000712
Epoch 22/50 | Train Loss=0.000015 | Val Loss=0.000507
Epoch 23/50 | Train Loss=0.000015 | Val Loss=0.000542
Epoch 24/50 | Train Loss=0.000014 | Val Loss=0.000521
Epoch 25/50 | Train Loss=0.000013 | Val Loss=0.000585
Epoch 26/50 | Train Loss=0.000013 | Val Loss=0.000521
Epoch 27/50 | Train Loss=0.000012 | Val Loss=0.000477
Epoch 28/50 | Train Loss=0.000012 | Val Loss=0.000542
Epoch 29/50 | Train Loss=0.000011 | Val Loss=0.000569
Epoch 30/50 | Train Loss=0.000011 | Val Loss=0.000611
Epoch 31/50 | Train Loss=0.000011 | Val Loss=0.000654
Epoch 32/50 | Train Loss=0.000011 | Val Loss=0.000617
‚èπ Early stopping at epoch 32
[Tuning-Transformer] Threshold (p95)=0.000328
Epoch 1/50 | Train Loss=0.006120 | Val Loss=0.257841
Epoch 2/50 | Train Loss=0.002489 | Val Loss=0.065672
Epoch 3/50 | Train Loss=0.001317 | Val Loss=0.039519
Epoch 4/50 | Train Loss=0.001089 | Val Loss=0.026665
Epoch 5/50 | Train Loss=0.000998 | Val Loss=0.028615
Epoch 6/50 | Train Loss=0.000921 | Val Loss=0.022675
Epoch 7/50 | Train Loss=0.000834 | Val Loss=0.014071
Epoch 8/50 | Train Loss=0.000763 | Val Loss=0.011855
Epoch 9/50 | Train Loss=0.000690 | Val Loss=0.019543
Epoch 10/50 | Train Loss=0.000651 | Val Loss=0.026161
Epoch 11/50 | Train Loss=0.000624 | Val Loss=0.024199
Epoch 12/50 | Train Loss=0.000593 | Val Loss=0.016764
Epoch 13/50 | Train Loss=0.000565 | Val Loss=0.011180
Epoch 14/50 | Train Loss=0.000516 | Val Loss=0.010850
Epoch 15/50 | Train Loss=0.000474 | Val Loss=0.012469
Epoch 16/50 | Train Loss=0.000467 | Val Loss=0.011316
Epoch 17/50 | Train Loss=0.000434 | Val Loss=0.008370
Epoch 18/50 | Train Loss=0.000396 | Val Loss=0.007021
Epoch 19/50 | Train Loss=0.000373 | Val Loss=0.006976
Epoch 20/50 | Train Loss=0.000343 | Val Loss=0.007784
Epoch 21/50 | Train Loss=0.000308 | Val Loss=0.009079
Epoch 22/50 | Train Loss=0.000288 | Val Loss=0.007647
Epoch 23/50 | Train Loss=0.000263 | Val Loss=0.005247
Epoch 24/50 | Train Loss=0.000244 | Val Loss=0.004840
Epoch 25/50 | Train Loss=0.000225 | Val Loss=0.005037
Epoch 26/50 | Train Loss=0.000217 | Val Loss=0.004836
Epoch 27/50 | Train Loss=0.000205 | Val Loss=0.004826
Epoch 28/50 | Train Loss=0.000196 | Val Loss=0.005186
Epoch 29/50 | Train Loss=0.000186 | Val Loss=0.005373
Epoch 30/50 | Train Loss=0.000177 | Val Loss=0.004793
Epoch 31/50 | Train Loss=0.000168 | Val Loss=0.004538
Epoch 32/50 | Train Loss=0.000162 | Val Loss=0.004497
Epoch 33/50 | Train Loss=0.000156 | Val Loss=0.004461
Epoch 34/50 | Train Loss=0.000149 | Val Loss=0.004265
Epoch 35/50 | Train Loss=0.000141 | Val Loss=0.003895
Epoch 36/50 | Train Loss=0.000137 | Val Loss=0.003780
Epoch 37/50 | Train Loss=0.000133 | Val Loss=0.003662
Epoch 38/50 | Train Loss=0.000128 | Val Loss=0.003253
Epoch 39/50 | Train Loss=0.000122 | Val Loss=0.003024
Epoch 40/50 | Train Loss=0.000117 | Val Loss=0.003052
Epoch 41/50 | Train Loss=0.000113 | Val Loss=0.002943
Epoch 42/50 | Train Loss=0.000109 | Val Loss=0.002683
Epoch 43/50 | Train Loss=0.000106 | Val Loss=0.002503
Epoch 44/50 | Train Loss=0.000102 | Val Loss=0.002295
Epoch 45/50 | Train Loss=0.000098 | Val Loss=0.002163
Epoch 46/50 | Train Loss=0.000095 | Val Loss=0.002029
Epoch 47/50 | Train Loss=0.000093 | Val Loss=0.002080
Epoch 48/50 | Train Loss=0.000089 | Val Loss=0.002001
Epoch 49/50 | Train Loss=0.000087 | Val Loss=0.001832
Epoch 50/50 | Train Loss=0.000083 | Val Loss=0.001739
[Tuning-Transformer] Threshold (p95)=0.002213
Epoch 1/50 | Train Loss=0.004213 | Val Loss=0.041468
Epoch 2/50 | Train Loss=0.001337 | Val Loss=0.065484
Epoch 3/50 | Train Loss=0.001111 | Val Loss=0.072825
Epoch 4/50 | Train Loss=0.001005 | Val Loss=0.046237
Epoch 5/50 | Train Loss=0.000784 | Val Loss=0.017961
Epoch 6/50 | Train Loss=0.000611 | Val Loss=0.009364
Epoch 7/50 | Train Loss=0.000544 | Val Loss=0.012381
Epoch 8/50 | Train Loss=0.000485 | Val Loss=0.010483
Epoch 9/50 | Train Loss=0.000380 | Val Loss=0.008002
Epoch 10/50 | Train Loss=0.000314 | Val Loss=0.007838
Epoch 11/50 | Train Loss=0.000276 | Val Loss=0.006539
Epoch 12/50 | Train Loss=0.000216 | Val Loss=0.007072
Epoch 13/50 | Train Loss=0.000176 | Val Loss=0.005265
Epoch 14/50 | Train Loss=0.000132 | Val Loss=0.005220
Epoch 15/50 | Train Loss=0.000110 | Val Loss=0.005696
Epoch 16/50 | Train Loss=0.000094 | Val Loss=0.004781
Epoch 17/50 | Train Loss=0.000087 | Val Loss=0.004899
Epoch 18/50 | Train Loss=0.000081 | Val Loss=0.004389
Epoch 19/50 | Train Loss=0.000066 | Val Loss=0.006051
Epoch 20/50 | Train Loss=0.000060 | Val Loss=0.004836
Epoch 21/50 | Train Loss=0.000051 | Val Loss=0.004222
Epoch 22/50 | Train Loss=0.000046 | Val Loss=0.003720
Epoch 23/50 | Train Loss=0.000040 | Val Loss=0.004372
Epoch 24/50 | Train Loss=0.000038 | Val Loss=0.003555
Epoch 25/50 | Train Loss=0.000033 | Val Loss=0.003001
Epoch 26/50 | Train Loss=0.000031 | Val Loss=0.003101
Epoch 27/50 | Train Loss=0.000028 | Val Loss=0.003261
Epoch 28/50 | Train Loss=0.000026 | Val Loss=0.002928
Epoch 29/50 | Train Loss=0.000024 | Val Loss=0.002631
Epoch 30/50 | Train Loss=0.000023 | Val Loss=0.002781
Epoch 31/50 | Train Loss=0.000022 | Val Loss=0.002942
Epoch 32/50 | Train Loss=0.000021 | Val Loss=0.002444
Epoch 33/50 | Train Loss=0.000020 | Val Loss=0.002546
Epoch 34/50 | Train Loss=0.000019 | Val Loss=0.002405
Epoch 35/50 | Train Loss=0.000018 | Val Loss=0.002302
Epoch 36/50 | Train Loss=0.000017 | Val Loss=0.002465
Epoch 37/50 | Train Loss=0.000016 | Val Loss=0.002092
Epoch 38/50 | Train Loss=0.000016 | Val Loss=0.002211
Epoch 39/50 | Train Loss=0.000015 | Val Loss=0.002172
Epoch 40/50 | Train Loss=0.000015 | Val Loss=0.001917
Epoch 41/50 | Train Loss=0.000014 | Val Loss=0.001998
Epoch 42/50 | Train Loss=0.000014 | Val Loss=0.001924
Epoch 43/50 | Train Loss=0.000013 | Val Loss=0.001737
Epoch 44/50 | Train Loss=0.000013 | Val Loss=0.001852
Epoch 45/50 | Train Loss=0.000012 | Val Loss=0.001713
Epoch 46/50 | Train Loss=0.000012 | Val Loss=0.001683
Epoch 47/50 | Train Loss=0.000011 | Val Loss=0.001637
Epoch 48/50 | Train Loss=0.000011 | Val Loss=0.001521
Epoch 49/50 | Train Loss=0.000011 | Val Loss=0.001600
Epoch 50/50 | Train Loss=0.000011 | Val Loss=0.001470
[Tuning-Transformer] Threshold (p95)=0.000961
Epoch 1/50 | Train Loss=0.004573 | Val Loss=0.340810
Epoch 2/50 | Train Loss=0.003224 | Val Loss=0.049414
Epoch 3/50 | Train Loss=0.000792 | Val Loss=0.103555
Epoch 4/50 | Train Loss=0.001112 | Val Loss=0.090041
Epoch 5/50 | Train Loss=0.000820 | Val Loss=0.034367
Epoch 6/50 | Train Loss=0.000478 | Val Loss=0.012078
Epoch 7/50 | Train Loss=0.000458 | Val Loss=0.016087
Epoch 8/50 | Train Loss=0.000461 | Val Loss=0.016983
Epoch 9/50 | Train Loss=0.000386 | Val Loss=0.011724
Epoch 10/50 | Train Loss=0.000317 | Val Loss=0.012884
Epoch 11/50 | Train Loss=0.000292 | Val Loss=0.015596
Epoch 12/50 | Train Loss=0.000278 | Val Loss=0.012318
Epoch 13/50 | Train Loss=0.000230 | Val Loss=0.011153
Epoch 14/50 | Train Loss=0.000196 | Val Loss=0.009442
Epoch 15/50 | Train Loss=0.000166 | Val Loss=0.008746
Epoch 16/50 | Train Loss=0.000129 | Val Loss=0.006130
Epoch 17/50 | Train Loss=0.000188 | Val Loss=0.015763
Epoch 18/50 | Train Loss=0.000152 | Val Loss=0.014224
Epoch 19/50 | Train Loss=0.000133 | Val Loss=0.007478
Epoch 20/50 | Train Loss=0.000111 | Val Loss=0.007897
Epoch 21/50 | Train Loss=0.000094 | Val Loss=0.012062
‚èπ Early stopping at epoch 21
[Tuning-Transformer] Threshold (p95)=0.026312
Epoch 1/50 | Train Loss=0.004561 | Val Loss=0.035507
Epoch 2/50 | Train Loss=0.001170 | Val Loss=0.044244
Epoch 3/50 | Train Loss=0.000751 | Val Loss=0.016261
Epoch 4/50 | Train Loss=0.000663 | Val Loss=0.009280
Epoch 5/50 | Train Loss=0.000443 | Val Loss=0.009252
Epoch 6/50 | Train Loss=0.000468 | Val Loss=0.003988
Epoch 7/50 | Train Loss=0.000362 | Val Loss=0.008778
Epoch 8/50 | Train Loss=0.000363 | Val Loss=0.003808
Epoch 9/50 | Train Loss=0.000293 | Val Loss=0.003940
Epoch 10/50 | Train Loss=0.000292 | Val Loss=0.002710
Epoch 11/50 | Train Loss=0.000243 | Val Loss=0.003990
Epoch 12/50 | Train Loss=0.000231 | Val Loss=0.002055
Epoch 13/50 | Train Loss=0.000206 | Val Loss=0.002231
Epoch 14/50 | Train Loss=0.000189 | Val Loss=0.001932
[I 2025-09-16 23:40:51,203] Trial 7 finished with value: 0.0007384775090031326 and parameters: {'window_size': 90, 'batch_size': 64, 'lr': 0.00046738556236972887, 'd_model': 128, 'n_heads': 2, 'num_layers': 2, 'dropout': 0.27749316093512744}. Best is trial 3 with value: 0.0004774762492161244.
[I 2025-09-16 23:40:53,621] Trial 8 finished with value: 0.0006672729505226016 and parameters: {'window_size': 90, 'batch_size': 64, 'lr': 0.0006637079454413876, 'd_model': 128, 'n_heads': 2, 'num_layers': 3, 'dropout': 0.3557707585725487}. Best is trial 3 with value: 0.0004774762492161244.
