[I 2025-09-16 23:28:40,484] Trial 6 finished with value: 0.03407937288284302 and parameters: {'window_size': 60, 'batch_size': 32, 'lr': 0.0023060949456521615, 'hidden_size': 16, 'dropout': 0.29919162256722487}. Best is trial 1 with value: 0.029545536264777184.
Epoch 27/50 | Train Loss=0.000123 | Val Loss=0.030015
Epoch 28/50 | Train Loss=0.000122 | Val Loss=0.029841
Epoch 29/50 | Train Loss=0.000122 | Val Loss=0.029833
Epoch 30/50 | Train Loss=0.000120 | Val Loss=0.029820
Epoch 31/50 | Train Loss=0.000118 | Val Loss=0.029818
Epoch 32/50 | Train Loss=0.000117 | Val Loss=0.029733
Epoch 33/50 | Train Loss=0.000117 | Val Loss=0.029822
Epoch 34/50 | Train Loss=0.000115 | Val Loss=0.029600
Epoch 35/50 | Train Loss=0.000112 | Val Loss=0.029673
Epoch 36/50 | Train Loss=0.000111 | Val Loss=0.029638
Epoch 37/50 | Train Loss=0.000110 | Val Loss=0.029612
Epoch 38/50 | Train Loss=0.000109 | Val Loss=0.029681
Epoch 39/50 | Train Loss=0.000108 | Val Loss=0.029582
Epoch 40/50 | Train Loss=0.000106 | Val Loss=0.029586
Epoch 41/50 | Train Loss=0.000106 | Val Loss=0.029581
Epoch 42/50 | Train Loss=0.000106 | Val Loss=0.029546
Epoch 43/50 | Train Loss=0.000107 | Val Loss=0.029585
Epoch 44/50 | Train Loss=0.000104 | Val Loss=0.029559
Epoch 45/50 | Train Loss=0.000105 | Val Loss=0.029601
Epoch 46/50 | Train Loss=0.000105 | Val Loss=0.029597
Epoch 47/50 | Train Loss=0.000105 | Val Loss=0.029656
‚èπ Early stopping at epoch 47
[Tuning-LSTM_AE] Threshold (p95)=0.044152
Epoch 1/50 | Train Loss=0.000160 | Val Loss=0.055442
Epoch 2/50 | Train Loss=0.000110 | Val Loss=0.045863
Epoch 3/50 | Train Loss=0.000077 | Val Loss=0.038856
Epoch 4/50 | Train Loss=0.000060 | Val Loss=0.035523
Epoch 5/50 | Train Loss=0.000049 | Val Loss=0.034987
Epoch 6/50 | Train Loss=0.000044 | Val Loss=0.035050
Epoch 7/50 | Train Loss=0.000044 | Val Loss=0.034828
Epoch 8/50 | Train Loss=0.000043 | Val Loss=0.034628
Epoch 9/50 | Train Loss=0.000043 | Val Loss=0.034546
Epoch 10/50 | Train Loss=0.000043 | Val Loss=0.034198
Epoch 11/50 | Train Loss=0.000043 | Val Loss=0.034044
Epoch 12/50 | Train Loss=0.000043 | Val Loss=0.033741
Epoch 13/50 | Train Loss=0.000041 | Val Loss=0.033637
Epoch 14/50 | Train Loss=0.000041 | Val Loss=0.033407
Epoch 15/50 | Train Loss=0.000041 | Val Loss=0.033267
Epoch 16/50 | Train Loss=0.000040 | Val Loss=0.033102
Epoch 17/50 | Train Loss=0.000042 | Val Loss=0.033017
Epoch 18/50 | Train Loss=0.000041 | Val Loss=0.032829
Epoch 19/50 | Train Loss=0.000040 | Val Loss=0.032754
Epoch 20/50 | Train Loss=0.000041 | Val Loss=0.032596
Epoch 21/50 | Train Loss=0.000040 | Val Loss=0.032454
Epoch 22/50 | Train Loss=0.000041 | Val Loss=0.032450
Epoch 23/50 | Train Loss=0.000040 | Val Loss=0.032299
Epoch 24/50 | Train Loss=0.000039 | Val Loss=0.032300
Epoch 25/50 | Train Loss=0.000039 | Val Loss=0.032247
Epoch 26/50 | Train Loss=0.000040 | Val Loss=0.032275
Epoch 27/50 | Train Loss=0.000040 | Val Loss=0.031984
Epoch 28/50 | Train Loss=0.000039 | Val Loss=0.031947
Epoch 29/50 | Train Loss=0.000040 | Val Loss=0.031951
Epoch 30/50 | Train Loss=0.000039 | Val Loss=0.031895
Epoch 31/50 | Train Loss=0.000038 | Val Loss=0.031985
Epoch 32/50 | Train Loss=0.000038 | Val Loss=0.031791
Epoch 33/50 | Train Loss=0.000038 | Val Loss=0.031768
Epoch 34/50 | Train Loss=0.000038 | Val Loss=0.031804
Epoch 35/50 | Train Loss=0.000039 | Val Loss=0.031737
Epoch 36/50 | Train Loss=0.000040 | Val Loss=0.031716
Epoch 37/50 | Train Loss=0.000039 | Val Loss=0.031647
Epoch 38/50 | Train Loss=0.000038 | Val Loss=0.031680
Epoch 39/50 | Train Loss=0.000036 | Val Loss=0.031499
Epoch 40/50 | Train Loss=0.000038 | Val Loss=0.031482
Epoch 41/50 | Train Loss=0.000038 | Val Loss=0.031402
Epoch 42/50 | Train Loss=0.000038 | Val Loss=0.031398
Epoch 43/50 | Train Loss=0.000037 | Val Loss=0.031315
Epoch 44/50 | Train Loss=0.000035 | Val Loss=0.031298
Epoch 45/50 | Train Loss=0.000037 | Val Loss=0.031211
Epoch 46/50 | Train Loss=0.000036 | Val Loss=0.031179
Epoch 47/50 | Train Loss=0.000036 | Val Loss=0.031113
Epoch 48/50 | Train Loss=0.000035 | Val Loss=0.031000
Epoch 49/50 | Train Loss=0.000036 | Val Loss=0.030979
Epoch 50/50 | Train Loss=0.000034 | Val Loss=0.030907
[Tuning-LSTM_AE] Threshold (p95)=0.044460
Epoch 1/50 | Train Loss=0.000171 | Val Loss=0.038091
Epoch 2/50 | Train Loss=0.000083 | Val Loss=0.037706
Epoch 3/50 | Train Loss=0.000079 | Val Loss=0.038087
Epoch 4/50 | Train Loss=0.000078 | Val Loss=0.037425
Epoch 5/50 | Train Loss=0.000077 | Val Loss=0.037578
Epoch 6/50 | Train Loss=0.000077 | Val Loss=0.037400
Epoch 7/50 | Train Loss=0.000076 | Val Loss=0.037617
Epoch 8/50 | Train Loss=0.000076 | Val Loss=0.037504
Epoch 9/50 | Train Loss=0.000076 | Val Loss=0.037179
Epoch 10/50 | Train Loss=0.000075 | Val Loss=0.037164
Epoch 11/50 | Train Loss=0.000073 | Val Loss=0.036125
Epoch 12/50 | Train Loss=0.000069 | Val Loss=0.034980
Epoch 13/50 | Train Loss=0.000057 | Val Loss=0.032729
Epoch 14/50 | Train Loss=0.000052 | Val Loss=0.033109
Epoch 15/50 | Train Loss=0.000052 | Val Loss=0.032535
Epoch 16/50 | Train Loss=0.000052 | Val Loss=0.032604
Epoch 17/50 | Train Loss=0.000052 | Val Loss=0.032766
Epoch 18/50 | Train Loss=0.000052 | Val Loss=0.032497
Epoch 19/50 | Train Loss=0.000052 | Val Loss=0.032691
Epoch 20/50 | Train Loss=0.000051 | Val Loss=0.032782
Epoch 21/50 | Train Loss=0.000052 | Val Loss=0.032730
Epoch 22/50 | Train Loss=0.000051 | Val Loss=0.032699
Epoch 23/50 | Train Loss=0.000053 | Val Loss=0.032875
‚èπ Early stopping at epoch 23
[Tuning-LSTM_AE] Threshold (p95)=0.013070
Epoch 1/50 | Train Loss=0.000500 | Val Loss=0.044723
Epoch 2/50 | Train Loss=0.000178 | Val Loss=0.039444
Epoch 3/50 | Train Loss=0.000151 | Val Loss=0.038562
Epoch 4/50 | Train Loss=0.000140 | Val Loss=0.038127
Epoch 5/50 | Train Loss=0.000134 | Val Loss=0.036745
Epoch 6/50 | Train Loss=0.000123 | Val Loss=0.036123
Epoch 7/50 | Train Loss=0.000116 | Val Loss=0.035435
Epoch 8/50 | Train Loss=0.000109 | Val Loss=0.034846
Epoch 9/50 | Train Loss=0.000103 | Val Loss=0.034306
Epoch 10/50 | Train Loss=0.000099 | Val Loss=0.034265
Epoch 11/50 | Train Loss=0.000098 | Val Loss=0.034141
Epoch 12/50 | Train Loss=0.000096 | Val Loss=0.034109
Epoch 13/50 | Train Loss=0.000097 | Val Loss=0.033916
Epoch 14/50 | Train Loss=0.000096 | Val Loss=0.034345
Epoch 15/50 | Train Loss=0.000095 | Val Loss=0.034363
Epoch 16/50 | Train Loss=0.000096 | Val Loss=0.034090
Epoch 17/50 | Train Loss=0.000092 | Val Loss=0.034044
Epoch 18/50 | Train Loss=0.000094 | Val Loss=0.034224
‚èπ Early stopping at epoch 18
[Tuning-LSTM_AE] Threshold (p95)=0.008251
Epoch 1/50 | Train Loss=0.000046 | Val Loss=0.029554
Epoch 2/50 | Train Loss=0.000034 | Val Loss=0.031320
Epoch 3/50 | Train Loss=0.000036 | Val Loss=0.031965
Epoch 4/50 | Train Loss=0.000036 | Val Loss=0.031575
Epoch 5/50 | Train Loss=0.000036 | Val Loss=0.030481
Epoch 6/50 | Train Loss=0.000031 | Val Loss=0.030280
‚èπ Early stopping at epoch 6
[Tuning-LSTM_AE] Threshold (p95)=0.045487
Epoch 1/50 | Train Loss=0.000227 | Val Loss=0.037925
Epoch 2/50 | Train Loss=0.000129 | Val Loss=0.035308
Epoch 3/50 | Train Loss=0.000103 | Val Loss=0.034521
Epoch 4/50 | Train Loss=0.000095 | Val Loss=0.034079
Epoch 5/50 | Train Loss=0.000093 | Val Loss=0.034243
Epoch 6/50 | Train Loss=0.000093 | Val Loss=0.034544
Epoch 7/50 | Train Loss=0.000093 | Val Loss=0.034179
Epoch 8/50 | Train Loss=0.000094 | Val Loss=0.034114
Epoch 9/50 | Train Loss=0.000093 | Val Loss=0.034912
‚èπ Early stopping at epoch 9
[Tuning-LSTM_AE] Threshold (p95)=0.009342
Epoch 1/50 | Train Loss=0.000176 | Val Loss=0.058646
Epoch 2/50 | Train Loss=0.000127 | Val Loss=0.052194
Epoch 3/50 | Train Loss=0.000092 | Val Loss=0.047222
Epoch 4/50 | Train Loss=0.000070 | Val Loss=0.042999
Epoch 5/50 | Train Loss=0.000055 | Val Loss=0.040068
Epoch 6/50 | Train Loss=0.000047 | Val Loss=0.038588
Epoch 7/50 | Train Loss=0.000044 | Val Loss=0.038162
Epoch 8/50 | Train Loss=0.000042 | Val Loss=0.037906
Epoch 9/50 | Train Loss=0.000041 | Val Loss=0.037671
Epoch 10/50 | Train Loss=0.000040 | Val Loss=0.037601
Epoch 11/50 | Train Loss=0.000039 | Val Loss=0.037555
Epoch 12/50 | Train Loss=0.000039 | Val Loss=0.037263
Epoch 13/50 | Train Loss=0.000038 | Val Loss=0.037164
Epoch 14/50 | Train Loss=0.000038 | Val Loss=0.037004
Epoch 15/50 | Train Loss=0.000037 | Val Loss=0.036999
Epoch 16/50 | Train Loss=0.000037 | Val Loss=0.036859
Epoch 17/50 | Train Loss=0.000036 | Val Loss=0.036771
Epoch 18/50 | Train Loss=0.000036 | Val Loss=0.036755
[I 2025-09-16 23:28:44,677] Trial 7 finished with value: 0.0352642796933651 and parameters: {'window_size': 60, 'batch_size': 128, 'lr': 0.00020268613458763915, 'hidden_size': 64, 'dropout': 0.20285499663172366}. Best is trial 1 with value: 0.029545536264777184.
[I 2025-09-16 23:28:53,634] Trial 8 finished with value: 0.0323617048561573 and parameters: {'window_size': 90, 'batch_size': 32, 'lr': 0.0030232247424344045, 'hidden_size': 16, 'dropout': 0.3646969684004656}. Best is trial 1 with value: 0.029545536264777184.
[I 2025-09-16 23:28:55,172] Trial 9 finished with value: 0.039052002131938934 and parameters: {'window_size': 60, 'batch_size': 128, 'lr': 0.00010516462452921241, 'hidden_size': 16, 'dropout': 0.36982452476675687}. Best is trial 1 with value: 0.029545536264777184.
[I 2025-09-16 23:28:55,173] A new study created in memory with name: no-name-cd1cc9df-4d63-4471-91c7-66584606ebf5
[I 2025-09-16 23:29:01,195] Trial 0 finished with value: 0.00902706477791071 and parameters: {'window_size': 120, 'batch_size': 128, 'lr': 0.00014358473425597572, 'd_model': 64, 'n_heads': 4, 'num_layers': 2, 'dropout': 0.2711970887363543}. Best is trial 0 with value: 0.00902706477791071.
[I 2025-09-16 23:29:06,465] Trial 1 finished with value: 0.006566687021404505 and parameters: {'window_size': 120, 'batch_size': 64, 'lr': 0.004967139490981045, 'd_model': 128, 'n_heads': 2, 'num_layers': 3, 'dropout': 0.27637588340988434}. Best is trial 1 with value: 0.006566687021404505.
Epoch 19/50 | Train Loss=0.000035 | Val Loss=0.036605
Epoch 20/50 | Train Loss=0.000035 | Val Loss=0.036443
Epoch 21/50 | Train Loss=0.000035 | Val Loss=0.036391
Epoch 22/50 | Train Loss=0.000034 | Val Loss=0.036418
Epoch 23/50 | Train Loss=0.000034 | Val Loss=0.036277
Epoch 24/50 | Train Loss=0.000034 | Val Loss=0.036190
Epoch 25/50 | Train Loss=0.000034 | Val Loss=0.036265
Epoch 26/50 | Train Loss=0.000033 | Val Loss=0.036082
Epoch 27/50 | Train Loss=0.000033 | Val Loss=0.035953
Epoch 28/50 | Train Loss=0.000033 | Val Loss=0.035928
Epoch 29/50 | Train Loss=0.000032 | Val Loss=0.035945
Epoch 30/50 | Train Loss=0.000032 | Val Loss=0.035873
Epoch 31/50 | Train Loss=0.000032 | Val Loss=0.035859
Epoch 32/50 | Train Loss=0.000032 | Val Loss=0.035784
Epoch 33/50 | Train Loss=0.000032 | Val Loss=0.035810
Epoch 34/50 | Train Loss=0.000031 | Val Loss=0.035726
Epoch 35/50 | Train Loss=0.000031 | Val Loss=0.035675
Epoch 36/50 | Train Loss=0.000031 | Val Loss=0.035704
Epoch 37/50 | Train Loss=0.000031 | Val Loss=0.035632
Epoch 38/50 | Train Loss=0.000030 | Val Loss=0.035495
Epoch 39/50 | Train Loss=0.000030 | Val Loss=0.035605
Epoch 40/50 | Train Loss=0.000030 | Val Loss=0.035480
Epoch 41/50 | Train Loss=0.000030 | Val Loss=0.035503
Epoch 42/50 | Train Loss=0.000030 | Val Loss=0.035436
Epoch 43/50 | Train Loss=0.000030 | Val Loss=0.035473
Epoch 44/50 | Train Loss=0.000030 | Val Loss=0.035420
Epoch 45/50 | Train Loss=0.000030 | Val Loss=0.035370
Epoch 46/50 | Train Loss=0.000029 | Val Loss=0.035291
Epoch 47/50 | Train Loss=0.000029 | Val Loss=0.035368
Epoch 48/50 | Train Loss=0.000029 | Val Loss=0.035300
Epoch 49/50 | Train Loss=0.000029 | Val Loss=0.035311
Epoch 50/50 | Train Loss=0.000029 | Val Loss=0.035264
[Tuning-LSTM_AE] Threshold (p95)=0.011517
Epoch 1/50 | Train Loss=0.000275 | Val Loss=0.035995
Epoch 2/50 | Train Loss=0.000160 | Val Loss=0.036523
Epoch 3/50 | Train Loss=0.000150 | Val Loss=0.036275
Epoch 4/50 | Train Loss=0.000144 | Val Loss=0.035515
Epoch 5/50 | Train Loss=0.000126 | Val Loss=0.033236
Epoch 6/50 | Train Loss=0.000109 | Val Loss=0.032650
Epoch 7/50 | Train Loss=0.000104 | Val Loss=0.033085
Epoch 8/50 | Train Loss=0.000106 | Val Loss=0.033516
Epoch 9/50 | Train Loss=0.000104 | Val Loss=0.032679
Epoch 10/50 | Train Loss=0.000106 | Val Loss=0.032627
Epoch 11/50 | Train Loss=0.000103 | Val Loss=0.033422
Epoch 12/50 | Train Loss=0.000103 | Val Loss=0.032511
Epoch 13/50 | Train Loss=0.000104 | Val Loss=0.033124
Epoch 14/50 | Train Loss=0.000103 | Val Loss=0.033428
Epoch 15/50 | Train Loss=0.000104 | Val Loss=0.032874
Epoch 16/50 | Train Loss=0.000103 | Val Loss=0.033533
Epoch 17/50 | Train Loss=0.000105 | Val Loss=0.032505
Epoch 18/50 | Train Loss=0.000101 | Val Loss=0.032813
Epoch 19/50 | Train Loss=0.000103 | Val Loss=0.033226
Epoch 20/50 | Train Loss=0.000105 | Val Loss=0.032488
Epoch 21/50 | Train Loss=0.000103 | Val Loss=0.032850
Epoch 22/50 | Train Loss=0.000103 | Val Loss=0.033070
Epoch 23/50 | Train Loss=0.000105 | Val Loss=0.032830
Epoch 24/50 | Train Loss=0.000105 | Val Loss=0.032418
Epoch 25/50 | Train Loss=0.000105 | Val Loss=0.033215
Epoch 26/50 | Train Loss=0.000103 | Val Loss=0.033218
Epoch 27/50 | Train Loss=0.000106 | Val Loss=0.032362
Epoch 28/50 | Train Loss=0.000105 | Val Loss=0.032862
Epoch 29/50 | Train Loss=0.000105 | Val Loss=0.032643
Epoch 30/50 | Train Loss=0.000103 | Val Loss=0.033039
Epoch 31/50 | Train Loss=0.000105 | Val Loss=0.032536
Epoch 32/50 | Train Loss=0.000105 | Val Loss=0.032513
‚èπ Early stopping at epoch 32
[Tuning-LSTM_AE] Threshold (p95)=0.012703
Epoch 1/50 | Train Loss=0.000070 | Val Loss=0.042196
Epoch 2/50 | Train Loss=0.000068 | Val Loss=0.041897
Epoch 3/50 | Train Loss=0.000065 | Val Loss=0.041597
Epoch 4/50 | Train Loss=0.000063 | Val Loss=0.041340
Epoch 5/50 | Train Loss=0.000062 | Val Loss=0.041109
Epoch 6/50 | Train Loss=0.000060 | Val Loss=0.040896
Epoch 7/50 | Train Loss=0.000058 | Val Loss=0.040679
Epoch 8/50 | Train Loss=0.000056 | Val Loss=0.040483
Epoch 9/50 | Train Loss=0.000055 | Val Loss=0.040317
Epoch 10/50 | Train Loss=0.000055 | Val Loss=0.040171
Epoch 11/50 | Train Loss=0.000053 | Val Loss=0.040020
Epoch 12/50 | Train Loss=0.000052 | Val Loss=0.039898
Epoch 13/50 | Train Loss=0.000051 | Val Loss=0.039784
Epoch 14/50 | Train Loss=0.000050 | Val Loss=0.039683
Epoch 15/50 | Train Loss=0.000050 | Val Loss=0.039597
Epoch 16/50 | Train Loss=0.000048 | Val Loss=0.039509
Epoch 17/50 | Train Loss=0.000047 | Val Loss=0.039432
Epoch 18/50 | Train Loss=0.000047 | Val Loss=0.039367
Epoch 19/50 | Train Loss=0.000046 | Val Loss=0.039328
Epoch 20/50 | Train Loss=0.000045 | Val Loss=0.039274
Epoch 21/50 | Train Loss=0.000045 | Val Loss=0.039219
Epoch 22/50 | Train Loss=0.000045 | Val Loss=0.039174
Epoch 23/50 | Train Loss=0.000044 | Val Loss=0.039151
Epoch 24/50 | Train Loss=0.000044 | Val Loss=0.039147
Epoch 25/50 | Train Loss=0.000043 | Val Loss=0.039114
Epoch 26/50 | Train Loss=0.000043 | Val Loss=0.039108
Epoch 27/50 | Train Loss=0.000043 | Val Loss=0.039102
Epoch 28/50 | Train Loss=0.000042 | Val Loss=0.039086
Epoch 29/50 | Train Loss=0.000042 | Val Loss=0.039052
Epoch 30/50 | Train Loss=0.000042 | Val Loss=0.039053
Epoch 31/50 | Train Loss=0.000042 | Val Loss=0.039059
Epoch 32/50 | Train Loss=0.000042 | Val Loss=0.039054
Epoch 33/50 | Train Loss=0.000042 | Val Loss=0.039068
Epoch 34/50 | Train Loss=0.000041 | Val Loss=0.039057
‚èπ Early stopping at epoch 34
[Tuning-LSTM_AE] Threshold (p95)=0.018725
üîé Best hyperparameters for LSTM_AE: {'window_size': 120, 'batch_size': 32, 'lr': 0.00014939614645350478, 'hidden_size': 64, 'dropout': 0.14995289773155582}
Best validation loss: 0.029545536264777184

üîé Running hyperparameter search for Transformer on coin_coin_XRP...
Epoch 1/50 | Train Loss=0.000198 | Val Loss=0.026307
Epoch 2/50 | Train Loss=0.000097 | Val Loss=0.024591
Epoch 3/50 | Train Loss=0.000071 | Val Loss=0.019685
Epoch 4/50 | Train Loss=0.000054 | Val Loss=0.016170
Epoch 5/50 | Train Loss=0.000043 | Val Loss=0.013604
Epoch 6/50 | Train Loss=0.000036 | Val Loss=0.012252
Epoch 7/50 | Train Loss=0.000031 | Val Loss=0.011592
Epoch 8/50 | Train Loss=0.000027 | Val Loss=0.010706
Epoch 9/50 | Train Loss=0.000024 | Val Loss=0.010265
Epoch 10/50 | Train Loss=0.000021 | Val Loss=0.010108
Epoch 11/50 | Train Loss=0.000019 | Val Loss=0.009914
Epoch 12/50 | Train Loss=0.000017 | Val Loss=0.009523
Epoch 13/50 | Train Loss=0.000016 | Val Loss=0.009382
Epoch 14/50 | Train Loss=0.000014 | Val Loss=0.009328
Epoch 15/50 | Train Loss=0.000013 | Val Loss=0.009270
Epoch 16/50 | Train Loss=0.000012 | Val Loss=0.009146
Epoch 17/50 | Train Loss=0.000012 | Val Loss=0.009146
Epoch 18/50 | Train Loss=0.000011 | Val Loss=0.009167
Epoch 19/50 | Train Loss=0.000010 | Val Loss=0.009027
Epoch 20/50 | Train Loss=0.000009 | Val Loss=0.009123
Epoch 21/50 | Train Loss=0.000009 | Val Loss=0.009038
Epoch 22/50 | Train Loss=0.000008 | Val Loss=0.009166
Epoch 23/50 | Train Loss=0.000008 | Val Loss=0.009162
Epoch 24/50 | Train Loss=0.000007 | Val Loss=0.009305
‚èπ Early stopping at epoch 24
[Tuning-Transformer] Threshold (p95)=0.001858
Epoch 1/50 | Train Loss=0.001713 | Val Loss=0.033940
Epoch 2/50 | Train Loss=0.000144 | Val Loss=0.034441
Epoch 3/50 | Train Loss=0.000031 | Val Loss=0.010702
Epoch 4/50 | Train Loss=0.000007 | Val Loss=0.007047
Epoch 5/50 | Train Loss=0.000005 | Val Loss=0.006567
Epoch 6/50 | Train Loss=0.000005 | Val Loss=0.008122
Epoch 7/50 | Train Loss=0.000005 | Val Loss=0.010013
Epoch 8/50 | Train Loss=0.000005 | Val Loss=0.012104
Epoch 9/50 | Train Loss=0.000008 | Val Loss=0.013226
Epoch 10/50 | Train Loss=0.000004 | Val Loss=0.013585
‚èπ Early stopping at epoch 10
[Tuning-Transformer] Threshold (p95)=0.004052
Epoch 1/50 | Train Loss=0.001919 | Val Loss=0.035407
Epoch 2/50 | Train Loss=0.000148 | Val Loss=0.030024
Epoch 3/50 | Train Loss=0.000022 | Val Loss=0.008458
Epoch 4/50 | Train Loss=0.000005 | Val Loss=0.005181
Epoch 5/50 | Train Loss=0.000003 | Val Loss=0.004024
Epoch 6/50 | Train Loss=0.000003 | Val Loss=0.003992
Epoch 7/50 | Train Loss=0.000002 | Val Loss=0.004395
Epoch 8/50 | Train Loss=0.000001 | Val Loss=0.004970
Epoch 9/50 | Train Loss=0.000001 | Val Loss=0.005750
[I 2025-09-16 23:29:09,692] Trial 2 finished with value: 0.003992179408669472 and parameters: {'window_size': 90, 'batch_size': 64, 'lr': 0.003200075150431698, 'd_model': 128, 'n_heads': 2, 'num_layers': 2, 'dropout': 0.31435026713099834}. Best is trial 2 with value: 0.003992179408669472.
[I 2025-09-16 23:29:16,555] Trial 3 finished with value: 0.0023379153572022915 and parameters: {'window_size': 60, 'batch_size': 64, 'lr': 0.0010007057932872826, 'd_model': 128, 'n_heads': 8, 'num_layers': 3, 'dropout': 0.2186652804768789}. Best is trial 3 with value: 0.0023379153572022915.
[I 2025-09-16 23:29:20,381] Trial 4 finished with value: 0.00670196395367384 and parameters: {'window_size': 90, 'batch_size': 32, 'lr': 0.0012514944693237792, 'd_model': 32, 'n_heads': 2, 'num_layers': 2, 'dropout': 0.34068321613272257}. Best is trial 3 with value: 0.0023379153572022915.
[I 2025-09-16 23:29:24,299] Trial 5 finished with value: 0.007021952420473099 and parameters: {'window_size': 60, 'batch_size': 64, 'lr': 0.00041378169390850325, 'd_model': 32, 'n_heads': 2, 'num_layers': 1, 'dropout': 0.3102228322298146}. Best is trial 3 with value: 0.0023379153572022915.
[I 2025-09-16 23:29:29,953] Trial 6 finished with value: 0.0029833652079105377 and parameters: {'window_size': 60, 'batch_size': 64, 'lr': 0.0007721357560219079, 'd_model': 64, 'n_heads': 8, 'num_layers': 3, 'dropout': 0.20460633972007242}. Best is trial 3 with value: 0.0023379153572022915.
[I 2025-09-16 23:29:34,941] Trial 7 finished with value: 0.003981422167271376 and parameters: {'window_size': 90, 'batch_size': 128, 'lr': 0.0025211718213545968, 'd_model': 64, 'n_heads': 4, 'num_layers': 3, 'dropout': 0.20056259855107825}. Best is trial 3 with value: 0.0023379153572022915.
