[I 2025-09-16 23:31:19,525] Trial 4 finished with value: 0.2516673505306244 and parameters: {'window_size': 120, 'batch_size': 32, 'lr': 0.0003280904667292447, 'hidden_size': 32, 'dropout': 0.27712314007887917}. Best is trial 0 with value: 0.2267991006374359.
Epoch 23/50 | Train Loss=0.000106 | Val Loss=0.237412
Epoch 24/50 | Train Loss=0.000106 | Val Loss=0.226799
Epoch 25/50 | Train Loss=0.000104 | Val Loss=0.233888
Epoch 26/50 | Train Loss=0.000107 | Val Loss=0.235624
Epoch 27/50 | Train Loss=0.000101 | Val Loss=0.230167
Epoch 28/50 | Train Loss=0.000105 | Val Loss=0.229295
Epoch 29/50 | Train Loss=0.000102 | Val Loss=0.233599
‚èπ Early stopping at epoch 29
[Tuning-LSTM_AE] Threshold (p95)=0.008411
Epoch 1/50 | Train Loss=0.000370 | Val Loss=0.455065
Epoch 2/50 | Train Loss=0.000354 | Val Loss=0.450717
Epoch 3/50 | Train Loss=0.000340 | Val Loss=0.446439
Epoch 4/50 | Train Loss=0.000327 | Val Loss=0.442238
Epoch 5/50 | Train Loss=0.000314 | Val Loss=0.438037
Epoch 6/50 | Train Loss=0.000302 | Val Loss=0.433877
Epoch 7/50 | Train Loss=0.000288 | Val Loss=0.429689
Epoch 8/50 | Train Loss=0.000277 | Val Loss=0.425465
Epoch 9/50 | Train Loss=0.000264 | Val Loss=0.421131
Epoch 10/50 | Train Loss=0.000251 | Val Loss=0.416698
Epoch 11/50 | Train Loss=0.000240 | Val Loss=0.412194
Epoch 12/50 | Train Loss=0.000229 | Val Loss=0.407592
Epoch 13/50 | Train Loss=0.000215 | Val Loss=0.402813
Epoch 14/50 | Train Loss=0.000206 | Val Loss=0.397874
Epoch 15/50 | Train Loss=0.000197 | Val Loss=0.392819
Epoch 16/50 | Train Loss=0.000184 | Val Loss=0.387629
Epoch 17/50 | Train Loss=0.000174 | Val Loss=0.382300
Epoch 18/50 | Train Loss=0.000163 | Val Loss=0.376828
Epoch 19/50 | Train Loss=0.000153 | Val Loss=0.371185
Epoch 20/50 | Train Loss=0.000144 | Val Loss=0.365398
Epoch 21/50 | Train Loss=0.000136 | Val Loss=0.359552
Epoch 22/50 | Train Loss=0.000126 | Val Loss=0.353551
Epoch 23/50 | Train Loss=0.000116 | Val Loss=0.347466
Epoch 24/50 | Train Loss=0.000109 | Val Loss=0.341395
Epoch 25/50 | Train Loss=0.000101 | Val Loss=0.335312
Epoch 26/50 | Train Loss=0.000092 | Val Loss=0.329347
Epoch 27/50 | Train Loss=0.000086 | Val Loss=0.323382
Epoch 28/50 | Train Loss=0.000082 | Val Loss=0.317707
Epoch 29/50 | Train Loss=0.000076 | Val Loss=0.312147
Epoch 30/50 | Train Loss=0.000069 | Val Loss=0.306809
Epoch 31/50 | Train Loss=0.000066 | Val Loss=0.301981
Epoch 32/50 | Train Loss=0.000063 | Val Loss=0.297564
Epoch 33/50 | Train Loss=0.000059 | Val Loss=0.293570
Epoch 34/50 | Train Loss=0.000059 | Val Loss=0.290004
Epoch 35/50 | Train Loss=0.000056 | Val Loss=0.286785
Epoch 36/50 | Train Loss=0.000052 | Val Loss=0.283976
Epoch 37/50 | Train Loss=0.000052 | Val Loss=0.281669
Epoch 38/50 | Train Loss=0.000052 | Val Loss=0.279759
Epoch 39/50 | Train Loss=0.000050 | Val Loss=0.278022
Epoch 40/50 | Train Loss=0.000048 | Val Loss=0.276314
Epoch 41/50 | Train Loss=0.000049 | Val Loss=0.274787
Epoch 42/50 | Train Loss=0.000048 | Val Loss=0.273304
Epoch 43/50 | Train Loss=0.000046 | Val Loss=0.271991
Epoch 44/50 | Train Loss=0.000047 | Val Loss=0.270685
Epoch 45/50 | Train Loss=0.000045 | Val Loss=0.269396
Epoch 46/50 | Train Loss=0.000047 | Val Loss=0.267948
Epoch 47/50 | Train Loss=0.000044 | Val Loss=0.266704
Epoch 48/50 | Train Loss=0.000043 | Val Loss=0.265658
Epoch 49/50 | Train Loss=0.000044 | Val Loss=0.264848
Epoch 50/50 | Train Loss=0.000043 | Val Loss=0.264167
[Tuning-LSTM_AE] Threshold (p95)=0.015340
Epoch 1/50 | Train Loss=0.000984 | Val Loss=0.480769
Epoch 2/50 | Train Loss=0.000967 | Val Loss=0.473553
Epoch 3/50 | Train Loss=0.000908 | Val Loss=0.466517
Epoch 4/50 | Train Loss=0.000880 | Val Loss=0.459798
Epoch 5/50 | Train Loss=0.000858 | Val Loss=0.453284
Epoch 6/50 | Train Loss=0.000842 | Val Loss=0.446705
Epoch 7/50 | Train Loss=0.000789 | Val Loss=0.439992
Epoch 8/50 | Train Loss=0.000780 | Val Loss=0.433622
Epoch 9/50 | Train Loss=0.000750 | Val Loss=0.427130
Epoch 10/50 | Train Loss=0.000719 | Val Loss=0.420406
Epoch 11/50 | Train Loss=0.000690 | Val Loss=0.413726
Epoch 12/50 | Train Loss=0.000671 | Val Loss=0.407456
Epoch 13/50 | Train Loss=0.000635 | Val Loss=0.400776
Epoch 14/50 | Train Loss=0.000609 | Val Loss=0.394258
Epoch 15/50 | Train Loss=0.000576 | Val Loss=0.387349
Epoch 16/50 | Train Loss=0.000563 | Val Loss=0.380492
Epoch 17/50 | Train Loss=0.000531 | Val Loss=0.373269
Epoch 18/50 | Train Loss=0.000493 | Val Loss=0.366007
Epoch 19/50 | Train Loss=0.000476 | Val Loss=0.358949
Epoch 20/50 | Train Loss=0.000435 | Val Loss=0.351971
Epoch 21/50 | Train Loss=0.000408 | Val Loss=0.345007
Epoch 22/50 | Train Loss=0.000376 | Val Loss=0.338369
Epoch 23/50 | Train Loss=0.000345 | Val Loss=0.332048
Epoch 24/50 | Train Loss=0.000317 | Val Loss=0.326476
Epoch 25/50 | Train Loss=0.000289 | Val Loss=0.321786
Epoch 26/50 | Train Loss=0.000258 | Val Loss=0.318390
Epoch 27/50 | Train Loss=0.000233 | Val Loss=0.316062
Epoch 28/50 | Train Loss=0.000215 | Val Loss=0.314486
Epoch 29/50 | Train Loss=0.000190 | Val Loss=0.313875
Epoch 30/50 | Train Loss=0.000165 | Val Loss=0.314956
Epoch 31/50 | Train Loss=0.000150 | Val Loss=0.316763
Epoch 32/50 | Train Loss=0.000141 | Val Loss=0.318352
Epoch 33/50 | Train Loss=0.000135 | Val Loss=0.319902
Epoch 34/50 | Train Loss=0.000124 | Val Loss=0.321376
‚èπ Early stopping at epoch 34
[Tuning-LSTM_AE] Threshold (p95)=0.020644
Epoch 1/50 | Train Loss=0.000898 | Val Loss=0.362755
Epoch 2/50 | Train Loss=0.000752 | Val Loss=0.349124
Epoch 3/50 | Train Loss=0.000641 | Val Loss=0.336242
Epoch 4/50 | Train Loss=0.000542 | Val Loss=0.323905
Epoch 5/50 | Train Loss=0.000445 | Val Loss=0.311157
Epoch 6/50 | Train Loss=0.000378 | Val Loss=0.298722
Epoch 7/50 | Train Loss=0.000301 | Val Loss=0.284923
Epoch 8/50 | Train Loss=0.000251 | Val Loss=0.272944
Epoch 9/50 | Train Loss=0.000203 | Val Loss=0.262003
Epoch 10/50 | Train Loss=0.000173 | Val Loss=0.254910
Epoch 11/50 | Train Loss=0.000145 | Val Loss=0.251380
Epoch 12/50 | Train Loss=0.000137 | Val Loss=0.250351
Epoch 13/50 | Train Loss=0.000120 | Val Loss=0.250331
Epoch 14/50 | Train Loss=0.000109 | Val Loss=0.251677
Epoch 15/50 | Train Loss=0.000104 | Val Loss=0.253159
Epoch 16/50 | Train Loss=0.000103 | Val Loss=0.253388
Epoch 17/50 | Train Loss=0.000101 | Val Loss=0.253646
Epoch 18/50 | Train Loss=0.000099 | Val Loss=0.253536
‚èπ Early stopping at epoch 18
[Tuning-LSTM_AE] Threshold (p95)=0.011813
Epoch 1/50 | Train Loss=0.001091 | Val Loss=0.308888
Epoch 2/50 | Train Loss=0.000854 | Val Loss=0.293745
Epoch 3/50 | Train Loss=0.000659 | Val Loss=0.280148
Epoch 4/50 | Train Loss=0.000476 | Val Loss=0.269359
Epoch 5/50 | Train Loss=0.000350 | Val Loss=0.261525
Epoch 6/50 | Train Loss=0.000265 | Val Loss=0.255606
Epoch 7/50 | Train Loss=0.000219 | Val Loss=0.254429
Epoch 8/50 | Train Loss=0.000188 | Val Loss=0.253131
Epoch 9/50 | Train Loss=0.000169 | Val Loss=0.252542
Epoch 10/50 | Train Loss=0.000165 | Val Loss=0.251667
Epoch 11/50 | Train Loss=0.000154 | Val Loss=0.252058
Epoch 12/50 | Train Loss=0.000154 | Val Loss=0.253738
Epoch 13/50 | Train Loss=0.000153 | Val Loss=0.252603
Epoch 14/50 | Train Loss=0.000146 | Val Loss=0.252742
Epoch 15/50 | Train Loss=0.000146 | Val Loss=0.253094
‚èπ Early stopping at epoch 15
[Tuning-LSTM_AE] Threshold (p95)=0.012336
Epoch 1/50 | Train Loss=0.000499 | Val Loss=0.286317
Epoch 2/50 | Train Loss=0.000151 | Val Loss=0.275529
Epoch 3/50 | Train Loss=0.000138 | Val Loss=0.266572
Epoch 4/50 | Train Loss=0.000129 | Val Loss=0.253948
Epoch 5/50 | Train Loss=0.000126 | Val Loss=0.239822
Epoch 6/50 | Train Loss=0.000124 | Val Loss=0.237824
Epoch 7/50 | Train Loss=0.000118 | Val Loss=0.226413
Epoch 8/50 | Train Loss=0.000112 | Val Loss=0.224221
Epoch 9/50 | Train Loss=0.000112 | Val Loss=0.211577
Epoch 10/50 | Train Loss=0.000109 | Val Loss=0.211899
Epoch 11/50 | Train Loss=0.000108 | Val Loss=0.211857
Epoch 12/50 | Train Loss=0.000106 | Val Loss=0.204839
Epoch 13/50 | Train Loss=0.000105 | Val Loss=0.200910
Epoch 14/50 | Train Loss=0.000104 | Val Loss=0.201254
Epoch 15/50 | Train Loss=0.000103 | Val Loss=0.203108
Epoch 16/50 | Train Loss=0.000104 | Val Loss=0.191141
Epoch 17/50 | Train Loss=0.000101 | Val Loss=0.189463
Epoch 18/50 | Train Loss=0.000103 | Val Loss=0.187537
Epoch 19/50 | Train Loss=0.000100 | Val Loss=0.184216
Epoch 20/50 | Train Loss=0.000100 | Val Loss=0.188237
Epoch 21/50 | Train Loss=0.000101 | Val Loss=0.187862
Epoch 22/50 | Train Loss=0.000099 | Val Loss=0.187622
[I 2025-09-16 23:31:21,831] Trial 5 finished with value: 0.18421566486358643 and parameters: {'window_size': 60, 'batch_size': 32, 'lr': 0.00141218818232772, 'hidden_size': 64, 'dropout': 0.15004239934266558}. Best is trial 5 with value: 0.18421566486358643.
[I 2025-09-16 23:31:23,073] Trial 6 finished with value: 0.2982900142669678 and parameters: {'window_size': 90, 'batch_size': 128, 'lr': 0.00011147431431745532, 'hidden_size': 32, 'dropout': 0.47571146030750244}. Best is trial 5 with value: 0.18421566486358643.
[I 2025-09-16 23:31:23,535] Trial 7 finished with value: 0.2467833161354065 and parameters: {'window_size': 120, 'batch_size': 64, 'lr': 0.00329965552325425, 'hidden_size': 16, 'dropout': 0.1034770983520441}. Best is trial 5 with value: 0.18421566486358643.
[I 2025-09-16 23:31:24,816] Trial 8 finished with value: 0.25478580594062805 and parameters: {'window_size': 120, 'batch_size': 128, 'lr': 0.0016047529073746352, 'hidden_size': 16, 'dropout': 0.4001965418134019}. Best is trial 5 with value: 0.18421566486358643.
[I 2025-09-16 23:31:26,158] Trial 9 finished with value: 0.17826436460018158 and parameters: {'window_size': 60, 'batch_size': 64, 'lr': 0.003120813264284915, 'hidden_size': 128, 'dropout': 0.4755849191112427}. Best is trial 9 with value: 0.17826436460018158.
[I 2025-09-16 23:31:26,158] A new study created in memory with name: no-name-509a5bbf-6be1-4c1b-bbf0-79e96ea43cd4
Epoch 23/50 | Train Loss=0.000099 | Val Loss=0.191856
Epoch 24/50 | Train Loss=0.000101 | Val Loss=0.196763
‚èπ Early stopping at epoch 24
[Tuning-LSTM_AE] Threshold (p95)=0.008704
Epoch 1/50 | Train Loss=0.000301 | Val Loss=0.432095
Epoch 2/50 | Train Loss=0.000294 | Val Loss=0.428443
Epoch 3/50 | Train Loss=0.000288 | Val Loss=0.424746
Epoch 4/50 | Train Loss=0.000279 | Val Loss=0.421083
Epoch 5/50 | Train Loss=0.000275 | Val Loss=0.417445
Epoch 6/50 | Train Loss=0.000267 | Val Loss=0.413788
Epoch 7/50 | Train Loss=0.000260 | Val Loss=0.410154
Epoch 8/50 | Train Loss=0.000253 | Val Loss=0.406524
Epoch 9/50 | Train Loss=0.000249 | Val Loss=0.402941
Epoch 10/50 | Train Loss=0.000239 | Val Loss=0.399362
Epoch 11/50 | Train Loss=0.000235 | Val Loss=0.395814
Epoch 12/50 | Train Loss=0.000229 | Val Loss=0.392289
Epoch 13/50 | Train Loss=0.000222 | Val Loss=0.388828
Epoch 14/50 | Train Loss=0.000218 | Val Loss=0.385377
Epoch 15/50 | Train Loss=0.000211 | Val Loss=0.381934
Epoch 16/50 | Train Loss=0.000207 | Val Loss=0.378557
Epoch 17/50 | Train Loss=0.000200 | Val Loss=0.375212
Epoch 18/50 | Train Loss=0.000199 | Val Loss=0.371944
Epoch 19/50 | Train Loss=0.000190 | Val Loss=0.368627
Epoch 20/50 | Train Loss=0.000185 | Val Loss=0.365462
Epoch 21/50 | Train Loss=0.000181 | Val Loss=0.362374
Epoch 22/50 | Train Loss=0.000175 | Val Loss=0.359359
Epoch 23/50 | Train Loss=0.000172 | Val Loss=0.356413
Epoch 24/50 | Train Loss=0.000167 | Val Loss=0.353513
Epoch 25/50 | Train Loss=0.000163 | Val Loss=0.350700
Epoch 26/50 | Train Loss=0.000159 | Val Loss=0.347966
Epoch 27/50 | Train Loss=0.000156 | Val Loss=0.345300
Epoch 28/50 | Train Loss=0.000153 | Val Loss=0.342724
Epoch 29/50 | Train Loss=0.000147 | Val Loss=0.340254
Epoch 30/50 | Train Loss=0.000143 | Val Loss=0.337806
Epoch 31/50 | Train Loss=0.000139 | Val Loss=0.335405
Epoch 32/50 | Train Loss=0.000133 | Val Loss=0.333043
Epoch 33/50 | Train Loss=0.000133 | Val Loss=0.330751
Epoch 34/50 | Train Loss=0.000128 | Val Loss=0.328496
Epoch 35/50 | Train Loss=0.000126 | Val Loss=0.326301
Epoch 36/50 | Train Loss=0.000123 | Val Loss=0.324148
Epoch 37/50 | Train Loss=0.000117 | Val Loss=0.322035
Epoch 38/50 | Train Loss=0.000116 | Val Loss=0.319981
Epoch 39/50 | Train Loss=0.000113 | Val Loss=0.317967
Epoch 40/50 | Train Loss=0.000111 | Val Loss=0.316041
Epoch 41/50 | Train Loss=0.000105 | Val Loss=0.314106
Epoch 42/50 | Train Loss=0.000105 | Val Loss=0.312207
Epoch 43/50 | Train Loss=0.000103 | Val Loss=0.310310
Epoch 44/50 | Train Loss=0.000102 | Val Loss=0.308467
Epoch 45/50 | Train Loss=0.000098 | Val Loss=0.306617
Epoch 46/50 | Train Loss=0.000094 | Val Loss=0.304816
Epoch 47/50 | Train Loss=0.000091 | Val Loss=0.303132
Epoch 48/50 | Train Loss=0.000090 | Val Loss=0.301494
Epoch 49/50 | Train Loss=0.000087 | Val Loss=0.299893
Epoch 50/50 | Train Loss=0.000088 | Val Loss=0.298290
[Tuning-LSTM_AE] Threshold (p95)=0.027731
Epoch 1/50 | Train Loss=0.000469 | Val Loss=0.297088
Epoch 2/50 | Train Loss=0.000215 | Val Loss=0.271174
Epoch 3/50 | Train Loss=0.000100 | Val Loss=0.249826
Epoch 4/50 | Train Loss=0.000071 | Val Loss=0.246783
Epoch 5/50 | Train Loss=0.000066 | Val Loss=0.253356
Epoch 6/50 | Train Loss=0.000065 | Val Loss=0.251734
Epoch 7/50 | Train Loss=0.000066 | Val Loss=0.250689
Epoch 8/50 | Train Loss=0.000064 | Val Loss=0.251537
Epoch 9/50 | Train Loss=0.000065 | Val Loss=0.253344
‚èπ Early stopping at epoch 9
[Tuning-LSTM_AE] Threshold (p95)=0.012931
Epoch 1/50 | Train Loss=0.000494 | Val Loss=0.430719
Epoch 2/50 | Train Loss=0.000413 | Val Loss=0.398742
Epoch 3/50 | Train Loss=0.000350 | Val Loss=0.370456
Epoch 4/50 | Train Loss=0.000293 | Val Loss=0.345178
Epoch 5/50 | Train Loss=0.000237 | Val Loss=0.324379
Epoch 6/50 | Train Loss=0.000192 | Val Loss=0.307503
Epoch 7/50 | Train Loss=0.000157 | Val Loss=0.294477
Epoch 8/50 | Train Loss=0.000130 | Val Loss=0.285544
Epoch 9/50 | Train Loss=0.000103 | Val Loss=0.280577
Epoch 10/50 | Train Loss=0.000090 | Val Loss=0.278814
Epoch 11/50 | Train Loss=0.000079 | Val Loss=0.278533
Epoch 12/50 | Train Loss=0.000072 | Val Loss=0.277852
Epoch 13/50 | Train Loss=0.000067 | Val Loss=0.276944
Epoch 14/50 | Train Loss=0.000063 | Val Loss=0.275567
Epoch 15/50 | Train Loss=0.000063 | Val Loss=0.274133
Epoch 16/50 | Train Loss=0.000056 | Val Loss=0.272193
Epoch 17/50 | Train Loss=0.000054 | Val Loss=0.270620
Epoch 18/50 | Train Loss=0.000053 | Val Loss=0.269639
Epoch 19/50 | Train Loss=0.000051 | Val Loss=0.268600
Epoch 20/50 | Train Loss=0.000050 | Val Loss=0.267589
Epoch 21/50 | Train Loss=0.000047 | Val Loss=0.266186
Epoch 22/50 | Train Loss=0.000048 | Val Loss=0.264400
Epoch 23/50 | Train Loss=0.000047 | Val Loss=0.263183
Epoch 24/50 | Train Loss=0.000045 | Val Loss=0.262763
Epoch 25/50 | Train Loss=0.000044 | Val Loss=0.262368
Epoch 26/50 | Train Loss=0.000043 | Val Loss=0.261449
Epoch 27/50 | Train Loss=0.000042 | Val Loss=0.260315
Epoch 28/50 | Train Loss=0.000041 | Val Loss=0.259353
Epoch 29/50 | Train Loss=0.000041 | Val Loss=0.259007
Epoch 30/50 | Train Loss=0.000041 | Val Loss=0.259397
Epoch 31/50 | Train Loss=0.000040 | Val Loss=0.258803
Epoch 32/50 | Train Loss=0.000040 | Val Loss=0.258080
Epoch 33/50 | Train Loss=0.000039 | Val Loss=0.257164
Epoch 34/50 | Train Loss=0.000038 | Val Loss=0.256999
Epoch 35/50 | Train Loss=0.000039 | Val Loss=0.257121
Epoch 36/50 | Train Loss=0.000038 | Val Loss=0.257497
Epoch 37/50 | Train Loss=0.000037 | Val Loss=0.257629
Epoch 38/50 | Train Loss=0.000039 | Val Loss=0.257234
Epoch 39/50 | Train Loss=0.000037 | Val Loss=0.256228
Epoch 40/50 | Train Loss=0.000036 | Val Loss=0.256473
Epoch 41/50 | Train Loss=0.000037 | Val Loss=0.257149
Epoch 42/50 | Train Loss=0.000037 | Val Loss=0.256211
Epoch 43/50 | Train Loss=0.000037 | Val Loss=0.255292
Epoch 44/50 | Train Loss=0.000036 | Val Loss=0.254786
Epoch 45/50 | Train Loss=0.000036 | Val Loss=0.255312
Epoch 46/50 | Train Loss=0.000035 | Val Loss=0.255731
Epoch 47/50 | Train Loss=0.000036 | Val Loss=0.255808
Epoch 48/50 | Train Loss=0.000036 | Val Loss=0.255228
Epoch 49/50 | Train Loss=0.000036 | Val Loss=0.254897
‚èπ Early stopping at epoch 49
[Tuning-LSTM_AE] Threshold (p95)=0.012338
Epoch 1/50 | Train Loss=0.000443 | Val Loss=0.286215
Epoch 2/50 | Train Loss=0.000110 | Val Loss=0.288447
Epoch 3/50 | Train Loss=0.000088 | Val Loss=0.285301
Epoch 4/50 | Train Loss=0.000079 | Val Loss=0.262439
Epoch 5/50 | Train Loss=0.000079 | Val Loss=0.250527
Epoch 6/50 | Train Loss=0.000075 | Val Loss=0.244318
Epoch 7/50 | Train Loss=0.000072 | Val Loss=0.241115
Epoch 8/50 | Train Loss=0.000071 | Val Loss=0.238162
Epoch 9/50 | Train Loss=0.000069 | Val Loss=0.231389
Epoch 10/50 | Train Loss=0.000066 | Val Loss=0.235261
Epoch 11/50 | Train Loss=0.000069 | Val Loss=0.231645
Epoch 12/50 | Train Loss=0.000065 | Val Loss=0.226644
Epoch 13/50 | Train Loss=0.000065 | Val Loss=0.231303
Epoch 14/50 | Train Loss=0.000063 | Val Loss=0.226548
Epoch 15/50 | Train Loss=0.000065 | Val Loss=0.222919
Epoch 16/50 | Train Loss=0.000061 | Val Loss=0.210936
Epoch 17/50 | Train Loss=0.000059 | Val Loss=0.206842
Epoch 18/50 | Train Loss=0.000060 | Val Loss=0.206438
Epoch 19/50 | Train Loss=0.000059 | Val Loss=0.178264
Epoch 20/50 | Train Loss=0.000060 | Val Loss=0.210867
Epoch 21/50 | Train Loss=0.000059 | Val Loss=0.210497
Epoch 22/50 | Train Loss=0.000058 | Val Loss=0.223388
Epoch 23/50 | Train Loss=0.000062 | Val Loss=0.206961
Epoch 24/50 | Train Loss=0.000060 | Val Loss=0.182169
‚èπ Early stopping at epoch 24
[Tuning-LSTM_AE] Threshold (p95)=0.009223
üîé Best hyperparameters for LSTM_AE: {'window_size': 60, 'batch_size': 64, 'lr': 0.003120813264284915, 'hidden_size': 128, 'dropout': 0.4755849191112427}
Best validation loss: 0.17826436460018158

üîé Running hyperparameter search for Transformer on coin_coin_WrappedBitcoin...
Epoch 1/50 | Train Loss=0.001487 | Val Loss=0.414905
Epoch 2/50 | Train Loss=0.000442 | Val Loss=0.345204
Epoch 3/50 | Train Loss=0.000326 | Val Loss=0.309495
Epoch 4/50 | Train Loss=0.000278 | Val Loss=0.320790
Epoch 5/50 | Train Loss=0.000223 | Val Loss=0.338484
Epoch 6/50 | Train Loss=0.000173 | Val Loss=0.328261
Epoch 7/50 | Train Loss=0.000131 | Val Loss=0.323952
[I 2025-09-16 23:31:27,037] Trial 0 finished with value: 0.30949461460113525 and parameters: {'window_size': 60, 'batch_size': 128, 'lr': 0.0026782860566657396, 'd_model': 32, 'n_heads': 4, 'num_layers': 3, 'dropout': 0.3636584046313954}. Best is trial 0 with value: 0.30949461460113525.
[I 2025-09-16 23:31:30,101] Trial 1 finished with value: 0.033791013062000275 and parameters: {'window_size': 120, 'batch_size': 32, 'lr': 0.005145356880280763, 'd_model': 128, 'n_heads': 8, 'num_layers': 2, 'dropout': 0.36603071356656125}. Best is trial 1 with value: 0.033791013062000275.
[I 2025-09-16 23:31:30,853] Trial 2 finished with value: 0.07806305587291718 and parameters: {'window_size': 90, 'batch_size': 64, 'lr': 0.00047691762099703145, 'd_model': 32, 'n_heads': 8, 'num_layers': 1, 'dropout': 0.36290201479035766}. Best is trial 1 with value: 0.033791013062000275.
[I 2025-09-16 23:31:33,311] Trial 3 finished with value: 0.08785174041986465 and parameters: {'window_size': 120, 'batch_size': 64, 'lr': 0.009270962613750218, 'd_model': 64, 'n_heads': 8, 'num_layers': 2, 'dropout': 0.14617521462669525}. Best is trial 1 with value: 0.033791013062000275.
[I 2025-09-16 23:31:37,742] Trial 4 finished with value: 0.07286403328180313 and parameters: {'window_size': 60, 'batch_size': 32, 'lr': 0.00010035837708923056, 'd_model': 64, 'n_heads': 2, 'num_layers': 3, 'dropout': 0.2923780761793766}. Best is trial 1 with value: 0.033791013062000275.
[I 2025-09-16 23:31:39,121] Trial 5 finished with value: 0.08106127381324768 and parameters: {'window_size': 90, 'batch_size': 32, 'lr': 0.0001283371519797947, 'd_model': 32, 'n_heads': 2, 'num_layers': 1, 'dropout': 0.30076224674412433}. Best is trial 1 with value: 0.033791013062000275.
[I 2025-09-16 23:31:42,224] Trial 6 finished with value: 0.06536233425140381 and parameters: {'window_size': 120, 'batch_size': 32, 'lr': 0.000443091996254529, 'd_model': 64, 'n_heads': 2, 'num_layers': 3, 'dropout': 0.3752161087916521}. Best is trial 1 with value: 0.033791013062000275.
[I 2025-09-16 23:31:45,122] Trial 7 finished with value: 0.10949753224849701 and parameters: {'window_size': 90, 'batch_size': 32, 'lr': 0.00017646983461627427, 'd_model': 32, 'n_heads': 2, 'num_layers': 2, 'dropout': 0.2921578600365091}. Best is trial 1 with value: 0.033791013062000275.
