[I 2025-09-16 23:35:06,901] Trial 2 finished with value: 0.0019593634642660618 and parameters: {'window_size': 60, 'batch_size': 128, 'lr': 0.0002876182730967069, 'd_model': 128, 'n_heads': 2, 'num_layers': 2, 'dropout': 0.365513139280802}. Best is trial 1 with value: 0.0002962342987302691.
Epoch 14/50 | Train Loss=0.000071 | Val Loss=0.025996
Epoch 15/50 | Train Loss=0.000068 | Val Loss=0.025836
Epoch 16/50 | Train Loss=0.000067 | Val Loss=0.025782
Epoch 17/50 | Train Loss=0.000067 | Val Loss=0.025714
Epoch 18/50 | Train Loss=0.000065 | Val Loss=0.025726
Epoch 19/50 | Train Loss=0.000065 | Val Loss=0.025703
Epoch 20/50 | Train Loss=0.000065 | Val Loss=0.025648
Epoch 21/50 | Train Loss=0.000066 | Val Loss=0.025504
Epoch 22/50 | Train Loss=0.000063 | Val Loss=0.025527
Epoch 23/50 | Train Loss=0.000064 | Val Loss=0.025580
Epoch 24/50 | Train Loss=0.000063 | Val Loss=0.025648
Epoch 25/50 | Train Loss=0.000062 | Val Loss=0.025670
Epoch 26/50 | Train Loss=0.000063 | Val Loss=0.025652
‚èπ Early stopping at epoch 26
[Tuning-LSTM_AE] Threshold (p95)=0.026861
Epoch 1/50 | Train Loss=0.000586 | Val Loss=0.079970
Epoch 2/50 | Train Loss=0.000510 | Val Loss=0.072648
Epoch 3/50 | Train Loss=0.000447 | Val Loss=0.066570
Epoch 4/50 | Train Loss=0.000400 | Val Loss=0.061017
Epoch 5/50 | Train Loss=0.000352 | Val Loss=0.055695
Epoch 6/50 | Train Loss=0.000317 | Val Loss=0.050483
Epoch 7/50 | Train Loss=0.000275 | Val Loss=0.045339
Epoch 8/50 | Train Loss=0.000239 | Val Loss=0.040344
Epoch 9/50 | Train Loss=0.000201 | Val Loss=0.035518
Epoch 10/50 | Train Loss=0.000170 | Val Loss=0.030989
Epoch 11/50 | Train Loss=0.000142 | Val Loss=0.026925
Epoch 12/50 | Train Loss=0.000113 | Val Loss=0.023542
Epoch 13/50 | Train Loss=0.000099 | Val Loss=0.021072
Epoch 14/50 | Train Loss=0.000083 | Val Loss=0.019510
Epoch 15/50 | Train Loss=0.000073 | Val Loss=0.018752
Epoch 16/50 | Train Loss=0.000070 | Val Loss=0.018535
Epoch 17/50 | Train Loss=0.000070 | Val Loss=0.018509
Epoch 18/50 | Train Loss=0.000067 | Val Loss=0.018570
Epoch 19/50 | Train Loss=0.000066 | Val Loss=0.018604
Epoch 20/50 | Train Loss=0.000066 | Val Loss=0.018589
Epoch 21/50 | Train Loss=0.000066 | Val Loss=0.018512
Epoch 22/50 | Train Loss=0.000065 | Val Loss=0.018438
Epoch 23/50 | Train Loss=0.000065 | Val Loss=0.018343
Epoch 24/50 | Train Loss=0.000063 | Val Loss=0.018350
Epoch 25/50 | Train Loss=0.000063 | Val Loss=0.018365
Epoch 26/50 | Train Loss=0.000064 | Val Loss=0.018339
Epoch 27/50 | Train Loss=0.000062 | Val Loss=0.018338
Epoch 28/50 | Train Loss=0.000064 | Val Loss=0.018395
Epoch 29/50 | Train Loss=0.000061 | Val Loss=0.018430
Epoch 30/50 | Train Loss=0.000063 | Val Loss=0.018402
Epoch 31/50 | Train Loss=0.000064 | Val Loss=0.018291
Epoch 32/50 | Train Loss=0.000062 | Val Loss=0.018225
Epoch 33/50 | Train Loss=0.000062 | Val Loss=0.018229
Epoch 34/50 | Train Loss=0.000063 | Val Loss=0.018232
Epoch 35/50 | Train Loss=0.000061 | Val Loss=0.018223
Epoch 36/50 | Train Loss=0.000062 | Val Loss=0.018163
Epoch 37/50 | Train Loss=0.000061 | Val Loss=0.018118
Epoch 38/50 | Train Loss=0.000060 | Val Loss=0.018088
Epoch 39/50 | Train Loss=0.000061 | Val Loss=0.018165
Epoch 40/50 | Train Loss=0.000062 | Val Loss=0.018200
Epoch 41/50 | Train Loss=0.000061 | Val Loss=0.018174
Epoch 42/50 | Train Loss=0.000060 | Val Loss=0.018111
Epoch 43/50 | Train Loss=0.000060 | Val Loss=0.018034
Epoch 44/50 | Train Loss=0.000060 | Val Loss=0.017984
Epoch 45/50 | Train Loss=0.000060 | Val Loss=0.017933
Epoch 46/50 | Train Loss=0.000061 | Val Loss=0.017927
Epoch 47/50 | Train Loss=0.000061 | Val Loss=0.017986
Epoch 48/50 | Train Loss=0.000060 | Val Loss=0.018012
Epoch 49/50 | Train Loss=0.000060 | Val Loss=0.018027
Epoch 50/50 | Train Loss=0.000060 | Val Loss=0.018014
[Tuning-LSTM_AE] Threshold (p95)=0.021331
Epoch 1/50 | Train Loss=0.000672 | Val Loss=0.057235
Epoch 2/50 | Train Loss=0.000368 | Val Loss=0.024740
Epoch 3/50 | Train Loss=0.000200 | Val Loss=0.017400
Epoch 4/50 | Train Loss=0.000137 | Val Loss=0.017964
Epoch 5/50 | Train Loss=0.000103 | Val Loss=0.018513
Epoch 6/50 | Train Loss=0.000080 | Val Loss=0.018897
Epoch 7/50 | Train Loss=0.000074 | Val Loss=0.018859
Epoch 8/50 | Train Loss=0.000069 | Val Loss=0.018478
‚èπ Early stopping at epoch 8
[Tuning-LSTM_AE] Threshold (p95)=0.020933
üîé Best hyperparameters for LSTM_AE: {'window_size': 120, 'batch_size': 128, 'lr': 0.0032834678609517396, 'hidden_size': 16, 'dropout': 0.49014980164302047}
Best validation loss: 0.017399610951542854

üîé Running hyperparameter search for Transformer on coin_coin_USDCoin...
Epoch 1/50 | Train Loss=0.001950 | Val Loss=0.025864
Epoch 2/50 | Train Loss=0.000324 | Val Loss=0.021383
Epoch 3/50 | Train Loss=0.000175 | Val Loss=0.015850
Epoch 4/50 | Train Loss=0.000094 | Val Loss=0.005898
Epoch 5/50 | Train Loss=0.000043 | Val Loss=0.004051
Epoch 6/50 | Train Loss=0.000025 | Val Loss=0.003412
Epoch 7/50 | Train Loss=0.000020 | Val Loss=0.003412
Epoch 8/50 | Train Loss=0.000020 | Val Loss=0.004338
Epoch 9/50 | Train Loss=0.000012 | Val Loss=0.004046
Epoch 10/50 | Train Loss=0.000014 | Val Loss=0.003627
Epoch 11/50 | Train Loss=0.000008 | Val Loss=0.003991
‚èπ Early stopping at epoch 11
[Tuning-Transformer] Threshold (p95)=0.001364
Epoch 1/50 | Train Loss=0.003252 | Val Loss=0.016810
Epoch 2/50 | Train Loss=0.000268 | Val Loss=0.007952
Epoch 3/50 | Train Loss=0.000087 | Val Loss=0.003223
Epoch 4/50 | Train Loss=0.000031 | Val Loss=0.002199
Epoch 5/50 | Train Loss=0.000019 | Val Loss=0.001750
Epoch 6/50 | Train Loss=0.000016 | Val Loss=0.001855
Epoch 7/50 | Train Loss=0.000013 | Val Loss=0.001679
Epoch 8/50 | Train Loss=0.000012 | Val Loss=0.001240
Epoch 9/50 | Train Loss=0.000010 | Val Loss=0.001231
Epoch 10/50 | Train Loss=0.000009 | Val Loss=0.000927
Epoch 11/50 | Train Loss=0.000009 | Val Loss=0.000937
Epoch 12/50 | Train Loss=0.000008 | Val Loss=0.000743
Epoch 13/50 | Train Loss=0.000007 | Val Loss=0.000759
Epoch 14/50 | Train Loss=0.000007 | Val Loss=0.000685
Epoch 15/50 | Train Loss=0.000007 | Val Loss=0.000537
Epoch 16/50 | Train Loss=0.000006 | Val Loss=0.000477
Epoch 17/50 | Train Loss=0.000006 | Val Loss=0.000480
Epoch 18/50 | Train Loss=0.000005 | Val Loss=0.000412
Epoch 19/50 | Train Loss=0.000005 | Val Loss=0.000405
Epoch 20/50 | Train Loss=0.000004 | Val Loss=0.000408
Epoch 21/50 | Train Loss=0.000004 | Val Loss=0.000396
Epoch 22/50 | Train Loss=0.000004 | Val Loss=0.000372
Epoch 23/50 | Train Loss=0.000003 | Val Loss=0.000374
Epoch 24/50 | Train Loss=0.000003 | Val Loss=0.000296
Epoch 25/50 | Train Loss=0.000003 | Val Loss=0.000327
Epoch 26/50 | Train Loss=0.000003 | Val Loss=0.000306
Epoch 27/50 | Train Loss=0.000002 | Val Loss=0.000314
Epoch 28/50 | Train Loss=0.000002 | Val Loss=0.000312
Epoch 29/50 | Train Loss=0.000002 | Val Loss=0.000327
‚èπ Early stopping at epoch 29
[Tuning-Transformer] Threshold (p95)=0.000249
Epoch 1/50 | Train Loss=0.001264 | Val Loss=0.022317
Epoch 2/50 | Train Loss=0.000342 | Val Loss=0.021722
Epoch 3/50 | Train Loss=0.000255 | Val Loss=0.022943
Epoch 4/50 | Train Loss=0.000204 | Val Loss=0.018577
Epoch 5/50 | Train Loss=0.000173 | Val Loss=0.016777
Epoch 6/50 | Train Loss=0.000147 | Val Loss=0.013988
Epoch 7/50 | Train Loss=0.000125 | Val Loss=0.009436
Epoch 8/50 | Train Loss=0.000106 | Val Loss=0.009913
Epoch 9/50 | Train Loss=0.000089 | Val Loss=0.007066
Epoch 10/50 | Train Loss=0.000076 | Val Loss=0.006007
Epoch 11/50 | Train Loss=0.000065 | Val Loss=0.004401
Epoch 12/50 | Train Loss=0.000057 | Val Loss=0.003604
Epoch 13/50 | Train Loss=0.000050 | Val Loss=0.003035
Epoch 14/50 | Train Loss=0.000044 | Val Loss=0.002544
Epoch 15/50 | Train Loss=0.000040 | Val Loss=0.002228
Epoch 16/50 | Train Loss=0.000036 | Val Loss=0.002248
Epoch 17/50 | Train Loss=0.000032 | Val Loss=0.002250
Epoch 18/50 | Train Loss=0.000030 | Val Loss=0.002064
Epoch 19/50 | Train Loss=0.000027 | Val Loss=0.002062
Epoch 20/50 | Train Loss=0.000025 | Val Loss=0.002126
Epoch 21/50 | Train Loss=0.000023 | Val Loss=0.002070
Epoch 22/50 | Train Loss=0.000021 | Val Loss=0.001959
Epoch 23/50 | Train Loss=0.000020 | Val Loss=0.001980
Epoch 24/50 | Train Loss=0.000018 | Val Loss=0.002030
Epoch 25/50 | Train Loss=0.000017 | Val Loss=0.002008
Epoch 26/50 | Train Loss=0.000016 | Val Loss=0.002052
Epoch 27/50 | Train Loss=0.000015 | Val Loss=0.002068
‚èπ Early stopping at epoch 27
[Tuning-Transformer] Threshold (p95)=0.000802
Epoch 1/50 | Train Loss=0.001593 | Val Loss=0.020074
[I 2025-09-16 23:35:10,669] Trial 3 finished with value: 0.001282442593947053 and parameters: {'window_size': 60, 'batch_size': 32, 'lr': 0.00027642753549788355, 'd_model': 128, 'n_heads': 4, 'num_layers': 3, 'dropout': 0.23062775603444505}. Best is trial 1 with value: 0.0002962342987302691.
[I 2025-09-16 23:35:18,108] Trial 4 finished with value: 0.0003963567141909152 and parameters: {'window_size': 90, 'batch_size': 32, 'lr': 0.0020233643672364606, 'd_model': 128, 'n_heads': 8, 'num_layers': 3, 'dropout': 0.262288321790881}. Best is trial 1 with value: 0.0002962342987302691.
[I 2025-09-16 23:35:19,135] Trial 5 finished with value: 0.02199319563806057 and parameters: {'window_size': 60, 'batch_size': 128, 'lr': 0.00012421371958111266, 'd_model': 32, 'n_heads': 2, 'num_layers': 3, 'dropout': 0.2868035234696029}. Best is trial 1 with value: 0.0002962342987302691.
[I 2025-09-16 23:35:20,756] Trial 6 finished with value: 0.01745874248445034 and parameters: {'window_size': 90, 'batch_size': 64, 'lr': 0.001228020017749735, 'd_model': 64, 'n_heads': 4, 'num_layers': 3, 'dropout': 0.35099607510540165}. Best is trial 1 with value: 0.0002962342987302691.
[I 2025-09-16 23:35:23,821] Trial 7 finished with value: 0.004750777967274189 and parameters: {'window_size': 60, 'batch_size': 32, 'lr': 0.0005584827706069874, 'd_model': 32, 'n_heads': 8, 'num_layers': 2, 'dropout': 0.141621613429502}. Best is trial 1 with value: 0.0002962342987302691.
[I 2025-09-16 23:35:42,317] Trial 8 finished with value: 0.00015024743333924562 and parameters: {'window_size': 120, 'batch_size': 32, 'lr': 0.0004803598884123867, 'd_model': 128, 'n_heads': 2, 'num_layers': 3, 'dropout': 0.15831930131538557}. Best is trial 8 with value: 0.00015024743333924562.
