[I 2025-09-16 23:53:03,120] Trial 2 finished with value: 0.34199854731559753 and parameters: {'window_size': 90, 'batch_size': 128, 'lr': 0.00022614459899170965, 'hidden_size': 32, 'dropout': 0.1544850482731251}. Best is trial 1 with value: 0.25220417976379395.
Epoch 35/100 | Train Loss=0.000002 | Val Loss=0.000651
Epoch 36/100 | Train Loss=0.000002 | Val Loss=0.000537
Epoch 37/100 | Train Loss=0.000001 | Val Loss=0.000493
Epoch 38/100 | Train Loss=0.000001 | Val Loss=0.000481
Epoch 39/100 | Train Loss=0.000001 | Val Loss=0.000492
Epoch 40/100 | Train Loss=0.000001 | Val Loss=0.000474
Epoch 41/100 | Train Loss=0.000001 | Val Loss=0.000414
Epoch 42/100 | Train Loss=0.000001 | Val Loss=0.000405
Epoch 43/100 | Train Loss=0.000001 | Val Loss=0.000384
Epoch 44/100 | Train Loss=0.000001 | Val Loss=0.000396
Epoch 45/100 | Train Loss=0.000001 | Val Loss=0.000354
Epoch 46/100 | Train Loss=0.000001 | Val Loss=0.000321
Epoch 47/100 | Train Loss=0.000001 | Val Loss=0.000311
Epoch 48/100 | Train Loss=0.000001 | Val Loss=0.000293
Epoch 49/100 | Train Loss=0.000001 | Val Loss=0.000292
Epoch 50/100 | Train Loss=0.000001 | Val Loss=0.000271
Epoch 51/100 | Train Loss=0.000001 | Val Loss=0.000247
Epoch 52/100 | Train Loss=0.000001 | Val Loss=0.000234
Epoch 53/100 | Train Loss=0.000001 | Val Loss=0.000223
Epoch 54/100 | Train Loss=0.000001 | Val Loss=0.000201
Epoch 55/100 | Train Loss=0.000001 | Val Loss=0.000189
Epoch 56/100 | Train Loss=0.000001 | Val Loss=0.000181
Epoch 57/100 | Train Loss=0.000001 | Val Loss=0.000166
Epoch 58/100 | Train Loss=0.000001 | Val Loss=0.000173
Epoch 59/100 | Train Loss=0.000001 | Val Loss=0.000163
Epoch 60/100 | Train Loss=0.000001 | Val Loss=0.000185
Epoch 61/100 | Train Loss=0.000001 | Val Loss=0.000180
Epoch 62/100 | Train Loss=0.000001 | Val Loss=0.000160
Epoch 63/100 | Train Loss=0.000001 | Val Loss=0.000168
Epoch 64/100 | Train Loss=0.000001 | Val Loss=0.000175
Epoch 65/100 | Train Loss=0.000001 | Val Loss=0.000169
Epoch 66/100 | Train Loss=0.000001 | Val Loss=0.000174
Epoch 67/100 | Train Loss=0.000001 | Val Loss=0.000174
Epoch 68/100 | Train Loss=0.000001 | Val Loss=0.000179
Epoch 69/100 | Train Loss=0.000000 | Val Loss=0.000188
‚èπ Early stopping at epoch 69
[coin_coin_Tron (Transformer)] Threshold (p95)=0.000284
üìä Saved error distribution to /data/m24csa029/MTP/cyptocurrency/results/coin_coin_Tron_Transformer_anomalies_errors.png
coin_coin_Tron [Transformer]: 93 anomalies detected

üöÄ Processing coin_coin_Cardano...

üîé Running hyperparameter search for LSTM_AE on coin_coin_Cardano...
Epoch 1/50 | Train Loss=0.000146 | Val Loss=0.379671
Epoch 2/50 | Train Loss=0.000115 | Val Loss=0.358644
Epoch 3/50 | Train Loss=0.000101 | Val Loss=0.332203
Epoch 4/50 | Train Loss=0.000089 | Val Loss=0.325601
Epoch 5/50 | Train Loss=0.000088 | Val Loss=0.326157
Epoch 6/50 | Train Loss=0.000078 | Val Loss=0.333776
Epoch 7/50 | Train Loss=0.000080 | Val Loss=0.336398
Epoch 8/50 | Train Loss=0.000077 | Val Loss=0.333512
Epoch 9/50 | Train Loss=0.000080 | Val Loss=0.337829
‚èπ Early stopping at epoch 9
[Tuning-LSTM_AE] Threshold (p95)=0.061137
Epoch 1/50 | Train Loss=0.000314 | Val Loss=0.303969
Epoch 2/50 | Train Loss=0.000137 | Val Loss=0.297004
Epoch 3/50 | Train Loss=0.000128 | Val Loss=0.289080
Epoch 4/50 | Train Loss=0.000117 | Val Loss=0.283662
Epoch 5/50 | Train Loss=0.000112 | Val Loss=0.277695
Epoch 6/50 | Train Loss=0.000114 | Val Loss=0.275543
Epoch 7/50 | Train Loss=0.000114 | Val Loss=0.269766
Epoch 8/50 | Train Loss=0.000104 | Val Loss=0.267924
Epoch 9/50 | Train Loss=0.000107 | Val Loss=0.265022
Epoch 10/50 | Train Loss=0.000103 | Val Loss=0.262738
Epoch 11/50 | Train Loss=0.000100 | Val Loss=0.257872
Epoch 12/50 | Train Loss=0.000098 | Val Loss=0.256605
Epoch 13/50 | Train Loss=0.000092 | Val Loss=0.252864
Epoch 14/50 | Train Loss=0.000090 | Val Loss=0.253394
Epoch 15/50 | Train Loss=0.000090 | Val Loss=0.252204
Epoch 16/50 | Train Loss=0.000087 | Val Loss=0.256013
Epoch 17/50 | Train Loss=0.000082 | Val Loss=0.262847
Epoch 18/50 | Train Loss=0.000079 | Val Loss=0.265497
Epoch 19/50 | Train Loss=0.000077 | Val Loss=0.270463
Epoch 20/50 | Train Loss=0.000081 | Val Loss=0.264543
‚èπ Early stopping at epoch 20
[Tuning-LSTM_AE] Threshold (p95)=0.048433
Epoch 1/50 | Train Loss=0.000162 | Val Loss=0.420696
Epoch 2/50 | Train Loss=0.000153 | Val Loss=0.415225
Epoch 3/50 | Train Loss=0.000145 | Val Loss=0.410348
Epoch 4/50 | Train Loss=0.000137 | Val Loss=0.405865
Epoch 5/50 | Train Loss=0.000130 | Val Loss=0.401818
Epoch 6/50 | Train Loss=0.000124 | Val Loss=0.398026
Epoch 7/50 | Train Loss=0.000118 | Val Loss=0.394521
Epoch 8/50 | Train Loss=0.000112 | Val Loss=0.391119
Epoch 9/50 | Train Loss=0.000108 | Val Loss=0.387961
Epoch 10/50 | Train Loss=0.000103 | Val Loss=0.384941
Epoch 11/50 | Train Loss=0.000099 | Val Loss=0.381965
Epoch 12/50 | Train Loss=0.000094 | Val Loss=0.379033
Epoch 13/50 | Train Loss=0.000090 | Val Loss=0.376298
Epoch 14/50 | Train Loss=0.000086 | Val Loss=0.373503
Epoch 15/50 | Train Loss=0.000083 | Val Loss=0.370883
Epoch 16/50 | Train Loss=0.000079 | Val Loss=0.368381
Epoch 17/50 | Train Loss=0.000077 | Val Loss=0.365962
Epoch 18/50 | Train Loss=0.000074 | Val Loss=0.363702
Epoch 19/50 | Train Loss=0.000072 | Val Loss=0.361703
Epoch 20/50 | Train Loss=0.000070 | Val Loss=0.359760
Epoch 21/50 | Train Loss=0.000069 | Val Loss=0.358134
Epoch 22/50 | Train Loss=0.000068 | Val Loss=0.356706
Epoch 23/50 | Train Loss=0.000066 | Val Loss=0.355448
Epoch 24/50 | Train Loss=0.000066 | Val Loss=0.354426
Epoch 25/50 | Train Loss=0.000065 | Val Loss=0.353537
Epoch 26/50 | Train Loss=0.000065 | Val Loss=0.352810
Epoch 27/50 | Train Loss=0.000065 | Val Loss=0.352166
Epoch 28/50 | Train Loss=0.000064 | Val Loss=0.351551
Epoch 29/50 | Train Loss=0.000064 | Val Loss=0.350932
Epoch 30/50 | Train Loss=0.000064 | Val Loss=0.350488
Epoch 31/50 | Train Loss=0.000064 | Val Loss=0.349956
Epoch 32/50 | Train Loss=0.000064 | Val Loss=0.349654
Epoch 33/50 | Train Loss=0.000064 | Val Loss=0.349179
Epoch 34/50 | Train Loss=0.000064 | Val Loss=0.348702
Epoch 35/50 | Train Loss=0.000063 | Val Loss=0.348227
Epoch 36/50 | Train Loss=0.000063 | Val Loss=0.347784
Epoch 37/50 | Train Loss=0.000063 | Val Loss=0.347397
Epoch 38/50 | Train Loss=0.000063 | Val Loss=0.346956
Epoch 39/50 | Train Loss=0.000063 | Val Loss=0.346454
Epoch 40/50 | Train Loss=0.000063 | Val Loss=0.345940
Epoch 41/50 | Train Loss=0.000063 | Val Loss=0.345512
Epoch 42/50 | Train Loss=0.000063 | Val Loss=0.344954
Epoch 43/50 | Train Loss=0.000063 | Val Loss=0.344580
Epoch 44/50 | Train Loss=0.000062 | Val Loss=0.344245
Epoch 45/50 | Train Loss=0.000062 | Val Loss=0.343778
Epoch 46/50 | Train Loss=0.000062 | Val Loss=0.343446
Epoch 47/50 | Train Loss=0.000062 | Val Loss=0.343133
Epoch 48/50 | Train Loss=0.000062 | Val Loss=0.342770
Epoch 49/50 | Train Loss=0.000062 | Val Loss=0.342378
Epoch 50/50 | Train Loss=0.000062 | Val Loss=0.341999
[Tuning-LSTM_AE] Threshold (p95)=0.096889
Epoch 1/50 | Train Loss=0.000625 | Val Loss=0.374309
Epoch 2/50 | Train Loss=0.000236 | Val Loss=0.354804
Epoch 3/50 | Train Loss=0.000215 | Val Loss=0.341909
Epoch 4/50 | Train Loss=0.000207 | Val Loss=0.337116
Epoch 5/50 | Train Loss=0.000199 | Val Loss=0.333616
Epoch 6/50 | Train Loss=0.000187 | Val Loss=0.329867
Epoch 7/50 | Train Loss=0.000189 | Val Loss=0.331383
Epoch 8/50 | Train Loss=0.000182 | Val Loss=0.328295
Epoch 9/50 | Train Loss=0.000182 | Val Loss=0.327460
Epoch 10/50 | Train Loss=0.000174 | Val Loss=0.325958
Epoch 11/50 | Train Loss=0.000170 | Val Loss=0.324631
Epoch 12/50 | Train Loss=0.000168 | Val Loss=0.321983
Epoch 13/50 | Train Loss=0.000164 | Val Loss=0.324629
Epoch 14/50 | Train Loss=0.000159 | Val Loss=0.324200
Epoch 15/50 | Train Loss=0.000158 | Val Loss=0.319377
Epoch 16/50 | Train Loss=0.000156 | Val Loss=0.320052
Epoch 17/50 | Train Loss=0.000147 | Val Loss=0.321695
Epoch 18/50 | Train Loss=0.000148 | Val Loss=0.316689
Epoch 19/50 | Train Loss=0.000145 | Val Loss=0.313408
Epoch 20/50 | Train Loss=0.000140 | Val Loss=0.314764
Epoch 21/50 | Train Loss=0.000140 | Val Loss=0.307182
Epoch 22/50 | Train Loss=0.000142 | Val Loss=0.309032
Epoch 23/50 | Train Loss=0.000140 | Val Loss=0.309858
Epoch 24/50 | Train Loss=0.000134 | Val Loss=0.309594
Epoch 25/50 | Train Loss=0.000139 | Val Loss=0.305889
Epoch 26/50 | Train Loss=0.000133 | Val Loss=0.305385
Epoch 27/50 | Train Loss=0.000137 | Val Loss=0.309556
[I 2025-09-16 23:53:09,127] Trial 3 finished with value: 0.2977641224861145 and parameters: {'window_size': 60, 'batch_size': 32, 'lr': 0.0007222091610880738, 'hidden_size': 128, 'dropout': 0.3001921605474863}. Best is trial 1 with value: 0.25220417976379395.
[I 2025-09-16 23:53:09,986] Trial 4 finished with value: 0.3156317472457886 and parameters: {'window_size': 60, 'batch_size': 128, 'lr': 0.002191112823184233, 'hidden_size': 128, 'dropout': 0.4413781375039203}. Best is trial 1 with value: 0.25220417976379395.
[I 2025-09-16 23:53:11,112] Trial 5 finished with value: 0.28278854489326477 and parameters: {'window_size': 90, 'batch_size': 32, 'lr': 0.0037519407231647686, 'hidden_size': 128, 'dropout': 0.2165568079750229}. Best is trial 1 with value: 0.25220417976379395.
[I 2025-09-16 23:53:14,058] Trial 6 finished with value: 0.3154633343219757 and parameters: {'window_size': 60, 'batch_size': 32, 'lr': 0.004450243390678945, 'hidden_size': 16, 'dropout': 0.38778815085249363}. Best is trial 1 with value: 0.25220417976379395.
[I 2025-09-16 23:53:15,740] Trial 7 finished with value: 0.29666998982429504 and parameters: {'window_size': 90, 'batch_size': 64, 'lr': 0.00047346060892881046, 'hidden_size': 128, 'dropout': 0.14273720297148565}. Best is trial 1 with value: 0.25220417976379395.
[I 2025-09-16 23:53:18,025] Trial 8 finished with value: 0.33830875158309937 and parameters: {'window_size': 60, 'batch_size': 64, 'lr': 0.0007301899670730822, 'hidden_size': 16, 'dropout': 0.21852776099791504}. Best is trial 1 with value: 0.25220417976379395.
Epoch 28/50 | Train Loss=0.000139 | Val Loss=0.306919
Epoch 29/50 | Train Loss=0.000136 | Val Loss=0.306346
Epoch 30/50 | Train Loss=0.000133 | Val Loss=0.307249
Epoch 31/50 | Train Loss=0.000132 | Val Loss=0.304161
Epoch 32/50 | Train Loss=0.000135 | Val Loss=0.302904
Epoch 33/50 | Train Loss=0.000136 | Val Loss=0.307184
Epoch 34/50 | Train Loss=0.000161 | Val Loss=0.297764
Epoch 35/50 | Train Loss=0.000144 | Val Loss=0.309686
Epoch 36/50 | Train Loss=0.000136 | Val Loss=0.309331
Epoch 37/50 | Train Loss=0.000138 | Val Loss=0.310183
Epoch 38/50 | Train Loss=0.000134 | Val Loss=0.307040
Epoch 39/50 | Train Loss=0.000131 | Val Loss=0.307594
‚èπ Early stopping at epoch 39
[Tuning-LSTM_AE] Threshold (p95)=0.040294
Epoch 1/50 | Train Loss=0.000102 | Val Loss=0.379833
Epoch 2/50 | Train Loss=0.000068 | Val Loss=0.366307
Epoch 3/50 | Train Loss=0.000067 | Val Loss=0.349871
Epoch 4/50 | Train Loss=0.000057 | Val Loss=0.336122
Epoch 5/50 | Train Loss=0.000055 | Val Loss=0.325011
Epoch 6/50 | Train Loss=0.000058 | Val Loss=0.321490
Epoch 7/50 | Train Loss=0.000052 | Val Loss=0.321620
Epoch 8/50 | Train Loss=0.000056 | Val Loss=0.318065
Epoch 9/50 | Train Loss=0.000048 | Val Loss=0.319496
Epoch 10/50 | Train Loss=0.000049 | Val Loss=0.320771
Epoch 11/50 | Train Loss=0.000047 | Val Loss=0.320626
Epoch 12/50 | Train Loss=0.000050 | Val Loss=0.320897
Epoch 13/50 | Train Loss=0.000045 | Val Loss=0.315632
Epoch 14/50 | Train Loss=0.000042 | Val Loss=0.320353
Epoch 15/50 | Train Loss=0.000045 | Val Loss=0.316928
Epoch 16/50 | Train Loss=0.000042 | Val Loss=0.320707
Epoch 17/50 | Train Loss=0.000039 | Val Loss=0.320240
Epoch 18/50 | Train Loss=0.000041 | Val Loss=0.322762
‚èπ Early stopping at epoch 18
[Tuning-LSTM_AE] Threshold (p95)=0.054714
Epoch 1/50 | Train Loss=0.000248 | Val Loss=0.285135
Epoch 2/50 | Train Loss=0.000206 | Val Loss=0.282789
Epoch 3/50 | Train Loss=0.000209 | Val Loss=0.292999
Epoch 4/50 | Train Loss=0.000209 | Val Loss=0.286820
Epoch 5/50 | Train Loss=0.000210 | Val Loss=0.292149
Epoch 6/50 | Train Loss=0.000201 | Val Loss=0.288028
Epoch 7/50 | Train Loss=0.000194 | Val Loss=0.298892
‚èπ Early stopping at epoch 7
[Tuning-LSTM_AE] Threshold (p95)=0.064327
Epoch 1/50 | Train Loss=0.000427 | Val Loss=0.376263
Epoch 2/50 | Train Loss=0.000238 | Val Loss=0.357185
Epoch 3/50 | Train Loss=0.000202 | Val Loss=0.332541
Epoch 4/50 | Train Loss=0.000175 | Val Loss=0.343099
Epoch 5/50 | Train Loss=0.000170 | Val Loss=0.333301
Epoch 6/50 | Train Loss=0.000160 | Val Loss=0.332143
Epoch 7/50 | Train Loss=0.000153 | Val Loss=0.331300
Epoch 8/50 | Train Loss=0.000156 | Val Loss=0.321684
Epoch 9/50 | Train Loss=0.000152 | Val Loss=0.327176
Epoch 10/50 | Train Loss=0.000147 | Val Loss=0.323193
Epoch 11/50 | Train Loss=0.000149 | Val Loss=0.329889
Epoch 12/50 | Train Loss=0.000146 | Val Loss=0.324085
Epoch 13/50 | Train Loss=0.000146 | Val Loss=0.317091
Epoch 14/50 | Train Loss=0.000149 | Val Loss=0.315463
Epoch 15/50 | Train Loss=0.000142 | Val Loss=0.332108
Epoch 16/50 | Train Loss=0.000156 | Val Loss=0.334177
Epoch 17/50 | Train Loss=0.000147 | Val Loss=0.335014
Epoch 18/50 | Train Loss=0.000143 | Val Loss=0.322303
Epoch 19/50 | Train Loss=0.000153 | Val Loss=0.332043
‚èπ Early stopping at epoch 19
[Tuning-LSTM_AE] Threshold (p95)=0.058102
Epoch 1/50 | Train Loss=0.000264 | Val Loss=0.357695
Epoch 2/50 | Train Loss=0.000138 | Val Loss=0.330468
Epoch 3/50 | Train Loss=0.000120 | Val Loss=0.325425
Epoch 4/50 | Train Loss=0.000116 | Val Loss=0.320181
Epoch 5/50 | Train Loss=0.000114 | Val Loss=0.314224
Epoch 6/50 | Train Loss=0.000111 | Val Loss=0.309850
Epoch 7/50 | Train Loss=0.000109 | Val Loss=0.306924
Epoch 8/50 | Train Loss=0.000108 | Val Loss=0.304318
Epoch 9/50 | Train Loss=0.000106 | Val Loss=0.302436
Epoch 10/50 | Train Loss=0.000105 | Val Loss=0.301146
Epoch 11/50 | Train Loss=0.000104 | Val Loss=0.299415
Epoch 12/50 | Train Loss=0.000104 | Val Loss=0.299253
Epoch 13/50 | Train Loss=0.000102 | Val Loss=0.298428
Epoch 14/50 | Train Loss=0.000102 | Val Loss=0.296987
Epoch 15/50 | Train Loss=0.000101 | Val Loss=0.296750
Epoch 16/50 | Train Loss=0.000100 | Val Loss=0.296670
Epoch 17/50 | Train Loss=0.000100 | Val Loss=0.297300
Epoch 18/50 | Train Loss=0.000099 | Val Loss=0.297203
Epoch 19/50 | Train Loss=0.000099 | Val Loss=0.296878
Epoch 20/50 | Train Loss=0.000099 | Val Loss=0.297592
Epoch 21/50 | Train Loss=0.000098 | Val Loss=0.296923
‚èπ Early stopping at epoch 21
[Tuning-LSTM_AE] Threshold (p95)=0.067410
Epoch 1/50 | Train Loss=0.000238 | Val Loss=0.424224
Epoch 2/50 | Train Loss=0.000192 | Val Loss=0.413544
Epoch 3/50 | Train Loss=0.000158 | Val Loss=0.407281
Epoch 4/50 | Train Loss=0.000141 | Val Loss=0.403891
Epoch 5/50 | Train Loss=0.000135 | Val Loss=0.400072
Epoch 6/50 | Train Loss=0.000132 | Val Loss=0.395239
Epoch 7/50 | Train Loss=0.000124 | Val Loss=0.391295
Epoch 8/50 | Train Loss=0.000124 | Val Loss=0.388783
Epoch 9/50 | Train Loss=0.000121 | Val Loss=0.385701
Epoch 10/50 | Train Loss=0.000120 | Val Loss=0.383103
Epoch 11/50 | Train Loss=0.000117 | Val Loss=0.380039
Epoch 12/50 | Train Loss=0.000116 | Val Loss=0.376372
Epoch 13/50 | Train Loss=0.000117 | Val Loss=0.372867
Epoch 14/50 | Train Loss=0.000115 | Val Loss=0.368432
Epoch 15/50 | Train Loss=0.000113 | Val Loss=0.362934
Epoch 16/50 | Train Loss=0.000110 | Val Loss=0.357930
Epoch 17/50 | Train Loss=0.000103 | Val Loss=0.352209
Epoch 18/50 | Train Loss=0.000098 | Val Loss=0.347216
Epoch 19/50 | Train Loss=0.000095 | Val Loss=0.344031
Epoch 20/50 | Train Loss=0.000095 | Val Loss=0.340589
Epoch 21/50 | Train Loss=0.000087 | Val Loss=0.339118
Epoch 22/50 | Train Loss=0.000089 | Val Loss=0.338669
Epoch 23/50 | Train Loss=0.000087 | Val Loss=0.339824
Epoch 24/50 | Train Loss=0.000088 | Val Loss=0.338496
Epoch 25/50 | Train Loss=0.000088 | Val Loss=0.338309
Epoch 26/50 | Train Loss=0.000083 | Val Loss=0.339541
Epoch 27/50 | Train Loss=0.000083 | Val Loss=0.339989
Epoch 28/50 | Train Loss=0.000083 | Val Loss=0.339865
Epoch 29/50 | Train Loss=0.000081 | Val Loss=0.340601
Epoch 30/50 | Train Loss=0.000084 | Val Loss=0.340504
‚èπ Early stopping at epoch 30
[Tuning-LSTM_AE] Threshold (p95)=0.061002
Epoch 1/50 | Train Loss=0.000476 | Val Loss=0.371250
Epoch 2/50 | Train Loss=0.000448 | Val Loss=0.368190
Epoch 3/50 | Train Loss=0.000423 | Val Loss=0.365365
Epoch 4/50 | Train Loss=0.000405 | Val Loss=0.362749
Epoch 5/50 | Train Loss=0.000383 | Val Loss=0.360256
Epoch 6/50 | Train Loss=0.000367 | Val Loss=0.357952
Epoch 7/50 | Train Loss=0.000357 | Val Loss=0.355670
Epoch 8/50 | Train Loss=0.000346 | Val Loss=0.353424
Epoch 9/50 | Train Loss=0.000331 | Val Loss=0.351275
Epoch 10/50 | Train Loss=0.000318 | Val Loss=0.349230
Epoch 11/50 | Train Loss=0.000305 | Val Loss=0.347235
Epoch 12/50 | Train Loss=0.000301 | Val Loss=0.345348
Epoch 13/50 | Train Loss=0.000291 | Val Loss=0.343485
Epoch 14/50 | Train Loss=0.000280 | Val Loss=0.341637
Epoch 15/50 | Train Loss=0.000268 | Val Loss=0.339776
Epoch 16/50 | Train Loss=0.000265 | Val Loss=0.338016
Epoch 17/50 | Train Loss=0.000260 | Val Loss=0.336316
Epoch 18/50 | Train Loss=0.000254 | Val Loss=0.334669
Epoch 19/50 | Train Loss=0.000245 | Val Loss=0.333109
Epoch 20/50 | Train Loss=0.000238 | Val Loss=0.331502
Epoch 21/50 | Train Loss=0.000233 | Val Loss=0.329983
Epoch 22/50 | Train Loss=0.000228 | Val Loss=0.328543
Epoch 23/50 | Train Loss=0.000227 | Val Loss=0.327156
Epoch 24/50 | Train Loss=0.000221 | Val Loss=0.325653
Epoch 25/50 | Train Loss=0.000216 | Val Loss=0.324116
Epoch 26/50 | Train Loss=0.000212 | Val Loss=0.322738
Epoch 27/50 | Train Loss=0.000206 | Val Loss=0.321471
Epoch 28/50 | Train Loss=0.000205 | Val Loss=0.320155
Epoch 29/50 | Train Loss=0.000198 | Val Loss=0.318861
Epoch 30/50 | Train Loss=0.000200 | Val Loss=0.317714
Epoch 31/50 | Train Loss=0.000191 | Val Loss=0.316370
Epoch 32/50 | Train Loss=0.000188 | Val Loss=0.315143
Epoch 33/50 | Train Loss=0.000182 | Val Loss=0.314010
Epoch 34/50 | Train Loss=0.000182 | Val Loss=0.313013
Epoch 35/50 | Train Loss=0.000178 | Val Loss=0.312064
Epoch 36/50 | Train Loss=0.000176 | Val Loss=0.311061
Epoch 37/50 | Train Loss=0.000174 | Val Loss=0.310034
[I 2025-09-16 23:53:21,720] Trial 9 finished with value: 0.29979944229125977 and parameters: {'window_size': 120, 'batch_size': 64, 'lr': 0.00012514747160705694, 'hidden_size': 16, 'dropout': 0.42245813639546426}. Best is trial 1 with value: 0.25220417976379395.
[I 2025-09-16 23:53:21,720] A new study created in memory with name: no-name-11f657d9-5ac0-4f21-8280-a84082537673
[I 2025-09-16 23:53:23,776] Trial 0 finished with value: 0.12094362825155258 and parameters: {'window_size': 90, 'batch_size': 32, 'lr': 0.003322962730934776, 'd_model': 64, 'n_heads': 2, 'num_layers': 1, 'dropout': 0.19486632262303583}. Best is trial 0 with value: 0.12094362825155258.
[I 2025-09-16 23:53:25,839] Trial 1 finished with value: 0.24839118123054504 and parameters: {'window_size': 60, 'batch_size': 128, 'lr': 0.009503979934428652, 'd_model': 32, 'n_heads': 2, 'num_layers': 3, 'dropout': 0.24016525909982392}. Best is trial 0 with value: 0.12094362825155258.
[I 2025-09-16 23:53:30,666] Trial 2 finished with value: 0.1654590219259262 and parameters: {'window_size': 120, 'batch_size': 64, 'lr': 0.00045352412947641377, 'd_model': 32, 'n_heads': 4, 'num_layers': 3, 'dropout': 0.23716322581932178}. Best is trial 0 with value: 0.12094362825155258.
[I 2025-09-16 23:53:32,617] Trial 3 finished with value: 0.1438882201910019 and parameters: {'window_size': 120, 'batch_size': 128, 'lr': 0.00026311015910433934, 'd_model': 128, 'n_heads': 8, 'num_layers': 1, 'dropout': 0.1465712614371243}. Best is trial 0 with value: 0.12094362825155258.
[I 2025-09-16 23:53:36,809] Trial 4 finished with value: 0.17087672650814056 and parameters: {'window_size': 90, 'batch_size': 128, 'lr': 0.004634423626431079, 'd_model': 64, 'n_heads': 8, 'num_layers': 2, 'dropout': 0.20819866518852526}. Best is trial 0 with value: 0.12094362825155258.
[I 2025-09-16 23:53:38,463] Trial 5 finished with value: 0.22829467058181763 and parameters: {'window_size': 60, 'batch_size': 64, 'lr': 0.0004508411067389706, 'd_model': 32, 'n_heads': 8, 'num_layers': 2, 'dropout': 0.33156823716089223}. Best is trial 0 with value: 0.12094362825155258.
[I 2025-09-16 23:53:44,751] Trial 6 finished with value: 0.1447608470916748 and parameters: {'window_size': 120, 'batch_size': 64, 'lr': 0.0002078510470319254, 'd_model': 128, 'n_heads': 8, 'num_layers': 3, 'dropout': 0.2047082611094349}. Best is trial 0 with value: 0.12094362825155258.
