[I 2025-09-16 23:33:19,468] Trial 3 finished with value: 0.12935152649879456 and parameters: {'window_size': 90, 'batch_size': 128, 'lr': 0.002709958439094304, 'hidden_size': 16, 'dropout': 0.13001382017592367}. Best is trial 2 with value: 0.12755216658115387.
‚èπ Early stopping at epoch 10
[Tuning-Transformer] Threshold (p95)=0.001268
Epoch 1/50 | Train Loss=0.000459 | Val Loss=0.067829
Epoch 2/50 | Train Loss=0.000147 | Val Loss=0.048008
Epoch 3/50 | Train Loss=0.000084 | Val Loss=0.050419
Epoch 4/50 | Train Loss=0.000046 | Val Loss=0.052150
Epoch 5/50 | Train Loss=0.000025 | Val Loss=0.054776
Epoch 6/50 | Train Loss=0.000016 | Val Loss=0.055455
Epoch 7/50 | Train Loss=0.000012 | Val Loss=0.056573
‚èπ Early stopping at epoch 7
[Tuning-Transformer] Threshold (p95)=0.002442
üîé Best hyperparameters for Transformer: {'window_size': 120, 'batch_size': 128, 'lr': 0.0018207856873976407, 'd_model': 128, 'n_heads': 4, 'num_layers': 1, 'dropout': 0.2179797174535178}
Best validation loss: 0.013227943331003189
‚úÖ Best LSTM params: {'window_size': 120, 'batch_size': 64, 'lr': 0.0022501715700652017, 'hidden_size': 128, 'dropout': 0.3334249418220266}
‚úÖ Best Transformer params: {'window_size': 120, 'batch_size': 128, 'lr': 0.0018207856873976407, 'd_model': 128, 'n_heads': 4, 'num_layers': 1, 'dropout': 0.2179797174535178}

>>> Training LSTM_AE for coin_coin_Ethereum...
Epoch 1/100 | Train Loss=0.000212 | Val Loss=0.122908
Epoch 2/100 | Train Loss=0.000100 | Val Loss=0.117788
Epoch 3/100 | Train Loss=0.000086 | Val Loss=0.113523
Epoch 4/100 | Train Loss=0.000074 | Val Loss=0.115915
Epoch 5/100 | Train Loss=0.000067 | Val Loss=0.122888
Epoch 6/100 | Train Loss=0.000061 | Val Loss=0.125084
Epoch 7/100 | Train Loss=0.000059 | Val Loss=0.133346
Epoch 8/100 | Train Loss=0.000057 | Val Loss=0.130491
Epoch 9/100 | Train Loss=0.000059 | Val Loss=0.136822
Epoch 10/100 | Train Loss=0.000071 | Val Loss=0.120422
‚èπ Early stopping at epoch 10
[coin_coin_Ethereum (LSTM_AE)] Threshold (p95)=0.031734
üìä Saved error distribution to /data/m24csa029/MTP/cyptocurrency/results/coin_coin_Ethereum_LSTM_AE_anomalies_errors.png
coin_coin_Ethereum [LSTM_AE]: 180 anomalies detected

>>> Training Transformer for coin_coin_Ethereum...
Epoch 1/100 | Train Loss=0.000844 | Val Loss=0.027588
Epoch 2/100 | Train Loss=0.000085 | Val Loss=0.027051
Epoch 3/100 | Train Loss=0.000024 | Val Loss=0.031196
Epoch 4/100 | Train Loss=0.000011 | Val Loss=0.033115
Epoch 5/100 | Train Loss=0.000007 | Val Loss=0.034822
Epoch 6/100 | Train Loss=0.000005 | Val Loss=0.034818
Epoch 7/100 | Train Loss=0.000004 | Val Loss=0.034957
Epoch 8/100 | Train Loss=0.000003 | Val Loss=0.034850
Epoch 9/100 | Train Loss=0.000003 | Val Loss=0.033914
‚èπ Early stopping at epoch 9
[coin_coin_Ethereum (Transformer)] Threshold (p95)=0.000343
üìä Saved error distribution to /data/m24csa029/MTP/cyptocurrency/results/coin_coin_Ethereum_Transformer_anomalies_errors.png
coin_coin_Ethereum [Transformer]: 185 anomalies detected

üöÄ Processing coin_coin_Monero...

üîé Running hyperparameter search for LSTM_AE on coin_coin_Monero...
Epoch 1/50 | Train Loss=0.000506 | Val Loss=0.175765
Epoch 2/50 | Train Loss=0.000226 | Val Loss=0.148506
Epoch 3/50 | Train Loss=0.000148 | Val Loss=0.144277
Epoch 4/50 | Train Loss=0.000128 | Val Loss=0.141499
Epoch 5/50 | Train Loss=0.000111 | Val Loss=0.138960
Epoch 6/50 | Train Loss=0.000096 | Val Loss=0.137065
Epoch 7/50 | Train Loss=0.000084 | Val Loss=0.135936
Epoch 8/50 | Train Loss=0.000077 | Val Loss=0.135091
Epoch 9/50 | Train Loss=0.000073 | Val Loss=0.134584
Epoch 10/50 | Train Loss=0.000072 | Val Loss=0.134209
Epoch 11/50 | Train Loss=0.000069 | Val Loss=0.133494
Epoch 12/50 | Train Loss=0.000069 | Val Loss=0.133086
Epoch 13/50 | Train Loss=0.000068 | Val Loss=0.132677
Epoch 14/50 | Train Loss=0.000066 | Val Loss=0.132068
Epoch 15/50 | Train Loss=0.000066 | Val Loss=0.131799
Epoch 16/50 | Train Loss=0.000065 | Val Loss=0.131568
Epoch 17/50 | Train Loss=0.000065 | Val Loss=0.131312
Epoch 18/50 | Train Loss=0.000064 | Val Loss=0.131080
Epoch 19/50 | Train Loss=0.000064 | Val Loss=0.130956
Epoch 20/50 | Train Loss=0.000063 | Val Loss=0.130675
Epoch 21/50 | Train Loss=0.000063 | Val Loss=0.130587
Epoch 22/50 | Train Loss=0.000062 | Val Loss=0.130439
Epoch 23/50 | Train Loss=0.000063 | Val Loss=0.130396
Epoch 24/50 | Train Loss=0.000063 | Val Loss=0.130466
Epoch 25/50 | Train Loss=0.000062 | Val Loss=0.130239
Epoch 26/50 | Train Loss=0.000061 | Val Loss=0.130363
Epoch 27/50 | Train Loss=0.000061 | Val Loss=0.130348
Epoch 28/50 | Train Loss=0.000061 | Val Loss=0.130286
Epoch 29/50 | Train Loss=0.000061 | Val Loss=0.130482
Epoch 30/50 | Train Loss=0.000061 | Val Loss=0.130576
‚èπ Early stopping at epoch 30
[Tuning-LSTM_AE] Threshold (p95)=0.019903
Epoch 1/50 | Train Loss=0.000271 | Val Loss=0.185349
Epoch 2/50 | Train Loss=0.000192 | Val Loss=0.169425
Epoch 3/50 | Train Loss=0.000140 | Val Loss=0.157126
Epoch 4/50 | Train Loss=0.000113 | Val Loss=0.152234
Epoch 5/50 | Train Loss=0.000099 | Val Loss=0.149765
Epoch 6/50 | Train Loss=0.000086 | Val Loss=0.146336
Epoch 7/50 | Train Loss=0.000075 | Val Loss=0.142803
Epoch 8/50 | Train Loss=0.000065 | Val Loss=0.139009
Epoch 9/50 | Train Loss=0.000056 | Val Loss=0.135866
Epoch 10/50 | Train Loss=0.000049 | Val Loss=0.134344
Epoch 11/50 | Train Loss=0.000044 | Val Loss=0.133590
Epoch 12/50 | Train Loss=0.000042 | Val Loss=0.133029
Epoch 13/50 | Train Loss=0.000041 | Val Loss=0.132951
Epoch 14/50 | Train Loss=0.000040 | Val Loss=0.133090
Epoch 15/50 | Train Loss=0.000039 | Val Loss=0.133080
Epoch 16/50 | Train Loss=0.000038 | Val Loss=0.132815
Epoch 17/50 | Train Loss=0.000038 | Val Loss=0.133268
Epoch 18/50 | Train Loss=0.000038 | Val Loss=0.133352
Epoch 19/50 | Train Loss=0.000036 | Val Loss=0.133695
Epoch 20/50 | Train Loss=0.000036 | Val Loss=0.134088
Epoch 21/50 | Train Loss=0.000036 | Val Loss=0.133942
‚èπ Early stopping at epoch 21
[Tuning-LSTM_AE] Threshold (p95)=0.026153
Epoch 1/50 | Train Loss=0.000291 | Val Loss=0.144364
Epoch 2/50 | Train Loss=0.000168 | Val Loss=0.133847
Epoch 3/50 | Train Loss=0.000111 | Val Loss=0.129697
Epoch 4/50 | Train Loss=0.000088 | Val Loss=0.127552
Epoch 5/50 | Train Loss=0.000086 | Val Loss=0.127740
Epoch 6/50 | Train Loss=0.000082 | Val Loss=0.128340
Epoch 7/50 | Train Loss=0.000081 | Val Loss=0.128190
Epoch 8/50 | Train Loss=0.000079 | Val Loss=0.127977
Epoch 9/50 | Train Loss=0.000079 | Val Loss=0.128046
‚èπ Early stopping at epoch 9
[Tuning-LSTM_AE] Threshold (p95)=0.041457
Epoch 1/50 | Train Loss=0.000157 | Val Loss=0.165601
Epoch 2/50 | Train Loss=0.000096 | Val Loss=0.148419
Epoch 3/50 | Train Loss=0.000079 | Val Loss=0.144068
Epoch 4/50 | Train Loss=0.000062 | Val Loss=0.132188
Epoch 5/50 | Train Loss=0.000044 | Val Loss=0.129352
Epoch 6/50 | Train Loss=0.000038 | Val Loss=0.131552
Epoch 7/50 | Train Loss=0.000038 | Val Loss=0.131842
Epoch 8/50 | Train Loss=0.000037 | Val Loss=0.131336
Epoch 9/50 | Train Loss=0.000037 | Val Loss=0.132104
Epoch 10/50 | Train Loss=0.000036 | Val Loss=0.132422
‚èπ Early stopping at epoch 10
[Tuning-LSTM_AE] Threshold (p95)=0.044639
Epoch 1/50 | Train Loss=0.001317 | Val Loss=0.197883
Epoch 2/50 | Train Loss=0.001131 | Val Loss=0.189720
Epoch 3/50 | Train Loss=0.001011 | Val Loss=0.182856
Epoch 4/50 | Train Loss=0.000904 | Val Loss=0.176883
Epoch 5/50 | Train Loss=0.000817 | Val Loss=0.171731
Epoch 6/50 | Train Loss=0.000747 | Val Loss=0.167409
Epoch 7/50 | Train Loss=0.000694 | Val Loss=0.163546
Epoch 8/50 | Train Loss=0.000639 | Val Loss=0.159907
Epoch 9/50 | Train Loss=0.000594 | Val Loss=0.157004
Epoch 10/50 | Train Loss=0.000555 | Val Loss=0.154618
Epoch 11/50 | Train Loss=0.000515 | Val Loss=0.152716
Epoch 12/50 | Train Loss=0.000480 | Val Loss=0.151334
Epoch 13/50 | Train Loss=0.000454 | Val Loss=0.150634
Epoch 14/50 | Train Loss=0.000444 | Val Loss=0.149695
Epoch 15/50 | Train Loss=0.000415 | Val Loss=0.148672
Epoch 16/50 | Train Loss=0.000399 | Val Loss=0.148410
Epoch 17/50 | Train Loss=0.000383 | Val Loss=0.147582
Epoch 18/50 | Train Loss=0.000375 | Val Loss=0.146661
Epoch 19/50 | Train Loss=0.000347 | Val Loss=0.145440
Epoch 20/50 | Train Loss=0.000344 | Val Loss=0.144142
Epoch 21/50 | Train Loss=0.000328 | Val Loss=0.142974
Epoch 22/50 | Train Loss=0.000311 | Val Loss=0.141534
Epoch 23/50 | Train Loss=0.000290 | Val Loss=0.140325
Epoch 24/50 | Train Loss=0.000273 | Val Loss=0.139192
[I 2025-09-16 23:33:29,782] Trial 4 finished with value: 0.1321040540933609 and parameters: {'window_size': 90, 'batch_size': 32, 'lr': 0.00012658723150832743, 'hidden_size': 16, 'dropout': 0.38952510848737965}. Best is trial 2 with value: 0.12755216658115387.
[I 2025-09-16 23:33:30,925] Trial 5 finished with value: 0.12419456243515015 and parameters: {'window_size': 90, 'batch_size': 64, 'lr': 0.0007153501283158441, 'hidden_size': 128, 'dropout': 0.4435130158978111}. Best is trial 5 with value: 0.12419456243515015.
[I 2025-09-16 23:33:35,200] Trial 6 finished with value: 0.12819986045360565 and parameters: {'window_size': 120, 'batch_size': 64, 'lr': 0.0001731303770693926, 'hidden_size': 128, 'dropout': 0.3047421817809055}. Best is trial 5 with value: 0.12419456243515015.
[I 2025-09-16 23:33:37,331] Trial 7 finished with value: 0.12807533144950867 and parameters: {'window_size': 90, 'batch_size': 32, 'lr': 0.0005145609488573453, 'hidden_size': 128, 'dropout': 0.36060325566660056}. Best is trial 5 with value: 0.12419456243515015.
[I 2025-09-16 23:33:41,142] Trial 8 finished with value: 0.12936359643936157 and parameters: {'window_size': 90, 'batch_size': 128, 'lr': 0.00014348066300988395, 'hidden_size': 64, 'dropout': 0.1205459072140553}. Best is trial 5 with value: 0.12419456243515015.
[I 2025-09-16 23:33:42,486] Trial 9 finished with value: 0.13093900680541992 and parameters: {'window_size': 90, 'batch_size': 128, 'lr': 0.0008382369932707812, 'hidden_size': 32, 'dropout': 0.26283180704882436}. Best is trial 5 with value: 0.12419456243515015.
[I 2025-09-16 23:33:42,486] A new study created in memory with name: no-name-f9115ccb-1dc9-4139-b450-a5cbe964adb8
Epoch 25/50 | Train Loss=0.000261 | Val Loss=0.138007
Epoch 26/50 | Train Loss=0.000252 | Val Loss=0.136738
Epoch 27/50 | Train Loss=0.000241 | Val Loss=0.136211
Epoch 28/50 | Train Loss=0.000233 | Val Loss=0.135786
Epoch 29/50 | Train Loss=0.000223 | Val Loss=0.135229
Epoch 30/50 | Train Loss=0.000225 | Val Loss=0.134572
Epoch 31/50 | Train Loss=0.000219 | Val Loss=0.133969
Epoch 32/50 | Train Loss=0.000205 | Val Loss=0.133746
Epoch 33/50 | Train Loss=0.000200 | Val Loss=0.133591
Epoch 34/50 | Train Loss=0.000197 | Val Loss=0.133413
Epoch 35/50 | Train Loss=0.000195 | Val Loss=0.133369
Epoch 36/50 | Train Loss=0.000195 | Val Loss=0.133271
Epoch 37/50 | Train Loss=0.000187 | Val Loss=0.133175
Epoch 38/50 | Train Loss=0.000190 | Val Loss=0.133048
Epoch 39/50 | Train Loss=0.000185 | Val Loss=0.132964
Epoch 40/50 | Train Loss=0.000184 | Val Loss=0.132815
Epoch 41/50 | Train Loss=0.000182 | Val Loss=0.132716
Epoch 42/50 | Train Loss=0.000176 | Val Loss=0.132639
Epoch 43/50 | Train Loss=0.000180 | Val Loss=0.132602
Epoch 44/50 | Train Loss=0.000177 | Val Loss=0.132359
Epoch 45/50 | Train Loss=0.000179 | Val Loss=0.132476
Epoch 46/50 | Train Loss=0.000173 | Val Loss=0.132218
Epoch 47/50 | Train Loss=0.000175 | Val Loss=0.132280
Epoch 48/50 | Train Loss=0.000168 | Val Loss=0.132425
Epoch 49/50 | Train Loss=0.000173 | Val Loss=0.132104
Epoch 50/50 | Train Loss=0.000169 | Val Loss=0.132485
[Tuning-LSTM_AE] Threshold (p95)=0.045343
Epoch 1/50 | Train Loss=0.000245 | Val Loss=0.129825
Epoch 2/50 | Train Loss=0.000122 | Val Loss=0.124195
Epoch 3/50 | Train Loss=0.000090 | Val Loss=0.125659
Epoch 4/50 | Train Loss=0.000085 | Val Loss=0.125764
Epoch 5/50 | Train Loss=0.000085 | Val Loss=0.125769
Epoch 6/50 | Train Loss=0.000079 | Val Loss=0.125839
Epoch 7/50 | Train Loss=0.000075 | Val Loss=0.126971
‚èπ Early stopping at epoch 7
[Tuning-LSTM_AE] Threshold (p95)=0.039276
Epoch 1/50 | Train Loss=0.000763 | Val Loss=0.179273
Epoch 2/50 | Train Loss=0.000405 | Val Loss=0.157924
Epoch 3/50 | Train Loss=0.000214 | Val Loss=0.141793
Epoch 4/50 | Train Loss=0.000160 | Val Loss=0.136494
Epoch 5/50 | Train Loss=0.000144 | Val Loss=0.135027
Epoch 6/50 | Train Loss=0.000131 | Val Loss=0.134210
Epoch 7/50 | Train Loss=0.000120 | Val Loss=0.133588
Epoch 8/50 | Train Loss=0.000114 | Val Loss=0.132654
Epoch 9/50 | Train Loss=0.000112 | Val Loss=0.131812
Epoch 10/50 | Train Loss=0.000108 | Val Loss=0.131087
Epoch 11/50 | Train Loss=0.000107 | Val Loss=0.130548
Epoch 12/50 | Train Loss=0.000104 | Val Loss=0.130048
Epoch 13/50 | Train Loss=0.000104 | Val Loss=0.129482
Epoch 14/50 | Train Loss=0.000101 | Val Loss=0.129154
Epoch 15/50 | Train Loss=0.000101 | Val Loss=0.128671
Epoch 16/50 | Train Loss=0.000100 | Val Loss=0.128537
Epoch 17/50 | Train Loss=0.000099 | Val Loss=0.128352
Epoch 18/50 | Train Loss=0.000098 | Val Loss=0.128262
Epoch 19/50 | Train Loss=0.000097 | Val Loss=0.128346
Epoch 20/50 | Train Loss=0.000097 | Val Loss=0.128236
Epoch 21/50 | Train Loss=0.000095 | Val Loss=0.128200
Epoch 22/50 | Train Loss=0.000094 | Val Loss=0.128286
Epoch 23/50 | Train Loss=0.000094 | Val Loss=0.128428
Epoch 24/50 | Train Loss=0.000093 | Val Loss=0.128452
Epoch 25/50 | Train Loss=0.000093 | Val Loss=0.128498
Epoch 26/50 | Train Loss=0.000092 | Val Loss=0.128505
‚èπ Early stopping at epoch 26
[Tuning-LSTM_AE] Threshold (p95)=0.045389
Epoch 1/50 | Train Loss=0.000416 | Val Loss=0.133861
Epoch 2/50 | Train Loss=0.000185 | Val Loss=0.128075
Epoch 3/50 | Train Loss=0.000166 | Val Loss=0.129112
Epoch 4/50 | Train Loss=0.000162 | Val Loss=0.128458
Epoch 5/50 | Train Loss=0.000155 | Val Loss=0.128926
Epoch 6/50 | Train Loss=0.000153 | Val Loss=0.129277
Epoch 7/50 | Train Loss=0.000149 | Val Loss=0.130783
‚èπ Early stopping at epoch 7
[Tuning-LSTM_AE] Threshold (p95)=0.035837
Epoch 1/50 | Train Loss=0.000221 | Val Loss=0.181493
Epoch 2/50 | Train Loss=0.000182 | Val Loss=0.174147
Epoch 3/50 | Train Loss=0.000153 | Val Loss=0.168566
Epoch 4/50 | Train Loss=0.000132 | Val Loss=0.164422
Epoch 5/50 | Train Loss=0.000117 | Val Loss=0.161316
Epoch 6/50 | Train Loss=0.000107 | Val Loss=0.159080
Epoch 7/50 | Train Loss=0.000101 | Val Loss=0.157259
Epoch 8/50 | Train Loss=0.000097 | Val Loss=0.155521
Epoch 9/50 | Train Loss=0.000091 | Val Loss=0.153852
Epoch 10/50 | Train Loss=0.000088 | Val Loss=0.152346
Epoch 11/50 | Train Loss=0.000086 | Val Loss=0.150934
Epoch 12/50 | Train Loss=0.000082 | Val Loss=0.149553
Epoch 13/50 | Train Loss=0.000080 | Val Loss=0.148362
Epoch 14/50 | Train Loss=0.000077 | Val Loss=0.147189
Epoch 15/50 | Train Loss=0.000075 | Val Loss=0.146102
Epoch 16/50 | Train Loss=0.000073 | Val Loss=0.145124
Epoch 17/50 | Train Loss=0.000071 | Val Loss=0.144181
Epoch 18/50 | Train Loss=0.000068 | Val Loss=0.143298
Epoch 19/50 | Train Loss=0.000066 | Val Loss=0.142251
Epoch 20/50 | Train Loss=0.000065 | Val Loss=0.141378
Epoch 21/50 | Train Loss=0.000062 | Val Loss=0.140518
Epoch 22/50 | Train Loss=0.000059 | Val Loss=0.139559
Epoch 23/50 | Train Loss=0.000057 | Val Loss=0.138644
Epoch 24/50 | Train Loss=0.000055 | Val Loss=0.137746
Epoch 25/50 | Train Loss=0.000053 | Val Loss=0.136941
Epoch 26/50 | Train Loss=0.000052 | Val Loss=0.136004
Epoch 27/50 | Train Loss=0.000049 | Val Loss=0.135162
Epoch 28/50 | Train Loss=0.000048 | Val Loss=0.134280
Epoch 29/50 | Train Loss=0.000046 | Val Loss=0.133541
Epoch 30/50 | Train Loss=0.000045 | Val Loss=0.132856
Epoch 31/50 | Train Loss=0.000044 | Val Loss=0.132177
Epoch 32/50 | Train Loss=0.000044 | Val Loss=0.131736
Epoch 33/50 | Train Loss=0.000043 | Val Loss=0.131253
Epoch 34/50 | Train Loss=0.000042 | Val Loss=0.130981
Epoch 35/50 | Train Loss=0.000042 | Val Loss=0.130708
Epoch 36/50 | Train Loss=0.000041 | Val Loss=0.130411
Epoch 37/50 | Train Loss=0.000041 | Val Loss=0.130220
Epoch 38/50 | Train Loss=0.000040 | Val Loss=0.130112
Epoch 39/50 | Train Loss=0.000040 | Val Loss=0.129981
Epoch 40/50 | Train Loss=0.000040 | Val Loss=0.129876
Epoch 41/50 | Train Loss=0.000040 | Val Loss=0.129796
Epoch 42/50 | Train Loss=0.000040 | Val Loss=0.129765
Epoch 43/50 | Train Loss=0.000039 | Val Loss=0.129632
Epoch 44/50 | Train Loss=0.000039 | Val Loss=0.129560
Epoch 45/50 | Train Loss=0.000039 | Val Loss=0.129498
Epoch 46/50 | Train Loss=0.000039 | Val Loss=0.129439
Epoch 47/50 | Train Loss=0.000039 | Val Loss=0.129483
Epoch 48/50 | Train Loss=0.000039 | Val Loss=0.129478
Epoch 49/50 | Train Loss=0.000039 | Val Loss=0.129364
Epoch 50/50 | Train Loss=0.000039 | Val Loss=0.129466
[Tuning-LSTM_AE] Threshold (p95)=0.044554
Epoch 1/50 | Train Loss=0.000156 | Val Loss=0.159569
Epoch 2/50 | Train Loss=0.000119 | Val Loss=0.153325
Epoch 3/50 | Train Loss=0.000099 | Val Loss=0.149229
Epoch 4/50 | Train Loss=0.000087 | Val Loss=0.145040
Epoch 5/50 | Train Loss=0.000077 | Val Loss=0.141060
Epoch 6/50 | Train Loss=0.000068 | Val Loss=0.137819
Epoch 7/50 | Train Loss=0.000060 | Val Loss=0.135622
Epoch 8/50 | Train Loss=0.000053 | Val Loss=0.132804
Epoch 9/50 | Train Loss=0.000047 | Val Loss=0.131583
Epoch 10/50 | Train Loss=0.000044 | Val Loss=0.131282
Epoch 11/50 | Train Loss=0.000044 | Val Loss=0.130981
Epoch 12/50 | Train Loss=0.000042 | Val Loss=0.130939
Epoch 13/50 | Train Loss=0.000041 | Val Loss=0.131037
Epoch 14/50 | Train Loss=0.000041 | Val Loss=0.131124
Epoch 15/50 | Train Loss=0.000040 | Val Loss=0.131283
Epoch 16/50 | Train Loss=0.000040 | Val Loss=0.131551
Epoch 17/50 | Train Loss=0.000039 | Val Loss=0.131435
‚èπ Early stopping at epoch 17
[Tuning-LSTM_AE] Threshold (p95)=0.047749
üîé Best hyperparameters for LSTM_AE: {'window_size': 90, 'batch_size': 64, 'lr': 0.0007153501283158441, 'hidden_size': 128, 'dropout': 0.4435130158978111}
Best validation loss: 0.12419456243515015

üîé Running hyperparameter search for Transformer on coin_coin_Monero...
Epoch 1/50 | Train Loss=0.001246 | Val Loss=0.142730
Epoch 2/50 | Train Loss=0.000162 | Val Loss=0.117611
Epoch 3/50 | Train Loss=0.000026 | Val Loss=0.085024
Epoch 4/50 | Train Loss=0.000009 | Val Loss=0.080283
Epoch 5/50 | Train Loss=0.000005 | Val Loss=0.081849
Epoch 6/50 | Train Loss=0.000005 | Val Loss=0.085668
Epoch 7/50 | Train Loss=0.000004 | Val Loss=0.088847
[I 2025-09-16 23:33:48,589] Trial 0 finished with value: 0.08028333634138107 and parameters: {'window_size': 90, 'batch_size': 64, 'lr': 0.0055401133555240435, 'd_model': 64, 'n_heads': 8, 'num_layers': 3, 'dropout': 0.3292460607568334}. Best is trial 0 with value: 0.08028333634138107.
[I 2025-09-16 23:33:52,797] Trial 1 finished with value: 0.05907069146633148 and parameters: {'window_size': 120, 'batch_size': 32, 'lr': 0.006083764163792159, 'd_model': 64, 'n_heads': 2, 'num_layers': 2, 'dropout': 0.10119181491957886}. Best is trial 1 with value: 0.05907069146633148.
[I 2025-09-16 23:33:57,168] Trial 2 finished with value: 0.0629514530301094 and parameters: {'window_size': 60, 'batch_size': 128, 'lr': 0.0036782010445047266, 'd_model': 32, 'n_heads': 4, 'num_layers': 3, 'dropout': 0.25525248466810224}. Best is trial 1 with value: 0.05907069146633148.
[I 2025-09-16 23:34:07,500] Trial 3 finished with value: 0.05368582531809807 and parameters: {'window_size': 60, 'batch_size': 64, 'lr': 0.0009071196397232698, 'd_model': 64, 'n_heads': 8, 'num_layers': 3, 'dropout': 0.20603059112670252}. Best is trial 3 with value: 0.05368582531809807.
[I 2025-09-16 23:34:11,962] Trial 4 finished with value: 0.054297156631946564 and parameters: {'window_size': 120, 'batch_size': 128, 'lr': 0.002473092419568378, 'd_model': 64, 'n_heads': 2, 'num_layers': 1, 'dropout': 0.3509546516769554}. Best is trial 3 with value: 0.05368582531809807.
[I 2025-09-16 23:34:17,876] Trial 5 finished with value: 0.06913934648036957 and parameters: {'window_size': 120, 'batch_size': 32, 'lr': 0.0002691243160825928, 'd_model': 64, 'n_heads': 2, 'num_layers': 3, 'dropout': 0.2735389358099545}. Best is trial 3 with value: 0.05368582531809807.
[I 2025-09-16 23:34:21,199] Trial 6 finished with value: 0.0537441149353981 and parameters: {'window_size': 90, 'batch_size': 64, 'lr': 0.004023371444807123, 'd_model': 128, 'n_heads': 8, 'num_layers': 1, 'dropout': 0.3945489739847543}. Best is trial 3 with value: 0.05368582531809807.
[I 2025-09-16 23:34:28,239] Trial 7 finished with value: 0.050335537642240524 and parameters: {'window_size': 90, 'batch_size': 64, 'lr': 0.002419875979618006, 'd_model': 128, 'n_heads': 4, 'num_layers': 2, 'dropout': 0.3186622255881667}. Best is trial 7 with value: 0.050335537642240524.
[I 2025-09-16 23:34:30,423] Trial 8 finished with value: 0.0848267674446106 and parameters: {'window_size': 120, 'batch_size': 128, 'lr': 0.0014863375447389017, 'd_model': 32, 'n_heads': 2, 'num_layers': 1, 'dropout': 0.1823421472428352}. Best is trial 7 with value: 0.050335537642240524.
