[I 2025-09-16 23:49:01,489] Trial 1 finished with value: 0.26286259293556213 and parameters: {'window_size': 60, 'batch_size': 64, 'lr': 0.00012249923148469505, 'hidden_size': 128, 'dropout': 0.24141291385254537}. Best is trial 0 with value: 0.25773587822914124.
Epoch 33/100 | Train Loss=0.000002 | Val Loss=0.000553
Epoch 34/100 | Train Loss=0.000002 | Val Loss=0.000547
Epoch 35/100 | Train Loss=0.000002 | Val Loss=0.000545
Epoch 36/100 | Train Loss=0.000002 | Val Loss=0.000540
Epoch 37/100 | Train Loss=0.000002 | Val Loss=0.000534
Epoch 38/100 | Train Loss=0.000002 | Val Loss=0.000519
Epoch 39/100 | Train Loss=0.000002 | Val Loss=0.000520
Epoch 40/100 | Train Loss=0.000002 | Val Loss=0.000512
Epoch 41/100 | Train Loss=0.000002 | Val Loss=0.000500
Epoch 42/100 | Train Loss=0.000002 | Val Loss=0.000496
Epoch 43/100 | Train Loss=0.000002 | Val Loss=0.000487
Epoch 44/100 | Train Loss=0.000001 | Val Loss=0.000484
Epoch 45/100 | Train Loss=0.000001 | Val Loss=0.000478
Epoch 46/100 | Train Loss=0.000001 | Val Loss=0.000469
Epoch 47/100 | Train Loss=0.000001 | Val Loss=0.000462
Epoch 48/100 | Train Loss=0.000001 | Val Loss=0.000458
Epoch 49/100 | Train Loss=0.000001 | Val Loss=0.000449
Epoch 50/100 | Train Loss=0.000001 | Val Loss=0.000451
Epoch 51/100 | Train Loss=0.000001 | Val Loss=0.000436
Epoch 52/100 | Train Loss=0.000001 | Val Loss=0.000432
Epoch 53/100 | Train Loss=0.000001 | Val Loss=0.000422
Epoch 54/100 | Train Loss=0.000001 | Val Loss=0.000416
Epoch 55/100 | Train Loss=0.000001 | Val Loss=0.000407
Epoch 56/100 | Train Loss=0.000001 | Val Loss=0.000405
Epoch 57/100 | Train Loss=0.000001 | Val Loss=0.000394
Epoch 58/100 | Train Loss=0.000001 | Val Loss=0.000390
Epoch 59/100 | Train Loss=0.000001 | Val Loss=0.000384
Epoch 60/100 | Train Loss=0.000001 | Val Loss=0.000376
Epoch 61/100 | Train Loss=0.000001 | Val Loss=0.000371
Epoch 62/100 | Train Loss=0.000001 | Val Loss=0.000363
Epoch 63/100 | Train Loss=0.000001 | Val Loss=0.000356
Epoch 64/100 | Train Loss=0.000001 | Val Loss=0.000349
Epoch 65/100 | Train Loss=0.000001 | Val Loss=0.000341
Epoch 66/100 | Train Loss=0.000001 | Val Loss=0.000333
Epoch 67/100 | Train Loss=0.000001 | Val Loss=0.000330
Epoch 68/100 | Train Loss=0.000001 | Val Loss=0.000324
Epoch 69/100 | Train Loss=0.000001 | Val Loss=0.000315
Epoch 70/100 | Train Loss=0.000001 | Val Loss=0.000311
Epoch 71/100 | Train Loss=0.000001 | Val Loss=0.000307
Epoch 72/100 | Train Loss=0.000001 | Val Loss=0.000300
Epoch 73/100 | Train Loss=0.000001 | Val Loss=0.000296
Epoch 74/100 | Train Loss=0.000001 | Val Loss=0.000289
Epoch 75/100 | Train Loss=0.000001 | Val Loss=0.000286
Epoch 76/100 | Train Loss=0.000001 | Val Loss=0.000280
Epoch 77/100 | Train Loss=0.000001 | Val Loss=0.000276
Epoch 78/100 | Train Loss=0.000001 | Val Loss=0.000272
Epoch 79/100 | Train Loss=0.000001 | Val Loss=0.000268
Epoch 80/100 | Train Loss=0.000001 | Val Loss=0.000262
Epoch 81/100 | Train Loss=0.000001 | Val Loss=0.000258
Epoch 82/100 | Train Loss=0.000001 | Val Loss=0.000256
Epoch 83/100 | Train Loss=0.000001 | Val Loss=0.000253
Epoch 84/100 | Train Loss=0.000001 | Val Loss=0.000248
Epoch 85/100 | Train Loss=0.000001 | Val Loss=0.000245
Epoch 86/100 | Train Loss=0.000001 | Val Loss=0.000243
Epoch 87/100 | Train Loss=0.000001 | Val Loss=0.000240
Epoch 88/100 | Train Loss=0.000001 | Val Loss=0.000235
Epoch 89/100 | Train Loss=0.000001 | Val Loss=0.000233
Epoch 90/100 | Train Loss=0.000001 | Val Loss=0.000231
Epoch 91/100 | Train Loss=0.000001 | Val Loss=0.000228
Epoch 92/100 | Train Loss=0.000001 | Val Loss=0.000225
Epoch 93/100 | Train Loss=0.000001 | Val Loss=0.000223
Epoch 94/100 | Train Loss=0.000001 | Val Loss=0.000222
Epoch 95/100 | Train Loss=0.000001 | Val Loss=0.000220
Epoch 96/100 | Train Loss=0.000001 | Val Loss=0.000216
Epoch 97/100 | Train Loss=0.000001 | Val Loss=0.000217
Epoch 98/100 | Train Loss=0.000001 | Val Loss=0.000213
Epoch 99/100 | Train Loss=0.000001 | Val Loss=0.000211
Epoch 100/100 | Train Loss=0.000001 | Val Loss=0.000208
[coin_coin_EOS (Transformer)] Threshold (p95)=0.000172
üìä Saved error distribution to /data/m24csa029/MTP/cyptocurrency/results/coin_coin_EOS_Transformer_anomalies_errors.png
coin_coin_EOS [Transformer]: 62 anomalies detected

üöÄ Processing coin_coin_Bitcoin...

üîé Running hyperparameter search for LSTM_AE on coin_coin_Bitcoin...
Epoch 1/50 | Train Loss=0.000685 | Val Loss=0.445470
Epoch 2/50 | Train Loss=0.000331 | Val Loss=0.341850
Epoch 3/50 | Train Loss=0.000171 | Val Loss=0.303151
Epoch 4/50 | Train Loss=0.000124 | Val Loss=0.275636
Epoch 5/50 | Train Loss=0.000097 | Val Loss=0.263645
Epoch 6/50 | Train Loss=0.000087 | Val Loss=0.262615
Epoch 7/50 | Train Loss=0.000083 | Val Loss=0.263755
Epoch 8/50 | Train Loss=0.000081 | Val Loss=0.262240
Epoch 9/50 | Train Loss=0.000079 | Val Loss=0.262094
Epoch 10/50 | Train Loss=0.000077 | Val Loss=0.262218
Epoch 11/50 | Train Loss=0.000077 | Val Loss=0.262057
Epoch 12/50 | Train Loss=0.000076 | Val Loss=0.261072
Epoch 13/50 | Train Loss=0.000074 | Val Loss=0.260755
Epoch 14/50 | Train Loss=0.000073 | Val Loss=0.259107
Epoch 15/50 | Train Loss=0.000072 | Val Loss=0.260563
Epoch 16/50 | Train Loss=0.000072 | Val Loss=0.257736
Epoch 17/50 | Train Loss=0.000072 | Val Loss=0.258550
Epoch 18/50 | Train Loss=0.000070 | Val Loss=0.259550
Epoch 19/50 | Train Loss=0.000070 | Val Loss=0.259037
Epoch 20/50 | Train Loss=0.000070 | Val Loss=0.258358
Epoch 21/50 | Train Loss=0.000069 | Val Loss=0.258522
‚èπ Early stopping at epoch 21
[Tuning-LSTM_AE] Threshold (p95)=0.018621
Epoch 1/50 | Train Loss=0.000517 | Val Loss=0.434422
Epoch 2/50 | Train Loss=0.000342 | Val Loss=0.388871
Epoch 3/50 | Train Loss=0.000222 | Val Loss=0.354493
Epoch 4/50 | Train Loss=0.000164 | Val Loss=0.332416
Epoch 5/50 | Train Loss=0.000131 | Val Loss=0.314242
Epoch 6/50 | Train Loss=0.000103 | Val Loss=0.298286
Epoch 7/50 | Train Loss=0.000087 | Val Loss=0.289005
Epoch 8/50 | Train Loss=0.000082 | Val Loss=0.284460
Epoch 9/50 | Train Loss=0.000078 | Val Loss=0.281556
Epoch 10/50 | Train Loss=0.000077 | Val Loss=0.278531
Epoch 11/50 | Train Loss=0.000075 | Val Loss=0.276771
Epoch 12/50 | Train Loss=0.000075 | Val Loss=0.275351
Epoch 13/50 | Train Loss=0.000072 | Val Loss=0.273397
Epoch 14/50 | Train Loss=0.000071 | Val Loss=0.272208
Epoch 15/50 | Train Loss=0.000071 | Val Loss=0.270702
Epoch 16/50 | Train Loss=0.000069 | Val Loss=0.270154
Epoch 17/50 | Train Loss=0.000068 | Val Loss=0.268036
Epoch 18/50 | Train Loss=0.000069 | Val Loss=0.267631
Epoch 19/50 | Train Loss=0.000067 | Val Loss=0.266639
Epoch 20/50 | Train Loss=0.000067 | Val Loss=0.266644
Epoch 21/50 | Train Loss=0.000066 | Val Loss=0.266651
Epoch 22/50 | Train Loss=0.000065 | Val Loss=0.265920
Epoch 23/50 | Train Loss=0.000065 | Val Loss=0.265309
Epoch 24/50 | Train Loss=0.000065 | Val Loss=0.264509
Epoch 25/50 | Train Loss=0.000064 | Val Loss=0.264319
Epoch 26/50 | Train Loss=0.000063 | Val Loss=0.264741
Epoch 27/50 | Train Loss=0.000064 | Val Loss=0.264914
Epoch 28/50 | Train Loss=0.000062 | Val Loss=0.264072
Epoch 29/50 | Train Loss=0.000062 | Val Loss=0.263714
Epoch 30/50 | Train Loss=0.000062 | Val Loss=0.263592
Epoch 31/50 | Train Loss=0.000061 | Val Loss=0.263600
Epoch 32/50 | Train Loss=0.000061 | Val Loss=0.262901
Epoch 33/50 | Train Loss=0.000061 | Val Loss=0.264241
Epoch 34/50 | Train Loss=0.000061 | Val Loss=0.263499
Epoch 35/50 | Train Loss=0.000061 | Val Loss=0.262863
Epoch 36/50 | Train Loss=0.000060 | Val Loss=0.263469
Epoch 37/50 | Train Loss=0.000060 | Val Loss=0.263605
Epoch 38/50 | Train Loss=0.000060 | Val Loss=0.263460
Epoch 39/50 | Train Loss=0.000059 | Val Loss=0.263568
Epoch 40/50 | Train Loss=0.000059 | Val Loss=0.263010
‚èπ Early stopping at epoch 40
[Tuning-LSTM_AE] Threshold (p95)=0.018197
Epoch 1/50 | Train Loss=0.000529 | Val Loss=0.265544
Epoch 2/50 | Train Loss=0.000154 | Val Loss=0.262932
Epoch 3/50 | Train Loss=0.000143 | Val Loss=0.264427
Epoch 4/50 | Train Loss=0.000141 | Val Loss=0.264356
Epoch 5/50 | Train Loss=0.000137 | Val Loss=0.265438
Epoch 6/50 | Train Loss=0.000135 | Val Loss=0.261781
Epoch 7/50 | Train Loss=0.000135 | Val Loss=0.269052
Epoch 8/50 | Train Loss=0.000134 | Val Loss=0.254378
Epoch 9/50 | Train Loss=0.000133 | Val Loss=0.257134
Epoch 10/50 | Train Loss=0.000133 | Val Loss=0.261276
Epoch 11/50 | Train Loss=0.000134 | Val Loss=0.264866
Epoch 12/50 | Train Loss=0.000132 | Val Loss=0.267590
[I 2025-09-16 23:49:05,557] Trial 2 finished with value: 0.2543783485889435 and parameters: {'window_size': 90, 'batch_size': 32, 'lr': 0.004577504394271605, 'hidden_size': 16, 'dropout': 0.13399053111410397}. Best is trial 2 with value: 0.2543783485889435.
[I 2025-09-16 23:49:13,643] Trial 3 finished with value: 0.2588043212890625 and parameters: {'window_size': 90, 'batch_size': 64, 'lr': 0.00019193645541429568, 'hidden_size': 32, 'dropout': 0.2425891324535898}. Best is trial 2 with value: 0.2543783485889435.
[I 2025-09-16 23:49:15,904] Trial 4 finished with value: 0.25541290640830994 and parameters: {'window_size': 60, 'batch_size': 32, 'lr': 0.0008470053978466146, 'hidden_size': 64, 'dropout': 0.41708683966592175}. Best is trial 2 with value: 0.2543783485889435.
[I 2025-09-16 23:49:24,725] Trial 5 finished with value: 0.2777458131313324 and parameters: {'window_size': 60, 'batch_size': 32, 'lr': 0.00035228171684272534, 'hidden_size': 16, 'dropout': 0.476272691604123}. Best is trial 2 with value: 0.2543783485889435.
[I 2025-09-16 23:49:30,620] Trial 6 finished with value: 0.27365708351135254 and parameters: {'window_size': 60, 'batch_size': 64, 'lr': 0.0023401523142728337, 'hidden_size': 16, 'dropout': 0.49351278069363425}. Best is trial 2 with value: 0.2543783485889435.
Epoch 13/50 | Train Loss=0.000132 | Val Loss=0.263804
‚èπ Early stopping at epoch 13
[Tuning-LSTM_AE] Threshold (p95)=0.030007
Epoch 1/50 | Train Loss=0.000470 | Val Loss=0.443714
Epoch 2/50 | Train Loss=0.000383 | Val Loss=0.408932
Epoch 3/50 | Train Loss=0.000315 | Val Loss=0.379938
Epoch 4/50 | Train Loss=0.000264 | Val Loss=0.356572
Epoch 5/50 | Train Loss=0.000223 | Val Loss=0.339667
Epoch 6/50 | Train Loss=0.000197 | Val Loss=0.325157
Epoch 7/50 | Train Loss=0.000172 | Val Loss=0.311290
Epoch 8/50 | Train Loss=0.000150 | Val Loss=0.297826
Epoch 9/50 | Train Loss=0.000121 | Val Loss=0.284982
Epoch 10/50 | Train Loss=0.000101 | Val Loss=0.275761
Epoch 11/50 | Train Loss=0.000090 | Val Loss=0.271820
Epoch 12/50 | Train Loss=0.000085 | Val Loss=0.270438
Epoch 13/50 | Train Loss=0.000084 | Val Loss=0.268384
Epoch 14/50 | Train Loss=0.000082 | Val Loss=0.268144
Epoch 15/50 | Train Loss=0.000079 | Val Loss=0.266936
Epoch 16/50 | Train Loss=0.000078 | Val Loss=0.265886
Epoch 17/50 | Train Loss=0.000077 | Val Loss=0.265316
Epoch 18/50 | Train Loss=0.000078 | Val Loss=0.264845
Epoch 19/50 | Train Loss=0.000075 | Val Loss=0.265090
Epoch 20/50 | Train Loss=0.000075 | Val Loss=0.264312
Epoch 21/50 | Train Loss=0.000074 | Val Loss=0.264008
Epoch 22/50 | Train Loss=0.000074 | Val Loss=0.263067
Epoch 23/50 | Train Loss=0.000074 | Val Loss=0.263270
Epoch 24/50 | Train Loss=0.000072 | Val Loss=0.263572
Epoch 25/50 | Train Loss=0.000073 | Val Loss=0.262144
Epoch 26/50 | Train Loss=0.000072 | Val Loss=0.262213
Epoch 27/50 | Train Loss=0.000071 | Val Loss=0.262545
Epoch 28/50 | Train Loss=0.000071 | Val Loss=0.262413
Epoch 29/50 | Train Loss=0.000070 | Val Loss=0.262005
Epoch 30/50 | Train Loss=0.000071 | Val Loss=0.262180
Epoch 31/50 | Train Loss=0.000069 | Val Loss=0.261663
Epoch 32/50 | Train Loss=0.000069 | Val Loss=0.261415
Epoch 33/50 | Train Loss=0.000070 | Val Loss=0.260822
Epoch 34/50 | Train Loss=0.000069 | Val Loss=0.261140
Epoch 35/50 | Train Loss=0.000068 | Val Loss=0.261712
Epoch 36/50 | Train Loss=0.000069 | Val Loss=0.260556
Epoch 37/50 | Train Loss=0.000067 | Val Loss=0.260973
Epoch 38/50 | Train Loss=0.000067 | Val Loss=0.261140
Epoch 39/50 | Train Loss=0.000068 | Val Loss=0.260409
Epoch 40/50 | Train Loss=0.000067 | Val Loss=0.261112
Epoch 41/50 | Train Loss=0.000068 | Val Loss=0.260521
Epoch 42/50 | Train Loss=0.000068 | Val Loss=0.260706
Epoch 43/50 | Train Loss=0.000067 | Val Loss=0.260485
Epoch 44/50 | Train Loss=0.000067 | Val Loss=0.259915
Epoch 45/50 | Train Loss=0.000067 | Val Loss=0.260270
Epoch 46/50 | Train Loss=0.000066 | Val Loss=0.258804
Epoch 47/50 | Train Loss=0.000066 | Val Loss=0.259906
Epoch 48/50 | Train Loss=0.000066 | Val Loss=0.259664
Epoch 49/50 | Train Loss=0.000065 | Val Loss=0.259400
Epoch 50/50 | Train Loss=0.000065 | Val Loss=0.260161
[Tuning-LSTM_AE] Threshold (p95)=0.026521
Epoch 1/50 | Train Loss=0.000394 | Val Loss=0.255998
Epoch 2/50 | Train Loss=0.000149 | Val Loss=0.255413
Epoch 3/50 | Train Loss=0.000136 | Val Loss=0.260493
Epoch 4/50 | Train Loss=0.000128 | Val Loss=0.259217
Epoch 5/50 | Train Loss=0.000123 | Val Loss=0.266550
Epoch 6/50 | Train Loss=0.000118 | Val Loss=0.265213
Epoch 7/50 | Train Loss=0.000117 | Val Loss=0.264958
‚èπ Early stopping at epoch 7
[Tuning-LSTM_AE] Threshold (p95)=0.019383
Epoch 1/50 | Train Loss=0.001023 | Val Loss=0.452922
Epoch 2/50 | Train Loss=0.000709 | Val Loss=0.408551
Epoch 3/50 | Train Loss=0.000525 | Val Loss=0.374320
Epoch 4/50 | Train Loss=0.000430 | Val Loss=0.340256
Epoch 5/50 | Train Loss=0.000327 | Val Loss=0.301192
Epoch 6/50 | Train Loss=0.000248 | Val Loss=0.288735
Epoch 7/50 | Train Loss=0.000215 | Val Loss=0.283994
Epoch 8/50 | Train Loss=0.000200 | Val Loss=0.282955
Epoch 9/50 | Train Loss=0.000180 | Val Loss=0.280858
Epoch 10/50 | Train Loss=0.000172 | Val Loss=0.280893
Epoch 11/50 | Train Loss=0.000168 | Val Loss=0.281208
Epoch 12/50 | Train Loss=0.000163 | Val Loss=0.280906
Epoch 13/50 | Train Loss=0.000159 | Val Loss=0.280989
Epoch 14/50 | Train Loss=0.000154 | Val Loss=0.279167
Epoch 15/50 | Train Loss=0.000147 | Val Loss=0.280079
Epoch 16/50 | Train Loss=0.000144 | Val Loss=0.279249
Epoch 17/50 | Train Loss=0.000143 | Val Loss=0.279778
Epoch 18/50 | Train Loss=0.000142 | Val Loss=0.277924
Epoch 19/50 | Train Loss=0.000142 | Val Loss=0.279647
Epoch 20/50 | Train Loss=0.000136 | Val Loss=0.279222
Epoch 21/50 | Train Loss=0.000134 | Val Loss=0.279292
Epoch 22/50 | Train Loss=0.000136 | Val Loss=0.280768
Epoch 23/50 | Train Loss=0.000131 | Val Loss=0.277746
Epoch 24/50 | Train Loss=0.000135 | Val Loss=0.279049
Epoch 25/50 | Train Loss=0.000132 | Val Loss=0.278527
Epoch 26/50 | Train Loss=0.000129 | Val Loss=0.279215
Epoch 27/50 | Train Loss=0.000131 | Val Loss=0.278372
Epoch 28/50 | Train Loss=0.000128 | Val Loss=0.279853
‚èπ Early stopping at epoch 28
[Tuning-LSTM_AE] Threshold (p95)=0.019105
Epoch 1/50 | Train Loss=0.000537 | Val Loss=0.365782
Epoch 2/50 | Train Loss=0.000244 | Val Loss=0.303277
Epoch 3/50 | Train Loss=0.000128 | Val Loss=0.293558
Epoch 4/50 | Train Loss=0.000100 | Val Loss=0.290958
Epoch 5/50 | Train Loss=0.000090 | Val Loss=0.287586
Epoch 6/50 | Train Loss=0.000084 | Val Loss=0.286931
Epoch 7/50 | Train Loss=0.000082 | Val Loss=0.282085
Epoch 8/50 | Train Loss=0.000078 | Val Loss=0.282399
Epoch 9/50 | Train Loss=0.000077 | Val Loss=0.285695
Epoch 10/50 | Train Loss=0.000077 | Val Loss=0.286694
Epoch 11/50 | Train Loss=0.000073 | Val Loss=0.280471
Epoch 12/50 | Train Loss=0.000072 | Val Loss=0.284835
Epoch 13/50 | Train Loss=0.000072 | Val Loss=0.279846
Epoch 14/50 | Train Loss=0.000069 | Val Loss=0.282528
Epoch 15/50 | Train Loss=0.000071 | Val Loss=0.279801
Epoch 16/50 | Train Loss=0.000069 | Val Loss=0.278882
Epoch 17/50 | Train Loss=0.000069 | Val Loss=0.278145
Epoch 18/50 | Train Loss=0.000067 | Val Loss=0.281093
Epoch 19/50 | Train Loss=0.000067 | Val Loss=0.277006
Epoch 20/50 | Train Loss=0.000068 | Val Loss=0.278784
Epoch 21/50 | Train Loss=0.000065 | Val Loss=0.280934
Epoch 22/50 | Train Loss=0.000066 | Val Loss=0.276488
Epoch 23/50 | Train Loss=0.000065 | Val Loss=0.281686
Epoch 24/50 | Train Loss=0.000066 | Val Loss=0.275726
Epoch 25/50 | Train Loss=0.000063 | Val Loss=0.275247
Epoch 26/50 | Train Loss=0.000065 | Val Loss=0.277460
Epoch 27/50 | Train Loss=0.000063 | Val Loss=0.277085
Epoch 28/50 | Train Loss=0.000064 | Val Loss=0.275833
Epoch 29/50 | Train Loss=0.000064 | Val Loss=0.275233
Epoch 30/50 | Train Loss=0.000064 | Val Loss=0.274936
Epoch 31/50 | Train Loss=0.000065 | Val Loss=0.273657
Epoch 32/50 | Train Loss=0.000065 | Val Loss=0.274182
Epoch 33/50 | Train Loss=0.000064 | Val Loss=0.277493
Epoch 34/50 | Train Loss=0.000063 | Val Loss=0.274139
Epoch 35/50 | Train Loss=0.000064 | Val Loss=0.276294
Epoch 36/50 | Train Loss=0.000063 | Val Loss=0.277263
‚èπ Early stopping at epoch 36
[Tuning-LSTM_AE] Threshold (p95)=0.020263
Epoch 1/50 | Train Loss=0.000765 | Val Loss=0.406162
Epoch 2/50 | Train Loss=0.000488 | Val Loss=0.356924
Epoch 3/50 | Train Loss=0.000280 | Val Loss=0.328957
Epoch 4/50 | Train Loss=0.000212 | Val Loss=0.319858
Epoch 5/50 | Train Loss=0.000193 | Val Loss=0.308250
Epoch 6/50 | Train Loss=0.000174 | Val Loss=0.294217
Epoch 7/50 | Train Loss=0.000155 | Val Loss=0.281334
Epoch 8/50 | Train Loss=0.000133 | Val Loss=0.269914
Epoch 9/50 | Train Loss=0.000116 | Val Loss=0.262240
Epoch 10/50 | Train Loss=0.000108 | Val Loss=0.258839
Epoch 11/50 | Train Loss=0.000105 | Val Loss=0.255661
Epoch 12/50 | Train Loss=0.000097 | Val Loss=0.253882
Epoch 13/50 | Train Loss=0.000097 | Val Loss=0.251592
Epoch 14/50 | Train Loss=0.000095 | Val Loss=0.250416
Epoch 15/50 | Train Loss=0.000092 | Val Loss=0.250360
Epoch 16/50 | Train Loss=0.000091 | Val Loss=0.250788
Epoch 17/50 | Train Loss=0.000090 | Val Loss=0.248455
Epoch 18/50 | Train Loss=0.000090 | Val Loss=0.246843
Epoch 19/50 | Train Loss=0.000086 | Val Loss=0.246129
Epoch 20/50 | Train Loss=0.000086 | Val Loss=0.246310
Epoch 21/50 | Train Loss=0.000086 | Val Loss=0.245940
Epoch 22/50 | Train Loss=0.000084 | Val Loss=0.244899
Epoch 23/50 | Train Loss=0.000084 | Val Loss=0.244788
Epoch 24/50 | Train Loss=0.000083 | Val Loss=0.244806
[I 2025-09-16 23:49:36,842] Trial 7 finished with value: 0.24200491607189178 and parameters: {'window_size': 120, 'batch_size': 64, 'lr': 0.0005509000450469206, 'hidden_size': 16, 'dropout': 0.22627972976559285}. Best is trial 7 with value: 0.24200491607189178.
[I 2025-09-16 23:49:40,262] Trial 8 finished with value: 0.2592311501502991 and parameters: {'window_size': 90, 'batch_size': 64, 'lr': 0.0018810283631415605, 'hidden_size': 16, 'dropout': 0.36425614533546824}. Best is trial 7 with value: 0.24200491607189178.
[I 2025-09-16 23:49:43,222] Trial 9 finished with value: 0.22502188384532928 and parameters: {'window_size': 120, 'batch_size': 32, 'lr': 0.0030720083323473937, 'hidden_size': 32, 'dropout': 0.15477071916002366}. Best is trial 9 with value: 0.22502188384532928.
[I 2025-09-16 23:49:43,223] A new study created in memory with name: no-name-2d358d65-9e6a-4e14-823c-c469ef3add8b
[I 2025-09-16 23:49:54,827] Trial 0 finished with value: 0.12674303352832794 and parameters: {'window_size': 90, 'batch_size': 64, 'lr': 0.0012809492101226467, 'd_model': 128, 'n_heads': 8, 'num_layers': 2, 'dropout': 0.22206071635238311}. Best is trial 0 with value: 0.12674303352832794.
[I 2025-09-16 23:50:01,139] Trial 1 finished with value: 0.20212963223457336 and parameters: {'window_size': 120, 'batch_size': 32, 'lr': 0.008510009887288629, 'd_model': 32, 'n_heads': 2, 'num_layers': 3, 'dropout': 0.2752501040814833}. Best is trial 0 with value: 0.12674303352832794.
[I 2025-09-16 23:50:06,843] Trial 2 finished with value: 0.15351244807243347 and parameters: {'window_size': 120, 'batch_size': 128, 'lr': 0.00013839360861258115, 'd_model': 64, 'n_heads': 4, 'num_layers': 1, 'dropout': 0.16539085037155044}. Best is trial 0 with value: 0.12674303352832794.
[I 2025-09-16 23:50:12,067] Trial 3 finished with value: 0.12910056114196777 and parameters: {'window_size': 120, 'batch_size': 64, 'lr': 0.0036812915068045854, 'd_model': 64, 'n_heads': 2, 'num_layers': 2, 'dropout': 0.31888909095323914}. Best is trial 0 with value: 0.12674303352832794.
[I 2025-09-16 23:50:14,011] Trial 4 finished with value: 0.18930520117282867 and parameters: {'window_size': 60, 'batch_size': 128, 'lr': 0.0007418303675765232, 'd_model': 32, 'n_heads': 8, 'num_layers': 2, 'dropout': 0.162433535272353}. Best is trial 0 with value: 0.12674303352832794.
[I 2025-09-16 23:50:18,424] Trial 5 finished with value: 0.1629999577999115 and parameters: {'window_size': 90, 'batch_size': 128, 'lr': 0.004606501348278907, 'd_model': 32, 'n_heads': 8, 'num_layers': 2, 'dropout': 0.24036910023279684}. Best is trial 0 with value: 0.12674303352832794.
