nohup: ignoring input
[I 2025-09-16 23:25:36,081] A new study created in memory with name: no-name-4bc74969-6814-4008-bf3a-3baff749f356
[I 2025-09-16 23:25:37,906] Trial 0 finished with value: 0.6284636855125427 and parameters: {'window_size': 60, 'batch_size': 64, 'lr': 0.0035631574715270344, 'hidden_size': 128, 'dropout': 0.470604775831046}. Best is trial 0 with value: 0.6284636855125427.
[I 2025-09-16 23:25:38,747] Trial 1 finished with value: 0.6354637145996094 and parameters: {'window_size': 60, 'batch_size': 32, 'lr': 0.008660818940332927, 'hidden_size': 16, 'dropout': 0.13426643100457147}. Best is trial 0 with value: 0.6284636855125427.
[I 2025-09-16 23:25:39,063] Trial 2 finished with value: 0.582984447479248 and parameters: {'window_size': 120, 'batch_size': 128, 'lr': 0.001006924065523976, 'hidden_size': 128, 'dropout': 0.42153258165562024}. Best is trial 2 with value: 0.582984447479248.
[I 2025-09-16 23:25:41,155] Trial 3 finished with value: 0.5264739990234375 and parameters: {'window_size': 120, 'batch_size': 32, 'lr': 0.00028965296935915604, 'hidden_size': 128, 'dropout': 0.400512198500352}. Best is trial 3 with value: 0.5264739990234375.
[I 2025-09-16 23:25:42,014] Trial 4 finished with value: 0.5643213987350464 and parameters: {'window_size': 120, 'batch_size': 32, 'lr': 0.0009226409103157758, 'hidden_size': 16, 'dropout': 0.22225423137772837}. Best is trial 3 with value: 0.5264739990234375.
[I 2025-09-16 23:25:43,024] Trial 5 finished with value: 0.5713008046150208 and parameters: {'window_size': 90, 'batch_size': 64, 'lr': 0.0008641899535515573, 'hidden_size': 128, 'dropout': 0.2628798674873661}. Best is trial 3 with value: 0.5264739990234375.
Using device: cuda:1

üìÇ Loading all coins...
‚úÖ Loaded 23 coins
                        Coin  Volatility    Sharpe
13          coin_coin_Solana    1.500256  2.129220
10            coin_coin_Aave    1.373899  1.856926
8      coin_coin_BinanceCoin    1.270752  1.660575
12        coin_coin_Polkadot    1.383948  1.620331
5         coin_coin_Ethereum    1.000659  1.397795
11         coin_coin_Uniswap    1.449326  1.375721
17       coin_coin_ChainLink    1.276387  1.277257
4   coin_coin_WrappedBitcoin    0.680340  1.256862
21         coin_coin_Cardano    1.327077  1.093260
20            coin_coin_Tron    1.512271  1.073750
9              coin_coin_NEM    1.379369  1.056778
19         coin_coin_Bitcoin    0.676877  0.976006
6           coin_coin_Monero    1.108635  0.914029
3    coin_coin_CryptocomCoin    1.293483  0.912900
14        coin_coin_Dogecoin    1.801096  0.909810
1          coin_coin_Stellar    1.294257  0.893837
2              coin_coin_XRP    1.294819  0.848403
15        coin_coin_Litecoin    1.087915  0.728022
0           coin_coin_Cosmos    1.142848  0.705545
22            coin_coin_Iota    1.167613  0.621863
18             coin_coin_EOS    1.197870  0.606962
16          coin_coin_Tether    0.281545 -0.036272
7          coin_coin_USDCoin    0.072900 -0.398571

üöÄ Processing coin_coin_Cosmos...

üîé Running hyperparameter search for LSTM_AE on coin_coin_Cosmos...
Epoch 1/50 | Train Loss=0.001008 | Val Loss=0.798745
Epoch 2/50 | Train Loss=0.000256 | Val Loss=0.712853
Epoch 3/50 | Train Loss=0.000202 | Val Loss=0.674687
Epoch 4/50 | Train Loss=0.000187 | Val Loss=0.659816
Epoch 5/50 | Train Loss=0.000175 | Val Loss=0.649482
Epoch 6/50 | Train Loss=0.000168 | Val Loss=0.639365
Epoch 7/50 | Train Loss=0.000165 | Val Loss=0.629060
Epoch 8/50 | Train Loss=0.000160 | Val Loss=0.634971
Epoch 9/50 | Train Loss=0.000154 | Val Loss=0.628464
Epoch 10/50 | Train Loss=0.000152 | Val Loss=0.637285
Epoch 11/50 | Train Loss=0.000133 | Val Loss=0.666897
Epoch 12/50 | Train Loss=0.000120 | Val Loss=0.678773
Epoch 13/50 | Train Loss=0.000122 | Val Loss=0.655234
Epoch 14/50 | Train Loss=0.000133 | Val Loss=0.642243
‚èπ Early stopping at epoch 14
[Tuning-LSTM_AE] Threshold (p95)=0.026585
Epoch 1/50 | Train Loss=0.000912 | Val Loss=0.778139
Epoch 2/50 | Train Loss=0.000375 | Val Loss=0.720846
Epoch 3/50 | Train Loss=0.000337 | Val Loss=0.650431
Epoch 4/50 | Train Loss=0.000308 | Val Loss=0.635464
Epoch 5/50 | Train Loss=0.000279 | Val Loss=0.641308
Epoch 6/50 | Train Loss=0.000257 | Val Loss=0.691026
Epoch 7/50 | Train Loss=0.000220 | Val Loss=0.662728
Epoch 8/50 | Train Loss=0.000220 | Val Loss=0.680170
Epoch 9/50 | Train Loss=0.000240 | Val Loss=0.674539
‚èπ Early stopping at epoch 9
[Tuning-LSTM_AE] Threshold (p95)=0.025249
Epoch 1/50 | Train Loss=0.000693 | Val Loss=0.686047
Epoch 2/50 | Train Loss=0.000296 | Val Loss=0.598601
Epoch 3/50 | Train Loss=0.000139 | Val Loss=0.582984
Epoch 4/50 | Train Loss=0.000117 | Val Loss=0.583920
Epoch 5/50 | Train Loss=0.000121 | Val Loss=0.588235
Epoch 6/50 | Train Loss=0.000114 | Val Loss=0.592196
Epoch 7/50 | Train Loss=0.000111 | Val Loss=0.592144
Epoch 8/50 | Train Loss=0.000112 | Val Loss=0.589568
‚èπ Early stopping at epoch 8
[Tuning-LSTM_AE] Threshold (p95)=0.030901
Epoch 1/50 | Train Loss=0.001974 | Val Loss=0.668063
Epoch 2/50 | Train Loss=0.001004 | Val Loss=0.579383
Epoch 3/50 | Train Loss=0.000569 | Val Loss=0.544437
Epoch 4/50 | Train Loss=0.000461 | Val Loss=0.542186
Epoch 5/50 | Train Loss=0.000426 | Val Loss=0.538995
Epoch 6/50 | Train Loss=0.000417 | Val Loss=0.535426
Epoch 7/50 | Train Loss=0.000416 | Val Loss=0.538438
Epoch 8/50 | Train Loss=0.000411 | Val Loss=0.534195
Epoch 9/50 | Train Loss=0.000411 | Val Loss=0.536002
Epoch 10/50 | Train Loss=0.000406 | Val Loss=0.529719
Epoch 11/50 | Train Loss=0.000400 | Val Loss=0.532823
Epoch 12/50 | Train Loss=0.000396 | Val Loss=0.530268
Epoch 13/50 | Train Loss=0.000396 | Val Loss=0.529852
Epoch 14/50 | Train Loss=0.000395 | Val Loss=0.531079
Epoch 15/50 | Train Loss=0.000392 | Val Loss=0.528354
Epoch 16/50 | Train Loss=0.000395 | Val Loss=0.529778
Epoch 17/50 | Train Loss=0.000392 | Val Loss=0.528468
Epoch 18/50 | Train Loss=0.000392 | Val Loss=0.526474
Epoch 19/50 | Train Loss=0.000390 | Val Loss=0.526702
Epoch 20/50 | Train Loss=0.000394 | Val Loss=0.530437
Epoch 21/50 | Train Loss=0.000391 | Val Loss=0.528024
Epoch 22/50 | Train Loss=0.000386 | Val Loss=0.528943
Epoch 23/50 | Train Loss=0.000386 | Val Loss=0.527502
‚èπ Early stopping at epoch 23
[Tuning-LSTM_AE] Threshold (p95)=0.031140
Epoch 1/50 | Train Loss=0.002023 | Val Loss=0.708807
Epoch 2/50 | Train Loss=0.001472 | Val Loss=0.663142
Epoch 3/50 | Train Loss=0.000974 | Val Loss=0.619642
Epoch 4/50 | Train Loss=0.000614 | Val Loss=0.574812
Epoch 5/50 | Train Loss=0.000478 | Val Loss=0.564321
Epoch 6/50 | Train Loss=0.000450 | Val Loss=0.569469
Epoch 7/50 | Train Loss=0.000434 | Val Loss=0.569379
Epoch 8/50 | Train Loss=0.000421 | Val Loss=0.568941
Epoch 9/50 | Train Loss=0.000420 | Val Loss=0.570935
Epoch 10/50 | Train Loss=0.000410 | Val Loss=0.569625
‚èπ Early stopping at epoch 10
[Tuning-LSTM_AE] Threshold (p95)=0.031046
Epoch 1/50 | Train Loss=0.000735 | Val Loss=0.724275
Epoch 2/50 | Train Loss=0.000325 | Val Loss=0.654497
Epoch 3/50 | Train Loss=0.000221 | Val Loss=0.631211
Epoch 4/50 | Train Loss=0.000203 | Val Loss=0.628125
Epoch 5/50 | Train Loss=0.000194 | Val Loss=0.617243
Epoch 6/50 | Train Loss=0.000190 | Val Loss=0.606542
Epoch 7/50 | Train Loss=0.000193 | Val Loss=0.597774
Epoch 8/50 | Train Loss=0.000191 | Val Loss=0.587186
Epoch 9/50 | Train Loss=0.000191 | Val Loss=0.587198
Epoch 10/50 | Train Loss=0.000190 | Val Loss=0.583950
Epoch 11/50 | Train Loss=0.000185 | Val Loss=0.581389
Epoch 12/50 | Train Loss=0.000185 | Val Loss=0.576781
Epoch 13/50 | Train Loss=0.000183 | Val Loss=0.572371
Epoch 14/50 | Train Loss=0.000184 | Val Loss=0.571301
Epoch 15/50 | Train Loss=0.000182 | Val Loss=0.572358
Epoch 16/50 | Train Loss=0.000182 | Val Loss=0.574514
Epoch 17/50 | Train Loss=0.000183 | Val Loss=0.573464
Epoch 18/50 | Train Loss=0.000183 | Val Loss=0.576952
Epoch 19/50 | Train Loss=0.000181 | Val Loss=0.575318
‚èπ Early stopping at epoch 19
[Tuning-LSTM_AE] Threshold (p95)=0.034980
Epoch 1/50 | Train Loss=0.002536 | Val Loss=0.920031
Epoch 2/50 | Train Loss=0.002394 | Val Loss=0.910646
Epoch 3/50 | Train Loss=0.002204 | Val Loss=0.901041
Epoch 4/50 | Train Loss=0.002048 | Val Loss=0.891443
Epoch 5/50 | Train Loss=0.001870 | Val Loss=0.881601
Epoch 6/50 | Train Loss=0.001704 | Val Loss=0.870734
Epoch 7/50 | Train Loss=0.001455 | Val Loss=0.859057
Epoch 8/50 | Train Loss=0.001262 | Val Loss=0.846810
Epoch 9/50 | Train Loss=0.001064 | Val Loss=0.833878
Epoch 10/50 | Train Loss=0.000870 | Val Loss=0.821587
Epoch 11/50 | Train Loss=0.000732 | Val Loss=0.810603
Epoch 12/50 | Train Loss=0.000646 | Val Loss=0.800844
Epoch 13/50 | Train Loss=0.000557 | Val Loss=0.793086
Epoch 14/50 | Train Loss=0.000511 | Val Loss=0.786746
Epoch 15/50 | Train Loss=0.000473 | Val Loss=0.781801
Epoch 16/50 | Train Loss=0.000473 | Val Loss=0.778273
Epoch 17/50 | Train Loss=0.000434 | Val Loss=0.775529
Epoch 18/50 | Train Loss=0.000449 | Val Loss=0.773380
Epoch 19/50 | Train Loss=0.000448 | Val Loss=0.770787
Epoch 20/50 | Train Loss=0.000443 | Val Loss=0.768120
Epoch 21/50 | Train Loss=0.000436 | Val Loss=0.766136
Epoch 22/50 | Train Loss=0.000427 | Val Loss=0.763533
Epoch 23/50 | Train Loss=0.000420 | Val Loss=0.761464
Epoch 24/50 | Train Loss=0.000428 | Val Loss=0.758885
Epoch 25/50 | Train Loss=0.000423 | Val Loss=0.756550
Epoch 26/50 | Train Loss=0.000424 | Val Loss=0.754744
Epoch 27/50 | Train Loss=0.000424 | Val Loss=0.752088
Epoch 28/50 | Train Loss=0.000424 | Val Loss=0.749261
Epoch 29/50 | Train Loss=0.000420 | Val Loss=0.747106
Epoch 30/50 | Train Loss=0.000416 | Val Loss=0.744125
Epoch 31/50 | Train Loss=0.000419 | Val Loss=0.741206
Epoch 32/50 | Train Loss=0.000417 | Val Loss=0.739469
Epoch 33/50 | Train Loss=0.000417 | Val Loss=0.736286
Epoch 34/50 | Train Loss=0.000414 | Val Loss=0.733253
Epoch 35/50 | Train Loss=0.000410 | Val Loss=0.730462
[I 2025-09-16 23:25:47,224] Trial 6 finished with value: 0.6904198527336121 and parameters: {'window_size': 90, 'batch_size': 32, 'lr': 0.0001719240119113869, 'hidden_size': 16, 'dropout': 0.19412668980289968}. Best is trial 3 with value: 0.5264739990234375.
[I 2025-09-16 23:25:47,910] Trial 7 finished with value: 0.5255971550941467 and parameters: {'window_size': 120, 'batch_size': 128, 'lr': 0.005615018464902159, 'hidden_size': 128, 'dropout': 0.2003452089870028}. Best is trial 7 with value: 0.5255971550941467.
[I 2025-09-16 23:25:48,475] Trial 8 finished with value: 0.5555657148361206 and parameters: {'window_size': 120, 'batch_size': 128, 'lr': 0.00042871502737133255, 'hidden_size': 128, 'dropout': 0.23575354893320621}. Best is trial 7 with value: 0.5255971550941467.
[I 2025-09-16 23:25:49,498] Trial 9 finished with value: 0.5361149907112122 and parameters: {'window_size': 120, 'batch_size': 128, 'lr': 0.00011653942647372622, 'hidden_size': 128, 'dropout': 0.199931246245339}. Best is trial 7 with value: 0.5255971550941467.
[I 2025-09-16 23:25:49,499] A new study created in memory with name: no-name-a711f8b9-d75c-434d-beb2-98b4fb32dca2
[I 2025-09-16 23:25:50,618] Trial 0 finished with value: 0.453682005405426 and parameters: {'window_size': 60, 'batch_size': 32, 'lr': 0.0017888441034936938, 'd_model': 64, 'n_heads': 8, 'num_layers': 2, 'dropout': 0.22546388103040452}. Best is trial 0 with value: 0.453682005405426.
[I 2025-09-16 23:25:51,116] Trial 1 finished with value: 0.41619959473609924 and parameters: {'window_size': 60, 'batch_size': 64, 'lr': 0.0013569351790186047, 'd_model': 128, 'n_heads': 8, 'num_layers': 1, 'dropout': 0.306109181854054}. Best is trial 1 with value: 0.41619959473609924.
[I 2025-09-16 23:25:53,447] Trial 2 finished with value: 0.40543538331985474 and parameters: {'window_size': 120, 'batch_size': 64, 'lr': 0.007487678496247385, 'd_model': 64, 'n_heads': 8, 'num_layers': 3, 'dropout': 0.17795707630381613}. Best is trial 2 with value: 0.40543538331985474.
Epoch 36/50 | Train Loss=0.000421 | Val Loss=0.727957
Epoch 37/50 | Train Loss=0.000402 | Val Loss=0.724253
Epoch 38/50 | Train Loss=0.000423 | Val Loss=0.723195
Epoch 39/50 | Train Loss=0.000413 | Val Loss=0.721149
Epoch 40/50 | Train Loss=0.000403 | Val Loss=0.718372
Epoch 41/50 | Train Loss=0.000410 | Val Loss=0.715322
Epoch 42/50 | Train Loss=0.000406 | Val Loss=0.713031
Epoch 43/50 | Train Loss=0.000407 | Val Loss=0.709721
Epoch 44/50 | Train Loss=0.000397 | Val Loss=0.706548
Epoch 45/50 | Train Loss=0.000401 | Val Loss=0.703968
Epoch 46/50 | Train Loss=0.000415 | Val Loss=0.700685
Epoch 47/50 | Train Loss=0.000405 | Val Loss=0.698831
Epoch 48/50 | Train Loss=0.000405 | Val Loss=0.696004
Epoch 49/50 | Train Loss=0.000394 | Val Loss=0.692902
Epoch 50/50 | Train Loss=0.000403 | Val Loss=0.690420
[Tuning-LSTM_AE] Threshold (p95)=0.033144
Epoch 1/50 | Train Loss=0.000248 | Val Loss=0.583677
Epoch 2/50 | Train Loss=0.000117 | Val Loss=0.569434
Epoch 3/50 | Train Loss=0.000108 | Val Loss=0.571423
Epoch 4/50 | Train Loss=0.000107 | Val Loss=0.568901
Epoch 5/50 | Train Loss=0.000104 | Val Loss=0.547399
Epoch 6/50 | Train Loss=0.000104 | Val Loss=0.542671
Epoch 7/50 | Train Loss=0.000103 | Val Loss=0.537285
Epoch 8/50 | Train Loss=0.000104 | Val Loss=0.529240
Epoch 9/50 | Train Loss=0.000102 | Val Loss=0.529871
Epoch 10/50 | Train Loss=0.000100 | Val Loss=0.530871
Epoch 11/50 | Train Loss=0.000103 | Val Loss=0.526424
Epoch 12/50 | Train Loss=0.000100 | Val Loss=0.525597
Epoch 13/50 | Train Loss=0.000104 | Val Loss=0.529919
Epoch 14/50 | Train Loss=0.000100 | Val Loss=0.530157
Epoch 15/50 | Train Loss=0.000103 | Val Loss=0.527321
Epoch 16/50 | Train Loss=0.000104 | Val Loss=0.531168
Epoch 17/50 | Train Loss=0.000104 | Val Loss=0.534560
‚èπ Early stopping at epoch 17
[Tuning-LSTM_AE] Threshold (p95)=0.031286
Epoch 1/50 | Train Loss=0.000857 | Val Loss=0.723084
Epoch 2/50 | Train Loss=0.000738 | Val Loss=0.678868
Epoch 3/50 | Train Loss=0.000610 | Val Loss=0.640115
Epoch 4/50 | Train Loss=0.000500 | Val Loss=0.607602
Epoch 5/50 | Train Loss=0.000397 | Val Loss=0.584110
Epoch 6/50 | Train Loss=0.000309 | Val Loss=0.567448
Epoch 7/50 | Train Loss=0.000248 | Val Loss=0.556516
Epoch 8/50 | Train Loss=0.000191 | Val Loss=0.555566
Epoch 9/50 | Train Loss=0.000147 | Val Loss=0.569707
Epoch 10/50 | Train Loss=0.000124 | Val Loss=0.587703
Epoch 11/50 | Train Loss=0.000119 | Val Loss=0.597398
Epoch 12/50 | Train Loss=0.000118 | Val Loss=0.596691
Epoch 13/50 | Train Loss=0.000118 | Val Loss=0.590600
‚èπ Early stopping at epoch 13
[Tuning-LSTM_AE] Threshold (p95)=0.033323
Epoch 1/50 | Train Loss=0.000807 | Val Loss=0.810845
Epoch 2/50 | Train Loss=0.000769 | Val Loss=0.801054
Epoch 3/50 | Train Loss=0.000731 | Val Loss=0.791514
Epoch 4/50 | Train Loss=0.000698 | Val Loss=0.782153
Epoch 5/50 | Train Loss=0.000673 | Val Loss=0.772433
Epoch 6/50 | Train Loss=0.000638 | Val Loss=0.762123
Epoch 7/50 | Train Loss=0.000603 | Val Loss=0.751198
Epoch 8/50 | Train Loss=0.000578 | Val Loss=0.739492
Epoch 9/50 | Train Loss=0.000548 | Val Loss=0.727251
Epoch 10/50 | Train Loss=0.000522 | Val Loss=0.714520
Epoch 11/50 | Train Loss=0.000496 | Val Loss=0.701401
Epoch 12/50 | Train Loss=0.000463 | Val Loss=0.687869
Epoch 13/50 | Train Loss=0.000433 | Val Loss=0.674663
Epoch 14/50 | Train Loss=0.000402 | Val Loss=0.661792
Epoch 15/50 | Train Loss=0.000363 | Val Loss=0.649374
Epoch 16/50 | Train Loss=0.000337 | Val Loss=0.637480
Epoch 17/50 | Train Loss=0.000296 | Val Loss=0.625753
Epoch 18/50 | Train Loss=0.000263 | Val Loss=0.614230
Epoch 19/50 | Train Loss=0.000236 | Val Loss=0.603265
Epoch 20/50 | Train Loss=0.000207 | Val Loss=0.593193
Epoch 21/50 | Train Loss=0.000191 | Val Loss=0.585350
Epoch 22/50 | Train Loss=0.000179 | Val Loss=0.579745
Epoch 23/50 | Train Loss=0.000173 | Val Loss=0.576253
Epoch 24/50 | Train Loss=0.000165 | Val Loss=0.574627
Epoch 25/50 | Train Loss=0.000158 | Val Loss=0.573666
Epoch 26/50 | Train Loss=0.000154 | Val Loss=0.572313
Epoch 27/50 | Train Loss=0.000145 | Val Loss=0.570034
Epoch 28/50 | Train Loss=0.000142 | Val Loss=0.567543
Epoch 29/50 | Train Loss=0.000138 | Val Loss=0.564540
Epoch 30/50 | Train Loss=0.000133 | Val Loss=0.561892
Epoch 31/50 | Train Loss=0.000132 | Val Loss=0.559295
Epoch 32/50 | Train Loss=0.000128 | Val Loss=0.556464
Epoch 33/50 | Train Loss=0.000126 | Val Loss=0.553443
Epoch 34/50 | Train Loss=0.000125 | Val Loss=0.550963
Epoch 35/50 | Train Loss=0.000120 | Val Loss=0.548713
Epoch 36/50 | Train Loss=0.000121 | Val Loss=0.547128
Epoch 37/50 | Train Loss=0.000115 | Val Loss=0.545210
Epoch 38/50 | Train Loss=0.000117 | Val Loss=0.543913
Epoch 39/50 | Train Loss=0.000119 | Val Loss=0.543128
Epoch 40/50 | Train Loss=0.000115 | Val Loss=0.541924
Epoch 41/50 | Train Loss=0.000115 | Val Loss=0.540575
Epoch 42/50 | Train Loss=0.000115 | Val Loss=0.540355
Epoch 43/50 | Train Loss=0.000115 | Val Loss=0.539741
Epoch 44/50 | Train Loss=0.000113 | Val Loss=0.538927
Epoch 45/50 | Train Loss=0.000113 | Val Loss=0.538639
Epoch 46/50 | Train Loss=0.000115 | Val Loss=0.538179
Epoch 47/50 | Train Loss=0.000113 | Val Loss=0.537644
Epoch 48/50 | Train Loss=0.000112 | Val Loss=0.537161
Epoch 49/50 | Train Loss=0.000114 | Val Loss=0.536769
Epoch 50/50 | Train Loss=0.000111 | Val Loss=0.536115
[Tuning-LSTM_AE] Threshold (p95)=0.031974
üîé Best hyperparameters for LSTM_AE: {'window_size': 120, 'batch_size': 128, 'lr': 0.005615018464902159, 'hidden_size': 128, 'dropout': 0.2003452089870028}
Best validation loss: 0.5255971550941467

üîé Running hyperparameter search for Transformer on coin_coin_Cosmos...
Epoch 1/50 | Train Loss=0.003265 | Val Loss=0.632766
Epoch 2/50 | Train Loss=0.000680 | Val Loss=0.492733
Epoch 3/50 | Train Loss=0.000254 | Val Loss=0.453682
Epoch 4/50 | Train Loss=0.000098 | Val Loss=0.487698
Epoch 5/50 | Train Loss=0.000050 | Val Loss=0.479420
Epoch 6/50 | Train Loss=0.000034 | Val Loss=0.474690
Epoch 7/50 | Train Loss=0.000025 | Val Loss=0.469587
Epoch 8/50 | Train Loss=0.000022 | Val Loss=0.459733
‚èπ Early stopping at epoch 8
[Tuning-Transformer] Threshold (p95)=0.001610
Epoch 1/50 | Train Loss=0.002118 | Val Loss=0.449135
Epoch 2/50 | Train Loss=0.000419 | Val Loss=0.471566
Epoch 3/50 | Train Loss=0.000185 | Val Loss=0.416200
Epoch 4/50 | Train Loss=0.000087 | Val Loss=0.433602
Epoch 5/50 | Train Loss=0.000043 | Val Loss=0.439492
Epoch 6/50 | Train Loss=0.000025 | Val Loss=0.454015
Epoch 7/50 | Train Loss=0.000015 | Val Loss=0.464283
Epoch 8/50 | Train Loss=0.000012 | Val Loss=0.469487
‚èπ Early stopping at epoch 8
[Tuning-Transformer] Threshold (p95)=0.001671
Epoch 1/50 | Train Loss=0.004257 | Val Loss=0.575229
Epoch 2/50 | Train Loss=0.000549 | Val Loss=0.606771
Epoch 3/50 | Train Loss=0.000413 | Val Loss=0.604807
Epoch 4/50 | Train Loss=0.000310 | Val Loss=0.602058
Epoch 5/50 | Train Loss=0.000255 | Val Loss=0.526450
Epoch 6/50 | Train Loss=0.000226 | Val Loss=0.596628
Epoch 7/50 | Train Loss=0.000213 | Val Loss=0.520598
Epoch 8/50 | Train Loss=0.000156 | Val Loss=0.405435
Epoch 9/50 | Train Loss=0.000075 | Val Loss=0.410972
Epoch 10/50 | Train Loss=0.000042 | Val Loss=0.429131
Epoch 11/50 | Train Loss=0.000032 | Val Loss=0.447631
Epoch 12/50 | Train Loss=0.000027 | Val Loss=0.462710
Epoch 13/50 | Train Loss=0.000023 | Val Loss=0.476569
‚èπ Early stopping at epoch 13
[Tuning-Transformer] Threshold (p95)=0.001688
Epoch 1/50 | Train Loss=0.000887 | Val Loss=0.420059
Epoch 2/50 | Train Loss=0.000400 | Val Loss=0.415595
Epoch 3/50 | Train Loss=0.000297 | Val Loss=0.402225
Epoch 4/50 | Train Loss=0.000237 | Val Loss=0.395219
Epoch 5/50 | Train Loss=0.000196 | Val Loss=0.389812
Epoch 6/50 | Train Loss=0.000162 | Val Loss=0.386748
Epoch 7/50 | Train Loss=0.000137 | Val Loss=0.386298
Epoch 8/50 | Train Loss=0.000118 | Val Loss=0.385853
Epoch 9/50 | Train Loss=0.000104 | Val Loss=0.384976
Epoch 10/50 | Train Loss=0.000091 | Val Loss=0.386193
Epoch 11/50 | Train Loss=0.000081 | Val Loss=0.388925
Epoch 12/50 | Train Loss=0.000072 | Val Loss=0.388214
Epoch 13/50 | Train Loss=0.000065 | Val Loss=0.388027
Epoch 14/50 | Train Loss=0.000059 | Val Loss=0.392022
‚èπ Early stopping at epoch 14
[I 2025-09-16 23:25:55,474] Trial 3 finished with value: 0.3849755823612213 and parameters: {'window_size': 60, 'batch_size': 32, 'lr': 0.00010612969243838982, 'd_model': 128, 'n_heads': 8, 'num_layers': 2, 'dropout': 0.23054579703167513}. Best is trial 3 with value: 0.3849755823612213.
[I 2025-09-16 23:25:56,187] Trial 4 finished with value: 0.2943083643913269 and parameters: {'window_size': 120, 'batch_size': 32, 'lr': 0.00022981643720492578, 'd_model': 128, 'n_heads': 4, 'num_layers': 1, 'dropout': 0.26687762363452705}. Best is trial 4 with value: 0.2943083643913269.
[I 2025-09-16 23:25:57,578] Trial 5 finished with value: 0.35168278217315674 and parameters: {'window_size': 120, 'batch_size': 32, 'lr': 0.0023108628835572464, 'd_model': 64, 'n_heads': 8, 'num_layers': 2, 'dropout': 0.24075085126238915}. Best is trial 4 with value: 0.2943083643913269.
[I 2025-09-16 23:25:59,049] Trial 6 finished with value: 0.304975301027298 and parameters: {'window_size': 120, 'batch_size': 32, 'lr': 0.0010523532210652844, 'd_model': 128, 'n_heads': 8, 'num_layers': 2, 'dropout': 0.10923145822461568}. Best is trial 4 with value: 0.2943083643913269.
[I 2025-09-16 23:26:00,435] Trial 7 finished with value: 0.47775691747665405 and parameters: {'window_size': 60, 'batch_size': 64, 'lr': 0.00016136456259501812, 'd_model': 32, 'n_heads': 8, 'num_layers': 2, 'dropout': 0.1978104873179089}. Best is trial 4 with value: 0.2943083643913269.
[I 2025-09-16 23:26:01,228] Trial 8 finished with value: 0.5680043697357178 and parameters: {'window_size': 120, 'batch_size': 128, 'lr': 0.005854568580468369, 'd_model': 64, 'n_heads': 4, 'num_layers': 2, 'dropout': 0.2158094663397962}. Best is trial 4 with value: 0.2943083643913269.
