[I 2025-09-16 23:43:35,383] Trial 9 finished with value: 1.589726209640503 and parameters: {'window_size': 120, 'batch_size': 64, 'lr': 0.0017911051885853909, 'd_model': 32, 'n_heads': 2, 'num_layers': 1, 'dropout': 0.3422277856291984}. Best is trial 0 with value: 1.5449943542480469.
Epoch 45/50 | Train Loss=0.000001 | Val Loss=1.950944
Epoch 46/50 | Train Loss=0.000001 | Val Loss=1.948964
Epoch 47/50 | Train Loss=0.000001 | Val Loss=1.947411
Epoch 48/50 | Train Loss=0.000001 | Val Loss=1.946095
Epoch 49/50 | Train Loss=0.000001 | Val Loss=1.945245
Epoch 50/50 | Train Loss=0.000001 | Val Loss=1.943955
[Tuning-Transformer] Threshold (p95)=0.000089
Epoch 1/50 | Train Loss=0.000402 | Val Loss=2.078771
Epoch 2/50 | Train Loss=0.000174 | Val Loss=2.046218
Epoch 3/50 | Train Loss=0.000130 | Val Loss=2.016576
Epoch 4/50 | Train Loss=0.000103 | Val Loss=2.004315
Epoch 5/50 | Train Loss=0.000087 | Val Loss=2.003367
Epoch 6/50 | Train Loss=0.000076 | Val Loss=1.999097
Epoch 7/50 | Train Loss=0.000067 | Val Loss=1.995903
Epoch 8/50 | Train Loss=0.000060 | Val Loss=1.994529
Epoch 9/50 | Train Loss=0.000054 | Val Loss=1.994877
Epoch 10/50 | Train Loss=0.000049 | Val Loss=1.996457
Epoch 11/50 | Train Loss=0.000045 | Val Loss=1.997461
Epoch 12/50 | Train Loss=0.000041 | Val Loss=2.001169
Epoch 13/50 | Train Loss=0.000038 | Val Loss=2.002866
‚èπ Early stopping at epoch 13
[Tuning-Transformer] Threshold (p95)=0.001028
Epoch 1/50 | Train Loss=0.000765 | Val Loss=2.092427
Epoch 2/50 | Train Loss=0.000141 | Val Loss=2.049469
Epoch 3/50 | Train Loss=0.000102 | Val Loss=2.048371
Epoch 4/50 | Train Loss=0.000085 | Val Loss=2.049530
Epoch 5/50 | Train Loss=0.000074 | Val Loss=2.047987
Epoch 6/50 | Train Loss=0.000064 | Val Loss=2.046546
Epoch 7/50 | Train Loss=0.000055 | Val Loss=2.044245
Epoch 8/50 | Train Loss=0.000049 | Val Loss=2.043290
Epoch 9/50 | Train Loss=0.000043 | Val Loss=2.042627
Epoch 10/50 | Train Loss=0.000038 | Val Loss=2.042140
Epoch 11/50 | Train Loss=0.000035 | Val Loss=2.042277
Epoch 12/50 | Train Loss=0.000031 | Val Loss=2.042448
Epoch 13/50 | Train Loss=0.000029 | Val Loss=2.043402
Epoch 14/50 | Train Loss=0.000027 | Val Loss=2.043669
Epoch 15/50 | Train Loss=0.000025 | Val Loss=2.043519
‚èπ Early stopping at epoch 15
[Tuning-Transformer] Threshold (p95)=0.000719
Epoch 1/50 | Train Loss=0.000775 | Val Loss=2.707635
Epoch 2/50 | Train Loss=0.000112 | Val Loss=2.710044
Epoch 3/50 | Train Loss=0.000071 | Val Loss=2.627527
Epoch 4/50 | Train Loss=0.000034 | Val Loss=2.602584
Epoch 5/50 | Train Loss=0.000020 | Val Loss=2.593439
Epoch 6/50 | Train Loss=0.000012 | Val Loss=2.580983
Epoch 7/50 | Train Loss=0.000009 | Val Loss=2.565954
Epoch 8/50 | Train Loss=0.000005 | Val Loss=2.555084
Epoch 9/50 | Train Loss=0.000004 | Val Loss=2.543265
Epoch 10/50 | Train Loss=0.000003 | Val Loss=2.531678
Epoch 11/50 | Train Loss=0.000002 | Val Loss=2.521054
Epoch 12/50 | Train Loss=0.000002 | Val Loss=2.515839
Epoch 13/50 | Train Loss=0.000001 | Val Loss=2.513128
Epoch 14/50 | Train Loss=0.000001 | Val Loss=2.514697
Epoch 15/50 | Train Loss=0.000001 | Val Loss=2.518050
Epoch 16/50 | Train Loss=0.000001 | Val Loss=2.523935
Epoch 17/50 | Train Loss=0.000001 | Val Loss=2.530490
Epoch 18/50 | Train Loss=0.000001 | Val Loss=2.537584
‚èπ Early stopping at epoch 18
[Tuning-Transformer] Threshold (p95)=0.000102
Epoch 1/50 | Train Loss=0.000687 | Val Loss=1.609096
Epoch 2/50 | Train Loss=0.000080 | Val Loss=1.599488
Epoch 3/50 | Train Loss=0.000049 | Val Loss=1.613918
Epoch 4/50 | Train Loss=0.000034 | Val Loss=1.631374
Epoch 5/50 | Train Loss=0.000022 | Val Loss=1.648068
Epoch 6/50 | Train Loss=0.000015 | Val Loss=1.652788
Epoch 7/50 | Train Loss=0.000010 | Val Loss=1.649770
‚èπ Early stopping at epoch 7
[Tuning-Transformer] Threshold (p95)=0.002528
Epoch 1/50 | Train Loss=0.000903 | Val Loss=1.706591
Epoch 2/50 | Train Loss=0.000188 | Val Loss=1.718818
Epoch 3/50 | Train Loss=0.000079 | Val Loss=1.708864
Epoch 4/50 | Train Loss=0.000046 | Val Loss=1.649615
Epoch 5/50 | Train Loss=0.000016 | Val Loss=1.616276
Epoch 6/50 | Train Loss=0.000007 | Val Loss=1.610758
Epoch 7/50 | Train Loss=0.000005 | Val Loss=1.617234
Epoch 8/50 | Train Loss=0.000004 | Val Loss=1.621332
Epoch 9/50 | Train Loss=0.000003 | Val Loss=1.620644
Epoch 10/50 | Train Loss=0.000003 | Val Loss=1.621326
Epoch 11/50 | Train Loss=0.000002 | Val Loss=1.622410
‚èπ Early stopping at epoch 11
[Tuning-Transformer] Threshold (p95)=0.001555
Epoch 1/50 | Train Loss=0.000424 | Val Loss=2.609475
Epoch 2/50 | Train Loss=0.000065 | Val Loss=2.613487
Epoch 3/50 | Train Loss=0.000030 | Val Loss=2.605616
Epoch 4/50 | Train Loss=0.000018 | Val Loss=2.602362
Epoch 5/50 | Train Loss=0.000013 | Val Loss=2.591312
Epoch 6/50 | Train Loss=0.000010 | Val Loss=2.591801
Epoch 7/50 | Train Loss=0.000008 | Val Loss=2.587930
Epoch 8/50 | Train Loss=0.000007 | Val Loss=2.590642
Epoch 9/50 | Train Loss=0.000006 | Val Loss=2.582685
Epoch 10/50 | Train Loss=0.000005 | Val Loss=2.577418
Epoch 11/50 | Train Loss=0.000005 | Val Loss=2.569546
Epoch 12/50 | Train Loss=0.000004 | Val Loss=2.560881
Epoch 13/50 | Train Loss=0.000004 | Val Loss=2.556384
Epoch 14/50 | Train Loss=0.000004 | Val Loss=2.547440
Epoch 15/50 | Train Loss=0.000003 | Val Loss=2.541238
Epoch 16/50 | Train Loss=0.000003 | Val Loss=2.532407
Epoch 17/50 | Train Loss=0.000003 | Val Loss=2.526181
Epoch 18/50 | Train Loss=0.000003 | Val Loss=2.517955
Epoch 19/50 | Train Loss=0.000003 | Val Loss=2.512618
Epoch 20/50 | Train Loss=0.000003 | Val Loss=2.508249
Epoch 21/50 | Train Loss=0.000003 | Val Loss=2.500991
Epoch 22/50 | Train Loss=0.000003 | Val Loss=2.498335
Epoch 23/50 | Train Loss=0.000003 | Val Loss=2.495898
Epoch 24/50 | Train Loss=0.000003 | Val Loss=2.494906
Epoch 25/50 | Train Loss=0.000003 | Val Loss=2.495166
Epoch 26/50 | Train Loss=0.000003 | Val Loss=2.496402
Epoch 27/50 | Train Loss=0.000003 | Val Loss=2.499559
Epoch 28/50 | Train Loss=0.000003 | Val Loss=2.503600
Epoch 29/50 | Train Loss=0.000003 | Val Loss=2.508628
‚èπ Early stopping at epoch 29
[Tuning-Transformer] Threshold (p95)=0.000068
Epoch 1/50 | Train Loss=0.000314 | Val Loss=2.062387
Epoch 2/50 | Train Loss=0.000087 | Val Loss=2.048170
Epoch 3/50 | Train Loss=0.000054 | Val Loss=2.039958
Epoch 4/50 | Train Loss=0.000036 | Val Loss=2.044315
Epoch 5/50 | Train Loss=0.000026 | Val Loss=2.046277
Epoch 6/50 | Train Loss=0.000020 | Val Loss=2.045932
Epoch 7/50 | Train Loss=0.000016 | Val Loss=2.046651
Epoch 8/50 | Train Loss=0.000013 | Val Loss=2.046739
‚èπ Early stopping at epoch 8
[Tuning-Transformer] Threshold (p95)=0.000257
Epoch 1/50 | Train Loss=0.000609 | Val Loss=1.604723
Epoch 2/50 | Train Loss=0.000105 | Val Loss=1.611431
Epoch 3/50 | Train Loss=0.000031 | Val Loss=1.611077
Epoch 4/50 | Train Loss=0.000019 | Val Loss=1.612813
Epoch 5/50 | Train Loss=0.000012 | Val Loss=1.610061
Epoch 6/50 | Train Loss=0.000008 | Val Loss=1.604384
Epoch 7/50 | Train Loss=0.000006 | Val Loss=1.596701
Epoch 8/50 | Train Loss=0.000005 | Val Loss=1.591550
Epoch 9/50 | Train Loss=0.000004 | Val Loss=1.589726
Epoch 10/50 | Train Loss=0.000004 | Val Loss=1.590585
Epoch 11/50 | Train Loss=0.000004 | Val Loss=1.593574
Epoch 12/50 | Train Loss=0.000004 | Val Loss=1.597914
Epoch 13/50 | Train Loss=0.000004 | Val Loss=1.602996
Epoch 14/50 | Train Loss=0.000004 | Val Loss=1.608273
‚èπ Early stopping at epoch 14
[Tuning-Transformer] Threshold (p95)=0.000785
üîé Best hyperparameters for Transformer: {'window_size': 120, 'batch_size': 64, 'lr': 0.0015771840620269885, 'd_model': 64, 'n_heads': 4, 'num_layers': 1, 'dropout': 0.2354648410160384}
Best validation loss: 1.5449943542480469
‚úÖ Best LSTM params: {'window_size': 120, 'batch_size': 32, 'lr': 0.0017163338409334455, 'hidden_size': 128, 'dropout': 0.452386975461629}
‚úÖ Best Transformer params: {'window_size': 120, 'batch_size': 64, 'lr': 0.0015771840620269885, 'd_model': 64, 'n_heads': 4, 'num_layers': 1, 'dropout': 0.2354648410160384}

>>> Training LSTM_AE for coin_coin_Dogecoin...
Epoch 1/100 | Train Loss=0.000087 | Val Loss=1.664697
Epoch 2/100 | Train Loss=0.000048 | Val Loss=1.691795
Epoch 3/100 | Train Loss=0.000042 | Val Loss=1.698711
Epoch 4/100 | Train Loss=0.000040 | Val Loss=1.702066
Epoch 5/100 | Train Loss=0.000038 | Val Loss=1.700689
Epoch 6/100 | Train Loss=0.000037 | Val Loss=1.697942
Epoch 7/100 | Train Loss=0.000035 | Val Loss=1.693998
Epoch 8/100 | Train Loss=0.000034 | Val Loss=1.691485
‚èπ Early stopping at epoch 8
[I 2025-09-16 23:43:52,521] A new study created in memory with name: no-name-3c4d5138-3ee4-4fb3-970d-2bd7d22a2cc0
[I 2025-09-16 23:43:56,185] Trial 0 finished with value: 0.025686798617243767 and parameters: {'window_size': 120, 'batch_size': 64, 'lr': 0.0002722190207941164, 'hidden_size': 128, 'dropout': 0.2391475392383367}. Best is trial 0 with value: 0.025686798617243767.
[I 2025-09-16 23:43:58,658] Trial 1 finished with value: 0.02755945734679699 and parameters: {'window_size': 120, 'batch_size': 64, 'lr': 0.000702109223663639, 'hidden_size': 128, 'dropout': 0.3811324538712022}. Best is trial 0 with value: 0.025686798617243767.
[I 2025-09-16 23:44:00,327] Trial 2 finished with value: 0.030753660947084427 and parameters: {'window_size': 120, 'batch_size': 64, 'lr': 0.0018272458181649825, 'hidden_size': 16, 'dropout': 0.49129305434093185}. Best is trial 0 with value: 0.025686798617243767.
[I 2025-09-16 23:44:02,319] Trial 3 finished with value: 0.03065597452223301 and parameters: {'window_size': 120, 'batch_size': 128, 'lr': 0.0009403365315144553, 'hidden_size': 64, 'dropout': 0.46418030958727774}. Best is trial 0 with value: 0.025686798617243767.
[I 2025-09-16 23:44:05,258] Trial 4 finished with value: 0.03225291147828102 and parameters: {'window_size': 120, 'batch_size': 32, 'lr': 0.008527438676982276, 'hidden_size': 32, 'dropout': 0.10563263654287179}. Best is trial 0 with value: 0.025686798617243767.
[I 2025-09-16 23:44:07,185] Trial 5 finished with value: 0.03128988295793533 and parameters: {'window_size': 90, 'batch_size': 32, 'lr': 0.002214789474039571, 'hidden_size': 32, 'dropout': 0.15793998673185278}. Best is trial 0 with value: 0.025686798617243767.
[coin_coin_Dogecoin (LSTM_AE)] Threshold (p95)=0.031262
üìä Saved error distribution to /data/m24csa029/MTP/cyptocurrency/results/coin_coin_Dogecoin_LSTM_AE_anomalies_errors.png
coin_coin_Dogecoin [LSTM_AE]: 377 anomalies detected

>>> Training Transformer for coin_coin_Dogecoin...
Epoch 1/100 | Train Loss=0.000501 | Val Loss=1.590384
Epoch 2/100 | Train Loss=0.000075 | Val Loss=1.608362
Epoch 3/100 | Train Loss=0.000019 | Val Loss=1.607396
Epoch 4/100 | Train Loss=0.000011 | Val Loss=1.590608
Epoch 5/100 | Train Loss=0.000008 | Val Loss=1.578071
Epoch 6/100 | Train Loss=0.000006 | Val Loss=1.573138
Epoch 7/100 | Train Loss=0.000005 | Val Loss=1.572167
Epoch 8/100 | Train Loss=0.000004 | Val Loss=1.571799
Epoch 9/100 | Train Loss=0.000003 | Val Loss=1.570838
Epoch 10/100 | Train Loss=0.000003 | Val Loss=1.569312
Epoch 11/100 | Train Loss=0.000002 | Val Loss=1.568179
Epoch 12/100 | Train Loss=0.000002 | Val Loss=1.567245
Epoch 13/100 | Train Loss=0.000002 | Val Loss=1.567416
Epoch 14/100 | Train Loss=0.000002 | Val Loss=1.566765
Epoch 15/100 | Train Loss=0.000001 | Val Loss=1.565225
Epoch 16/100 | Train Loss=0.000001 | Val Loss=1.564203
Epoch 17/100 | Train Loss=0.000001 | Val Loss=1.563427
Epoch 18/100 | Train Loss=0.000001 | Val Loss=1.562443
Epoch 19/100 | Train Loss=0.000001 | Val Loss=1.562075
Epoch 20/100 | Train Loss=0.000001 | Val Loss=1.561336
Epoch 21/100 | Train Loss=0.000001 | Val Loss=1.559952
Epoch 22/100 | Train Loss=0.000001 | Val Loss=1.558996
Epoch 23/100 | Train Loss=0.000001 | Val Loss=1.557850
Epoch 24/100 | Train Loss=0.000001 | Val Loss=1.556413
Epoch 25/100 | Train Loss=0.000001 | Val Loss=1.555489
Epoch 26/100 | Train Loss=0.000001 | Val Loss=1.554639
Epoch 27/100 | Train Loss=0.000001 | Val Loss=1.553316
Epoch 28/100 | Train Loss=0.000001 | Val Loss=1.552043
Epoch 29/100 | Train Loss=0.000001 | Val Loss=1.550890
Epoch 30/100 | Train Loss=0.000001 | Val Loss=1.549679
Epoch 31/100 | Train Loss=0.000000 | Val Loss=1.548509
Epoch 32/100 | Train Loss=0.000000 | Val Loss=1.547210
Epoch 33/100 | Train Loss=0.000000 | Val Loss=1.546109
Epoch 34/100 | Train Loss=0.000000 | Val Loss=1.544942
Epoch 35/100 | Train Loss=0.000000 | Val Loss=1.543898
Epoch 36/100 | Train Loss=0.000000 | Val Loss=1.542967
Epoch 37/100 | Train Loss=0.000000 | Val Loss=1.542118
Epoch 38/100 | Train Loss=0.000000 | Val Loss=1.541355
Epoch 39/100 | Train Loss=0.000000 | Val Loss=1.540714
Epoch 40/100 | Train Loss=0.000000 | Val Loss=1.540299
Epoch 41/100 | Train Loss=0.000000 | Val Loss=1.540088
Epoch 42/100 | Train Loss=0.000000 | Val Loss=1.540029
Epoch 43/100 | Train Loss=0.000000 | Val Loss=1.540013
Epoch 44/100 | Train Loss=0.000000 | Val Loss=1.540390
Epoch 45/100 | Train Loss=0.000000 | Val Loss=1.540932
Epoch 46/100 | Train Loss=0.000000 | Val Loss=1.541500
Epoch 47/100 | Train Loss=0.000000 | Val Loss=1.542335
Epoch 48/100 | Train Loss=0.000000 | Val Loss=1.543368
Epoch 49/100 | Train Loss=0.000000 | Val Loss=1.544476
Epoch 50/100 | Train Loss=0.000000 | Val Loss=1.545778
‚èπ Early stopping at epoch 50
[coin_coin_Dogecoin (Transformer)] Threshold (p95)=0.000152
üìä Saved error distribution to /data/m24csa029/MTP/cyptocurrency/results/coin_coin_Dogecoin_Transformer_anomalies_errors.png
coin_coin_Dogecoin [Transformer]: 434 anomalies detected

üöÄ Processing coin_coin_Litecoin...

üîé Running hyperparameter search for LSTM_AE on coin_coin_Litecoin...
Epoch 1/50 | Train Loss=0.000290 | Val Loss=0.048872
Epoch 2/50 | Train Loss=0.000159 | Val Loss=0.040281
Epoch 3/50 | Train Loss=0.000136 | Val Loss=0.033948
Epoch 4/50 | Train Loss=0.000116 | Val Loss=0.029833
Epoch 5/50 | Train Loss=0.000101 | Val Loss=0.027936
Epoch 6/50 | Train Loss=0.000093 | Val Loss=0.027947
Epoch 7/50 | Train Loss=0.000089 | Val Loss=0.027190
Epoch 8/50 | Train Loss=0.000087 | Val Loss=0.027042
Epoch 9/50 | Train Loss=0.000086 | Val Loss=0.026820
Epoch 10/50 | Train Loss=0.000084 | Val Loss=0.026412
Epoch 11/50 | Train Loss=0.000083 | Val Loss=0.026299
Epoch 12/50 | Train Loss=0.000082 | Val Loss=0.026208
Epoch 13/50 | Train Loss=0.000082 | Val Loss=0.026171
Epoch 14/50 | Train Loss=0.000080 | Val Loss=0.026106
Epoch 15/50 | Train Loss=0.000080 | Val Loss=0.025687
Epoch 16/50 | Train Loss=0.000079 | Val Loss=0.025777
Epoch 17/50 | Train Loss=0.000078 | Val Loss=0.025710
Epoch 18/50 | Train Loss=0.000077 | Val Loss=0.025784
Epoch 19/50 | Train Loss=0.000077 | Val Loss=0.025909
Epoch 20/50 | Train Loss=0.000077 | Val Loss=0.025868
‚èπ Early stopping at epoch 20
[Tuning-LSTM_AE] Threshold (p95)=0.041793
Epoch 1/50 | Train Loss=0.000189 | Val Loss=0.036481
Epoch 2/50 | Train Loss=0.000110 | Val Loss=0.028692
Epoch 3/50 | Train Loss=0.000092 | Val Loss=0.029567
Epoch 4/50 | Train Loss=0.000088 | Val Loss=0.028435
Epoch 5/50 | Train Loss=0.000085 | Val Loss=0.027999
Epoch 6/50 | Train Loss=0.000083 | Val Loss=0.028214
Epoch 7/50 | Train Loss=0.000082 | Val Loss=0.028132
Epoch 8/50 | Train Loss=0.000080 | Val Loss=0.027559
Epoch 9/50 | Train Loss=0.000080 | Val Loss=0.028616
Epoch 10/50 | Train Loss=0.000079 | Val Loss=0.027917
Epoch 11/50 | Train Loss=0.000078 | Val Loss=0.028847
Epoch 12/50 | Train Loss=0.000076 | Val Loss=0.028894
Epoch 13/50 | Train Loss=0.000075 | Val Loss=0.029861
‚èπ Early stopping at epoch 13
[Tuning-LSTM_AE] Threshold (p95)=0.041612
Epoch 1/50 | Train Loss=0.000298 | Val Loss=0.053833
Epoch 2/50 | Train Loss=0.000190 | Val Loss=0.049665
Epoch 3/50 | Train Loss=0.000166 | Val Loss=0.043768
Epoch 4/50 | Train Loss=0.000128 | Val Loss=0.032487
Epoch 5/50 | Train Loss=0.000101 | Val Loss=0.030754
Epoch 6/50 | Train Loss=0.000093 | Val Loss=0.031748
Epoch 7/50 | Train Loss=0.000090 | Val Loss=0.032106
Epoch 8/50 | Train Loss=0.000088 | Val Loss=0.031832
Epoch 9/50 | Train Loss=0.000085 | Val Loss=0.032834
Epoch 10/50 | Train Loss=0.000082 | Val Loss=0.034254
‚èπ Early stopping at epoch 10
[Tuning-LSTM_AE] Threshold (p95)=0.048765
Epoch 1/50 | Train Loss=0.000122 | Val Loss=0.047273
Epoch 2/50 | Train Loss=0.000081 | Val Loss=0.042492
Epoch 3/50 | Train Loss=0.000073 | Val Loss=0.040531
Epoch 4/50 | Train Loss=0.000066 | Val Loss=0.036836
Epoch 5/50 | Train Loss=0.000059 | Val Loss=0.033787
Epoch 6/50 | Train Loss=0.000052 | Val Loss=0.032465
Epoch 7/50 | Train Loss=0.000048 | Val Loss=0.031478
Epoch 8/50 | Train Loss=0.000045 | Val Loss=0.031421
Epoch 9/50 | Train Loss=0.000044 | Val Loss=0.031575
Epoch 10/50 | Train Loss=0.000044 | Val Loss=0.031262
Epoch 11/50 | Train Loss=0.000043 | Val Loss=0.031243
Epoch 12/50 | Train Loss=0.000042 | Val Loss=0.030951
Epoch 13/50 | Train Loss=0.000042 | Val Loss=0.031118
Epoch 14/50 | Train Loss=0.000042 | Val Loss=0.030983
Epoch 15/50 | Train Loss=0.000041 | Val Loss=0.030977
Epoch 16/50 | Train Loss=0.000041 | Val Loss=0.031094
Epoch 17/50 | Train Loss=0.000040 | Val Loss=0.030656
Epoch 18/50 | Train Loss=0.000040 | Val Loss=0.031581
Epoch 19/50 | Train Loss=0.000040 | Val Loss=0.031251
Epoch 20/50 | Train Loss=0.000039 | Val Loss=0.030836
Epoch 21/50 | Train Loss=0.000039 | Val Loss=0.031195
Epoch 22/50 | Train Loss=0.000039 | Val Loss=0.031300
‚èπ Early stopping at epoch 22
[Tuning-LSTM_AE] Threshold (p95)=0.042754
Epoch 1/50 | Train Loss=0.000241 | Val Loss=0.038364
Epoch 2/50 | Train Loss=0.000179 | Val Loss=0.039268
Epoch 3/50 | Train Loss=0.000171 | Val Loss=0.034010
Epoch 4/50 | Train Loss=0.000163 | Val Loss=0.032253
Epoch 5/50 | Train Loss=0.000155 | Val Loss=0.035786
Epoch 6/50 | Train Loss=0.000158 | Val Loss=0.035880
Epoch 7/50 | Train Loss=0.000160 | Val Loss=0.035567
Epoch 8/50 | Train Loss=0.000159 | Val Loss=0.032500
Epoch 9/50 | Train Loss=0.000160 | Val Loss=0.033812
‚èπ Early stopping at epoch 9
[Tuning-LSTM_AE] Threshold (p95)=0.047541
Epoch 1/50 | Train Loss=0.000380 | Val Loss=0.031290
Epoch 2/50 | Train Loss=0.000164 | Val Loss=0.032962
Epoch 3/50 | Train Loss=0.000152 | Val Loss=0.032650
Epoch 4/50 | Train Loss=0.000148 | Val Loss=0.032907
Epoch 5/50 | Train Loss=0.000146 | Val Loss=0.032753
Epoch 6/50 | Train Loss=0.000142 | Val Loss=0.034891
‚èπ Early stopping at epoch 6
[Tuning-LSTM_AE] Threshold (p95)=0.034211
Epoch 1/50 | Train Loss=0.000227 | Val Loss=0.031393
[I 2025-09-16 23:44:11,716] Trial 6 finished with value: 0.027978381142020226 and parameters: {'window_size': 120, 'batch_size': 32, 'lr': 0.009410133716096976, 'hidden_size': 32, 'dropout': 0.28525357307833954}. Best is trial 0 with value: 0.025686798617243767.
[I 2025-09-16 23:44:15,967] Trial 7 finished with value: 0.022296275943517685 and parameters: {'window_size': 120, 'batch_size': 128, 'lr': 0.0003097616939956205, 'hidden_size': 128, 'dropout': 0.1666890634838274}. Best is trial 7 with value: 0.022296275943517685.
[I 2025-09-16 23:44:18,074] Trial 8 finished with value: 0.03351801261305809 and parameters: {'window_size': 120, 'batch_size': 128, 'lr': 0.0006220888926431075, 'hidden_size': 16, 'dropout': 0.146851229694128}. Best is trial 7 with value: 0.022296275943517685.
[I 2025-09-16 23:44:19,222] Trial 9 finished with value: 0.029746247455477715 and parameters: {'window_size': 60, 'batch_size': 64, 'lr': 0.004838376737018426, 'hidden_size': 128, 'dropout': 0.3703254878807656}. Best is trial 7 with value: 0.022296275943517685.
[I 2025-09-16 23:44:19,223] A new study created in memory with name: no-name-a55386dd-20bd-462b-81f5-4c4ff6689f69
[I 2025-09-16 23:44:21,116] Trial 0 finished with value: 0.003969583660364151 and parameters: {'window_size': 120, 'batch_size': 128, 'lr': 0.0004547993840184083, 'd_model': 64, 'n_heads': 2, 'num_layers': 1, 'dropout': 0.12799210160717533}. Best is trial 0 with value: 0.003969583660364151.
[I 2025-09-16 23:44:23,243] Trial 1 finished with value: 0.001008873339742422 and parameters: {'window_size': 60, 'batch_size': 64, 'lr': 0.005357979824115239, 'd_model': 64, 'n_heads': 8, 'num_layers': 1, 'dropout': 0.2028917129728816}. Best is trial 1 with value: 0.001008873339742422.
[I 2025-09-16 23:44:27,016] Trial 2 finished with value: 0.0005534501979127526 and parameters: {'window_size': 60, 'batch_size': 64, 'lr': 0.0015102775361648282, 'd_model': 64, 'n_heads': 8, 'num_layers': 1, 'dropout': 0.3454807818124284}. Best is trial 2 with value: 0.0005534501979127526.
