[I 2025-09-16 23:35:46,985] Trial 9 finished with value: 0.001232259557582438 and parameters: {'window_size': 90, 'batch_size': 32, 'lr': 0.003470546673866898, 'd_model': 128, 'n_heads': 4, 'num_layers': 3, 'dropout': 0.3504376001892987}. Best is trial 8 with value: 0.00015024743333924562.
Epoch 2/50 | Train Loss=0.000387 | Val Loss=0.010761
Epoch 3/50 | Train Loss=0.000248 | Val Loss=0.004525
Epoch 4/50 | Train Loss=0.000163 | Val Loss=0.002282
Epoch 5/50 | Train Loss=0.000114 | Val Loss=0.001871
Epoch 6/50 | Train Loss=0.000085 | Val Loss=0.001807
Epoch 7/50 | Train Loss=0.000068 | Val Loss=0.001460
Epoch 8/50 | Train Loss=0.000056 | Val Loss=0.001282
Epoch 9/50 | Train Loss=0.000047 | Val Loss=0.001330
Epoch 10/50 | Train Loss=0.000040 | Val Loss=0.001284
Epoch 11/50 | Train Loss=0.000034 | Val Loss=0.001477
Epoch 12/50 | Train Loss=0.000030 | Val Loss=0.001536
Epoch 13/50 | Train Loss=0.000028 | Val Loss=0.001487
‚èπ Early stopping at epoch 13
[Tuning-Transformer] Threshold (p95)=0.001075
Epoch 1/50 | Train Loss=0.004639 | Val Loss=0.031026
Epoch 2/50 | Train Loss=0.000627 | Val Loss=0.023185
Epoch 3/50 | Train Loss=0.000326 | Val Loss=0.018718
Epoch 4/50 | Train Loss=0.000199 | Val Loss=0.011097
Epoch 5/50 | Train Loss=0.000157 | Val Loss=0.006798
Epoch 6/50 | Train Loss=0.000043 | Val Loss=0.003402
Epoch 7/50 | Train Loss=0.000021 | Val Loss=0.002418
Epoch 8/50 | Train Loss=0.000016 | Val Loss=0.002224
Epoch 9/50 | Train Loss=0.000012 | Val Loss=0.001806
Epoch 10/50 | Train Loss=0.000010 | Val Loss=0.001263
Epoch 11/50 | Train Loss=0.000008 | Val Loss=0.001064
Epoch 12/50 | Train Loss=0.000007 | Val Loss=0.000800
Epoch 13/50 | Train Loss=0.000006 | Val Loss=0.000543
Epoch 14/50 | Train Loss=0.000006 | Val Loss=0.000503
Epoch 15/50 | Train Loss=0.000005 | Val Loss=0.000396
Epoch 16/50 | Train Loss=0.000005 | Val Loss=0.000408
Epoch 17/50 | Train Loss=0.000004 | Val Loss=0.000460
Epoch 18/50 | Train Loss=0.000004 | Val Loss=0.000522
Epoch 19/50 | Train Loss=0.000004 | Val Loss=0.000665
Epoch 20/50 | Train Loss=0.000003 | Val Loss=0.000711
‚èπ Early stopping at epoch 20
[Tuning-Transformer] Threshold (p95)=0.000585
Epoch 1/50 | Train Loss=0.001033 | Val Loss=0.031753
Epoch 2/50 | Train Loss=0.000291 | Val Loss=0.029342
Epoch 3/50 | Train Loss=0.000244 | Val Loss=0.037161
Epoch 4/50 | Train Loss=0.000196 | Val Loss=0.021993
Epoch 5/50 | Train Loss=0.000168 | Val Loss=0.022944
Epoch 6/50 | Train Loss=0.000160 | Val Loss=0.025685
Epoch 7/50 | Train Loss=0.000146 | Val Loss=0.022390
Epoch 8/50 | Train Loss=0.000135 | Val Loss=0.023450
Epoch 9/50 | Train Loss=0.000126 | Val Loss=0.023675
‚èπ Early stopping at epoch 9
[Tuning-Transformer] Threshold (p95)=0.023561
Epoch 1/50 | Train Loss=0.001877 | Val Loss=0.036667
Epoch 2/50 | Train Loss=0.000602 | Val Loss=0.017459
Epoch 3/50 | Train Loss=0.000404 | Val Loss=0.030540
Epoch 4/50 | Train Loss=0.000266 | Val Loss=0.022407
Epoch 5/50 | Train Loss=0.000180 | Val Loss=0.018156
Epoch 6/50 | Train Loss=0.000134 | Val Loss=0.020194
Epoch 7/50 | Train Loss=0.000112 | Val Loss=0.024868
‚èπ Early stopping at epoch 7
[Tuning-Transformer] Threshold (p95)=0.025570
Epoch 1/50 | Train Loss=0.001492 | Val Loss=0.024710
Epoch 2/50 | Train Loss=0.000383 | Val Loss=0.016257
Epoch 3/50 | Train Loss=0.000245 | Val Loss=0.010979
Epoch 4/50 | Train Loss=0.000136 | Val Loss=0.010193
Epoch 5/50 | Train Loss=0.000093 | Val Loss=0.008719
Epoch 6/50 | Train Loss=0.000074 | Val Loss=0.006522
Epoch 7/50 | Train Loss=0.000060 | Val Loss=0.006198
Epoch 8/50 | Train Loss=0.000050 | Val Loss=0.005916
Epoch 9/50 | Train Loss=0.000044 | Val Loss=0.005186
Epoch 10/50 | Train Loss=0.000039 | Val Loss=0.004751
Epoch 11/50 | Train Loss=0.000035 | Val Loss=0.005583
Epoch 12/50 | Train Loss=0.000034 | Val Loss=0.004939
Epoch 13/50 | Train Loss=0.000030 | Val Loss=0.005000
Epoch 14/50 | Train Loss=0.000029 | Val Loss=0.004796
Epoch 15/50 | Train Loss=0.000026 | Val Loss=0.005031
‚èπ Early stopping at epoch 15
[Tuning-Transformer] Threshold (p95)=0.002404
Epoch 1/50 | Train Loss=0.001690 | Val Loss=0.018233
Epoch 2/50 | Train Loss=0.000366 | Val Loss=0.013396
Epoch 3/50 | Train Loss=0.000207 | Val Loss=0.006865
Epoch 4/50 | Train Loss=0.000111 | Val Loss=0.003958
Epoch 5/50 | Train Loss=0.000076 | Val Loss=0.002729
Epoch 6/50 | Train Loss=0.000050 | Val Loss=0.001830
Epoch 7/50 | Train Loss=0.000041 | Val Loss=0.001655
Epoch 8/50 | Train Loss=0.000040 | Val Loss=0.001723
Epoch 9/50 | Train Loss=0.000030 | Val Loss=0.001500
Epoch 10/50 | Train Loss=0.000025 | Val Loss=0.001259
Epoch 11/50 | Train Loss=0.000022 | Val Loss=0.001362
Epoch 12/50 | Train Loss=0.000021 | Val Loss=0.001332
Epoch 13/50 | Train Loss=0.000018 | Val Loss=0.001194
Epoch 14/50 | Train Loss=0.000018 | Val Loss=0.001173
Epoch 15/50 | Train Loss=0.000016 | Val Loss=0.001048
Epoch 16/50 | Train Loss=0.000015 | Val Loss=0.001133
Epoch 17/50 | Train Loss=0.000013 | Val Loss=0.001197
Epoch 18/50 | Train Loss=0.000012 | Val Loss=0.000985
Epoch 19/50 | Train Loss=0.000011 | Val Loss=0.000997
Epoch 20/50 | Train Loss=0.000010 | Val Loss=0.000886
Epoch 21/50 | Train Loss=0.000009 | Val Loss=0.000781
Epoch 22/50 | Train Loss=0.000008 | Val Loss=0.000746
Epoch 23/50 | Train Loss=0.000008 | Val Loss=0.000761
Epoch 24/50 | Train Loss=0.000007 | Val Loss=0.000749
Epoch 25/50 | Train Loss=0.000007 | Val Loss=0.000686
Epoch 26/50 | Train Loss=0.000006 | Val Loss=0.000633
Epoch 27/50 | Train Loss=0.000006 | Val Loss=0.000613
Epoch 28/50 | Train Loss=0.000005 | Val Loss=0.000559
Epoch 29/50 | Train Loss=0.000005 | Val Loss=0.000479
Epoch 30/50 | Train Loss=0.000005 | Val Loss=0.000489
Epoch 31/50 | Train Loss=0.000004 | Val Loss=0.000457
Epoch 32/50 | Train Loss=0.000004 | Val Loss=0.000439
Epoch 33/50 | Train Loss=0.000004 | Val Loss=0.000381
Epoch 34/50 | Train Loss=0.000003 | Val Loss=0.000384
Epoch 35/50 | Train Loss=0.000003 | Val Loss=0.000389
Epoch 36/50 | Train Loss=0.000003 | Val Loss=0.000325
Epoch 37/50 | Train Loss=0.000003 | Val Loss=0.000278
Epoch 38/50 | Train Loss=0.000003 | Val Loss=0.000292
Epoch 39/50 | Train Loss=0.000002 | Val Loss=0.000262
Epoch 40/50 | Train Loss=0.000002 | Val Loss=0.000228
Epoch 41/50 | Train Loss=0.000002 | Val Loss=0.000228
Epoch 42/50 | Train Loss=0.000002 | Val Loss=0.000222
Epoch 43/50 | Train Loss=0.000002 | Val Loss=0.000234
Epoch 44/50 | Train Loss=0.000002 | Val Loss=0.000198
Epoch 45/50 | Train Loss=0.000002 | Val Loss=0.000196
Epoch 46/50 | Train Loss=0.000002 | Val Loss=0.000189
Epoch 47/50 | Train Loss=0.000002 | Val Loss=0.000169
Epoch 48/50 | Train Loss=0.000002 | Val Loss=0.000195
Epoch 49/50 | Train Loss=0.000002 | Val Loss=0.000171
Epoch 50/50 | Train Loss=0.000001 | Val Loss=0.000150
[Tuning-Transformer] Threshold (p95)=0.000185
Epoch 1/50 | Train Loss=0.004841 | Val Loss=0.028826
Epoch 2/50 | Train Loss=0.000665 | Val Loss=0.019137
Epoch 3/50 | Train Loss=0.000262 | Val Loss=0.022739
Epoch 4/50 | Train Loss=0.000157 | Val Loss=0.008267
Epoch 5/50 | Train Loss=0.000048 | Val Loss=0.004026
Epoch 6/50 | Train Loss=0.000017 | Val Loss=0.002082
Epoch 7/50 | Train Loss=0.000009 | Val Loss=0.001333
Epoch 8/50 | Train Loss=0.000006 | Val Loss=0.001233
Epoch 9/50 | Train Loss=0.000004 | Val Loss=0.001232
Epoch 10/50 | Train Loss=0.000005 | Val Loss=0.001768
Epoch 11/50 | Train Loss=0.000007 | Val Loss=0.001966
Epoch 12/50 | Train Loss=0.000005 | Val Loss=0.003224
Epoch 13/50 | Train Loss=0.000008 | Val Loss=0.003054
Epoch 14/50 | Train Loss=0.000005 | Val Loss=0.003249
‚èπ Early stopping at epoch 14
[Tuning-Transformer] Threshold (p95)=0.001040
üîé Best hyperparameters for Transformer: {'window_size': 120, 'batch_size': 32, 'lr': 0.0004803598884123867, 'd_model': 128, 'n_heads': 2, 'num_layers': 3, 'dropout': 0.15831930131538557}
Best validation loss: 0.00015024743333924562
‚úÖ Best LSTM params: {'window_size': 120, 'batch_size': 128, 'lr': 0.0032834678609517396, 'hidden_size': 16, 'dropout': 0.49014980164302047}
‚úÖ Best Transformer params: {'window_size': 120, 'batch_size': 32, 'lr': 0.0004803598884123867, 'd_model': 128, 'n_heads': 2, 'num_layers': 3, 'dropout': 0.15831930131538557}

>>> Training LSTM_AE for coin_coin_USDCoin...
Epoch 1/100 | Train Loss=0.001664 | Val Loss=0.091601
Epoch 2/100 | Train Loss=0.001322 | Val Loss=0.065980
Epoch 3/100 | Train Loss=0.001043 | Val Loss=0.045456
Epoch 4/100 | Train Loss=0.000762 | Val Loss=0.026939
Epoch 5/100 | Train Loss=0.000536 | Val Loss=0.016482
[I 2025-09-16 23:36:19,718] A new study created in memory with name: no-name-d4de79d4-b962-4951-b80d-53ee151fe0a6
Epoch 6/100 | Train Loss=0.000370 | Val Loss=0.015268
Epoch 7/100 | Train Loss=0.000275 | Val Loss=0.015505
Epoch 8/100 | Train Loss=0.000207 | Val Loss=0.015764
Epoch 9/100 | Train Loss=0.000188 | Val Loss=0.016131
Epoch 10/100 | Train Loss=0.000162 | Val Loss=0.016382
Epoch 11/100 | Train Loss=0.000155 | Val Loss=0.016558
Epoch 12/100 | Train Loss=0.000144 | Val Loss=0.017013
Epoch 13/100 | Train Loss=0.000142 | Val Loss=0.017260
‚èπ Early stopping at epoch 13
[coin_coin_USDCoin (LSTM_AE)] Threshold (p95)=0.021331
üìä Saved error distribution to /data/m24csa029/MTP/cyptocurrency/results/coin_coin_USDCoin_LSTM_AE_anomalies_errors.png
coin_coin_USDCoin [LSTM_AE]: 135 anomalies detected

>>> Training Transformer for coin_coin_USDCoin...
Epoch 1/100 | Train Loss=0.002839 | Val Loss=0.031165
Epoch 2/100 | Train Loss=0.000326 | Val Loss=0.020000
Epoch 3/100 | Train Loss=0.000232 | Val Loss=0.021621
Epoch 4/100 | Train Loss=0.000195 | Val Loss=0.015742
Epoch 5/100 | Train Loss=0.000158 | Val Loss=0.018573
Epoch 6/100 | Train Loss=0.000129 | Val Loss=0.019564
Epoch 7/100 | Train Loss=0.000105 | Val Loss=0.019631
Epoch 8/100 | Train Loss=0.000081 | Val Loss=0.018270
Epoch 9/100 | Train Loss=0.000074 | Val Loss=0.015203
Epoch 10/100 | Train Loss=0.000053 | Val Loss=0.011024
Epoch 11/100 | Train Loss=0.000042 | Val Loss=0.012250
Epoch 12/100 | Train Loss=0.000036 | Val Loss=0.010199
Epoch 13/100 | Train Loss=0.000029 | Val Loss=0.006180
Epoch 14/100 | Train Loss=0.000045 | Val Loss=0.007420
Epoch 15/100 | Train Loss=0.000034 | Val Loss=0.008872
Epoch 16/100 | Train Loss=0.000023 | Val Loss=0.005449
Epoch 17/100 | Train Loss=0.000015 | Val Loss=0.002331
Epoch 18/100 | Train Loss=0.000012 | Val Loss=0.001760
Epoch 19/100 | Train Loss=0.000014 | Val Loss=0.002072
Epoch 20/100 | Train Loss=0.000012 | Val Loss=0.001536
Epoch 21/100 | Train Loss=0.000008 | Val Loss=0.001156
Epoch 22/100 | Train Loss=0.000007 | Val Loss=0.001098
Epoch 23/100 | Train Loss=0.000013 | Val Loss=0.002059
Epoch 24/100 | Train Loss=0.000009 | Val Loss=0.000973
Epoch 25/100 | Train Loss=0.000006 | Val Loss=0.000789
Epoch 26/100 | Train Loss=0.000010 | Val Loss=0.000998
Epoch 27/100 | Train Loss=0.000008 | Val Loss=0.001137
Epoch 28/100 | Train Loss=0.000005 | Val Loss=0.000741
Epoch 29/100 | Train Loss=0.000006 | Val Loss=0.001097
Epoch 30/100 | Train Loss=0.000007 | Val Loss=0.000833
Epoch 31/100 | Train Loss=0.000004 | Val Loss=0.000619
Epoch 32/100 | Train Loss=0.000006 | Val Loss=0.001385
Epoch 33/100 | Train Loss=0.000007 | Val Loss=0.000545
Epoch 34/100 | Train Loss=0.000005 | Val Loss=0.000639
Epoch 35/100 | Train Loss=0.000005 | Val Loss=0.000595
Epoch 36/100 | Train Loss=0.000003 | Val Loss=0.000579
Epoch 37/100 | Train Loss=0.000009 | Val Loss=0.000809
Epoch 38/100 | Train Loss=0.000005 | Val Loss=0.000633
Epoch 39/100 | Train Loss=0.000003 | Val Loss=0.000510
Epoch 40/100 | Train Loss=0.000004 | Val Loss=0.000532
Epoch 41/100 | Train Loss=0.000003 | Val Loss=0.000579
Epoch 42/100 | Train Loss=0.000005 | Val Loss=0.000583
Epoch 43/100 | Train Loss=0.000003 | Val Loss=0.000455
Epoch 44/100 | Train Loss=0.000003 | Val Loss=0.000647
Epoch 45/100 | Train Loss=0.000005 | Val Loss=0.000485
Epoch 46/100 | Train Loss=0.000003 | Val Loss=0.000463
Epoch 47/100 | Train Loss=0.000003 | Val Loss=0.000522
Epoch 48/100 | Train Loss=0.000003 | Val Loss=0.000362
Epoch 49/100 | Train Loss=0.000004 | Val Loss=0.000517
Epoch 50/100 | Train Loss=0.000003 | Val Loss=0.000425
Epoch 51/100 | Train Loss=0.000002 | Val Loss=0.000372
Epoch 52/100 | Train Loss=0.000002 | Val Loss=0.000600
Epoch 53/100 | Train Loss=0.000006 | Val Loss=0.000524
Epoch 54/100 | Train Loss=0.000002 | Val Loss=0.000392
Epoch 55/100 | Train Loss=0.000002 | Val Loss=0.000326
Epoch 56/100 | Train Loss=0.000002 | Val Loss=0.000395
Epoch 57/100 | Train Loss=0.000002 | Val Loss=0.000378
Epoch 58/100 | Train Loss=0.000001 | Val Loss=0.000275
Epoch 59/100 | Train Loss=0.000002 | Val Loss=0.000304
Epoch 60/100 | Train Loss=0.000001 | Val Loss=0.000284
Epoch 61/100 | Train Loss=0.000001 | Val Loss=0.000341
Epoch 62/100 | Train Loss=0.000003 | Val Loss=0.000283
Epoch 63/100 | Train Loss=0.000002 | Val Loss=0.000283
Epoch 64/100 | Train Loss=0.000001 | Val Loss=0.000259
Epoch 65/100 | Train Loss=0.000001 | Val Loss=0.000264
Epoch 66/100 | Train Loss=0.000002 | Val Loss=0.000355
Epoch 67/100 | Train Loss=0.000002 | Val Loss=0.000274
Epoch 68/100 | Train Loss=0.000001 | Val Loss=0.000255
Epoch 69/100 | Train Loss=0.000001 | Val Loss=0.000239
Epoch 70/100 | Train Loss=0.000001 | Val Loss=0.000227
Epoch 71/100 | Train Loss=0.000002 | Val Loss=0.000301
Epoch 72/100 | Train Loss=0.000001 | Val Loss=0.000225
Epoch 73/100 | Train Loss=0.000001 | Val Loss=0.000216
Epoch 74/100 | Train Loss=0.000001 | Val Loss=0.000220
Epoch 75/100 | Train Loss=0.000002 | Val Loss=0.000228
Epoch 76/100 | Train Loss=0.000001 | Val Loss=0.000241
Epoch 77/100 | Train Loss=0.000001 | Val Loss=0.000205
Epoch 78/100 | Train Loss=0.000001 | Val Loss=0.000229
Epoch 79/100 | Train Loss=0.000001 | Val Loss=0.000196
Epoch 80/100 | Train Loss=0.000001 | Val Loss=0.000187
Epoch 81/100 | Train Loss=0.000002 | Val Loss=0.000331
Epoch 82/100 | Train Loss=0.000002 | Val Loss=0.000200
Epoch 83/100 | Train Loss=0.000001 | Val Loss=0.000218
Epoch 84/100 | Train Loss=0.000001 | Val Loss=0.000179
Epoch 85/100 | Train Loss=0.000001 | Val Loss=0.000181
Epoch 86/100 | Train Loss=0.000001 | Val Loss=0.000176
Epoch 87/100 | Train Loss=0.000001 | Val Loss=0.000174
Epoch 88/100 | Train Loss=0.000001 | Val Loss=0.000170
Epoch 89/100 | Train Loss=0.000001 | Val Loss=0.000170
Epoch 90/100 | Train Loss=0.000001 | Val Loss=0.000165
Epoch 91/100 | Train Loss=0.000001 | Val Loss=0.000162
Epoch 92/100 | Train Loss=0.000001 | Val Loss=0.000160
Epoch 93/100 | Train Loss=0.000001 | Val Loss=0.000158
Epoch 94/100 | Train Loss=0.000001 | Val Loss=0.000161
Epoch 95/100 | Train Loss=0.000001 | Val Loss=0.000149
Epoch 96/100 | Train Loss=0.000001 | Val Loss=0.000153
Epoch 97/100 | Train Loss=0.000001 | Val Loss=0.000152
Epoch 98/100 | Train Loss=0.000001 | Val Loss=0.000143
Epoch 99/100 | Train Loss=0.000001 | Val Loss=0.000142
Epoch 100/100 | Train Loss=0.000001 | Val Loss=0.000156
[coin_coin_USDCoin (Transformer)] Threshold (p95)=0.000121
üìä Saved error distribution to /data/m24csa029/MTP/cyptocurrency/results/coin_coin_USDCoin_Transformer_anomalies_errors.png
coin_coin_USDCoin [Transformer]: 82 anomalies detected

üöÄ Processing coin_coin_BinanceCoin...

üîé Running hyperparameter search for LSTM_AE on coin_coin_BinanceCoin...
Epoch 1/50 | Train Loss=0.001393 | Val Loss=2.475092
Epoch 2/50 | Train Loss=0.001333 | Val Loss=2.462149
Epoch 3/50 | Train Loss=0.001272 | Val Loss=2.442568
Epoch 4/50 | Train Loss=0.001214 | Val Loss=2.424179
Epoch 5/50 | Train Loss=0.001142 | Val Loss=2.409167
Epoch 6/50 | Train Loss=0.001086 | Val Loss=2.395319
Epoch 7/50 | Train Loss=0.001019 | Val Loss=2.381817
Epoch 8/50 | Train Loss=0.000947 | Val Loss=2.368639
Epoch 9/50 | Train Loss=0.000877 | Val Loss=2.354927
Epoch 10/50 | Train Loss=0.000793 | Val Loss=2.340602
Epoch 11/50 | Train Loss=0.000717 | Val Loss=2.325966
Epoch 12/50 | Train Loss=0.000626 | Val Loss=2.310301
Epoch 13/50 | Train Loss=0.000544 | Val Loss=2.294340
Epoch 14/50 | Train Loss=0.000456 | Val Loss=2.278441
Epoch 15/50 | Train Loss=0.000403 | Val Loss=2.263087
Epoch 16/50 | Train Loss=0.000356 | Val Loss=2.248991
Epoch 17/50 | Train Loss=0.000334 | Val Loss=2.238007
Epoch 18/50 | Train Loss=0.000298 | Val Loss=2.230463
Epoch 19/50 | Train Loss=0.000286 | Val Loss=2.224741
Epoch 20/50 | Train Loss=0.000277 | Val Loss=2.220309
Epoch 21/50 | Train Loss=0.000271 | Val Loss=2.216264
Epoch 22/50 | Train Loss=0.000264 | Val Loss=2.211802
Epoch 23/50 | Train Loss=0.000264 | Val Loss=2.207625
Epoch 24/50 | Train Loss=0.000251 | Val Loss=2.203521
Epoch 25/50 | Train Loss=0.000248 | Val Loss=2.199548
Epoch 26/50 | Train Loss=0.000242 | Val Loss=2.193887
Epoch 27/50 | Train Loss=0.000236 | Val Loss=2.187569
Epoch 28/50 | Train Loss=0.000239 | Val Loss=2.184998
Epoch 29/50 | Train Loss=0.000233 | Val Loss=2.182563
[I 2025-09-16 23:36:23,716] Trial 0 finished with value: 2.1553499698638916 and parameters: {'window_size': 90, 'batch_size': 64, 'lr': 0.0001916001496449604, 'hidden_size': 16, 'dropout': 0.28312282519041077}. Best is trial 0 with value: 2.1553499698638916.
[I 2025-09-16 23:36:31,164] Trial 1 finished with value: 1.745267391204834 and parameters: {'window_size': 120, 'batch_size': 32, 'lr': 0.0001875934365328414, 'hidden_size': 32, 'dropout': 0.24546204885515183}. Best is trial 1 with value: 1.745267391204834.
[I 2025-09-16 23:36:31,904] Trial 2 finished with value: 1.7088907957077026 and parameters: {'window_size': 120, 'batch_size': 64, 'lr': 0.0036708896393665316, 'hidden_size': 64, 'dropout': 0.387092404303372}. Best is trial 2 with value: 1.7088907957077026.
[I 2025-09-16 23:36:33,811] Trial 3 finished with value: 2.487874984741211 and parameters: {'window_size': 60, 'batch_size': 64, 'lr': 0.0037770684488892302, 'hidden_size': 32, 'dropout': 0.10178494324670995}. Best is trial 2 with value: 1.7088907957077026.
[I 2025-09-16 23:36:36,768] Trial 4 finished with value: 2.500298261642456 and parameters: {'window_size': 60, 'batch_size': 32, 'lr': 0.00020753436604589923, 'hidden_size': 64, 'dropout': 0.2808508481264991}. Best is trial 2 with value: 1.7088907957077026.
