[I 2025-09-16 23:51:09,592] Trial 7 finished with value: 0.018752461299300194 and parameters: {'window_size': 120, 'batch_size': 128, 'lr': 0.0028875342104504333, 'hidden_size': 16, 'dropout': 0.154939189109622}. Best is trial 2 with value: 0.01709900051355362.
Epoch 11/50 | Train Loss=0.000085 | Val Loss=0.022699
Epoch 12/50 | Train Loss=0.000084 | Val Loss=0.022556
Epoch 13/50 | Train Loss=0.000083 | Val Loss=0.022706
Epoch 14/50 | Train Loss=0.000083 | Val Loss=0.022549
Epoch 15/50 | Train Loss=0.000082 | Val Loss=0.022566
Epoch 16/50 | Train Loss=0.000082 | Val Loss=0.022359
Epoch 17/50 | Train Loss=0.000082 | Val Loss=0.022175
Epoch 18/50 | Train Loss=0.000081 | Val Loss=0.022275
Epoch 19/50 | Train Loss=0.000081 | Val Loss=0.022194
Epoch 20/50 | Train Loss=0.000081 | Val Loss=0.022119
Epoch 21/50 | Train Loss=0.000080 | Val Loss=0.022079
Epoch 22/50 | Train Loss=0.000080 | Val Loss=0.022070
Epoch 23/50 | Train Loss=0.000080 | Val Loss=0.021876
Epoch 24/50 | Train Loss=0.000080 | Val Loss=0.022114
Epoch 25/50 | Train Loss=0.000079 | Val Loss=0.021963
Epoch 26/50 | Train Loss=0.000080 | Val Loss=0.021833
Epoch 27/50 | Train Loss=0.000079 | Val Loss=0.021809
Epoch 28/50 | Train Loss=0.000078 | Val Loss=0.021843
Epoch 29/50 | Train Loss=0.000079 | Val Loss=0.021759
Epoch 30/50 | Train Loss=0.000078 | Val Loss=0.021812
Epoch 31/50 | Train Loss=0.000078 | Val Loss=0.021688
Epoch 32/50 | Train Loss=0.000078 | Val Loss=0.021744
Epoch 33/50 | Train Loss=0.000078 | Val Loss=0.021629
Epoch 34/50 | Train Loss=0.000078 | Val Loss=0.021712
Epoch 35/50 | Train Loss=0.000078 | Val Loss=0.021633
Epoch 36/50 | Train Loss=0.000077 | Val Loss=0.021692
Epoch 37/50 | Train Loss=0.000078 | Val Loss=0.021630
Epoch 38/50 | Train Loss=0.000077 | Val Loss=0.021661
‚èπ Early stopping at epoch 38
[Tuning-LSTM_AE] Threshold (p95)=0.037987
Epoch 1/50 | Train Loss=0.000495 | Val Loss=0.064392
Epoch 2/50 | Train Loss=0.000352 | Val Loss=0.049811
Epoch 3/50 | Train Loss=0.000236 | Val Loss=0.037974
Epoch 4/50 | Train Loss=0.000160 | Val Loss=0.030492
Epoch 5/50 | Train Loss=0.000121 | Val Loss=0.027333
Epoch 6/50 | Train Loss=0.000108 | Val Loss=0.026457
Epoch 7/50 | Train Loss=0.000100 | Val Loss=0.026175
Epoch 8/50 | Train Loss=0.000100 | Val Loss=0.026171
Epoch 9/50 | Train Loss=0.000097 | Val Loss=0.026002
Epoch 10/50 | Train Loss=0.000096 | Val Loss=0.025795
Epoch 11/50 | Train Loss=0.000095 | Val Loss=0.025641
Epoch 12/50 | Train Loss=0.000094 | Val Loss=0.025566
Epoch 13/50 | Train Loss=0.000094 | Val Loss=0.025385
Epoch 14/50 | Train Loss=0.000092 | Val Loss=0.025279
Epoch 15/50 | Train Loss=0.000093 | Val Loss=0.025113
Epoch 16/50 | Train Loss=0.000090 | Val Loss=0.025091
Epoch 17/50 | Train Loss=0.000090 | Val Loss=0.025103
Epoch 18/50 | Train Loss=0.000090 | Val Loss=0.024981
Epoch 19/50 | Train Loss=0.000089 | Val Loss=0.024792
Epoch 20/50 | Train Loss=0.000090 | Val Loss=0.024642
Epoch 21/50 | Train Loss=0.000088 | Val Loss=0.024639
Epoch 22/50 | Train Loss=0.000087 | Val Loss=0.024639
Epoch 23/50 | Train Loss=0.000087 | Val Loss=0.024521
Epoch 24/50 | Train Loss=0.000088 | Val Loss=0.024580
Epoch 25/50 | Train Loss=0.000087 | Val Loss=0.024403
Epoch 26/50 | Train Loss=0.000087 | Val Loss=0.024367
Epoch 27/50 | Train Loss=0.000085 | Val Loss=0.024421
Epoch 28/50 | Train Loss=0.000086 | Val Loss=0.024360
Epoch 29/50 | Train Loss=0.000086 | Val Loss=0.024132
Epoch 30/50 | Train Loss=0.000087 | Val Loss=0.024240
Epoch 31/50 | Train Loss=0.000086 | Val Loss=0.024105
Epoch 32/50 | Train Loss=0.000084 | Val Loss=0.023990
Epoch 33/50 | Train Loss=0.000084 | Val Loss=0.024054
Epoch 34/50 | Train Loss=0.000086 | Val Loss=0.024089
Epoch 35/50 | Train Loss=0.000086 | Val Loss=0.023990
Epoch 36/50 | Train Loss=0.000084 | Val Loss=0.023853
Epoch 37/50 | Train Loss=0.000084 | Val Loss=0.023978
Epoch 38/50 | Train Loss=0.000083 | Val Loss=0.023900
Epoch 39/50 | Train Loss=0.000084 | Val Loss=0.023731
Epoch 40/50 | Train Loss=0.000083 | Val Loss=0.023906
Epoch 41/50 | Train Loss=0.000083 | Val Loss=0.023697
Epoch 42/50 | Train Loss=0.000082 | Val Loss=0.023729
Epoch 43/50 | Train Loss=0.000082 | Val Loss=0.023750
Epoch 44/50 | Train Loss=0.000082 | Val Loss=0.023649
Epoch 45/50 | Train Loss=0.000083 | Val Loss=0.023685
Epoch 46/50 | Train Loss=0.000082 | Val Loss=0.023553
Epoch 47/50 | Train Loss=0.000082 | Val Loss=0.023669
Epoch 48/50 | Train Loss=0.000081 | Val Loss=0.023578
Epoch 49/50 | Train Loss=0.000081 | Val Loss=0.023557
Epoch 50/50 | Train Loss=0.000082 | Val Loss=0.023521
[Tuning-LSTM_AE] Threshold (p95)=0.048040
Epoch 1/50 | Train Loss=0.000132 | Val Loss=0.018596
Epoch 2/50 | Train Loss=0.000083 | Val Loss=0.018630
Epoch 3/50 | Train Loss=0.000082 | Val Loss=0.018045
Epoch 4/50 | Train Loss=0.000080 | Val Loss=0.018189
Epoch 5/50 | Train Loss=0.000080 | Val Loss=0.018242
Epoch 6/50 | Train Loss=0.000081 | Val Loss=0.018814
Epoch 7/50 | Train Loss=0.000080 | Val Loss=0.018612
Epoch 8/50 | Train Loss=0.000080 | Val Loss=0.019078
‚èπ Early stopping at epoch 8
[Tuning-LSTM_AE] Threshold (p95)=0.031956
Epoch 1/50 | Train Loss=0.000784 | Val Loss=0.051806
Epoch 2/50 | Train Loss=0.000540 | Val Loss=0.041449
Epoch 3/50 | Train Loss=0.000373 | Val Loss=0.033985
Epoch 4/50 | Train Loss=0.000269 | Val Loss=0.029167
Epoch 5/50 | Train Loss=0.000220 | Val Loss=0.027052
Epoch 6/50 | Train Loss=0.000205 | Val Loss=0.026274
Epoch 7/50 | Train Loss=0.000195 | Val Loss=0.025993
Epoch 8/50 | Train Loss=0.000192 | Val Loss=0.025726
Epoch 9/50 | Train Loss=0.000189 | Val Loss=0.025591
Epoch 10/50 | Train Loss=0.000187 | Val Loss=0.025446
Epoch 11/50 | Train Loss=0.000183 | Val Loss=0.025222
Epoch 12/50 | Train Loss=0.000181 | Val Loss=0.025311
Epoch 13/50 | Train Loss=0.000180 | Val Loss=0.025028
Epoch 14/50 | Train Loss=0.000177 | Val Loss=0.024944
Epoch 15/50 | Train Loss=0.000175 | Val Loss=0.024906
Epoch 16/50 | Train Loss=0.000174 | Val Loss=0.024702
Epoch 17/50 | Train Loss=0.000174 | Val Loss=0.024673
Epoch 18/50 | Train Loss=0.000172 | Val Loss=0.024822
Epoch 19/50 | Train Loss=0.000172 | Val Loss=0.024586
Epoch 20/50 | Train Loss=0.000172 | Val Loss=0.024374
Epoch 21/50 | Train Loss=0.000171 | Val Loss=0.024333
Epoch 22/50 | Train Loss=0.000168 | Val Loss=0.024339
Epoch 23/50 | Train Loss=0.000168 | Val Loss=0.024251
Epoch 24/50 | Train Loss=0.000166 | Val Loss=0.024295
Epoch 25/50 | Train Loss=0.000167 | Val Loss=0.024331
Epoch 26/50 | Train Loss=0.000166 | Val Loss=0.024318
Epoch 27/50 | Train Loss=0.000164 | Val Loss=0.024188
Epoch 28/50 | Train Loss=0.000164 | Val Loss=0.024204
Epoch 29/50 | Train Loss=0.000163 | Val Loss=0.024178
Epoch 30/50 | Train Loss=0.000162 | Val Loss=0.024060
Epoch 31/50 | Train Loss=0.000162 | Val Loss=0.024163
Epoch 32/50 | Train Loss=0.000161 | Val Loss=0.024034
Epoch 33/50 | Train Loss=0.000162 | Val Loss=0.024150
Epoch 34/50 | Train Loss=0.000160 | Val Loss=0.024126
Epoch 35/50 | Train Loss=0.000160 | Val Loss=0.024021
Epoch 36/50 | Train Loss=0.000160 | Val Loss=0.024039
Epoch 37/50 | Train Loss=0.000160 | Val Loss=0.023793
Epoch 38/50 | Train Loss=0.000161 | Val Loss=0.023989
Epoch 39/50 | Train Loss=0.000157 | Val Loss=0.024024
Epoch 40/50 | Train Loss=0.000159 | Val Loss=0.024034
Epoch 41/50 | Train Loss=0.000158 | Val Loss=0.023835
Epoch 42/50 | Train Loss=0.000158 | Val Loss=0.023918
‚èπ Early stopping at epoch 42
[Tuning-LSTM_AE] Threshold (p95)=0.048600
Epoch 1/50 | Train Loss=0.000156 | Val Loss=0.026039
Epoch 2/50 | Train Loss=0.000081 | Val Loss=0.020753
Epoch 3/50 | Train Loss=0.000055 | Val Loss=0.020507
Epoch 4/50 | Train Loss=0.000048 | Val Loss=0.020258
Epoch 5/50 | Train Loss=0.000046 | Val Loss=0.018971
Epoch 6/50 | Train Loss=0.000045 | Val Loss=0.018752
Epoch 7/50 | Train Loss=0.000044 | Val Loss=0.019192
Epoch 8/50 | Train Loss=0.000043 | Val Loss=0.019176
Epoch 9/50 | Train Loss=0.000043 | Val Loss=0.019104
Epoch 10/50 | Train Loss=0.000043 | Val Loss=0.019112
Epoch 11/50 | Train Loss=0.000042 | Val Loss=0.019113
‚èπ Early stopping at epoch 11
[Tuning-LSTM_AE] Threshold (p95)=0.032085
Epoch 1/50 | Train Loss=0.000190 | Val Loss=0.018228
Epoch 2/50 | Train Loss=0.000156 | Val Loss=0.018197
Epoch 3/50 | Train Loss=0.000157 | Val Loss=0.017597
Epoch 4/50 | Train Loss=0.000151 | Val Loss=0.017507
Epoch 5/50 | Train Loss=0.000150 | Val Loss=0.017655
Epoch 6/50 | Train Loss=0.000157 | Val Loss=0.017480
Epoch 7/50 | Train Loss=0.000155 | Val Loss=0.017321
[I 2025-09-16 23:51:11,521] Trial 8 finished with value: 0.017320767045021057 and parameters: {'window_size': 120, 'batch_size': 32, 'lr': 0.0007661039889392934, 'hidden_size': 128, 'dropout': 0.1167083978930958}. Best is trial 2 with value: 0.01709900051355362.
[I 2025-09-16 23:51:15,016] Trial 9 finished with value: 0.02561451867222786 and parameters: {'window_size': 60, 'batch_size': 64, 'lr': 0.0003497847618820601, 'hidden_size': 32, 'dropout': 0.168778539165563}. Best is trial 2 with value: 0.01709900051355362.
[I 2025-09-16 23:51:15,016] A new study created in memory with name: no-name-22414058-d967-4c4b-810f-8f35b9e68486
[I 2025-09-16 23:51:19,342] Trial 0 finished with value: 0.0005617189453914762 and parameters: {'window_size': 120, 'batch_size': 128, 'lr': 0.003125283180396286, 'd_model': 32, 'n_heads': 8, 'num_layers': 1, 'dropout': 0.17782857177508177}. Best is trial 0 with value: 0.0005617189453914762.
[I 2025-09-16 23:51:23,881] Trial 1 finished with value: 0.00044054430327378213 and parameters: {'window_size': 60, 'batch_size': 128, 'lr': 0.003516078681361918, 'd_model': 64, 'n_heads': 4, 'num_layers': 3, 'dropout': 0.10215992162602083}. Best is trial 1 with value: 0.00044054430327378213.
Epoch 8/50 | Train Loss=0.000150 | Val Loss=0.017874
Epoch 9/50 | Train Loss=0.000162 | Val Loss=0.017961
Epoch 10/50 | Train Loss=0.000153 | Val Loss=0.017927
Epoch 11/50 | Train Loss=0.000151 | Val Loss=0.018330
Epoch 12/50 | Train Loss=0.000152 | Val Loss=0.018699
‚èπ Early stopping at epoch 12
[Tuning-LSTM_AE] Threshold (p95)=0.031936
Epoch 1/50 | Train Loss=0.000778 | Val Loss=0.081455
Epoch 2/50 | Train Loss=0.000608 | Val Loss=0.068777
Epoch 3/50 | Train Loss=0.000460 | Val Loss=0.058073
Epoch 4/50 | Train Loss=0.000340 | Val Loss=0.049239
Epoch 5/50 | Train Loss=0.000253 | Val Loss=0.042722
Epoch 6/50 | Train Loss=0.000195 | Val Loss=0.038122
Epoch 7/50 | Train Loss=0.000157 | Val Loss=0.034811
Epoch 8/50 | Train Loss=0.000130 | Val Loss=0.032197
Epoch 9/50 | Train Loss=0.000115 | Val Loss=0.030365
Epoch 10/50 | Train Loss=0.000104 | Val Loss=0.028932
Epoch 11/50 | Train Loss=0.000102 | Val Loss=0.028112
Epoch 12/50 | Train Loss=0.000098 | Val Loss=0.027643
Epoch 13/50 | Train Loss=0.000097 | Val Loss=0.027363
Epoch 14/50 | Train Loss=0.000097 | Val Loss=0.027098
Epoch 15/50 | Train Loss=0.000096 | Val Loss=0.026804
Epoch 16/50 | Train Loss=0.000095 | Val Loss=0.026641
Epoch 17/50 | Train Loss=0.000093 | Val Loss=0.026701
Epoch 18/50 | Train Loss=0.000092 | Val Loss=0.026488
Epoch 19/50 | Train Loss=0.000093 | Val Loss=0.026449
Epoch 20/50 | Train Loss=0.000093 | Val Loss=0.026396
Epoch 21/50 | Train Loss=0.000090 | Val Loss=0.026382
Epoch 22/50 | Train Loss=0.000092 | Val Loss=0.026306
Epoch 23/50 | Train Loss=0.000091 | Val Loss=0.026136
Epoch 24/50 | Train Loss=0.000091 | Val Loss=0.026166
Epoch 25/50 | Train Loss=0.000089 | Val Loss=0.026059
Epoch 26/50 | Train Loss=0.000090 | Val Loss=0.026023
Epoch 27/50 | Train Loss=0.000090 | Val Loss=0.025899
Epoch 28/50 | Train Loss=0.000088 | Val Loss=0.025866
Epoch 29/50 | Train Loss=0.000089 | Val Loss=0.026078
Epoch 30/50 | Train Loss=0.000089 | Val Loss=0.025894
Epoch 31/50 | Train Loss=0.000089 | Val Loss=0.025816
Epoch 32/50 | Train Loss=0.000088 | Val Loss=0.025828
Epoch 33/50 | Train Loss=0.000089 | Val Loss=0.025926
Epoch 34/50 | Train Loss=0.000088 | Val Loss=0.025762
Epoch 35/50 | Train Loss=0.000090 | Val Loss=0.025848
Epoch 36/50 | Train Loss=0.000087 | Val Loss=0.025722
Epoch 37/50 | Train Loss=0.000087 | Val Loss=0.025717
Epoch 38/50 | Train Loss=0.000087 | Val Loss=0.025923
Epoch 39/50 | Train Loss=0.000088 | Val Loss=0.025776
Epoch 40/50 | Train Loss=0.000087 | Val Loss=0.025812
Epoch 41/50 | Train Loss=0.000088 | Val Loss=0.025615
Epoch 42/50 | Train Loss=0.000088 | Val Loss=0.025666
Epoch 43/50 | Train Loss=0.000086 | Val Loss=0.025824
Epoch 44/50 | Train Loss=0.000086 | Val Loss=0.025776
Epoch 45/50 | Train Loss=0.000087 | Val Loss=0.025726
Epoch 46/50 | Train Loss=0.000087 | Val Loss=0.025627
‚èπ Early stopping at epoch 46
[Tuning-LSTM_AE] Threshold (p95)=0.047941
üîé Best hyperparameters for LSTM_AE: {'window_size': 120, 'batch_size': 32, 'lr': 0.0009211580069302535, 'hidden_size': 128, 'dropout': 0.2736652768437532}
Best validation loss: 0.01709900051355362

üîé Running hyperparameter search for Transformer on coin_coin_Tron...
Epoch 1/50 | Train Loss=0.001063 | Val Loss=0.041593
Epoch 2/50 | Train Loss=0.000289 | Val Loss=0.010654
Epoch 3/50 | Train Loss=0.000172 | Val Loss=0.008762
Epoch 4/50 | Train Loss=0.000114 | Val Loss=0.006191
Epoch 5/50 | Train Loss=0.000078 | Val Loss=0.006443
Epoch 6/50 | Train Loss=0.000043 | Val Loss=0.005744
Epoch 7/50 | Train Loss=0.000024 | Val Loss=0.004271
Epoch 8/50 | Train Loss=0.000016 | Val Loss=0.003737
Epoch 9/50 | Train Loss=0.000013 | Val Loss=0.003287
Epoch 10/50 | Train Loss=0.000010 | Val Loss=0.002918
Epoch 11/50 | Train Loss=0.000008 | Val Loss=0.002697
Epoch 12/50 | Train Loss=0.000007 | Val Loss=0.002495
Epoch 13/50 | Train Loss=0.000006 | Val Loss=0.002313
Epoch 14/50 | Train Loss=0.000005 | Val Loss=0.002140
Epoch 15/50 | Train Loss=0.000005 | Val Loss=0.001938
Epoch 16/50 | Train Loss=0.000004 | Val Loss=0.001809
Epoch 17/50 | Train Loss=0.000004 | Val Loss=0.001642
Epoch 18/50 | Train Loss=0.000003 | Val Loss=0.001457
Epoch 19/50 | Train Loss=0.000003 | Val Loss=0.001295
Epoch 20/50 | Train Loss=0.000003 | Val Loss=0.001163
Epoch 21/50 | Train Loss=0.000002 | Val Loss=0.001026
Epoch 22/50 | Train Loss=0.000002 | Val Loss=0.000906
Epoch 23/50 | Train Loss=0.000002 | Val Loss=0.000810
Epoch 24/50 | Train Loss=0.000002 | Val Loss=0.000733
Epoch 25/50 | Train Loss=0.000002 | Val Loss=0.000680
Epoch 26/50 | Train Loss=0.000001 | Val Loss=0.000629
Epoch 27/50 | Train Loss=0.000001 | Val Loss=0.000601
Epoch 28/50 | Train Loss=0.000001 | Val Loss=0.000581
Epoch 29/50 | Train Loss=0.000001 | Val Loss=0.000568
Epoch 30/50 | Train Loss=0.000001 | Val Loss=0.000562
Epoch 31/50 | Train Loss=0.000001 | Val Loss=0.000566
Epoch 32/50 | Train Loss=0.000001 | Val Loss=0.000572
Epoch 33/50 | Train Loss=0.000001 | Val Loss=0.000589
Epoch 34/50 | Train Loss=0.000001 | Val Loss=0.000613
Epoch 35/50 | Train Loss=0.000001 | Val Loss=0.000638
‚èπ Early stopping at epoch 35
[Tuning-Transformer] Threshold (p95)=0.000391
Epoch 1/50 | Train Loss=0.001380 | Val Loss=0.028157
Epoch 2/50 | Train Loss=0.000160 | Val Loss=0.037663
Epoch 3/50 | Train Loss=0.000126 | Val Loss=0.025896
Epoch 4/50 | Train Loss=0.000096 | Val Loss=0.027760
Epoch 5/50 | Train Loss=0.000077 | Val Loss=0.027195
Epoch 6/50 | Train Loss=0.000062 | Val Loss=0.024884
Epoch 7/50 | Train Loss=0.000055 | Val Loss=0.022810
Epoch 8/50 | Train Loss=0.000043 | Val Loss=0.013858
Epoch 9/50 | Train Loss=0.000029 | Val Loss=0.008161
Epoch 10/50 | Train Loss=0.000016 | Val Loss=0.005197
Epoch 11/50 | Train Loss=0.000011 | Val Loss=0.003888
Epoch 12/50 | Train Loss=0.000008 | Val Loss=0.002568
Epoch 13/50 | Train Loss=0.000006 | Val Loss=0.002148
Epoch 14/50 | Train Loss=0.000005 | Val Loss=0.001532
Epoch 15/50 | Train Loss=0.000004 | Val Loss=0.001115
Epoch 16/50 | Train Loss=0.000003 | Val Loss=0.000777
Epoch 17/50 | Train Loss=0.000003 | Val Loss=0.000559
Epoch 18/50 | Train Loss=0.000003 | Val Loss=0.000459
Epoch 19/50 | Train Loss=0.000003 | Val Loss=0.000441
Epoch 20/50 | Train Loss=0.000002 | Val Loss=0.000550
Epoch 21/50 | Train Loss=0.000002 | Val Loss=0.000583
Epoch 22/50 | Train Loss=0.000002 | Val Loss=0.000708
Epoch 23/50 | Train Loss=0.000002 | Val Loss=0.000828
Epoch 24/50 | Train Loss=0.000002 | Val Loss=0.000956
‚èπ Early stopping at epoch 24
[Tuning-Transformer] Threshold (p95)=0.000954
Epoch 1/50 | Train Loss=0.000640 | Val Loss=0.015514
Epoch 2/50 | Train Loss=0.000297 | Val Loss=0.018628
Epoch 3/50 | Train Loss=0.000192 | Val Loss=0.017674
Epoch 4/50 | Train Loss=0.000114 | Val Loss=0.017043
Epoch 5/50 | Train Loss=0.000077 | Val Loss=0.010378
Epoch 6/50 | Train Loss=0.000053 | Val Loss=0.006367
Epoch 7/50 | Train Loss=0.000040 | Val Loss=0.004432
Epoch 8/50 | Train Loss=0.000032 | Val Loss=0.003728
Epoch 9/50 | Train Loss=0.000026 | Val Loss=0.003422
Epoch 10/50 | Train Loss=0.000022 | Val Loss=0.003143
Epoch 11/50 | Train Loss=0.000019 | Val Loss=0.003163
Epoch 12/50 | Train Loss=0.000016 | Val Loss=0.003032
Epoch 13/50 | Train Loss=0.000014 | Val Loss=0.002930
Epoch 14/50 | Train Loss=0.000013 | Val Loss=0.002942
Epoch 15/50 | Train Loss=0.000011 | Val Loss=0.002829
Epoch 16/50 | Train Loss=0.000010 | Val Loss=0.002763
Epoch 17/50 | Train Loss=0.000009 | Val Loss=0.002644
Epoch 18/50 | Train Loss=0.000008 | Val Loss=0.002613
Epoch 19/50 | Train Loss=0.000008 | Val Loss=0.002466
Epoch 20/50 | Train Loss=0.000007 | Val Loss=0.002329
Epoch 21/50 | Train Loss=0.000006 | Val Loss=0.002194
Epoch 22/50 | Train Loss=0.000005 | Val Loss=0.002076
Epoch 23/50 | Train Loss=0.000005 | Val Loss=0.001918
Epoch 24/50 | Train Loss=0.000004 | Val Loss=0.001776
Epoch 25/50 | Train Loss=0.000004 | Val Loss=0.001662
Epoch 26/50 | Train Loss=0.000003 | Val Loss=0.001543
Epoch 27/50 | Train Loss=0.000003 | Val Loss=0.001457
Epoch 28/50 | Train Loss=0.000003 | Val Loss=0.001365
Epoch 29/50 | Train Loss=0.000002 | Val Loss=0.001279
Epoch 30/50 | Train Loss=0.000002 | Val Loss=0.001233
Epoch 31/50 | Train Loss=0.000002 | Val Loss=0.001184
[I 2025-09-16 23:51:36,455] Trial 2 finished with value: 0.0010204808786511421 and parameters: {'window_size': 120, 'batch_size': 64, 'lr': 0.0008520682837015327, 'd_model': 32, 'n_heads': 2, 'num_layers': 3, 'dropout': 0.19970845440839485}. Best is trial 1 with value: 0.00044054430327378213.
[I 2025-09-16 23:51:44,376] Trial 3 finished with value: 0.0015367460437119007 and parameters: {'window_size': 120, 'batch_size': 128, 'lr': 0.004795257201011279, 'd_model': 64, 'n_heads': 2, 'num_layers': 3, 'dropout': 0.24827761246078836}. Best is trial 1 with value: 0.00044054430327378213.
[I 2025-09-16 23:51:46,982] Trial 4 finished with value: 0.0028161457739770412 and parameters: {'window_size': 120, 'batch_size': 64, 'lr': 0.0001522097841104889, 'd_model': 32, 'n_heads': 2, 'num_layers': 1, 'dropout': 0.16804777897666212}. Best is trial 1 with value: 0.00044054430327378213.
