[I 2025-09-16 23:55:09,746] Trial 5 finished with value: 3.704358823597431e-05 and parameters: {'window_size': 60, 'batch_size': 128, 'lr': 0.002211836108744897, 'd_model': 32, 'n_heads': 4, 'num_layers': 2, 'dropout': 0.22791631852089367}. Best is trial 2 with value: 1.4602188457502052e-05.
Epoch 9/50 | Train Loss=0.000015 | Val Loss=0.000126
Epoch 10/50 | Train Loss=0.000013 | Val Loss=0.000173
Epoch 11/50 | Train Loss=0.000011 | Val Loss=0.000128
Epoch 12/50 | Train Loss=0.000009 | Val Loss=0.000127
Epoch 13/50 | Train Loss=0.000008 | Val Loss=0.000100
Epoch 14/50 | Train Loss=0.000007 | Val Loss=0.000106
Epoch 15/50 | Train Loss=0.000006 | Val Loss=0.000084
Epoch 16/50 | Train Loss=0.000006 | Val Loss=0.000095
Epoch 17/50 | Train Loss=0.000005 | Val Loss=0.000075
Epoch 18/50 | Train Loss=0.000005 | Val Loss=0.000075
Epoch 19/50 | Train Loss=0.000005 | Val Loss=0.000074
Epoch 20/50 | Train Loss=0.000004 | Val Loss=0.000069
Epoch 21/50 | Train Loss=0.000004 | Val Loss=0.000066
Epoch 22/50 | Train Loss=0.000004 | Val Loss=0.000065
Epoch 23/50 | Train Loss=0.000004 | Val Loss=0.000057
Epoch 24/50 | Train Loss=0.000004 | Val Loss=0.000055
Epoch 25/50 | Train Loss=0.000004 | Val Loss=0.000054
Epoch 26/50 | Train Loss=0.000003 | Val Loss=0.000049
Epoch 27/50 | Train Loss=0.000003 | Val Loss=0.000050
Epoch 28/50 | Train Loss=0.000003 | Val Loss=0.000047
Epoch 29/50 | Train Loss=0.000003 | Val Loss=0.000044
Epoch 30/50 | Train Loss=0.000003 | Val Loss=0.000045
Epoch 31/50 | Train Loss=0.000003 | Val Loss=0.000039
Epoch 32/50 | Train Loss=0.000003 | Val Loss=0.000042
Epoch 33/50 | Train Loss=0.000003 | Val Loss=0.000037
Epoch 34/50 | Train Loss=0.000003 | Val Loss=0.000039
Epoch 35/50 | Train Loss=0.000003 | Val Loss=0.000039
Epoch 36/50 | Train Loss=0.000002 | Val Loss=0.000035
Epoch 37/50 | Train Loss=0.000002 | Val Loss=0.000045
Epoch 38/50 | Train Loss=0.000002 | Val Loss=0.000039
Epoch 39/50 | Train Loss=0.000002 | Val Loss=0.000043
Epoch 40/50 | Train Loss=0.000002 | Val Loss=0.000038
Epoch 41/50 | Train Loss=0.000002 | Val Loss=0.000056
‚èπ Early stopping at epoch 41
[Tuning-Transformer] Threshold (p95)=0.000773
Epoch 1/50 | Train Loss=0.000747 | Val Loss=0.011708
Epoch 2/50 | Train Loss=0.000295 | Val Loss=0.003951
Epoch 3/50 | Train Loss=0.000222 | Val Loss=0.003815
Epoch 4/50 | Train Loss=0.000187 | Val Loss=0.001806
Epoch 5/50 | Train Loss=0.000164 | Val Loss=0.001963
Epoch 6/50 | Train Loss=0.000149 | Val Loss=0.001500
Epoch 7/50 | Train Loss=0.000136 | Val Loss=0.001366
Epoch 8/50 | Train Loss=0.000125 | Val Loss=0.001287
Epoch 9/50 | Train Loss=0.000115 | Val Loss=0.001112
Epoch 10/50 | Train Loss=0.000107 | Val Loss=0.000987
Epoch 11/50 | Train Loss=0.000099 | Val Loss=0.000965
Epoch 12/50 | Train Loss=0.000093 | Val Loss=0.000857
Epoch 13/50 | Train Loss=0.000087 | Val Loss=0.000799
Epoch 14/50 | Train Loss=0.000082 | Val Loss=0.000732
Epoch 15/50 | Train Loss=0.000077 | Val Loss=0.000719
Epoch 16/50 | Train Loss=0.000073 | Val Loss=0.000656
Epoch 17/50 | Train Loss=0.000069 | Val Loss=0.000585
Epoch 18/50 | Train Loss=0.000066 | Val Loss=0.000586
Epoch 19/50 | Train Loss=0.000063 | Val Loss=0.000575
Epoch 20/50 | Train Loss=0.000060 | Val Loss=0.000565
Epoch 21/50 | Train Loss=0.000057 | Val Loss=0.000495
Epoch 22/50 | Train Loss=0.000055 | Val Loss=0.000465
Epoch 23/50 | Train Loss=0.000053 | Val Loss=0.000439
Epoch 24/50 | Train Loss=0.000051 | Val Loss=0.000426
Epoch 25/50 | Train Loss=0.000049 | Val Loss=0.000433
Epoch 26/50 | Train Loss=0.000047 | Val Loss=0.000422
Epoch 27/50 | Train Loss=0.000045 | Val Loss=0.000406
Epoch 28/50 | Train Loss=0.000044 | Val Loss=0.000378
Epoch 29/50 | Train Loss=0.000042 | Val Loss=0.000374
Epoch 30/50 | Train Loss=0.000041 | Val Loss=0.000372
Epoch 31/50 | Train Loss=0.000039 | Val Loss=0.000329
Epoch 32/50 | Train Loss=0.000038 | Val Loss=0.000322
Epoch 33/50 | Train Loss=0.000037 | Val Loss=0.000311
Epoch 34/50 | Train Loss=0.000035 | Val Loss=0.000337
Epoch 35/50 | Train Loss=0.000034 | Val Loss=0.000310
Epoch 36/50 | Train Loss=0.000033 | Val Loss=0.000278
Epoch 37/50 | Train Loss=0.000032 | Val Loss=0.000275
Epoch 38/50 | Train Loss=0.000031 | Val Loss=0.000261
Epoch 39/50 | Train Loss=0.000030 | Val Loss=0.000242
Epoch 40/50 | Train Loss=0.000029 | Val Loss=0.000225
Epoch 41/50 | Train Loss=0.000028 | Val Loss=0.000204
Epoch 42/50 | Train Loss=0.000027 | Val Loss=0.000201
Epoch 43/50 | Train Loss=0.000027 | Val Loss=0.000196
Epoch 44/50 | Train Loss=0.000026 | Val Loss=0.000195
Epoch 45/50 | Train Loss=0.000025 | Val Loss=0.000190
Epoch 46/50 | Train Loss=0.000024 | Val Loss=0.000172
Epoch 47/50 | Train Loss=0.000024 | Val Loss=0.000166
Epoch 48/50 | Train Loss=0.000023 | Val Loss=0.000161
Epoch 49/50 | Train Loss=0.000023 | Val Loss=0.000156
Epoch 50/50 | Train Loss=0.000022 | Val Loss=0.000162
[Tuning-Transformer] Threshold (p95)=0.002739
Epoch 1/50 | Train Loss=0.000847 | Val Loss=0.021390
Epoch 2/50 | Train Loss=0.000300 | Val Loss=0.006217
Epoch 3/50 | Train Loss=0.000241 | Val Loss=0.005605
Epoch 4/50 | Train Loss=0.000191 | Val Loss=0.005522
Epoch 5/50 | Train Loss=0.000144 | Val Loss=0.003271
Epoch 6/50 | Train Loss=0.000094 | Val Loss=0.001720
Epoch 7/50 | Train Loss=0.000054 | Val Loss=0.001335
Epoch 8/50 | Train Loss=0.000037 | Val Loss=0.001327
Epoch 9/50 | Train Loss=0.000027 | Val Loss=0.000891
Epoch 10/50 | Train Loss=0.000021 | Val Loss=0.000693
Epoch 11/50 | Train Loss=0.000018 | Val Loss=0.000577
Epoch 12/50 | Train Loss=0.000015 | Val Loss=0.000533
Epoch 13/50 | Train Loss=0.000013 | Val Loss=0.000399
Epoch 14/50 | Train Loss=0.000011 | Val Loss=0.000459
Epoch 15/50 | Train Loss=0.000010 | Val Loss=0.000408
Epoch 16/50 | Train Loss=0.000009 | Val Loss=0.000281
Epoch 17/50 | Train Loss=0.000008 | Val Loss=0.000255
Epoch 18/50 | Train Loss=0.000007 | Val Loss=0.000213
Epoch 19/50 | Train Loss=0.000006 | Val Loss=0.000228
Epoch 20/50 | Train Loss=0.000005 | Val Loss=0.000199
Epoch 21/50 | Train Loss=0.000005 | Val Loss=0.000194
Epoch 22/50 | Train Loss=0.000004 | Val Loss=0.000187
Epoch 23/50 | Train Loss=0.000004 | Val Loss=0.000204
Epoch 24/50 | Train Loss=0.000004 | Val Loss=0.000189
Epoch 25/50 | Train Loss=0.000003 | Val Loss=0.000144
Epoch 26/50 | Train Loss=0.000003 | Val Loss=0.000163
Epoch 27/50 | Train Loss=0.000003 | Val Loss=0.000139
Epoch 28/50 | Train Loss=0.000003 | Val Loss=0.000119
Epoch 29/50 | Train Loss=0.000002 | Val Loss=0.000100
Epoch 30/50 | Train Loss=0.000002 | Val Loss=0.000101
Epoch 31/50 | Train Loss=0.000002 | Val Loss=0.000091
Epoch 32/50 | Train Loss=0.000002 | Val Loss=0.000078
Epoch 33/50 | Train Loss=0.000002 | Val Loss=0.000066
Epoch 34/50 | Train Loss=0.000001 | Val Loss=0.000069
Epoch 35/50 | Train Loss=0.000001 | Val Loss=0.000067
Epoch 36/50 | Train Loss=0.000001 | Val Loss=0.000064
Epoch 37/50 | Train Loss=0.000001 | Val Loss=0.000055
Epoch 38/50 | Train Loss=0.000001 | Val Loss=0.000054
Epoch 39/50 | Train Loss=0.000001 | Val Loss=0.000062
Epoch 40/50 | Train Loss=0.000001 | Val Loss=0.000062
Epoch 41/50 | Train Loss=0.000001 | Val Loss=0.000056
Epoch 42/50 | Train Loss=0.000001 | Val Loss=0.000052
Epoch 43/50 | Train Loss=0.000001 | Val Loss=0.000054
Epoch 44/50 | Train Loss=0.000001 | Val Loss=0.000049
Epoch 45/50 | Train Loss=0.000001 | Val Loss=0.000063
Epoch 46/50 | Train Loss=0.000001 | Val Loss=0.000104
Epoch 47/50 | Train Loss=0.000001 | Val Loss=0.000042
Epoch 48/50 | Train Loss=0.000001 | Val Loss=0.000037
Epoch 49/50 | Train Loss=0.000001 | Val Loss=0.000057
Epoch 50/50 | Train Loss=0.000001 | Val Loss=0.000056
[Tuning-Transformer] Threshold (p95)=0.000874
Epoch 1/50 | Train Loss=0.003164 | Val Loss=0.014073
Epoch 2/50 | Train Loss=0.000354 | Val Loss=0.006896
Epoch 3/50 | Train Loss=0.000272 | Val Loss=0.005983
Epoch 4/50 | Train Loss=0.000218 | Val Loss=0.006323
Epoch 5/50 | Train Loss=0.000170 | Val Loss=0.005555
Epoch 6/50 | Train Loss=0.000117 | Val Loss=0.004184
Epoch 7/50 | Train Loss=0.000083 | Val Loss=0.001817
Epoch 8/50 | Train Loss=0.000048 | Val Loss=0.001626
Epoch 9/50 | Train Loss=0.000034 | Val Loss=0.000925
Epoch 10/50 | Train Loss=0.000023 | Val Loss=0.000527
Epoch 11/50 | Train Loss=0.000023 | Val Loss=0.002479
Epoch 12/50 | Train Loss=0.000020 | Val Loss=0.001219
Epoch 13/50 | Train Loss=0.000012 | Val Loss=0.000272
Epoch 14/50 | Train Loss=0.000007 | Val Loss=0.000191
Epoch 15/50 | Train Loss=0.000005 | Val Loss=0.000102
Epoch 16/50 | Train Loss=0.000004 | Val Loss=0.000071
[I 2025-09-16 23:55:33,452] Trial 6 finished with value: 1.1171727237524465e-05 and parameters: {'window_size': 120, 'batch_size': 128, 'lr': 0.0020735923693419927, 'd_model': 128, 'n_heads': 8, 'num_layers': 3, 'dropout': 0.2291663221814261}. Best is trial 6 with value: 1.1171727237524465e-05.
[I 2025-09-16 23:55:37,952] Trial 7 finished with value: 4.002670175395906e-05 and parameters: {'window_size': 90, 'batch_size': 128, 'lr': 0.003540600800546917, 'd_model': 32, 'n_heads': 2, 'num_layers': 2, 'dropout': 0.3774142358481438}. Best is trial 6 with value: 1.1171727237524465e-05.
[I 2025-09-16 23:55:53,620] Trial 8 finished with value: 5.769915151176974e-05 and parameters: {'window_size': 120, 'batch_size': 128, 'lr': 0.0006102945021253796, 'd_model': 32, 'n_heads': 8, 'num_layers': 3, 'dropout': 0.25630386314609566}. Best is trial 6 with value: 1.1171727237524465e-05.
Epoch 17/50 | Train Loss=0.000003 | Val Loss=0.000075
Epoch 18/50 | Train Loss=0.000003 | Val Loss=0.000061
Epoch 19/50 | Train Loss=0.000002 | Val Loss=0.000053
Epoch 20/50 | Train Loss=0.000002 | Val Loss=0.000048
Epoch 21/50 | Train Loss=0.000002 | Val Loss=0.000041
Epoch 22/50 | Train Loss=0.000002 | Val Loss=0.000039
Epoch 23/50 | Train Loss=0.000002 | Val Loss=0.000038
Epoch 24/50 | Train Loss=0.000002 | Val Loss=0.000035
Epoch 25/50 | Train Loss=0.000001 | Val Loss=0.000035
Epoch 26/50 | Train Loss=0.000001 | Val Loss=0.000032
Epoch 27/50 | Train Loss=0.000001 | Val Loss=0.000032
Epoch 28/50 | Train Loss=0.000001 | Val Loss=0.000031
Epoch 29/50 | Train Loss=0.000001 | Val Loss=0.000025
Epoch 30/50 | Train Loss=0.000001 | Val Loss=0.000024
Epoch 31/50 | Train Loss=0.000001 | Val Loss=0.000021
Epoch 32/50 | Train Loss=0.000001 | Val Loss=0.000020
Epoch 33/50 | Train Loss=0.000001 | Val Loss=0.000018
Epoch 34/50 | Train Loss=0.000001 | Val Loss=0.000018
Epoch 35/50 | Train Loss=0.000001 | Val Loss=0.000017
Epoch 36/50 | Train Loss=0.000001 | Val Loss=0.000015
Epoch 37/50 | Train Loss=0.000001 | Val Loss=0.000014
Epoch 38/50 | Train Loss=0.000001 | Val Loss=0.000015
Epoch 39/50 | Train Loss=0.000001 | Val Loss=0.000012
Epoch 40/50 | Train Loss=0.000001 | Val Loss=0.000013
Epoch 41/50 | Train Loss=0.000001 | Val Loss=0.000015
Epoch 42/50 | Train Loss=0.000001 | Val Loss=0.000011
Epoch 43/50 | Train Loss=0.000001 | Val Loss=0.000016
Epoch 44/50 | Train Loss=0.000001 | Val Loss=0.000013
Epoch 45/50 | Train Loss=0.000001 | Val Loss=0.000022
Epoch 46/50 | Train Loss=0.000001 | Val Loss=0.000051
Epoch 47/50 | Train Loss=0.000001 | Val Loss=0.000052
‚èπ Early stopping at epoch 47
[Tuning-Transformer] Threshold (p95)=0.000326
Epoch 1/50 | Train Loss=0.001451 | Val Loss=0.041392
Epoch 2/50 | Train Loss=0.000443 | Val Loss=0.008600
Epoch 3/50 | Train Loss=0.000304 | Val Loss=0.007078
Epoch 4/50 | Train Loss=0.000219 | Val Loss=0.006932
Epoch 5/50 | Train Loss=0.000158 | Val Loss=0.005307
Epoch 6/50 | Train Loss=0.000099 | Val Loss=0.001287
Epoch 7/50 | Train Loss=0.000043 | Val Loss=0.001040
Epoch 8/50 | Train Loss=0.000026 | Val Loss=0.000826
Epoch 9/50 | Train Loss=0.000020 | Val Loss=0.000679
Epoch 10/50 | Train Loss=0.000016 | Val Loss=0.000565
Epoch 11/50 | Train Loss=0.000012 | Val Loss=0.000391
Epoch 12/50 | Train Loss=0.000009 | Val Loss=0.000292
Epoch 13/50 | Train Loss=0.000007 | Val Loss=0.000198
Epoch 14/50 | Train Loss=0.000005 | Val Loss=0.000139
Epoch 15/50 | Train Loss=0.000004 | Val Loss=0.000110
Epoch 16/50 | Train Loss=0.000003 | Val Loss=0.000089
Epoch 17/50 | Train Loss=0.000003 | Val Loss=0.000074
Epoch 18/50 | Train Loss=0.000002 | Val Loss=0.000071
Epoch 19/50 | Train Loss=0.000002 | Val Loss=0.000054
Epoch 20/50 | Train Loss=0.000002 | Val Loss=0.000055
Epoch 21/50 | Train Loss=0.000002 | Val Loss=0.000061
Epoch 22/50 | Train Loss=0.000001 | Val Loss=0.000043
Epoch 23/50 | Train Loss=0.000001 | Val Loss=0.000040
Epoch 24/50 | Train Loss=0.000001 | Val Loss=0.000040
Epoch 25/50 | Train Loss=0.000001 | Val Loss=0.000041
Epoch 26/50 | Train Loss=0.000001 | Val Loss=0.000051
Epoch 27/50 | Train Loss=0.000001 | Val Loss=0.000041
Epoch 28/50 | Train Loss=0.000001 | Val Loss=0.000040
Epoch 29/50 | Train Loss=0.000001 | Val Loss=0.000057
‚èπ Early stopping at epoch 29
[Tuning-Transformer] Threshold (p95)=0.000688
Epoch 1/50 | Train Loss=0.000387 | Val Loss=0.004396
Epoch 2/50 | Train Loss=0.000148 | Val Loss=0.002539
Epoch 3/50 | Train Loss=0.000097 | Val Loss=0.001636
Epoch 4/50 | Train Loss=0.000073 | Val Loss=0.000867
Epoch 5/50 | Train Loss=0.000058 | Val Loss=0.000873
Epoch 6/50 | Train Loss=0.000048 | Val Loss=0.000750
Epoch 7/50 | Train Loss=0.000040 | Val Loss=0.000661
Epoch 8/50 | Train Loss=0.000035 | Val Loss=0.000559
Epoch 9/50 | Train Loss=0.000031 | Val Loss=0.000452
Epoch 10/50 | Train Loss=0.000028 | Val Loss=0.000375
Epoch 11/50 | Train Loss=0.000025 | Val Loss=0.000301
Epoch 12/50 | Train Loss=0.000023 | Val Loss=0.000259
Epoch 13/50 | Train Loss=0.000021 | Val Loss=0.000234
Epoch 14/50 | Train Loss=0.000019 | Val Loss=0.000231
Epoch 15/50 | Train Loss=0.000018 | Val Loss=0.000202
Epoch 16/50 | Train Loss=0.000017 | Val Loss=0.000194
Epoch 17/50 | Train Loss=0.000015 | Val Loss=0.000172
Epoch 18/50 | Train Loss=0.000014 | Val Loss=0.000161
Epoch 19/50 | Train Loss=0.000014 | Val Loss=0.000156
Epoch 20/50 | Train Loss=0.000013 | Val Loss=0.000156
Epoch 21/50 | Train Loss=0.000012 | Val Loss=0.000155
Epoch 22/50 | Train Loss=0.000011 | Val Loss=0.000131
Epoch 23/50 | Train Loss=0.000011 | Val Loss=0.000126
Epoch 24/50 | Train Loss=0.000010 | Val Loss=0.000133
Epoch 25/50 | Train Loss=0.000010 | Val Loss=0.000119
Epoch 26/50 | Train Loss=0.000009 | Val Loss=0.000119
Epoch 27/50 | Train Loss=0.000008 | Val Loss=0.000102
Epoch 28/50 | Train Loss=0.000008 | Val Loss=0.000109
Epoch 29/50 | Train Loss=0.000007 | Val Loss=0.000091
Epoch 30/50 | Train Loss=0.000007 | Val Loss=0.000097
Epoch 31/50 | Train Loss=0.000007 | Val Loss=0.000090
Epoch 32/50 | Train Loss=0.000006 | Val Loss=0.000090
Epoch 33/50 | Train Loss=0.000006 | Val Loss=0.000088
Epoch 34/50 | Train Loss=0.000006 | Val Loss=0.000091
Epoch 35/50 | Train Loss=0.000005 | Val Loss=0.000075
Epoch 36/50 | Train Loss=0.000005 | Val Loss=0.000085
Epoch 37/50 | Train Loss=0.000005 | Val Loss=0.000076
Epoch 38/50 | Train Loss=0.000005 | Val Loss=0.000074
Epoch 39/50 | Train Loss=0.000004 | Val Loss=0.000076
Epoch 40/50 | Train Loss=0.000004 | Val Loss=0.000071
Epoch 41/50 | Train Loss=0.000004 | Val Loss=0.000074
Epoch 42/50 | Train Loss=0.000004 | Val Loss=0.000072
Epoch 43/50 | Train Loss=0.000003 | Val Loss=0.000071
Epoch 44/50 | Train Loss=0.000003 | Val Loss=0.000068
Epoch 45/50 | Train Loss=0.000003 | Val Loss=0.000068
Epoch 46/50 | Train Loss=0.000003 | Val Loss=0.000067
Epoch 47/50 | Train Loss=0.000003 | Val Loss=0.000065
Epoch 48/50 | Train Loss=0.000003 | Val Loss=0.000059
Epoch 49/50 | Train Loss=0.000003 | Val Loss=0.000062
Epoch 50/50 | Train Loss=0.000002 | Val Loss=0.000058
[Tuning-Transformer] Threshold (p95)=0.001147
Epoch 1/50 | Train Loss=0.003001 | Val Loss=0.009138
Epoch 2/50 | Train Loss=0.000237 | Val Loss=0.011875
Epoch 3/50 | Train Loss=0.000196 | Val Loss=0.006738
Epoch 4/50 | Train Loss=0.000168 | Val Loss=0.006281
Epoch 5/50 | Train Loss=0.000149 | Val Loss=0.006353
Epoch 6/50 | Train Loss=0.000125 | Val Loss=0.005739
Epoch 7/50 | Train Loss=0.000077 | Val Loss=0.003402
Epoch 8/50 | Train Loss=0.000035 | Val Loss=0.001287
Epoch 9/50 | Train Loss=0.000024 | Val Loss=0.001652
Epoch 10/50 | Train Loss=0.000015 | Val Loss=0.000290
Epoch 11/50 | Train Loss=0.000008 | Val Loss=0.000137
Epoch 12/50 | Train Loss=0.000005 | Val Loss=0.000096
Epoch 13/50 | Train Loss=0.000003 | Val Loss=0.000058
Epoch 14/50 | Train Loss=0.000003 | Val Loss=0.000065
Epoch 15/50 | Train Loss=0.000002 | Val Loss=0.000063
Epoch 16/50 | Train Loss=0.000002 | Val Loss=0.000048
Epoch 17/50 | Train Loss=0.000002 | Val Loss=0.000055
Epoch 18/50 | Train Loss=0.000002 | Val Loss=0.000038
Epoch 19/50 | Train Loss=0.000002 | Val Loss=0.000036
Epoch 20/50 | Train Loss=0.000001 | Val Loss=0.000041
Epoch 21/50 | Train Loss=0.000001 | Val Loss=0.000031
Epoch 22/50 | Train Loss=0.000001 | Val Loss=0.000031
Epoch 23/50 | Train Loss=0.000001 | Val Loss=0.000029
Epoch 24/50 | Train Loss=0.000001 | Val Loss=0.000027
Epoch 25/50 | Train Loss=0.000001 | Val Loss=0.000023
Epoch 26/50 | Train Loss=0.000001 | Val Loss=0.000021
Epoch 27/50 | Train Loss=0.000001 | Val Loss=0.000022
Epoch 28/50 | Train Loss=0.000001 | Val Loss=0.000021
Epoch 29/50 | Train Loss=0.000001 | Val Loss=0.000019
Epoch 30/50 | Train Loss=0.000001 | Val Loss=0.000020
Epoch 31/50 | Train Loss=0.000001 | Val Loss=0.000019
Epoch 32/50 | Train Loss=0.000001 | Val Loss=0.000019
Epoch 33/50 | Train Loss=0.000001 | Val Loss=0.000019
Epoch 34/50 | Train Loss=0.000001 | Val Loss=0.000018
Epoch 35/50 | Train Loss=0.000001 | Val Loss=0.000020
Epoch 36/50 | Train Loss=0.000001 | Val Loss=0.000016
Epoch 37/50 | Train Loss=0.000001 | Val Loss=0.000019
Epoch 38/50 | Train Loss=0.000001 | Val Loss=0.000017
