[I 2025-09-16 23:40:23,168] Trial 7 finished with value: 0.10427214205265045 and parameters: {'window_size': 60, 'batch_size': 64, 'lr': 0.00025449855418789184, 'hidden_size': 16, 'dropout': 0.3219758912275603}. Best is trial 1 with value: 0.013388630002737045.
Epoch 3/50 | Train Loss=0.003250 | Val Loss=0.271731
Epoch 4/50 | Train Loss=0.003134 | Val Loss=0.268472
Epoch 5/50 | Train Loss=0.003109 | Val Loss=0.265236
Epoch 6/50 | Train Loss=0.003075 | Val Loss=0.262030
Epoch 7/50 | Train Loss=0.003050 | Val Loss=0.258856
Epoch 8/50 | Train Loss=0.003010 | Val Loss=0.255706
Epoch 9/50 | Train Loss=0.002889 | Val Loss=0.252541
Epoch 10/50 | Train Loss=0.002903 | Val Loss=0.249363
Epoch 11/50 | Train Loss=0.002850 | Val Loss=0.246195
Epoch 12/50 | Train Loss=0.002794 | Val Loss=0.242976
Epoch 13/50 | Train Loss=0.002787 | Val Loss=0.239719
Epoch 14/50 | Train Loss=0.002689 | Val Loss=0.236381
Epoch 15/50 | Train Loss=0.002724 | Val Loss=0.232955
Epoch 16/50 | Train Loss=0.002623 | Val Loss=0.229409
Epoch 17/50 | Train Loss=0.002599 | Val Loss=0.225738
Epoch 18/50 | Train Loss=0.002554 | Val Loss=0.221926
Epoch 19/50 | Train Loss=0.002499 | Val Loss=0.217923
Epoch 20/50 | Train Loss=0.002397 | Val Loss=0.213696
Epoch 21/50 | Train Loss=0.002322 | Val Loss=0.209205
Epoch 22/50 | Train Loss=0.002322 | Val Loss=0.204404
Epoch 23/50 | Train Loss=0.002274 | Val Loss=0.199242
Epoch 24/50 | Train Loss=0.002155 | Val Loss=0.193698
Epoch 25/50 | Train Loss=0.002064 | Val Loss=0.187742
Epoch 26/50 | Train Loss=0.001975 | Val Loss=0.181370
Epoch 27/50 | Train Loss=0.001872 | Val Loss=0.174673
Epoch 28/50 | Train Loss=0.001810 | Val Loss=0.167727
Epoch 29/50 | Train Loss=0.001801 | Val Loss=0.160671
Epoch 30/50 | Train Loss=0.001650 | Val Loss=0.153720
Epoch 31/50 | Train Loss=0.001627 | Val Loss=0.146984
Epoch 32/50 | Train Loss=0.001539 | Val Loss=0.140668
Epoch 33/50 | Train Loss=0.001477 | Val Loss=0.134873
Epoch 34/50 | Train Loss=0.001448 | Val Loss=0.129673
Epoch 35/50 | Train Loss=0.001445 | Val Loss=0.125055
Epoch 36/50 | Train Loss=0.001386 | Val Loss=0.120896
Epoch 37/50 | Train Loss=0.001337 | Val Loss=0.117220
Epoch 38/50 | Train Loss=0.001307 | Val Loss=0.113912
Epoch 39/50 | Train Loss=0.001294 | Val Loss=0.110929
Epoch 40/50 | Train Loss=0.001279 | Val Loss=0.108161
Epoch 41/50 | Train Loss=0.001268 | Val Loss=0.105559
Epoch 42/50 | Train Loss=0.001243 | Val Loss=0.103092
Epoch 43/50 | Train Loss=0.001204 | Val Loss=0.100703
Epoch 44/50 | Train Loss=0.001202 | Val Loss=0.098439
Epoch 45/50 | Train Loss=0.001188 | Val Loss=0.096279
Epoch 46/50 | Train Loss=0.001153 | Val Loss=0.094194
Epoch 47/50 | Train Loss=0.001126 | Val Loss=0.092155
Epoch 48/50 | Train Loss=0.001140 | Val Loss=0.090215
Epoch 49/50 | Train Loss=0.001123 | Val Loss=0.088304
Epoch 50/50 | Train Loss=0.001100 | Val Loss=0.086423
[Tuning-LSTM_AE] Threshold (p95)=0.130455
Epoch 1/50 | Train Loss=0.002383 | Val Loss=0.199271
Epoch 2/50 | Train Loss=0.002221 | Val Loss=0.181765
Epoch 3/50 | Train Loss=0.001419 | Val Loss=0.166213
Epoch 4/50 | Train Loss=0.001894 | Val Loss=0.152280
Epoch 5/50 | Train Loss=0.000939 | Val Loss=0.140520
Epoch 6/50 | Train Loss=0.001078 | Val Loss=0.130501
Epoch 7/50 | Train Loss=0.001139 | Val Loss=0.121168
Epoch 8/50 | Train Loss=0.001269 | Val Loss=0.111938
Epoch 9/50 | Train Loss=0.001063 | Val Loss=0.102834
Epoch 10/50 | Train Loss=0.000853 | Val Loss=0.094442
Epoch 11/50 | Train Loss=0.000796 | Val Loss=0.086801
Epoch 12/50 | Train Loss=0.000913 | Val Loss=0.079360
Epoch 13/50 | Train Loss=0.000916 | Val Loss=0.072284
Epoch 14/50 | Train Loss=0.000820 | Val Loss=0.065454
Epoch 15/50 | Train Loss=0.000697 | Val Loss=0.059435
Epoch 16/50 | Train Loss=0.000702 | Val Loss=0.054790
Epoch 17/50 | Train Loss=0.000592 | Val Loss=0.051206
Epoch 18/50 | Train Loss=0.000619 | Val Loss=0.048113
Epoch 19/50 | Train Loss=0.000662 | Val Loss=0.045475
Epoch 20/50 | Train Loss=0.000579 | Val Loss=0.043726
Epoch 21/50 | Train Loss=0.000637 | Val Loss=0.042637
Epoch 22/50 | Train Loss=0.000504 | Val Loss=0.041437
Epoch 23/50 | Train Loss=0.000535 | Val Loss=0.040402
Epoch 24/50 | Train Loss=0.000444 | Val Loss=0.039619
Epoch 25/50 | Train Loss=0.000585 | Val Loss=0.038178
Epoch 26/50 | Train Loss=0.000610 | Val Loss=0.036480
Epoch 27/50 | Train Loss=0.000589 | Val Loss=0.035682
Epoch 28/50 | Train Loss=0.000494 | Val Loss=0.035587
Epoch 29/50 | Train Loss=0.000490 | Val Loss=0.035626
Epoch 30/50 | Train Loss=0.000437 | Val Loss=0.035347
Epoch 31/50 | Train Loss=0.000522 | Val Loss=0.035195
Epoch 32/50 | Train Loss=0.000500 | Val Loss=0.034641
Epoch 33/50 | Train Loss=0.000544 | Val Loss=0.033566
Epoch 34/50 | Train Loss=0.000620 | Val Loss=0.033530
Epoch 35/50 | Train Loss=0.000522 | Val Loss=0.035294
Epoch 36/50 | Train Loss=0.000520 | Val Loss=0.037147
Epoch 37/50 | Train Loss=0.000426 | Val Loss=0.037646
Epoch 38/50 | Train Loss=0.000440 | Val Loss=0.037608
Epoch 39/50 | Train Loss=0.000405 | Val Loss=0.037647
‚èπ Early stopping at epoch 39
[Tuning-LSTM_AE] Threshold (p95)=0.091983
Epoch 1/50 | Train Loss=0.002239 | Val Loss=0.207266
Epoch 2/50 | Train Loss=0.002194 | Val Loss=0.205291
Epoch 3/50 | Train Loss=0.002205 | Val Loss=0.203334
Epoch 4/50 | Train Loss=0.002220 | Val Loss=0.201370
Epoch 5/50 | Train Loss=0.002185 | Val Loss=0.199390
Epoch 6/50 | Train Loss=0.002117 | Val Loss=0.197409
Epoch 7/50 | Train Loss=0.002056 | Val Loss=0.195433
Epoch 8/50 | Train Loss=0.002054 | Val Loss=0.193462
Epoch 9/50 | Train Loss=0.002019 | Val Loss=0.191492
Epoch 10/50 | Train Loss=0.001998 | Val Loss=0.189513
Epoch 11/50 | Train Loss=0.001948 | Val Loss=0.187531
Epoch 12/50 | Train Loss=0.001918 | Val Loss=0.185530
Epoch 13/50 | Train Loss=0.001996 | Val Loss=0.183554
Epoch 14/50 | Train Loss=0.001982 | Val Loss=0.181564
Epoch 15/50 | Train Loss=0.001904 | Val Loss=0.179548
Epoch 16/50 | Train Loss=0.001873 | Val Loss=0.177516
Epoch 17/50 | Train Loss=0.001869 | Val Loss=0.175482
Epoch 18/50 | Train Loss=0.001801 | Val Loss=0.173445
Epoch 19/50 | Train Loss=0.001835 | Val Loss=0.171406
Epoch 20/50 | Train Loss=0.001765 | Val Loss=0.169344
Epoch 21/50 | Train Loss=0.001734 | Val Loss=0.167256
Epoch 22/50 | Train Loss=0.001719 | Val Loss=0.165151
Epoch 23/50 | Train Loss=0.001732 | Val Loss=0.163045
Epoch 24/50 | Train Loss=0.001696 | Val Loss=0.160929
Epoch 25/50 | Train Loss=0.001659 | Val Loss=0.158804
Epoch 26/50 | Train Loss=0.001691 | Val Loss=0.156682
Epoch 27/50 | Train Loss=0.001623 | Val Loss=0.154518
Epoch 28/50 | Train Loss=0.001653 | Val Loss=0.152355
Epoch 29/50 | Train Loss=0.001563 | Val Loss=0.150166
Epoch 30/50 | Train Loss=0.001611 | Val Loss=0.147980
Epoch 31/50 | Train Loss=0.001528 | Val Loss=0.145753
Epoch 32/50 | Train Loss=0.001555 | Val Loss=0.143492
Epoch 33/50 | Train Loss=0.001470 | Val Loss=0.141202
Epoch 34/50 | Train Loss=0.001471 | Val Loss=0.138893
Epoch 35/50 | Train Loss=0.001464 | Val Loss=0.136557
Epoch 36/50 | Train Loss=0.001486 | Val Loss=0.134227
Epoch 37/50 | Train Loss=0.001388 | Val Loss=0.131875
Epoch 38/50 | Train Loss=0.001369 | Val Loss=0.129577
Epoch 39/50 | Train Loss=0.001424 | Val Loss=0.127299
Epoch 40/50 | Train Loss=0.001377 | Val Loss=0.125082
Epoch 41/50 | Train Loss=0.001323 | Val Loss=0.122828
Epoch 42/50 | Train Loss=0.001337 | Val Loss=0.120653
Epoch 43/50 | Train Loss=0.001257 | Val Loss=0.118459
Epoch 44/50 | Train Loss=0.001314 | Val Loss=0.116342
Epoch 45/50 | Train Loss=0.001261 | Val Loss=0.114218
Epoch 46/50 | Train Loss=0.001229 | Val Loss=0.112128
Epoch 47/50 | Train Loss=0.001228 | Val Loss=0.110093
Epoch 48/50 | Train Loss=0.001174 | Val Loss=0.108119
Epoch 49/50 | Train Loss=0.001199 | Val Loss=0.106192
Epoch 50/50 | Train Loss=0.001189 | Val Loss=0.104272
[Tuning-LSTM_AE] Threshold (p95)=0.185137
Epoch 1/50 | Train Loss=0.002323 | Val Loss=0.191441
Epoch 2/50 | Train Loss=0.001319 | Val Loss=0.138470
Epoch 3/50 | Train Loss=0.001307 | Val Loss=0.103610
Epoch 4/50 | Train Loss=0.000837 | Val Loss=0.088019
Epoch 5/50 | Train Loss=0.001136 | Val Loss=0.078631
Epoch 6/50 | Train Loss=0.000950 | Val Loss=0.073367
Epoch 7/50 | Train Loss=0.000922 | Val Loss=0.071866
Epoch 8/50 | Train Loss=0.000766 | Val Loss=0.072178
Epoch 9/50 | Train Loss=0.000955 | Val Loss=0.072215
Epoch 10/50 | Train Loss=0.000985 | Val Loss=0.069369
Epoch 11/50 | Train Loss=0.000903 | Val Loss=0.064684
Epoch 12/50 | Train Loss=0.000784 | Val Loss=0.060035
[I 2025-09-16 23:40:23,551] Trial 8 finished with value: 0.030680332332849503 and parameters: {'window_size': 90, 'batch_size': 128, 'lr': 0.008629074906806318, 'hidden_size': 32, 'dropout': 0.49417112825721154}. Best is trial 1 with value: 0.013388630002737045.
[I 2025-09-16 23:40:24,061] Trial 9 finished with value: 0.01714136265218258 and parameters: {'window_size': 60, 'batch_size': 64, 'lr': 0.002101271433786282, 'hidden_size': 64, 'dropout': 0.26579204290542224}. Best is trial 1 with value: 0.013388630002737045.
[I 2025-09-16 23:40:24,061] A new study created in memory with name: no-name-c130d25c-a338-4198-8d00-123c20f1d29e
[I 2025-09-16 23:40:24,663] Trial 0 finished with value: 0.005888237152248621 and parameters: {'window_size': 90, 'batch_size': 128, 'lr': 0.0005976446084234705, 'd_model': 32, 'n_heads': 4, 'num_layers': 2, 'dropout': 0.34622148952211534}. Best is trial 0 with value: 0.005888237152248621.
[I 2025-09-16 23:40:26,800] Trial 1 finished with value: 0.0014370635617524385 and parameters: {'window_size': 60, 'batch_size': 32, 'lr': 0.00033702762893445594, 'd_model': 32, 'n_heads': 8, 'num_layers': 2, 'dropout': 0.35115641341172943}. Best is trial 1 with value: 0.0014370635617524385.
Epoch 13/50 | Train Loss=0.000758 | Val Loss=0.055261
Epoch 14/50 | Train Loss=0.000682 | Val Loss=0.050020
Epoch 15/50 | Train Loss=0.000528 | Val Loss=0.047661
Epoch 16/50 | Train Loss=0.000603 | Val Loss=0.050429
Epoch 17/50 | Train Loss=0.000615 | Val Loss=0.053299
Epoch 18/50 | Train Loss=0.000773 | Val Loss=0.051105
Epoch 19/50 | Train Loss=0.000545 | Val Loss=0.043905
Epoch 20/50 | Train Loss=0.000485 | Val Loss=0.038016
Epoch 21/50 | Train Loss=0.000463 | Val Loss=0.037901
Epoch 22/50 | Train Loss=0.000454 | Val Loss=0.036281
Epoch 23/50 | Train Loss=0.000364 | Val Loss=0.032129
Epoch 24/50 | Train Loss=0.000574 | Val Loss=0.030680
Epoch 25/50 | Train Loss=0.000388 | Val Loss=0.032067
Epoch 26/50 | Train Loss=0.000490 | Val Loss=0.035642
Epoch 27/50 | Train Loss=0.000492 | Val Loss=0.040946
Epoch 28/50 | Train Loss=0.000351 | Val Loss=0.046618
Epoch 29/50 | Train Loss=0.000446 | Val Loss=0.049260
‚èπ Early stopping at epoch 29
[Tuning-LSTM_AE] Threshold (p95)=0.089401
Epoch 1/50 | Train Loss=0.002182 | Val Loss=0.180142
Epoch 2/50 | Train Loss=0.001591 | Val Loss=0.142548
Epoch 3/50 | Train Loss=0.001243 | Val Loss=0.111559
Epoch 4/50 | Train Loss=0.001014 | Val Loss=0.087294
Epoch 5/50 | Train Loss=0.000873 | Val Loss=0.073174
Epoch 6/50 | Train Loss=0.000834 | Val Loss=0.065676
Epoch 7/50 | Train Loss=0.000778 | Val Loss=0.061186
Epoch 8/50 | Train Loss=0.000663 | Val Loss=0.057873
Epoch 9/50 | Train Loss=0.000633 | Val Loss=0.054760
Epoch 10/50 | Train Loss=0.000554 | Val Loss=0.046478
Epoch 11/50 | Train Loss=0.000510 | Val Loss=0.037315
Epoch 12/50 | Train Loss=0.000476 | Val Loss=0.030719
Epoch 13/50 | Train Loss=0.000449 | Val Loss=0.030728
Epoch 14/50 | Train Loss=0.000434 | Val Loss=0.035153
Epoch 15/50 | Train Loss=0.000407 | Val Loss=0.037627
Epoch 16/50 | Train Loss=0.000396 | Val Loss=0.034116
Epoch 17/50 | Train Loss=0.000391 | Val Loss=0.028966
Epoch 18/50 | Train Loss=0.000367 | Val Loss=0.026665
Epoch 19/50 | Train Loss=0.000350 | Val Loss=0.027702
Epoch 20/50 | Train Loss=0.000349 | Val Loss=0.026795
Epoch 21/50 | Train Loss=0.000321 | Val Loss=0.026068
Epoch 22/50 | Train Loss=0.000307 | Val Loss=0.023024
Epoch 23/50 | Train Loss=0.000298 | Val Loss=0.023148
Epoch 24/50 | Train Loss=0.000276 | Val Loss=0.017141
Epoch 25/50 | Train Loss=0.000285 | Val Loss=0.017487
Epoch 26/50 | Train Loss=0.000270 | Val Loss=0.019183
Epoch 27/50 | Train Loss=0.000265 | Val Loss=0.019199
Epoch 28/50 | Train Loss=0.000275 | Val Loss=0.020234
Epoch 29/50 | Train Loss=0.000270 | Val Loss=0.021324
‚èπ Early stopping at epoch 29
[Tuning-LSTM_AE] Threshold (p95)=0.068239
üîé Best hyperparameters for LSTM_AE: {'window_size': 90, 'batch_size': 32, 'lr': 0.004078501261309703, 'hidden_size': 64, 'dropout': 0.46353711506817175}
Best validation loss: 0.013388630002737045

üîé Running hyperparameter search for Transformer on coin_coin_Aave...
Epoch 1/50 | Train Loss=0.001544 | Val Loss=0.037134
Epoch 2/50 | Train Loss=0.000929 | Val Loss=0.016967
Epoch 3/50 | Train Loss=0.000508 | Val Loss=0.017952
Epoch 4/50 | Train Loss=0.000518 | Val Loss=0.018934
Epoch 5/50 | Train Loss=0.000496 | Val Loss=0.013148
Epoch 6/50 | Train Loss=0.000381 | Val Loss=0.013123
Epoch 7/50 | Train Loss=0.000365 | Val Loss=0.013304
Epoch 8/50 | Train Loss=0.000380 | Val Loss=0.011181
Epoch 9/50 | Train Loss=0.000303 | Val Loss=0.007726
Epoch 10/50 | Train Loss=0.000319 | Val Loss=0.006741
Epoch 11/50 | Train Loss=0.000316 | Val Loss=0.006403
Epoch 12/50 | Train Loss=0.000282 | Val Loss=0.005888
Epoch 13/50 | Train Loss=0.000285 | Val Loss=0.006126
Epoch 14/50 | Train Loss=0.000249 | Val Loss=0.008167
Epoch 15/50 | Train Loss=0.000255 | Val Loss=0.008607
Epoch 16/50 | Train Loss=0.000231 | Val Loss=0.007208
Epoch 17/50 | Train Loss=0.000206 | Val Loss=0.005976
‚èπ Early stopping at epoch 17
[Tuning-Transformer] Threshold (p95)=0.009005
Epoch 1/50 | Train Loss=0.002933 | Val Loss=0.025427
Epoch 2/50 | Train Loss=0.001156 | Val Loss=0.021957
Epoch 3/50 | Train Loss=0.000838 | Val Loss=0.013375
Epoch 4/50 | Train Loss=0.000677 | Val Loss=0.011738
Epoch 5/50 | Train Loss=0.000615 | Val Loss=0.011069
Epoch 6/50 | Train Loss=0.000535 | Val Loss=0.008336
Epoch 7/50 | Train Loss=0.000488 | Val Loss=0.008134
Epoch 8/50 | Train Loss=0.000442 | Val Loss=0.007343
Epoch 9/50 | Train Loss=0.000405 | Val Loss=0.006969
Epoch 10/50 | Train Loss=0.000372 | Val Loss=0.006309
Epoch 11/50 | Train Loss=0.000343 | Val Loss=0.005617
Epoch 12/50 | Train Loss=0.000316 | Val Loss=0.004834
Epoch 13/50 | Train Loss=0.000297 | Val Loss=0.004587
Epoch 14/50 | Train Loss=0.000278 | Val Loss=0.004276
Epoch 15/50 | Train Loss=0.000262 | Val Loss=0.003891
Epoch 16/50 | Train Loss=0.000249 | Val Loss=0.003738
Epoch 17/50 | Train Loss=0.000240 | Val Loss=0.003415
Epoch 18/50 | Train Loss=0.000226 | Val Loss=0.003232
Epoch 19/50 | Train Loss=0.000215 | Val Loss=0.003049
Epoch 20/50 | Train Loss=0.000204 | Val Loss=0.002817
Epoch 21/50 | Train Loss=0.000198 | Val Loss=0.002670
Epoch 22/50 | Train Loss=0.000187 | Val Loss=0.002513
Epoch 23/50 | Train Loss=0.000181 | Val Loss=0.002429
Epoch 24/50 | Train Loss=0.000173 | Val Loss=0.002313
Epoch 25/50 | Train Loss=0.000167 | Val Loss=0.002226
Epoch 26/50 | Train Loss=0.000162 | Val Loss=0.002120
Epoch 27/50 | Train Loss=0.000155 | Val Loss=0.002133
Epoch 28/50 | Train Loss=0.000148 | Val Loss=0.002045
Epoch 29/50 | Train Loss=0.000145 | Val Loss=0.001968
Epoch 30/50 | Train Loss=0.000140 | Val Loss=0.001891
Epoch 31/50 | Train Loss=0.000137 | Val Loss=0.001864
Epoch 32/50 | Train Loss=0.000130 | Val Loss=0.001780
Epoch 33/50 | Train Loss=0.000127 | Val Loss=0.001779
Epoch 34/50 | Train Loss=0.000123 | Val Loss=0.001751
Epoch 35/50 | Train Loss=0.000120 | Val Loss=0.001734
Epoch 36/50 | Train Loss=0.000116 | Val Loss=0.001695
Epoch 37/50 | Train Loss=0.000113 | Val Loss=0.001646
Epoch 38/50 | Train Loss=0.000111 | Val Loss=0.001592
Epoch 39/50 | Train Loss=0.000107 | Val Loss=0.001584
Epoch 40/50 | Train Loss=0.000104 | Val Loss=0.001558
Epoch 41/50 | Train Loss=0.000104 | Val Loss=0.001552
Epoch 42/50 | Train Loss=0.000100 | Val Loss=0.001572
Epoch 43/50 | Train Loss=0.000098 | Val Loss=0.001499
Epoch 44/50 | Train Loss=0.000094 | Val Loss=0.001485
Epoch 45/50 | Train Loss=0.000091 | Val Loss=0.001493
Epoch 46/50 | Train Loss=0.000090 | Val Loss=0.001476
Epoch 47/50 | Train Loss=0.000088 | Val Loss=0.001438
Epoch 48/50 | Train Loss=0.000086 | Val Loss=0.001437
Epoch 49/50 | Train Loss=0.000084 | Val Loss=0.001471
Epoch 50/50 | Train Loss=0.000082 | Val Loss=0.001438
[Tuning-Transformer] Threshold (p95)=0.001467
Epoch 1/50 | Train Loss=0.002857 | Val Loss=0.033340
Epoch 2/50 | Train Loss=0.001174 | Val Loss=0.013860
Epoch 3/50 | Train Loss=0.000868 | Val Loss=0.006826
Epoch 4/50 | Train Loss=0.000683 | Val Loss=0.004993
Epoch 5/50 | Train Loss=0.000546 | Val Loss=0.004757
Epoch 6/50 | Train Loss=0.000504 | Val Loss=0.005689
Epoch 7/50 | Train Loss=0.000452 | Val Loss=0.004049
Epoch 8/50 | Train Loss=0.000425 | Val Loss=0.003272
Epoch 9/50 | Train Loss=0.000383 | Val Loss=0.003142
Epoch 10/50 | Train Loss=0.000364 | Val Loss=0.002629
Epoch 11/50 | Train Loss=0.000346 | Val Loss=0.002288
Epoch 12/50 | Train Loss=0.000327 | Val Loss=0.002113
Epoch 13/50 | Train Loss=0.000311 | Val Loss=0.002129
Epoch 14/50 | Train Loss=0.000295 | Val Loss=0.001901
Epoch 15/50 | Train Loss=0.000287 | Val Loss=0.001686
Epoch 16/50 | Train Loss=0.000276 | Val Loss=0.001530
Epoch 17/50 | Train Loss=0.000263 | Val Loss=0.001394
Epoch 18/50 | Train Loss=0.000248 | Val Loss=0.001285
Epoch 19/50 | Train Loss=0.000236 | Val Loss=0.001182
Epoch 20/50 | Train Loss=0.000227 | Val Loss=0.001092
Epoch 21/50 | Train Loss=0.000223 | Val Loss=0.001008
Epoch 22/50 | Train Loss=0.000210 | Val Loss=0.000931
Epoch 23/50 | Train Loss=0.000204 | Val Loss=0.000855
Epoch 24/50 | Train Loss=0.000200 | Val Loss=0.000816
Epoch 25/50 | Train Loss=0.000192 | Val Loss=0.000734
Epoch 26/50 | Train Loss=0.000185 | Val Loss=0.000703
Epoch 27/50 | Train Loss=0.000181 | Val Loss=0.000703
Epoch 28/50 | Train Loss=0.000171 | Val Loss=0.000640
Epoch 29/50 | Train Loss=0.000172 | Val Loss=0.000648
[I 2025-09-16 23:40:28,755] Trial 2 finished with value: 0.00042245269287377596 and parameters: {'window_size': 120, 'batch_size': 32, 'lr': 0.00018098229932110474, 'd_model': 64, 'n_heads': 2, 'num_layers': 2, 'dropout': 0.18516407431173332}. Best is trial 2 with value: 0.00042245269287377596.
[I 2025-09-16 23:40:29,619] Trial 3 finished with value: 0.0046536182053387165 and parameters: {'window_size': 60, 'batch_size': 128, 'lr': 0.00010180903187788175, 'd_model': 64, 'n_heads': 4, 'num_layers': 1, 'dropout': 0.16154720352802776}. Best is trial 2 with value: 0.00042245269287377596.
[I 2025-09-16 23:40:29,919] Trial 4 finished with value: 0.005774814635515213 and parameters: {'window_size': 120, 'batch_size': 128, 'lr': 0.0006516139033612, 'd_model': 32, 'n_heads': 4, 'num_layers': 1, 'dropout': 0.18385234187050015}. Best is trial 2 with value: 0.00042245269287377596.
