[I 2025-09-16 23:38:03,618] Trial 1 finished with value: 0.011633405461907387 and parameters: {'window_size': 120, 'batch_size': 32, 'lr': 0.0007636683033036745, 'd_model': 128, 'n_heads': 4, 'num_layers': 2, 'dropout': 0.10531715485976341}. Best is trial 1 with value: 0.011633405461907387.
Epoch 26/50 | Train Loss=0.000083 | Val Loss=0.038547
Epoch 27/50 | Train Loss=0.000085 | Val Loss=0.038543
Epoch 28/50 | Train Loss=0.000086 | Val Loss=0.038419
Epoch 29/50 | Train Loss=0.000083 | Val Loss=0.038482
Epoch 30/50 | Train Loss=0.000082 | Val Loss=0.038472
Epoch 31/50 | Train Loss=0.000081 | Val Loss=0.038411
Epoch 32/50 | Train Loss=0.000081 | Val Loss=0.038368
Epoch 33/50 | Train Loss=0.000079 | Val Loss=0.038471
Epoch 34/50 | Train Loss=0.000080 | Val Loss=0.038402
Epoch 35/50 | Train Loss=0.000082 | Val Loss=0.038346
Epoch 36/50 | Train Loss=0.000080 | Val Loss=0.038355
Epoch 37/50 | Train Loss=0.000078 | Val Loss=0.038403
Epoch 38/50 | Train Loss=0.000082 | Val Loss=0.038412
Epoch 39/50 | Train Loss=0.000079 | Val Loss=0.038392
Epoch 40/50 | Train Loss=0.000080 | Val Loss=0.038416
‚èπ Early stopping at epoch 40
[Tuning-LSTM_AE] Threshold (p95)=0.055691
Epoch 1/50 | Train Loss=0.000195 | Val Loss=0.038219
Epoch 2/50 | Train Loss=0.000164 | Val Loss=0.039036
Epoch 3/50 | Train Loss=0.000159 | Val Loss=0.038229
Epoch 4/50 | Train Loss=0.000154 | Val Loss=0.038247
Epoch 5/50 | Train Loss=0.000150 | Val Loss=0.037769
Epoch 6/50 | Train Loss=0.000145 | Val Loss=0.037550
Epoch 7/50 | Train Loss=0.000146 | Val Loss=0.037636
Epoch 8/50 | Train Loss=0.000144 | Val Loss=0.037002
Epoch 9/50 | Train Loss=0.000142 | Val Loss=0.036941
Epoch 10/50 | Train Loss=0.000140 | Val Loss=0.037200
Epoch 11/50 | Train Loss=0.000139 | Val Loss=0.037348
Epoch 12/50 | Train Loss=0.000139 | Val Loss=0.037279
Epoch 13/50 | Train Loss=0.000135 | Val Loss=0.037437
Epoch 14/50 | Train Loss=0.000136 | Val Loss=0.036991
‚èπ Early stopping at epoch 14
[Tuning-LSTM_AE] Threshold (p95)=0.056361
Epoch 1/50 | Train Loss=0.000260 | Val Loss=0.077516
Epoch 2/50 | Train Loss=0.000250 | Val Loss=0.075352
Epoch 3/50 | Train Loss=0.000242 | Val Loss=0.073402
Epoch 4/50 | Train Loss=0.000230 | Val Loss=0.071667
Epoch 5/50 | Train Loss=0.000223 | Val Loss=0.070097
Epoch 6/50 | Train Loss=0.000215 | Val Loss=0.068672
Epoch 7/50 | Train Loss=0.000208 | Val Loss=0.067357
Epoch 8/50 | Train Loss=0.000202 | Val Loss=0.066146
Epoch 9/50 | Train Loss=0.000195 | Val Loss=0.065028
Epoch 10/50 | Train Loss=0.000190 | Val Loss=0.063978
Epoch 11/50 | Train Loss=0.000184 | Val Loss=0.063007
Epoch 12/50 | Train Loss=0.000178 | Val Loss=0.062074
Epoch 13/50 | Train Loss=0.000173 | Val Loss=0.061211
Epoch 14/50 | Train Loss=0.000169 | Val Loss=0.060336
Epoch 15/50 | Train Loss=0.000163 | Val Loss=0.059503
Epoch 16/50 | Train Loss=0.000158 | Val Loss=0.058701
Epoch 17/50 | Train Loss=0.000153 | Val Loss=0.057932
Epoch 18/50 | Train Loss=0.000149 | Val Loss=0.057173
Epoch 19/50 | Train Loss=0.000145 | Val Loss=0.056458
Epoch 20/50 | Train Loss=0.000141 | Val Loss=0.055744
Epoch 21/50 | Train Loss=0.000136 | Val Loss=0.055051
Epoch 22/50 | Train Loss=0.000132 | Val Loss=0.054375
Epoch 23/50 | Train Loss=0.000128 | Val Loss=0.053725
Epoch 24/50 | Train Loss=0.000126 | Val Loss=0.053081
Epoch 25/50 | Train Loss=0.000120 | Val Loss=0.052442
Epoch 26/50 | Train Loss=0.000118 | Val Loss=0.051842
Epoch 27/50 | Train Loss=0.000112 | Val Loss=0.051256
Epoch 28/50 | Train Loss=0.000110 | Val Loss=0.050706
Epoch 29/50 | Train Loss=0.000106 | Val Loss=0.050168
Epoch 30/50 | Train Loss=0.000103 | Val Loss=0.049647
Epoch 31/50 | Train Loss=0.000101 | Val Loss=0.049144
Epoch 32/50 | Train Loss=0.000096 | Val Loss=0.048655
Epoch 33/50 | Train Loss=0.000094 | Val Loss=0.048198
Epoch 34/50 | Train Loss=0.000093 | Val Loss=0.047788
Epoch 35/50 | Train Loss=0.000089 | Val Loss=0.047375
Epoch 36/50 | Train Loss=0.000087 | Val Loss=0.046980
Epoch 37/50 | Train Loss=0.000085 | Val Loss=0.046631
Epoch 38/50 | Train Loss=0.000082 | Val Loss=0.046311
Epoch 39/50 | Train Loss=0.000081 | Val Loss=0.045989
Epoch 40/50 | Train Loss=0.000079 | Val Loss=0.045691
Epoch 41/50 | Train Loss=0.000077 | Val Loss=0.045441
Epoch 42/50 | Train Loss=0.000076 | Val Loss=0.045197
Epoch 43/50 | Train Loss=0.000074 | Val Loss=0.044968
Epoch 44/50 | Train Loss=0.000072 | Val Loss=0.044743
Epoch 45/50 | Train Loss=0.000071 | Val Loss=0.044544
Epoch 46/50 | Train Loss=0.000071 | Val Loss=0.044368
Epoch 47/50 | Train Loss=0.000069 | Val Loss=0.044222
Epoch 48/50 | Train Loss=0.000069 | Val Loss=0.044072
Epoch 49/50 | Train Loss=0.000067 | Val Loss=0.043944
Epoch 50/50 | Train Loss=0.000067 | Val Loss=0.043832
[Tuning-LSTM_AE] Threshold (p95)=0.082283
Epoch 1/50 | Train Loss=0.000158 | Val Loss=0.038740
Epoch 2/50 | Train Loss=0.000088 | Val Loss=0.038783
Epoch 3/50 | Train Loss=0.000082 | Val Loss=0.038430
Epoch 4/50 | Train Loss=0.000080 | Val Loss=0.037881
Epoch 5/50 | Train Loss=0.000080 | Val Loss=0.037739
Epoch 6/50 | Train Loss=0.000078 | Val Loss=0.038046
Epoch 7/50 | Train Loss=0.000078 | Val Loss=0.037813
Epoch 8/50 | Train Loss=0.000078 | Val Loss=0.037866
Epoch 9/50 | Train Loss=0.000077 | Val Loss=0.038157
Epoch 10/50 | Train Loss=0.000077 | Val Loss=0.037883
‚èπ Early stopping at epoch 10
[Tuning-LSTM_AE] Threshold (p95)=0.063948
üîé Best hyperparameters for LSTM_AE: {'window_size': 120, 'batch_size': 32, 'lr': 0.0060872552870308, 'hidden_size': 128, 'dropout': 0.46503492710142635}
Best validation loss: 0.03694060444831848

üîé Running hyperparameter search for Transformer on coin_coin_NEM...
Epoch 1/50 | Train Loss=0.000721 | Val Loss=0.031799
Epoch 2/50 | Train Loss=0.000166 | Val Loss=0.039255
Epoch 3/50 | Train Loss=0.000077 | Val Loss=0.030490
Epoch 4/50 | Train Loss=0.000029 | Val Loss=0.025384
Epoch 5/50 | Train Loss=0.000020 | Val Loss=0.023621
Epoch 6/50 | Train Loss=0.000012 | Val Loss=0.023092
Epoch 7/50 | Train Loss=0.000009 | Val Loss=0.022305
Epoch 8/50 | Train Loss=0.000007 | Val Loss=0.021388
Epoch 9/50 | Train Loss=0.000006 | Val Loss=0.020822
Epoch 10/50 | Train Loss=0.000005 | Val Loss=0.020254
Epoch 11/50 | Train Loss=0.000005 | Val Loss=0.019720
Epoch 12/50 | Train Loss=0.000004 | Val Loss=0.019211
Epoch 13/50 | Train Loss=0.000004 | Val Loss=0.018638
Epoch 14/50 | Train Loss=0.000004 | Val Loss=0.018116
Epoch 15/50 | Train Loss=0.000003 | Val Loss=0.017556
Epoch 16/50 | Train Loss=0.000003 | Val Loss=0.017127
Epoch 17/50 | Train Loss=0.000003 | Val Loss=0.016714
Epoch 18/50 | Train Loss=0.000003 | Val Loss=0.016310
Epoch 19/50 | Train Loss=0.000003 | Val Loss=0.016045
Epoch 20/50 | Train Loss=0.000002 | Val Loss=0.015753
Epoch 21/50 | Train Loss=0.000002 | Val Loss=0.015544
Epoch 22/50 | Train Loss=0.000002 | Val Loss=0.015390
Epoch 23/50 | Train Loss=0.000002 | Val Loss=0.015228
Epoch 24/50 | Train Loss=0.000002 | Val Loss=0.015116
Epoch 25/50 | Train Loss=0.000002 | Val Loss=0.015048
Epoch 26/50 | Train Loss=0.000002 | Val Loss=0.014992
Epoch 27/50 | Train Loss=0.000002 | Val Loss=0.014974
Epoch 28/50 | Train Loss=0.000002 | Val Loss=0.014962
Epoch 29/50 | Train Loss=0.000002 | Val Loss=0.015008
Epoch 30/50 | Train Loss=0.000002 | Val Loss=0.015036
Epoch 31/50 | Train Loss=0.000002 | Val Loss=0.015057
Epoch 32/50 | Train Loss=0.000002 | Val Loss=0.015121
Epoch 33/50 | Train Loss=0.000002 | Val Loss=0.015203
‚èπ Early stopping at epoch 33
[Tuning-Transformer] Threshold (p95)=0.000427
Epoch 1/50 | Train Loss=0.001169 | Val Loss=0.025391
Epoch 2/50 | Train Loss=0.000077 | Val Loss=0.018882
Epoch 3/50 | Train Loss=0.000027 | Val Loss=0.019249
Epoch 4/50 | Train Loss=0.000015 | Val Loss=0.018012
Epoch 5/50 | Train Loss=0.000011 | Val Loss=0.017170
Epoch 6/50 | Train Loss=0.000008 | Val Loss=0.015704
Epoch 7/50 | Train Loss=0.000006 | Val Loss=0.014569
Epoch 8/50 | Train Loss=0.000004 | Val Loss=0.013615
Epoch 9/50 | Train Loss=0.000004 | Val Loss=0.012864
Epoch 10/50 | Train Loss=0.000003 | Val Loss=0.012273
Epoch 11/50 | Train Loss=0.000003 | Val Loss=0.011851
Epoch 12/50 | Train Loss=0.000003 | Val Loss=0.011633
Epoch 13/50 | Train Loss=0.000003 | Val Loss=0.011641
Epoch 14/50 | Train Loss=0.000003 | Val Loss=0.011697
Epoch 15/50 | Train Loss=0.000002 | Val Loss=0.011883
Epoch 16/50 | Train Loss=0.000002 | Val Loss=0.012160
Epoch 17/50 | Train Loss=0.000002 | Val Loss=0.012531
‚èπ Early stopping at epoch 17
[Tuning-Transformer] Threshold (p95)=0.000114
[I 2025-09-16 23:38:31,396] Trial 2 finished with value: 0.015195387415587902 and parameters: {'window_size': 120, 'batch_size': 32, 'lr': 0.00021492153409434733, 'd_model': 32, 'n_heads': 8, 'num_layers': 3, 'dropout': 0.3586642563750033}. Best is trial 1 with value: 0.011633405461907387.
[I 2025-09-16 23:38:41,720] Trial 3 finished with value: 0.013603435829281807 and parameters: {'window_size': 60, 'batch_size': 32, 'lr': 0.0006670843229920273, 'd_model': 64, 'n_heads': 8, 'num_layers': 3, 'dropout': 0.12278709370993096}. Best is trial 1 with value: 0.011633405461907387.
[I 2025-09-16 23:39:12,580] Trial 4 finished with value: 0.012371492572128773 and parameters: {'window_size': 120, 'batch_size': 128, 'lr': 0.0008157680913173661, 'd_model': 64, 'n_heads': 8, 'num_layers': 3, 'dropout': 0.198583059750925}. Best is trial 1 with value: 0.011633405461907387.
[I 2025-09-16 23:39:18,221] Trial 5 finished with value: 0.013071438297629356 and parameters: {'window_size': 60, 'batch_size': 32, 'lr': 0.0007918003667063538, 'd_model': 128, 'n_heads': 2, 'num_layers': 1, 'dropout': 0.2679885627628511}. Best is trial 1 with value: 0.011633405461907387.
[I 2025-09-16 23:39:27,164] Trial 6 finished with value: 0.0124216228723526 and parameters: {'window_size': 90, 'batch_size': 64, 'lr': 0.00151078112708738, 'd_model': 128, 'n_heads': 4, 'num_layers': 2, 'dropout': 0.2161516856496878}. Best is trial 1 with value: 0.011633405461907387.
Epoch 1/50 | Train Loss=0.001212 | Val Loss=0.031039
Epoch 2/50 | Train Loss=0.000341 | Val Loss=0.030208
Epoch 3/50 | Train Loss=0.000221 | Val Loss=0.028291
Epoch 4/50 | Train Loss=0.000166 | Val Loss=0.025787
Epoch 5/50 | Train Loss=0.000131 | Val Loss=0.023746
Epoch 6/50 | Train Loss=0.000107 | Val Loss=0.022278
Epoch 7/50 | Train Loss=0.000088 | Val Loss=0.021147
Epoch 8/50 | Train Loss=0.000075 | Val Loss=0.020509
Epoch 9/50 | Train Loss=0.000064 | Val Loss=0.020474
Epoch 10/50 | Train Loss=0.000055 | Val Loss=0.020139
Epoch 11/50 | Train Loss=0.000047 | Val Loss=0.019892
Epoch 12/50 | Train Loss=0.000041 | Val Loss=0.019655
Epoch 13/50 | Train Loss=0.000036 | Val Loss=0.019502
Epoch 14/50 | Train Loss=0.000032 | Val Loss=0.019406
Epoch 15/50 | Train Loss=0.000028 | Val Loss=0.019208
Epoch 16/50 | Train Loss=0.000025 | Val Loss=0.019060
Epoch 17/50 | Train Loss=0.000022 | Val Loss=0.018807
Epoch 18/50 | Train Loss=0.000020 | Val Loss=0.018603
Epoch 19/50 | Train Loss=0.000018 | Val Loss=0.018315
Epoch 20/50 | Train Loss=0.000016 | Val Loss=0.017967
Epoch 21/50 | Train Loss=0.000015 | Val Loss=0.017685
Epoch 22/50 | Train Loss=0.000013 | Val Loss=0.017336
Epoch 23/50 | Train Loss=0.000012 | Val Loss=0.017023
Epoch 24/50 | Train Loss=0.000011 | Val Loss=0.016684
Epoch 25/50 | Train Loss=0.000009 | Val Loss=0.016394
Epoch 26/50 | Train Loss=0.000008 | Val Loss=0.016115
Epoch 27/50 | Train Loss=0.000007 | Val Loss=0.015890
Epoch 28/50 | Train Loss=0.000006 | Val Loss=0.015679
Epoch 29/50 | Train Loss=0.000006 | Val Loss=0.015525
Epoch 30/50 | Train Loss=0.000005 | Val Loss=0.015394
Epoch 31/50 | Train Loss=0.000005 | Val Loss=0.015315
Epoch 32/50 | Train Loss=0.000004 | Val Loss=0.015257
Epoch 33/50 | Train Loss=0.000004 | Val Loss=0.015217
Epoch 34/50 | Train Loss=0.000004 | Val Loss=0.015195
Epoch 35/50 | Train Loss=0.000003 | Val Loss=0.015197
Epoch 36/50 | Train Loss=0.000003 | Val Loss=0.015218
Epoch 37/50 | Train Loss=0.000003 | Val Loss=0.015252
Epoch 38/50 | Train Loss=0.000003 | Val Loss=0.015304
Epoch 39/50 | Train Loss=0.000003 | Val Loss=0.015391
‚èπ Early stopping at epoch 39
[Tuning-Transformer] Threshold (p95)=0.000338
Epoch 1/50 | Train Loss=0.000920 | Val Loss=0.034524
Epoch 2/50 | Train Loss=0.000119 | Val Loss=0.024734
Epoch 3/50 | Train Loss=0.000042 | Val Loss=0.020697
Epoch 4/50 | Train Loss=0.000023 | Val Loss=0.020440
Epoch 5/50 | Train Loss=0.000015 | Val Loss=0.019372
Epoch 6/50 | Train Loss=0.000011 | Val Loss=0.017545
Epoch 7/50 | Train Loss=0.000008 | Val Loss=0.016382
Epoch 8/50 | Train Loss=0.000006 | Val Loss=0.015447
Epoch 9/50 | Train Loss=0.000005 | Val Loss=0.014740
Epoch 10/50 | Train Loss=0.000004 | Val Loss=0.014249
Epoch 11/50 | Train Loss=0.000003 | Val Loss=0.013850
Epoch 12/50 | Train Loss=0.000003 | Val Loss=0.013645
Epoch 13/50 | Train Loss=0.000003 | Val Loss=0.013603
Epoch 14/50 | Train Loss=0.000002 | Val Loss=0.013638
Epoch 15/50 | Train Loss=0.000002 | Val Loss=0.013760
Epoch 16/50 | Train Loss=0.000002 | Val Loss=0.014053
Epoch 17/50 | Train Loss=0.000002 | Val Loss=0.014282
Epoch 18/50 | Train Loss=0.000002 | Val Loss=0.014625
‚èπ Early stopping at epoch 18
[Tuning-Transformer] Threshold (p95)=0.000068
Epoch 1/50 | Train Loss=0.000915 | Val Loss=0.044167
Epoch 2/50 | Train Loss=0.000174 | Val Loss=0.036074
Epoch 3/50 | Train Loss=0.000127 | Val Loss=0.033624
Epoch 4/50 | Train Loss=0.000084 | Val Loss=0.032870
Epoch 5/50 | Train Loss=0.000052 | Val Loss=0.032058
Epoch 6/50 | Train Loss=0.000037 | Val Loss=0.031973
Epoch 7/50 | Train Loss=0.000028 | Val Loss=0.030166
Epoch 8/50 | Train Loss=0.000023 | Val Loss=0.029442
Epoch 9/50 | Train Loss=0.000020 | Val Loss=0.026883
Epoch 10/50 | Train Loss=0.000018 | Val Loss=0.024989
Epoch 11/50 | Train Loss=0.000016 | Val Loss=0.023549
Epoch 12/50 | Train Loss=0.000014 | Val Loss=0.022504
Epoch 13/50 | Train Loss=0.000012 | Val Loss=0.021501
Epoch 14/50 | Train Loss=0.000011 | Val Loss=0.020777
Epoch 15/50 | Train Loss=0.000009 | Val Loss=0.020054
Epoch 16/50 | Train Loss=0.000008 | Val Loss=0.019649
Epoch 17/50 | Train Loss=0.000007 | Val Loss=0.019203
Epoch 18/50 | Train Loss=0.000007 | Val Loss=0.018778
Epoch 19/50 | Train Loss=0.000006 | Val Loss=0.018287
Epoch 20/50 | Train Loss=0.000005 | Val Loss=0.017887
Epoch 21/50 | Train Loss=0.000005 | Val Loss=0.017421
Epoch 22/50 | Train Loss=0.000004 | Val Loss=0.016954
Epoch 23/50 | Train Loss=0.000004 | Val Loss=0.016662
Epoch 24/50 | Train Loss=0.000003 | Val Loss=0.016281
Epoch 25/50 | Train Loss=0.000003 | Val Loss=0.015912
Epoch 26/50 | Train Loss=0.000003 | Val Loss=0.015543
Epoch 27/50 | Train Loss=0.000002 | Val Loss=0.015199
Epoch 28/50 | Train Loss=0.000002 | Val Loss=0.014913
Epoch 29/50 | Train Loss=0.000002 | Val Loss=0.014615
Epoch 30/50 | Train Loss=0.000002 | Val Loss=0.014344
Epoch 31/50 | Train Loss=0.000002 | Val Loss=0.014099
Epoch 32/50 | Train Loss=0.000001 | Val Loss=0.013849
Epoch 33/50 | Train Loss=0.000001 | Val Loss=0.013616
Epoch 34/50 | Train Loss=0.000001 | Val Loss=0.013433
Epoch 35/50 | Train Loss=0.000001 | Val Loss=0.013253
Epoch 36/50 | Train Loss=0.000001 | Val Loss=0.013091
Epoch 37/50 | Train Loss=0.000001 | Val Loss=0.012951
Epoch 38/50 | Train Loss=0.000001 | Val Loss=0.012836
Epoch 39/50 | Train Loss=0.000001 | Val Loss=0.012709
Epoch 40/50 | Train Loss=0.000001 | Val Loss=0.012608
Epoch 41/50 | Train Loss=0.000001 | Val Loss=0.012550
Epoch 42/50 | Train Loss=0.000001 | Val Loss=0.012477
Epoch 43/50 | Train Loss=0.000001 | Val Loss=0.012431
Epoch 44/50 | Train Loss=0.000001 | Val Loss=0.012405
Epoch 45/50 | Train Loss=0.000001 | Val Loss=0.012384
Epoch 46/50 | Train Loss=0.000001 | Val Loss=0.012371
Epoch 47/50 | Train Loss=0.000001 | Val Loss=0.012373
Epoch 48/50 | Train Loss=0.000001 | Val Loss=0.012383
Epoch 49/50 | Train Loss=0.000001 | Val Loss=0.012405
Epoch 50/50 | Train Loss=0.000001 | Val Loss=0.012436
[Tuning-Transformer] Threshold (p95)=0.000163
Epoch 1/50 | Train Loss=0.000758 | Val Loss=0.021118
Epoch 2/50 | Train Loss=0.000053 | Val Loss=0.022556
Epoch 3/50 | Train Loss=0.000024 | Val Loss=0.020830
Epoch 4/50 | Train Loss=0.000014 | Val Loss=0.019356
Epoch 5/50 | Train Loss=0.000010 | Val Loss=0.017899
Epoch 6/50 | Train Loss=0.000008 | Val Loss=0.016522
Epoch 7/50 | Train Loss=0.000007 | Val Loss=0.015526
Epoch 8/50 | Train Loss=0.000006 | Val Loss=0.014630
Epoch 9/50 | Train Loss=0.000005 | Val Loss=0.013903
Epoch 10/50 | Train Loss=0.000005 | Val Loss=0.013443
Epoch 11/50 | Train Loss=0.000005 | Val Loss=0.013157
Epoch 12/50 | Train Loss=0.000005 | Val Loss=0.013091
Epoch 13/50 | Train Loss=0.000005 | Val Loss=0.013071
Epoch 14/50 | Train Loss=0.000005 | Val Loss=0.013177
Epoch 15/50 | Train Loss=0.000005 | Val Loss=0.013363
Epoch 16/50 | Train Loss=0.000005 | Val Loss=0.013686
Epoch 17/50 | Train Loss=0.000005 | Val Loss=0.014014
Epoch 18/50 | Train Loss=0.000004 | Val Loss=0.014242
‚èπ Early stopping at epoch 18
[Tuning-Transformer] Threshold (p95)=0.000154
Epoch 1/50 | Train Loss=0.002443 | Val Loss=0.047925
Epoch 2/50 | Train Loss=0.000258 | Val Loss=0.039015
Epoch 3/50 | Train Loss=0.000081 | Val Loss=0.031477
Epoch 4/50 | Train Loss=0.000035 | Val Loss=0.024561
Epoch 5/50 | Train Loss=0.000013 | Val Loss=0.019525
Epoch 6/50 | Train Loss=0.000006 | Val Loss=0.017933
Epoch 7/50 | Train Loss=0.000004 | Val Loss=0.016419
Epoch 8/50 | Train Loss=0.000003 | Val Loss=0.015148
Epoch 9/50 | Train Loss=0.000002 | Val Loss=0.014174
Epoch 10/50 | Train Loss=0.000002 | Val Loss=0.013526
Epoch 11/50 | Train Loss=0.000002 | Val Loss=0.012972
Epoch 12/50 | Train Loss=0.000002 | Val Loss=0.012584
Epoch 13/50 | Train Loss=0.000001 | Val Loss=0.012494
Epoch 14/50 | Train Loss=0.000001 | Val Loss=0.012422
Epoch 15/50 | Train Loss=0.000001 | Val Loss=0.012502
Epoch 16/50 | Train Loss=0.000001 | Val Loss=0.012631
Epoch 17/50 | Train Loss=0.000001 | Val Loss=0.012881
Epoch 18/50 | Train Loss=0.000001 | Val Loss=0.013102
Epoch 19/50 | Train Loss=0.000001 | Val Loss=0.013341
‚èπ Early stopping at epoch 19
[Tuning-Transformer] Threshold (p95)=0.000114
Epoch 1/50 | Train Loss=0.000332 | Val Loss=0.040172
Epoch 2/50 | Train Loss=0.000161 | Val Loss=0.036164
[I 2025-09-16 23:39:37,645] Trial 7 finished with value: 0.02077307738363743 and parameters: {'window_size': 90, 'batch_size': 128, 'lr': 0.00019750878151154726, 'd_model': 64, 'n_heads': 2, 'num_layers': 3, 'dropout': 0.3716964666366558}. Best is trial 1 with value: 0.011633405461907387.
[I 2025-09-16 23:39:46,431] Trial 8 finished with value: 0.014906811527907848 and parameters: {'window_size': 90, 'batch_size': 128, 'lr': 0.004673940450304355, 'd_model': 128, 'n_heads': 2, 'num_layers': 3, 'dropout': 0.32924156933648985}. Best is trial 1 with value: 0.011633405461907387.
