[I 2025-09-16 23:44:29,675] Trial 3 finished with value: 0.004981967154890299 and parameters: {'window_size': 90, 'batch_size': 128, 'lr': 0.00027778866040461517, 'd_model': 32, 'n_heads': 4, 'num_layers': 1, 'dropout': 0.12675675321415814}. Best is trial 2 with value: 0.0005534501979127526.
Epoch 2/50 | Train Loss=0.000164 | Val Loss=0.035602
Epoch 3/50 | Train Loss=0.000161 | Val Loss=0.037408
Epoch 4/50 | Train Loss=0.000158 | Val Loss=0.037697
Epoch 5/50 | Train Loss=0.000160 | Val Loss=0.031156
Epoch 6/50 | Train Loss=0.000162 | Val Loss=0.038882
Epoch 7/50 | Train Loss=0.000158 | Val Loss=0.033115
Epoch 8/50 | Train Loss=0.000169 | Val Loss=0.033471
Epoch 9/50 | Train Loss=0.000165 | Val Loss=0.027978
Epoch 10/50 | Train Loss=0.000177 | Val Loss=0.035828
Epoch 11/50 | Train Loss=0.000167 | Val Loss=0.039431
Epoch 12/50 | Train Loss=0.000164 | Val Loss=0.036422
Epoch 13/50 | Train Loss=0.000159 | Val Loss=0.040150
Epoch 14/50 | Train Loss=0.000161 | Val Loss=0.035514
‚èπ Early stopping at epoch 14
[Tuning-LSTM_AE] Threshold (p95)=0.044976
Epoch 1/50 | Train Loss=0.000132 | Val Loss=0.052396
Epoch 2/50 | Train Loss=0.000093 | Val Loss=0.044200
Epoch 3/50 | Train Loss=0.000079 | Val Loss=0.039172
Epoch 4/50 | Train Loss=0.000071 | Val Loss=0.035165
Epoch 5/50 | Train Loss=0.000067 | Val Loss=0.031944
Epoch 6/50 | Train Loss=0.000063 | Val Loss=0.029673
Epoch 7/50 | Train Loss=0.000058 | Val Loss=0.027706
Epoch 8/50 | Train Loss=0.000052 | Val Loss=0.025550
Epoch 9/50 | Train Loss=0.000048 | Val Loss=0.024290
Epoch 10/50 | Train Loss=0.000043 | Val Loss=0.023649
Epoch 11/50 | Train Loss=0.000041 | Val Loss=0.023854
Epoch 12/50 | Train Loss=0.000040 | Val Loss=0.023033
Epoch 13/50 | Train Loss=0.000039 | Val Loss=0.023216
Epoch 14/50 | Train Loss=0.000039 | Val Loss=0.023071
Epoch 15/50 | Train Loss=0.000038 | Val Loss=0.023184
Epoch 16/50 | Train Loss=0.000038 | Val Loss=0.022619
Epoch 17/50 | Train Loss=0.000038 | Val Loss=0.022357
Epoch 18/50 | Train Loss=0.000037 | Val Loss=0.023212
Epoch 19/50 | Train Loss=0.000037 | Val Loss=0.022350
Epoch 20/50 | Train Loss=0.000037 | Val Loss=0.022590
Epoch 21/50 | Train Loss=0.000037 | Val Loss=0.023068
Epoch 22/50 | Train Loss=0.000036 | Val Loss=0.022344
Epoch 23/50 | Train Loss=0.000037 | Val Loss=0.022323
Epoch 24/50 | Train Loss=0.000036 | Val Loss=0.022691
Epoch 25/50 | Train Loss=0.000036 | Val Loss=0.022770
Epoch 26/50 | Train Loss=0.000036 | Val Loss=0.022497
Epoch 27/50 | Train Loss=0.000036 | Val Loss=0.022296
Epoch 28/50 | Train Loss=0.000036 | Val Loss=0.022601
Epoch 29/50 | Train Loss=0.000035 | Val Loss=0.022509
Epoch 30/50 | Train Loss=0.000035 | Val Loss=0.022734
Epoch 31/50 | Train Loss=0.000035 | Val Loss=0.022780
Epoch 32/50 | Train Loss=0.000035 | Val Loss=0.022863
‚èπ Early stopping at epoch 32
[Tuning-LSTM_AE] Threshold (p95)=0.039502
Epoch 1/50 | Train Loss=0.000149 | Val Loss=0.053184
Epoch 2/50 | Train Loss=0.000118 | Val Loss=0.051627
Epoch 3/50 | Train Loss=0.000100 | Val Loss=0.050798
Epoch 4/50 | Train Loss=0.000090 | Val Loss=0.049802
Epoch 5/50 | Train Loss=0.000084 | Val Loss=0.048808
Epoch 6/50 | Train Loss=0.000079 | Val Loss=0.047654
Epoch 7/50 | Train Loss=0.000076 | Val Loss=0.046332
Epoch 8/50 | Train Loss=0.000071 | Val Loss=0.044767
Epoch 9/50 | Train Loss=0.000067 | Val Loss=0.042947
Epoch 10/50 | Train Loss=0.000060 | Val Loss=0.040739
Epoch 11/50 | Train Loss=0.000053 | Val Loss=0.038798
Epoch 12/50 | Train Loss=0.000048 | Val Loss=0.037351
Epoch 13/50 | Train Loss=0.000046 | Val Loss=0.036121
Epoch 14/50 | Train Loss=0.000045 | Val Loss=0.034969
Epoch 15/50 | Train Loss=0.000043 | Val Loss=0.034518
Epoch 16/50 | Train Loss=0.000043 | Val Loss=0.034072
Epoch 17/50 | Train Loss=0.000042 | Val Loss=0.033890
Epoch 18/50 | Train Loss=0.000042 | Val Loss=0.033766
Epoch 19/50 | Train Loss=0.000042 | Val Loss=0.033518
Epoch 20/50 | Train Loss=0.000041 | Val Loss=0.033727
Epoch 21/50 | Train Loss=0.000041 | Val Loss=0.033763
Epoch 22/50 | Train Loss=0.000041 | Val Loss=0.033604
Epoch 23/50 | Train Loss=0.000041 | Val Loss=0.033882
Epoch 24/50 | Train Loss=0.000041 | Val Loss=0.033713
‚èπ Early stopping at epoch 24
[Tuning-LSTM_AE] Threshold (p95)=0.048387
Epoch 1/50 | Train Loss=0.000100 | Val Loss=0.029746
Epoch 2/50 | Train Loss=0.000067 | Val Loss=0.032216
Epoch 3/50 | Train Loss=0.000065 | Val Loss=0.031764
Epoch 4/50 | Train Loss=0.000065 | Val Loss=0.032741
Epoch 5/50 | Train Loss=0.000065 | Val Loss=0.029909
Epoch 6/50 | Train Loss=0.000064 | Val Loss=0.031799
‚èπ Early stopping at epoch 6
[Tuning-LSTM_AE] Threshold (p95)=0.030816
üîé Best hyperparameters for LSTM_AE: {'window_size': 120, 'batch_size': 128, 'lr': 0.0003097616939956205, 'hidden_size': 128, 'dropout': 0.1666890634838274}
Best validation loss: 0.022296275943517685

üîé Running hyperparameter search for Transformer on coin_coin_Litecoin...
Epoch 1/50 | Train Loss=0.000248 | Val Loss=0.012513
Epoch 2/50 | Train Loss=0.000064 | Val Loss=0.003970
Epoch 3/50 | Train Loss=0.000043 | Val Loss=0.004955
Epoch 4/50 | Train Loss=0.000030 | Val Loss=0.005045
Epoch 5/50 | Train Loss=0.000021 | Val Loss=0.005427
Epoch 6/50 | Train Loss=0.000017 | Val Loss=0.005757
Epoch 7/50 | Train Loss=0.000014 | Val Loss=0.005891
‚èπ Early stopping at epoch 7
[Tuning-Transformer] Threshold (p95)=0.002516
Epoch 1/50 | Train Loss=0.001313 | Val Loss=0.017807
Epoch 2/50 | Train Loss=0.000061 | Val Loss=0.005943
Epoch 3/50 | Train Loss=0.000008 | Val Loss=0.001087
Epoch 4/50 | Train Loss=0.000004 | Val Loss=0.001009
Epoch 5/50 | Train Loss=0.000003 | Val Loss=0.001386
Epoch 6/50 | Train Loss=0.000002 | Val Loss=0.002098
Epoch 7/50 | Train Loss=0.000004 | Val Loss=0.003881
Epoch 8/50 | Train Loss=0.000002 | Val Loss=0.004624
Epoch 9/50 | Train Loss=0.000003 | Val Loss=0.006045
‚èπ Early stopping at epoch 9
[Tuning-Transformer] Threshold (p95)=0.001077
Epoch 1/50 | Train Loss=0.000736 | Val Loss=0.005754
Epoch 2/50 | Train Loss=0.000050 | Val Loss=0.006347
Epoch 3/50 | Train Loss=0.000017 | Val Loss=0.005699
Epoch 4/50 | Train Loss=0.000011 | Val Loss=0.004743
Epoch 5/50 | Train Loss=0.000008 | Val Loss=0.003552
Epoch 6/50 | Train Loss=0.000006 | Val Loss=0.002595
Epoch 7/50 | Train Loss=0.000004 | Val Loss=0.001614
Epoch 8/50 | Train Loss=0.000004 | Val Loss=0.001080
Epoch 9/50 | Train Loss=0.000003 | Val Loss=0.000727
Epoch 10/50 | Train Loss=0.000003 | Val Loss=0.000584
Epoch 11/50 | Train Loss=0.000002 | Val Loss=0.000553
Epoch 12/50 | Train Loss=0.000002 | Val Loss=0.000580
Epoch 13/50 | Train Loss=0.000002 | Val Loss=0.000651
Epoch 14/50 | Train Loss=0.000002 | Val Loss=0.000797
Epoch 15/50 | Train Loss=0.000002 | Val Loss=0.001002
Epoch 16/50 | Train Loss=0.000002 | Val Loss=0.001337
‚èπ Early stopping at epoch 16
[Tuning-Transformer] Threshold (p95)=0.000157
Epoch 1/50 | Train Loss=0.000452 | Val Loss=0.033112
Epoch 2/50 | Train Loss=0.000109 | Val Loss=0.017908
Epoch 3/50 | Train Loss=0.000080 | Val Loss=0.009970
Epoch 4/50 | Train Loss=0.000067 | Val Loss=0.007108
Epoch 5/50 | Train Loss=0.000058 | Val Loss=0.005573
Epoch 6/50 | Train Loss=0.000051 | Val Loss=0.005163
Epoch 7/50 | Train Loss=0.000044 | Val Loss=0.004982
Epoch 8/50 | Train Loss=0.000038 | Val Loss=0.004983
Epoch 9/50 | Train Loss=0.000033 | Val Loss=0.005122
Epoch 10/50 | Train Loss=0.000029 | Val Loss=0.005244
Epoch 11/50 | Train Loss=0.000025 | Val Loss=0.005411
Epoch 12/50 | Train Loss=0.000022 | Val Loss=0.005508
‚èπ Early stopping at epoch 12
[Tuning-Transformer] Threshold (p95)=0.001289
Epoch 1/50 | Train Loss=0.001682 | Val Loss=0.021080
Epoch 2/50 | Train Loss=0.000140 | Val Loss=0.011958
Epoch 3/50 | Train Loss=0.000052 | Val Loss=0.007399
Epoch 4/50 | Train Loss=0.000019 | Val Loss=0.003823
Epoch 5/50 | Train Loss=0.000007 | Val Loss=0.003668
Epoch 6/50 | Train Loss=0.000003 | Val Loss=0.002966
Epoch 7/50 | Train Loss=0.000002 | Val Loss=0.002434
Epoch 8/50 | Train Loss=0.000002 | Val Loss=0.002019
Epoch 9/50 | Train Loss=0.000002 | Val Loss=0.001508
Epoch 10/50 | Train Loss=0.000001 | Val Loss=0.001101
Epoch 11/50 | Train Loss=0.000001 | Val Loss=0.000818
Epoch 12/50 | Train Loss=0.000001 | Val Loss=0.000620
Epoch 13/50 | Train Loss=0.000001 | Val Loss=0.000461
Epoch 14/50 | Train Loss=0.000001 | Val Loss=0.000362
Epoch 15/50 | Train Loss=0.000001 | Val Loss=0.000315
Epoch 16/50 | Train Loss=0.000001 | Val Loss=0.000318
Epoch 17/50 | Train Loss=0.000001 | Val Loss=0.000289
[I 2025-09-16 23:44:37,952] Trial 4 finished with value: 0.00028372788801789284 and parameters: {'window_size': 120, 'batch_size': 128, 'lr': 0.0021491981606965057, 'd_model': 128, 'n_heads': 8, 'num_layers': 1, 'dropout': 0.19764874325355453}. Best is trial 4 with value: 0.00028372788801789284.
[I 2025-09-16 23:44:41,186] Trial 5 finished with value: 0.005164936184883118 and parameters: {'window_size': 60, 'batch_size': 128, 'lr': 0.0007267513634238598, 'd_model': 64, 'n_heads': 4, 'num_layers': 3, 'dropout': 0.10910846355599452}. Best is trial 4 with value: 0.00028372788801789284.
[I 2025-09-16 23:44:43,748] Trial 6 finished with value: 0.004795104265213013 and parameters: {'window_size': 60, 'batch_size': 128, 'lr': 0.00019873902712966513, 'd_model': 32, 'n_heads': 2, 'num_layers': 2, 'dropout': 0.23049697196650376}. Best is trial 4 with value: 0.00028372788801789284.
[I 2025-09-16 23:44:47,392] Trial 7 finished with value: 0.0032762279734015465 and parameters: {'window_size': 60, 'batch_size': 128, 'lr': 0.004235727893243363, 'd_model': 32, 'n_heads': 8, 'num_layers': 3, 'dropout': 0.28986915722777434}. Best is trial 4 with value: 0.00028372788801789284.
[I 2025-09-16 23:44:49,419] Trial 8 finished with value: 0.005729177501052618 and parameters: {'window_size': 60, 'batch_size': 32, 'lr': 0.00034705367960744324, 'd_model': 32, 'n_heads': 4, 'num_layers': 1, 'dropout': 0.11252163390643957}. Best is trial 4 with value: 0.00028372788801789284.
[I 2025-09-16 23:44:51,135] Trial 9 finished with value: 0.004672319162636995 and parameters: {'window_size': 90, 'batch_size': 64, 'lr': 0.00011677808377516423, 'd_model': 64, 'n_heads': 2, 'num_layers': 1, 'dropout': 0.19410113978008248}. Best is trial 4 with value: 0.00028372788801789284.
[I 2025-09-16 23:44:57,545] A new study created in memory with name: no-name-e13b4d60-0ab1-495b-af87-590ff7a86c5e
[I 2025-09-16 23:44:59,391] Trial 0 finished with value: 0.04773956537246704 and parameters: {'window_size': 60, 'batch_size': 64, 'lr': 0.0006241396405899341, 'hidden_size': 64, 'dropout': 0.4588448753366837}. Best is trial 0 with value: 0.04773956537246704.
[I 2025-09-16 23:45:02,205] Trial 1 finished with value: 0.047172706574201584 and parameters: {'window_size': 60, 'batch_size': 64, 'lr': 0.00036176834474167086, 'hidden_size': 128, 'dropout': 0.2549327976513158}. Best is trial 1 with value: 0.047172706574201584.
Epoch 18/50 | Train Loss=0.000001 | Val Loss=0.000284
Epoch 19/50 | Train Loss=0.000001 | Val Loss=0.000288
Epoch 20/50 | Train Loss=0.000001 | Val Loss=0.000310
Epoch 21/50 | Train Loss=0.000001 | Val Loss=0.000330
Epoch 22/50 | Train Loss=0.000001 | Val Loss=0.000342
Epoch 23/50 | Train Loss=0.000001 | Val Loss=0.000414
‚èπ Early stopping at epoch 23
[Tuning-Transformer] Threshold (p95)=0.000104
Epoch 1/50 | Train Loss=0.000535 | Val Loss=0.043173
Epoch 2/50 | Train Loss=0.000080 | Val Loss=0.018319
Epoch 3/50 | Train Loss=0.000053 | Val Loss=0.011645
Epoch 4/50 | Train Loss=0.000036 | Val Loss=0.005576
Epoch 5/50 | Train Loss=0.000025 | Val Loss=0.005165
Epoch 6/50 | Train Loss=0.000017 | Val Loss=0.005461
Epoch 7/50 | Train Loss=0.000011 | Val Loss=0.005858
Epoch 8/50 | Train Loss=0.000008 | Val Loss=0.006517
Epoch 9/50 | Train Loss=0.000006 | Val Loss=0.006317
Epoch 10/50 | Train Loss=0.000005 | Val Loss=0.006463
‚èπ Early stopping at epoch 10
[Tuning-Transformer] Threshold (p95)=0.000594
Epoch 1/50 | Train Loss=0.000370 | Val Loss=0.015554
Epoch 2/50 | Train Loss=0.000104 | Val Loss=0.008722
Epoch 3/50 | Train Loss=0.000077 | Val Loss=0.005271
Epoch 4/50 | Train Loss=0.000061 | Val Loss=0.005199
Epoch 5/50 | Train Loss=0.000051 | Val Loss=0.005052
Epoch 6/50 | Train Loss=0.000044 | Val Loss=0.005152
Epoch 7/50 | Train Loss=0.000039 | Val Loss=0.004973
Epoch 8/50 | Train Loss=0.000035 | Val Loss=0.004902
Epoch 9/50 | Train Loss=0.000032 | Val Loss=0.004795
Epoch 10/50 | Train Loss=0.000030 | Val Loss=0.004879
Epoch 11/50 | Train Loss=0.000028 | Val Loss=0.004845
Epoch 12/50 | Train Loss=0.000026 | Val Loss=0.004882
Epoch 13/50 | Train Loss=0.000024 | Val Loss=0.004921
Epoch 14/50 | Train Loss=0.000023 | Val Loss=0.004939
‚èπ Early stopping at epoch 14
[Tuning-Transformer] Threshold (p95)=0.001411
Epoch 1/50 | Train Loss=0.000819 | Val Loss=0.053849
Epoch 2/50 | Train Loss=0.000205 | Val Loss=0.060068
Epoch 3/50 | Train Loss=0.000113 | Val Loss=0.037802
Epoch 4/50 | Train Loss=0.000041 | Val Loss=0.013029
Epoch 5/50 | Train Loss=0.000014 | Val Loss=0.005380
Epoch 6/50 | Train Loss=0.000008 | Val Loss=0.003906
Epoch 7/50 | Train Loss=0.000005 | Val Loss=0.003276
Epoch 8/50 | Train Loss=0.000004 | Val Loss=0.003398
Epoch 9/50 | Train Loss=0.000003 | Val Loss=0.003780
Epoch 10/50 | Train Loss=0.000003 | Val Loss=0.004378
Epoch 11/50 | Train Loss=0.000003 | Val Loss=0.004839
Epoch 12/50 | Train Loss=0.000002 | Val Loss=0.005394
‚èπ Early stopping at epoch 12
[Tuning-Transformer] Threshold (p95)=0.000737
Epoch 1/50 | Train Loss=0.000267 | Val Loss=0.006272
Epoch 2/50 | Train Loss=0.000074 | Val Loss=0.005729
Epoch 3/50 | Train Loss=0.000045 | Val Loss=0.006353
Epoch 4/50 | Train Loss=0.000032 | Val Loss=0.006551
Epoch 5/50 | Train Loss=0.000025 | Val Loss=0.006497
Epoch 6/50 | Train Loss=0.000021 | Val Loss=0.006393
Epoch 7/50 | Train Loss=0.000018 | Val Loss=0.006309
‚èπ Early stopping at epoch 7
[Tuning-Transformer] Threshold (p95)=0.000852
Epoch 1/50 | Train Loss=0.000574 | Val Loss=0.015550
Epoch 2/50 | Train Loss=0.000151 | Val Loss=0.006342
Epoch 3/50 | Train Loss=0.000113 | Val Loss=0.005028
Epoch 4/50 | Train Loss=0.000089 | Val Loss=0.004903
Epoch 5/50 | Train Loss=0.000073 | Val Loss=0.004672
Epoch 6/50 | Train Loss=0.000061 | Val Loss=0.004704
Epoch 7/50 | Train Loss=0.000052 | Val Loss=0.004751
Epoch 8/50 | Train Loss=0.000045 | Val Loss=0.004854
Epoch 9/50 | Train Loss=0.000040 | Val Loss=0.004685
Epoch 10/50 | Train Loss=0.000035 | Val Loss=0.004762
‚èπ Early stopping at epoch 10
[Tuning-Transformer] Threshold (p95)=0.000576
üîé Best hyperparameters for Transformer: {'window_size': 120, 'batch_size': 128, 'lr': 0.0021491981606965057, 'd_model': 128, 'n_heads': 8, 'num_layers': 1, 'dropout': 0.19764874325355453}
Best validation loss: 0.00028372788801789284
‚úÖ Best LSTM params: {'window_size': 120, 'batch_size': 128, 'lr': 0.0003097616939956205, 'hidden_size': 128, 'dropout': 0.1666890634838274}
‚úÖ Best Transformer params: {'window_size': 120, 'batch_size': 128, 'lr': 0.0021491981606965057, 'd_model': 128, 'n_heads': 8, 'num_layers': 1, 'dropout': 0.19764874325355453}

>>> Training LSTM_AE for coin_coin_Litecoin...
Epoch 1/100 | Train Loss=0.000130 | Val Loss=0.029340
Epoch 2/100 | Train Loss=0.000062 | Val Loss=0.028094
Epoch 3/100 | Train Loss=0.000053 | Val Loss=0.027813
Epoch 4/100 | Train Loss=0.000046 | Val Loss=0.020784
Epoch 5/100 | Train Loss=0.000044 | Val Loss=0.020728
Epoch 6/100 | Train Loss=0.000042 | Val Loss=0.020345
Epoch 7/100 | Train Loss=0.000039 | Val Loss=0.021941
Epoch 8/100 | Train Loss=0.000038 | Val Loss=0.021200
Epoch 9/100 | Train Loss=0.000052 | Val Loss=0.027981
Epoch 10/100 | Train Loss=0.000047 | Val Loss=0.027218
Epoch 11/100 | Train Loss=0.000045 | Val Loss=0.024649
Epoch 12/100 | Train Loss=0.000043 | Val Loss=0.022097
Epoch 13/100 | Train Loss=0.000039 | Val Loss=0.020358
‚èπ Early stopping at epoch 13
[coin_coin_Litecoin (LSTM_AE)] Threshold (p95)=0.030737
üìä Saved error distribution to /data/m24csa029/MTP/cyptocurrency/results/coin_coin_Litecoin_LSTM_AE_anomalies_errors.png
coin_coin_Litecoin [LSTM_AE]: 192 anomalies detected

>>> Training Transformer for coin_coin_Litecoin...
Epoch 1/100 | Train Loss=0.000612 | Val Loss=0.001743
Epoch 2/100 | Train Loss=0.000036 | Val Loss=0.001537
Epoch 3/100 | Train Loss=0.000009 | Val Loss=0.001570
Epoch 4/100 | Train Loss=0.000005 | Val Loss=0.001718
Epoch 5/100 | Train Loss=0.000003 | Val Loss=0.001800
Epoch 6/100 | Train Loss=0.000002 | Val Loss=0.001761
Epoch 7/100 | Train Loss=0.000002 | Val Loss=0.001703
Epoch 8/100 | Train Loss=0.000002 | Val Loss=0.001699
Epoch 9/100 | Train Loss=0.000001 | Val Loss=0.001712
‚èπ Early stopping at epoch 9
[coin_coin_Litecoin (Transformer)] Threshold (p95)=0.000401
üìä Saved error distribution to /data/m24csa029/MTP/cyptocurrency/results/coin_coin_Litecoin_Transformer_anomalies_errors.png
coin_coin_Litecoin [Transformer]: 201 anomalies detected

üöÄ Processing coin_coin_Tether...

üîé Running hyperparameter search for LSTM_AE on coin_coin_Tether...
Epoch 1/50 | Train Loss=0.002728 | Val Loss=0.116474
Epoch 2/50 | Train Loss=0.000500 | Val Loss=0.048587
Epoch 3/50 | Train Loss=0.000155 | Val Loss=0.048591
Epoch 4/50 | Train Loss=0.000129 | Val Loss=0.048167
Epoch 5/50 | Train Loss=0.000118 | Val Loss=0.048396
Epoch 6/50 | Train Loss=0.000102 | Val Loss=0.048268
Epoch 7/50 | Train Loss=0.000100 | Val Loss=0.048160
Epoch 8/50 | Train Loss=0.000096 | Val Loss=0.047868
Epoch 9/50 | Train Loss=0.000093 | Val Loss=0.047740
Epoch 10/50 | Train Loss=0.000088 | Val Loss=0.048024
Epoch 11/50 | Train Loss=0.000087 | Val Loss=0.048275
Epoch 12/50 | Train Loss=0.000082 | Val Loss=0.048110
Epoch 13/50 | Train Loss=0.000080 | Val Loss=0.048043
Epoch 14/50 | Train Loss=0.000076 | Val Loss=0.048127
‚èπ Early stopping at epoch 14
[Tuning-LSTM_AE] Threshold (p95)=0.008543
Epoch 1/50 | Train Loss=0.003127 | Val Loss=0.142370
Epoch 2/50 | Train Loss=0.000652 | Val Loss=0.049169
Epoch 3/50 | Train Loss=0.000102 | Val Loss=0.048751
Epoch 4/50 | Train Loss=0.000086 | Val Loss=0.048943
Epoch 5/50 | Train Loss=0.000082 | Val Loss=0.048655
Epoch 6/50 | Train Loss=0.000079 | Val Loss=0.048315
Epoch 7/50 | Train Loss=0.000078 | Val Loss=0.048207
Epoch 8/50 | Train Loss=0.000078 | Val Loss=0.047995
Epoch 9/50 | Train Loss=0.000075 | Val Loss=0.047634
Epoch 10/50 | Train Loss=0.000074 | Val Loss=0.048233
Epoch 11/50 | Train Loss=0.000073 | Val Loss=0.047854
Epoch 12/50 | Train Loss=0.000076 | Val Loss=0.048119
Epoch 13/50 | Train Loss=0.000070 | Val Loss=0.047575
Epoch 14/50 | Train Loss=0.000072 | Val Loss=0.047995
Epoch 15/50 | Train Loss=0.000070 | Val Loss=0.047173
Epoch 16/50 | Train Loss=0.000067 | Val Loss=0.047482
Epoch 17/50 | Train Loss=0.000067 | Val Loss=0.047538
Epoch 18/50 | Train Loss=0.000067 | Val Loss=0.047750
Epoch 19/50 | Train Loss=0.000064 | Val Loss=0.047371
Epoch 20/50 | Train Loss=0.000064 | Val Loss=0.047711
‚èπ Early stopping at epoch 20
[Tuning-LSTM_AE] Threshold (p95)=0.008421
Epoch 1/50 | Train Loss=0.002850 | Val Loss=0.139455
Epoch 2/50 | Train Loss=0.000905 | Val Loss=0.048502
[I 2025-09-16 23:45:03,760] Trial 2 finished with value: 0.04740964248776436 and parameters: {'window_size': 60, 'batch_size': 64, 'lr': 0.0019037652893784682, 'hidden_size': 16, 'dropout': 0.3657168714397063}. Best is trial 1 with value: 0.047172706574201584.
[I 2025-09-16 23:45:05,430] Trial 3 finished with value: 0.043577130883932114 and parameters: {'window_size': 90, 'batch_size': 64, 'lr': 0.004920865115215215, 'hidden_size': 16, 'dropout': 0.4330369616654368}. Best is trial 3 with value: 0.043577130883932114.
[I 2025-09-16 23:45:06,065] Trial 4 finished with value: 0.04395591840147972 and parameters: {'window_size': 90, 'batch_size': 128, 'lr': 0.004707931392915946, 'hidden_size': 16, 'dropout': 0.4838786440389612}. Best is trial 3 with value: 0.043577130883932114.
[I 2025-09-16 23:45:07,086] Trial 5 finished with value: 0.03927606716752052 and parameters: {'window_size': 120, 'batch_size': 128, 'lr': 0.002413378509772116, 'hidden_size': 128, 'dropout': 0.4676498398470804}. Best is trial 5 with value: 0.03927606716752052.
[I 2025-09-16 23:45:10,136] Trial 6 finished with value: 0.043097663670778275 and parameters: {'window_size': 90, 'batch_size': 64, 'lr': 0.0003340659704775371, 'hidden_size': 16, 'dropout': 0.3336734866846709}. Best is trial 5 with value: 0.03927606716752052.
[I 2025-09-16 23:45:12,323] Trial 7 finished with value: 0.04734303057193756 and parameters: {'window_size': 60, 'batch_size': 64, 'lr': 0.0016665984603122267, 'hidden_size': 32, 'dropout': 0.3028786213964042}. Best is trial 5 with value: 0.03927606716752052.
