[I 2025-09-16 23:31:48,148] Trial 8 finished with value: 0.1032918319106102 and parameters: {'window_size': 120, 'batch_size': 64, 'lr': 0.0001138708319843817, 'd_model': 32, 'n_heads': 2, 'num_layers': 1, 'dropout': 0.16047809954192507}. Best is trial 1 with value: 0.033791013062000275.
Epoch 8/50 | Train Loss=0.000098 | Val Loss=0.333653
‚èπ Early stopping at epoch 8
[Tuning-Transformer] Threshold (p95)=0.020667
Epoch 1/50 | Train Loss=0.005130 | Val Loss=0.247770
Epoch 2/50 | Train Loss=0.000655 | Val Loss=0.267403
Epoch 3/50 | Train Loss=0.000213 | Val Loss=0.239463
Epoch 4/50 | Train Loss=0.000123 | Val Loss=0.118857
Epoch 5/50 | Train Loss=0.000043 | Val Loss=0.063403
Epoch 6/50 | Train Loss=0.000020 | Val Loss=0.047227
Epoch 7/50 | Train Loss=0.000012 | Val Loss=0.033791
Epoch 8/50 | Train Loss=0.000008 | Val Loss=0.037593
Epoch 9/50 | Train Loss=0.000007 | Val Loss=0.052475
Epoch 10/50 | Train Loss=0.000005 | Val Loss=0.061471
Epoch 11/50 | Train Loss=0.000006 | Val Loss=0.067952
Epoch 12/50 | Train Loss=0.000004 | Val Loss=0.080859
‚èπ Early stopping at epoch 12
[Tuning-Transformer] Threshold (p95)=0.000253
Epoch 1/50 | Train Loss=0.000474 | Val Loss=0.140718
Epoch 2/50 | Train Loss=0.000252 | Val Loss=0.085388
Epoch 3/50 | Train Loss=0.000190 | Val Loss=0.078063
Epoch 4/50 | Train Loss=0.000141 | Val Loss=0.082212
Epoch 5/50 | Train Loss=0.000110 | Val Loss=0.093395
Epoch 6/50 | Train Loss=0.000089 | Val Loss=0.092014
Epoch 7/50 | Train Loss=0.000075 | Val Loss=0.090954
Epoch 8/50 | Train Loss=0.000064 | Val Loss=0.090996
‚èπ Early stopping at epoch 8
[Tuning-Transformer] Threshold (p95)=0.000974
Epoch 1/50 | Train Loss=0.003701 | Val Loss=0.233390
Epoch 2/50 | Train Loss=0.000370 | Val Loss=0.287993
Epoch 3/50 | Train Loss=0.000228 | Val Loss=0.271258
Epoch 4/50 | Train Loss=0.000148 | Val Loss=0.292028
Epoch 5/50 | Train Loss=0.000097 | Val Loss=0.265149
Epoch 6/50 | Train Loss=0.000067 | Val Loss=0.202900
Epoch 7/50 | Train Loss=0.000040 | Val Loss=0.133532
Epoch 8/50 | Train Loss=0.000022 | Val Loss=0.097702
Epoch 9/50 | Train Loss=0.000015 | Val Loss=0.087852
Epoch 10/50 | Train Loss=0.000009 | Val Loss=0.093456
Epoch 11/50 | Train Loss=0.000013 | Val Loss=0.103766
Epoch 12/50 | Train Loss=0.000008 | Val Loss=0.107369
Epoch 13/50 | Train Loss=0.000006 | Val Loss=0.117115
Epoch 14/50 | Train Loss=0.000007 | Val Loss=0.116645
‚èπ Early stopping at epoch 14
[Tuning-Transformer] Threshold (p95)=0.000990
Epoch 1/50 | Train Loss=0.001611 | Val Loss=0.277814
Epoch 2/50 | Train Loss=0.000608 | Val Loss=0.195696
Epoch 3/50 | Train Loss=0.000455 | Val Loss=0.137364
Epoch 4/50 | Train Loss=0.000364 | Val Loss=0.107527
Epoch 5/50 | Train Loss=0.000304 | Val Loss=0.090294
Epoch 6/50 | Train Loss=0.000261 | Val Loss=0.085583
Epoch 7/50 | Train Loss=0.000234 | Val Loss=0.082225
Epoch 8/50 | Train Loss=0.000212 | Val Loss=0.080542
Epoch 9/50 | Train Loss=0.000193 | Val Loss=0.078788
Epoch 10/50 | Train Loss=0.000178 | Val Loss=0.078228
Epoch 11/50 | Train Loss=0.000165 | Val Loss=0.076791
Epoch 12/50 | Train Loss=0.000153 | Val Loss=0.075596
Epoch 13/50 | Train Loss=0.000142 | Val Loss=0.075997
Epoch 14/50 | Train Loss=0.000133 | Val Loss=0.075878
Epoch 15/50 | Train Loss=0.000124 | Val Loss=0.074555
Epoch 16/50 | Train Loss=0.000117 | Val Loss=0.072864
Epoch 17/50 | Train Loss=0.000110 | Val Loss=0.075654
Epoch 18/50 | Train Loss=0.000103 | Val Loss=0.075667
Epoch 19/50 | Train Loss=0.000095 | Val Loss=0.073514
Epoch 20/50 | Train Loss=0.000090 | Val Loss=0.076338
Epoch 21/50 | Train Loss=0.000085 | Val Loss=0.076160
‚èπ Early stopping at epoch 21
[Tuning-Transformer] Threshold (p95)=0.000991
Epoch 1/50 | Train Loss=0.001930 | Val Loss=0.277159
Epoch 2/50 | Train Loss=0.000739 | Val Loss=0.155216
Epoch 3/50 | Train Loss=0.000592 | Val Loss=0.118585
Epoch 4/50 | Train Loss=0.000503 | Val Loss=0.099102
Epoch 5/50 | Train Loss=0.000435 | Val Loss=0.085177
Epoch 6/50 | Train Loss=0.000376 | Val Loss=0.081746
Epoch 7/50 | Train Loss=0.000328 | Val Loss=0.081061
Epoch 8/50 | Train Loss=0.000287 | Val Loss=0.082044
Epoch 9/50 | Train Loss=0.000248 | Val Loss=0.082591
Epoch 10/50 | Train Loss=0.000219 | Val Loss=0.084820
Epoch 11/50 | Train Loss=0.000194 | Val Loss=0.085498
Epoch 12/50 | Train Loss=0.000176 | Val Loss=0.085344
‚èπ Early stopping at epoch 12
[Tuning-Transformer] Threshold (p95)=0.000908
Epoch 1/50 | Train Loss=0.001743 | Val Loss=0.189206
Epoch 2/50 | Train Loss=0.000604 | Val Loss=0.127887
Epoch 3/50 | Train Loss=0.000353 | Val Loss=0.069132
Epoch 4/50 | Train Loss=0.000231 | Val Loss=0.072717
Epoch 5/50 | Train Loss=0.000175 | Val Loss=0.066408
Epoch 6/50 | Train Loss=0.000138 | Val Loss=0.068712
Epoch 7/50 | Train Loss=0.000111 | Val Loss=0.065362
Epoch 8/50 | Train Loss=0.000090 | Val Loss=0.069243
Epoch 9/50 | Train Loss=0.000074 | Val Loss=0.075275
Epoch 10/50 | Train Loss=0.000061 | Val Loss=0.074644
Epoch 11/50 | Train Loss=0.000051 | Val Loss=0.076761
Epoch 12/50 | Train Loss=0.000043 | Val Loss=0.079986
‚èπ Early stopping at epoch 12
[Tuning-Transformer] Threshold (p95)=0.000399
Epoch 1/50 | Train Loss=0.002559 | Val Loss=0.345549
Epoch 2/50 | Train Loss=0.000665 | Val Loss=0.276318
Epoch 3/50 | Train Loss=0.000518 | Val Loss=0.252023
Epoch 4/50 | Train Loss=0.000417 | Val Loss=0.220388
Epoch 5/50 | Train Loss=0.000338 | Val Loss=0.191524
Epoch 6/50 | Train Loss=0.000281 | Val Loss=0.159654
Epoch 7/50 | Train Loss=0.000243 | Val Loss=0.140987
Epoch 8/50 | Train Loss=0.000216 | Val Loss=0.126344
Epoch 9/50 | Train Loss=0.000195 | Val Loss=0.118153
Epoch 10/50 | Train Loss=0.000177 | Val Loss=0.110733
Epoch 11/50 | Train Loss=0.000164 | Val Loss=0.112907
Epoch 12/50 | Train Loss=0.000152 | Val Loss=0.109498
Epoch 13/50 | Train Loss=0.000141 | Val Loss=0.109764
Epoch 14/50 | Train Loss=0.000133 | Val Loss=0.110955
Epoch 15/50 | Train Loss=0.000124 | Val Loss=0.111976
Epoch 16/50 | Train Loss=0.000118 | Val Loss=0.114004
Epoch 17/50 | Train Loss=0.000110 | Val Loss=0.112442
‚èπ Early stopping at epoch 17
[Tuning-Transformer] Threshold (p95)=0.001448
Epoch 1/50 | Train Loss=0.001163 | Val Loss=0.306081
Epoch 2/50 | Train Loss=0.000367 | Val Loss=0.225883
Epoch 3/50 | Train Loss=0.000252 | Val Loss=0.229517
Epoch 4/50 | Train Loss=0.000222 | Val Loss=0.192838
Epoch 5/50 | Train Loss=0.000196 | Val Loss=0.161691
Epoch 6/50 | Train Loss=0.000179 | Val Loss=0.150658
Epoch 7/50 | Train Loss=0.000166 | Val Loss=0.139654
Epoch 8/50 | Train Loss=0.000155 | Val Loss=0.128632
Epoch 9/50 | Train Loss=0.000146 | Val Loss=0.123819
Epoch 10/50 | Train Loss=0.000136 | Val Loss=0.119693
Epoch 11/50 | Train Loss=0.000129 | Val Loss=0.115683
Epoch 12/50 | Train Loss=0.000122 | Val Loss=0.113276
Epoch 13/50 | Train Loss=0.000114 | Val Loss=0.110096
Epoch 14/50 | Train Loss=0.000107 | Val Loss=0.108584
Epoch 15/50 | Train Loss=0.000101 | Val Loss=0.107341
Epoch 16/50 | Train Loss=0.000095 | Val Loss=0.106464
Epoch 17/50 | Train Loss=0.000089 | Val Loss=0.106058
Epoch 18/50 | Train Loss=0.000084 | Val Loss=0.105834
Epoch 19/50 | Train Loss=0.000078 | Val Loss=0.105603
Epoch 20/50 | Train Loss=0.000074 | Val Loss=0.105894
Epoch 21/50 | Train Loss=0.000069 | Val Loss=0.106033
Epoch 22/50 | Train Loss=0.000065 | Val Loss=0.105986
Epoch 23/50 | Train Loss=0.000062 | Val Loss=0.106181
Epoch 24/50 | Train Loss=0.000058 | Val Loss=0.105193
Epoch 25/50 | Train Loss=0.000055 | Val Loss=0.103987
Epoch 26/50 | Train Loss=0.000051 | Val Loss=0.103821
Epoch 27/50 | Train Loss=0.000050 | Val Loss=0.104644
Epoch 28/50 | Train Loss=0.000047 | Val Loss=0.103650
Epoch 29/50 | Train Loss=0.000044 | Val Loss=0.103442
Epoch 30/50 | Train Loss=0.000042 | Val Loss=0.103292
Epoch 31/50 | Train Loss=0.000040 | Val Loss=0.103780
Epoch 32/50 | Train Loss=0.000038 | Val Loss=0.104158
Epoch 33/50 | Train Loss=0.000037 | Val Loss=0.104478
Epoch 34/50 | Train Loss=0.000036 | Val Loss=0.104514
Epoch 35/50 | Train Loss=0.000034 | Val Loss=0.103724
‚èπ Early stopping at epoch 35
[Tuning-Transformer] Threshold (p95)=0.000359
Epoch 1/50 | Train Loss=0.002062 | Val Loss=0.396096
Epoch 2/50 | Train Loss=0.000553 | Val Loss=0.254499
Epoch 3/50 | Train Loss=0.000429 | Val Loss=0.210032
Epoch 4/50 | Train Loss=0.000368 | Val Loss=0.172075
Epoch 5/50 | Train Loss=0.000319 | Val Loss=0.148420
Epoch 6/50 | Train Loss=0.000293 | Val Loss=0.128956
Epoch 7/50 | Train Loss=0.000273 | Val Loss=0.119093
Epoch 8/50 | Train Loss=0.000255 | Val Loss=0.112195
[I 2025-09-16 23:31:50,241] Trial 9 finished with value: 0.08586684614419937 and parameters: {'window_size': 60, 'batch_size': 64, 'lr': 0.0001343538174762454, 'd_model': 32, 'n_heads': 4, 'num_layers': 1, 'dropout': 0.26398988510149635}. Best is trial 1 with value: 0.033791013062000275.
[I 2025-09-16 23:31:57,394] A new study created in memory with name: no-name-f59b97e3-6e7f-43ce-b8e6-ab6b24110a96
[I 2025-09-16 23:31:59,826] Trial 0 finished with value: 0.12945939600467682 and parameters: {'window_size': 90, 'batch_size': 64, 'lr': 0.0028083004447936218, 'hidden_size': 32, 'dropout': 0.16852761763790264}. Best is trial 0 with value: 0.12945939600467682.
[I 2025-09-16 23:32:02,387] Trial 1 finished with value: 0.1557830572128296 and parameters: {'window_size': 60, 'batch_size': 64, 'lr': 0.0008357722285152233, 'hidden_size': 16, 'dropout': 0.11758682987678558}. Best is trial 0 with value: 0.12945939600467682.
Epoch 9/50 | Train Loss=0.000237 | Val Loss=0.107562
Epoch 10/50 | Train Loss=0.000224 | Val Loss=0.104774
Epoch 11/50 | Train Loss=0.000209 | Val Loss=0.102914
Epoch 12/50 | Train Loss=0.000194 | Val Loss=0.099058
Epoch 13/50 | Train Loss=0.000181 | Val Loss=0.096821
Epoch 14/50 | Train Loss=0.000169 | Val Loss=0.096250
Epoch 15/50 | Train Loss=0.000157 | Val Loss=0.094767
Epoch 16/50 | Train Loss=0.000146 | Val Loss=0.093530
Epoch 17/50 | Train Loss=0.000136 | Val Loss=0.092683
Epoch 18/50 | Train Loss=0.000127 | Val Loss=0.091979
Epoch 19/50 | Train Loss=0.000119 | Val Loss=0.091442
Epoch 20/50 | Train Loss=0.000110 | Val Loss=0.091987
Epoch 21/50 | Train Loss=0.000103 | Val Loss=0.092622
Epoch 22/50 | Train Loss=0.000096 | Val Loss=0.092074
Epoch 23/50 | Train Loss=0.000089 | Val Loss=0.088400
Epoch 24/50 | Train Loss=0.000084 | Val Loss=0.088951
Epoch 25/50 | Train Loss=0.000079 | Val Loss=0.090007
Epoch 26/50 | Train Loss=0.000075 | Val Loss=0.089508
Epoch 27/50 | Train Loss=0.000070 | Val Loss=0.088130
Epoch 28/50 | Train Loss=0.000068 | Val Loss=0.088319
Epoch 29/50 | Train Loss=0.000064 | Val Loss=0.085867
Epoch 30/50 | Train Loss=0.000060 | Val Loss=0.086305
Epoch 31/50 | Train Loss=0.000057 | Val Loss=0.087873
Epoch 32/50 | Train Loss=0.000055 | Val Loss=0.088495
Epoch 33/50 | Train Loss=0.000053 | Val Loss=0.088697
Epoch 34/50 | Train Loss=0.000052 | Val Loss=0.089327
‚èπ Early stopping at epoch 34
[Tuning-Transformer] Threshold (p95)=0.000868
üîé Best hyperparameters for Transformer: {'window_size': 120, 'batch_size': 32, 'lr': 0.005145356880280763, 'd_model': 128, 'n_heads': 8, 'num_layers': 2, 'dropout': 0.36603071356656125}
Best validation loss: 0.033791013062000275
‚úÖ Best LSTM params: {'window_size': 60, 'batch_size': 64, 'lr': 0.003120813264284915, 'hidden_size': 128, 'dropout': 0.4755849191112427}
‚úÖ Best Transformer params: {'window_size': 120, 'batch_size': 32, 'lr': 0.005145356880280763, 'd_model': 128, 'n_heads': 8, 'num_layers': 2, 'dropout': 0.36603071356656125}

>>> Training LSTM_AE for coin_coin_WrappedBitcoin...
Epoch 1/100 | Train Loss=0.000770 | Val Loss=0.304583
Epoch 2/100 | Train Loss=0.000236 | Val Loss=0.340313
Epoch 3/100 | Train Loss=0.000091 | Val Loss=0.346843
Epoch 4/100 | Train Loss=0.000077 | Val Loss=0.319451
Epoch 5/100 | Train Loss=0.000066 | Val Loss=0.302805
Epoch 6/100 | Train Loss=0.000063 | Val Loss=0.291313
Epoch 7/100 | Train Loss=0.000060 | Val Loss=0.264557
Epoch 8/100 | Train Loss=0.000055 | Val Loss=0.224136
Epoch 9/100 | Train Loss=0.000051 | Val Loss=0.180358
Epoch 10/100 | Train Loss=0.000045 | Val Loss=0.157626
Epoch 11/100 | Train Loss=0.000043 | Val Loss=0.166710
Epoch 12/100 | Train Loss=0.000042 | Val Loss=0.165455
Epoch 13/100 | Train Loss=0.000037 | Val Loss=0.181644
Epoch 14/100 | Train Loss=0.000035 | Val Loss=0.184480
Epoch 15/100 | Train Loss=0.000034 | Val Loss=0.190536
Epoch 16/100 | Train Loss=0.000033 | Val Loss=0.183895
Epoch 17/100 | Train Loss=0.000032 | Val Loss=0.173352
‚èπ Early stopping at epoch 17
[coin_coin_WrappedBitcoin (LSTM_AE)] Threshold (p95)=0.004204
üìä Saved error distribution to /data/m24csa029/MTP/cyptocurrency/results/coin_coin_WrappedBitcoin_LSTM_AE_anomalies_errors.png
coin_coin_WrappedBitcoin [LSTM_AE]: 178 anomalies detected

>>> Training Transformer for coin_coin_WrappedBitcoin...
Epoch 1/100 | Train Loss=0.003938 | Val Loss=0.201038
Epoch 2/100 | Train Loss=0.000663 | Val Loss=0.212393
Epoch 3/100 | Train Loss=0.000465 | Val Loss=0.219964
Epoch 4/100 | Train Loss=0.000324 | Val Loss=0.196054
Epoch 5/100 | Train Loss=0.000209 | Val Loss=0.151832
Epoch 6/100 | Train Loss=0.000121 | Val Loss=0.075687
Epoch 7/100 | Train Loss=0.000073 | Val Loss=0.080363
Epoch 8/100 | Train Loss=0.000050 | Val Loss=0.076603
Epoch 9/100 | Train Loss=0.000038 | Val Loss=0.064792
Epoch 10/100 | Train Loss=0.000031 | Val Loss=0.059315
Epoch 11/100 | Train Loss=0.000027 | Val Loss=0.055897
Epoch 12/100 | Train Loss=0.000025 | Val Loss=0.052635
Epoch 13/100 | Train Loss=0.000022 | Val Loss=0.049927
Epoch 14/100 | Train Loss=0.000019 | Val Loss=0.053338
Epoch 15/100 | Train Loss=0.000018 | Val Loss=0.048235
Epoch 16/100 | Train Loss=0.000015 | Val Loss=0.045719
Epoch 17/100 | Train Loss=0.000017 | Val Loss=0.046816
Epoch 18/100 | Train Loss=0.000014 | Val Loss=0.046028
Epoch 19/100 | Train Loss=0.000014 | Val Loss=0.042120
Epoch 20/100 | Train Loss=0.000019 | Val Loss=0.049378
Epoch 21/100 | Train Loss=0.000013 | Val Loss=0.046869
Epoch 22/100 | Train Loss=0.000011 | Val Loss=0.045073
Epoch 23/100 | Train Loss=0.000010 | Val Loss=0.048443
Epoch 24/100 | Train Loss=0.000009 | Val Loss=0.047072
Epoch 25/100 | Train Loss=0.000008 | Val Loss=0.049659
Epoch 26/100 | Train Loss=0.000009 | Val Loss=0.050951
‚èπ Early stopping at epoch 26
[coin_coin_WrappedBitcoin (Transformer)] Threshold (p95)=0.000493
üìä Saved error distribution to /data/m24csa029/MTP/cyptocurrency/results/coin_coin_WrappedBitcoin_Transformer_anomalies_errors.png
coin_coin_WrappedBitcoin [Transformer]: 178 anomalies detected

üöÄ Processing coin_coin_Ethereum...

üîé Running hyperparameter search for LSTM_AE on coin_coin_Ethereum...
Epoch 1/50 | Train Loss=0.000330 | Val Loss=0.182730
Epoch 2/50 | Train Loss=0.000160 | Val Loss=0.140537
Epoch 3/50 | Train Loss=0.000115 | Val Loss=0.135016
Epoch 4/50 | Train Loss=0.000104 | Val Loss=0.134484
Epoch 5/50 | Train Loss=0.000101 | Val Loss=0.135386
Epoch 6/50 | Train Loss=0.000097 | Val Loss=0.137634
Epoch 7/50 | Train Loss=0.000093 | Val Loss=0.135737
Epoch 8/50 | Train Loss=0.000090 | Val Loss=0.137315
Epoch 9/50 | Train Loss=0.000089 | Val Loss=0.131594
Epoch 10/50 | Train Loss=0.000085 | Val Loss=0.133676
Epoch 11/50 | Train Loss=0.000081 | Val Loss=0.132297
Epoch 12/50 | Train Loss=0.000080 | Val Loss=0.133524
Epoch 13/50 | Train Loss=0.000079 | Val Loss=0.132317
Epoch 14/50 | Train Loss=0.000079 | Val Loss=0.129807
Epoch 15/50 | Train Loss=0.000078 | Val Loss=0.129459
Epoch 16/50 | Train Loss=0.000076 | Val Loss=0.132460
Epoch 17/50 | Train Loss=0.000075 | Val Loss=0.130852
Epoch 18/50 | Train Loss=0.000075 | Val Loss=0.132878
Epoch 19/50 | Train Loss=0.000075 | Val Loss=0.133058
Epoch 20/50 | Train Loss=0.000074 | Val Loss=0.132251
‚èπ Early stopping at epoch 20
[Tuning-LSTM_AE] Threshold (p95)=0.033559
Epoch 1/50 | Train Loss=0.000899 | Val Loss=0.288148
Epoch 2/50 | Train Loss=0.000456 | Val Loss=0.243628
Epoch 3/50 | Train Loss=0.000252 | Val Loss=0.222884
Epoch 4/50 | Train Loss=0.000201 | Val Loss=0.215303
Epoch 5/50 | Train Loss=0.000186 | Val Loss=0.203957
Epoch 6/50 | Train Loss=0.000163 | Val Loss=0.188134
Epoch 7/50 | Train Loss=0.000136 | Val Loss=0.174691
Epoch 8/50 | Train Loss=0.000117 | Val Loss=0.167768
Epoch 9/50 | Train Loss=0.000110 | Val Loss=0.167067
Epoch 10/50 | Train Loss=0.000105 | Val Loss=0.164668
Epoch 11/50 | Train Loss=0.000104 | Val Loss=0.161862
Epoch 12/50 | Train Loss=0.000101 | Val Loss=0.161220
Epoch 13/50 | Train Loss=0.000098 | Val Loss=0.161323
Epoch 14/50 | Train Loss=0.000095 | Val Loss=0.158105
Epoch 15/50 | Train Loss=0.000096 | Val Loss=0.158747
Epoch 16/50 | Train Loss=0.000089 | Val Loss=0.155783
Epoch 17/50 | Train Loss=0.000088 | Val Loss=0.156470
Epoch 18/50 | Train Loss=0.000089 | Val Loss=0.156813
Epoch 19/50 | Train Loss=0.000085 | Val Loss=0.156675
Epoch 20/50 | Train Loss=0.000083 | Val Loss=0.157988
Epoch 21/50 | Train Loss=0.000081 | Val Loss=0.155823
‚èπ Early stopping at epoch 21
[Tuning-LSTM_AE] Threshold (p95)=0.029377
Epoch 1/50 | Train Loss=0.000188 | Val Loss=0.133527
Epoch 2/50 | Train Loss=0.000092 | Val Loss=0.132895
Epoch 3/50 | Train Loss=0.000087 | Val Loss=0.132663
Epoch 4/50 | Train Loss=0.000082 | Val Loss=0.132914
Epoch 5/50 | Train Loss=0.000084 | Val Loss=0.133826
Epoch 6/50 | Train Loss=0.000079 | Val Loss=0.127622
Epoch 7/50 | Train Loss=0.000085 | Val Loss=0.126613
Epoch 8/50 | Train Loss=0.000074 | Val Loss=0.129989
Epoch 9/50 | Train Loss=0.000073 | Val Loss=0.137723
Epoch 10/50 | Train Loss=0.000071 | Val Loss=0.130797
Epoch 11/50 | Train Loss=0.000069 | Val Loss=0.129654
Epoch 12/50 | Train Loss=0.000070 | Val Loss=0.124815
[I 2025-09-16 23:32:04,645] Trial 2 finished with value: 0.12481517344713211 and parameters: {'window_size': 60, 'batch_size': 64, 'lr': 0.0022615125895020702, 'hidden_size': 128, 'dropout': 0.21019888600943568}. Best is trial 2 with value: 0.12481517344713211.
[I 2025-09-16 23:32:06,366] Trial 3 finished with value: 0.12482693791389465 and parameters: {'window_size': 60, 'batch_size': 64, 'lr': 0.0015294540301718403, 'hidden_size': 128, 'dropout': 0.15849013672945894}. Best is trial 2 with value: 0.12481517344713211.
[I 2025-09-16 23:32:07,753] Trial 4 finished with value: 0.10319656878709793 and parameters: {'window_size': 120, 'batch_size': 64, 'lr': 0.0022501715700652017, 'hidden_size': 128, 'dropout': 0.3334249418220266}. Best is trial 4 with value: 0.10319656878709793.
[I 2025-09-16 23:32:08,720] Trial 5 finished with value: 0.12441080063581467 and parameters: {'window_size': 120, 'batch_size': 128, 'lr': 0.002883469716572163, 'hidden_size': 16, 'dropout': 0.342440453535899}. Best is trial 4 with value: 0.10319656878709793.
[I 2025-09-16 23:32:10,425] Trial 6 finished with value: 0.13138774037361145 and parameters: {'window_size': 90, 'batch_size': 64, 'lr': 0.007508231461061396, 'hidden_size': 32, 'dropout': 0.40641968290843133}. Best is trial 4 with value: 0.10319656878709793.
[I 2025-09-16 23:32:13,650] Trial 7 finished with value: 0.13358791172504425 and parameters: {'window_size': 90, 'batch_size': 64, 'lr': 0.0009481262012401768, 'hidden_size': 32, 'dropout': 0.13249405701971653}. Best is trial 4 with value: 0.10319656878709793.
[I 2025-09-16 23:32:18,826] Trial 8 finished with value: 0.1401381641626358 and parameters: {'window_size': 60, 'batch_size': 64, 'lr': 0.00010001741614039423, 'hidden_size': 64, 'dropout': 0.22956671091008804}. Best is trial 4 with value: 0.10319656878709793.
