[I 2025-09-16 23:54:22,298] Trial 7 finished with value: 0.003933804575353861 and parameters: {'window_size': 120, 'batch_size': 128, 'lr': 0.0005819420238225901, 'hidden_size': 32, 'dropout': 0.3321975756300007}. Best is trial 3 with value: 0.0020615002140402794.
Epoch 8/50 | Train Loss=0.000087 | Val Loss=0.005084
Epoch 9/50 | Train Loss=0.000086 | Val Loss=0.004950
Epoch 10/50 | Train Loss=0.000084 | Val Loss=0.004870
Epoch 11/50 | Train Loss=0.000084 | Val Loss=0.004811
Epoch 12/50 | Train Loss=0.000082 | Val Loss=0.004753
Epoch 13/50 | Train Loss=0.000080 | Val Loss=0.004694
Epoch 14/50 | Train Loss=0.000080 | Val Loss=0.004642
Epoch 15/50 | Train Loss=0.000081 | Val Loss=0.004587
Epoch 16/50 | Train Loss=0.000078 | Val Loss=0.004530
Epoch 17/50 | Train Loss=0.000079 | Val Loss=0.004476
Epoch 18/50 | Train Loss=0.000078 | Val Loss=0.004424
Epoch 19/50 | Train Loss=0.000076 | Val Loss=0.004363
Epoch 20/50 | Train Loss=0.000076 | Val Loss=0.004309
Epoch 21/50 | Train Loss=0.000074 | Val Loss=0.004268
Epoch 22/50 | Train Loss=0.000074 | Val Loss=0.004217
Epoch 23/50 | Train Loss=0.000074 | Val Loss=0.004166
Epoch 24/50 | Train Loss=0.000072 | Val Loss=0.004117
Epoch 25/50 | Train Loss=0.000071 | Val Loss=0.004064
Epoch 26/50 | Train Loss=0.000070 | Val Loss=0.004015
Epoch 27/50 | Train Loss=0.000068 | Val Loss=0.003992
Epoch 28/50 | Train Loss=0.000068 | Val Loss=0.003934
Epoch 29/50 | Train Loss=0.000068 | Val Loss=0.003890
Epoch 30/50 | Train Loss=0.000065 | Val Loss=0.003860
Epoch 31/50 | Train Loss=0.000065 | Val Loss=0.003815
Epoch 32/50 | Train Loss=0.000063 | Val Loss=0.003803
Epoch 33/50 | Train Loss=0.000063 | Val Loss=0.003765
Epoch 34/50 | Train Loss=0.000061 | Val Loss=0.003792
Epoch 35/50 | Train Loss=0.000058 | Val Loss=0.003759
Epoch 36/50 | Train Loss=0.000057 | Val Loss=0.003787
Epoch 37/50 | Train Loss=0.000057 | Val Loss=0.003843
Epoch 38/50 | Train Loss=0.000056 | Val Loss=0.003816
Epoch 39/50 | Train Loss=0.000055 | Val Loss=0.003935
Epoch 40/50 | Train Loss=0.000054 | Val Loss=0.003911
‚èπ Early stopping at epoch 40
[Tuning-LSTM_AE] Threshold (p95)=0.071010
Epoch 1/50 | Train Loss=0.000260 | Val Loss=0.004889
Epoch 2/50 | Train Loss=0.000137 | Val Loss=0.003829
Epoch 3/50 | Train Loss=0.000110 | Val Loss=0.003323
Epoch 4/50 | Train Loss=0.000098 | Val Loss=0.002874
Epoch 5/50 | Train Loss=0.000092 | Val Loss=0.002794
Epoch 6/50 | Train Loss=0.000088 | Val Loss=0.002647
Epoch 7/50 | Train Loss=0.000088 | Val Loss=0.002590
Epoch 8/50 | Train Loss=0.000086 | Val Loss=0.002452
Epoch 9/50 | Train Loss=0.000086 | Val Loss=0.002305
Epoch 10/50 | Train Loss=0.000082 | Val Loss=0.002197
Epoch 11/50 | Train Loss=0.000080 | Val Loss=0.002062
Epoch 12/50 | Train Loss=0.000080 | Val Loss=0.002502
Epoch 13/50 | Train Loss=0.000084 | Val Loss=0.002504
Epoch 14/50 | Train Loss=0.000080 | Val Loss=0.002206
Epoch 15/50 | Train Loss=0.000080 | Val Loss=0.002197
Epoch 16/50 | Train Loss=0.000078 | Val Loss=0.002998
‚èπ Early stopping at epoch 16
[Tuning-LSTM_AE] Threshold (p95)=0.060277
Epoch 1/50 | Train Loss=0.000485 | Val Loss=0.004103
Epoch 2/50 | Train Loss=0.000255 | Val Loss=0.004614
Epoch 3/50 | Train Loss=0.000215 | Val Loss=0.003683
Epoch 4/50 | Train Loss=0.000213 | Val Loss=0.003416
Epoch 5/50 | Train Loss=0.000196 | Val Loss=0.003230
Epoch 6/50 | Train Loss=0.000194 | Val Loss=0.002876
Epoch 7/50 | Train Loss=0.000191 | Val Loss=0.003018
Epoch 8/50 | Train Loss=0.000196 | Val Loss=0.002444
Epoch 9/50 | Train Loss=0.000206 | Val Loss=0.003572
Epoch 10/50 | Train Loss=0.000195 | Val Loss=0.003390
Epoch 11/50 | Train Loss=0.000191 | Val Loss=0.002573
Epoch 12/50 | Train Loss=0.000201 | Val Loss=0.002684
Epoch 13/50 | Train Loss=0.000193 | Val Loss=0.003085
‚èπ Early stopping at epoch 13
[Tuning-LSTM_AE] Threshold (p95)=0.063016
Epoch 1/50 | Train Loss=0.000215 | Val Loss=0.004461
Epoch 2/50 | Train Loss=0.000146 | Val Loss=0.004980
Epoch 3/50 | Train Loss=0.000115 | Val Loss=0.004732
Epoch 4/50 | Train Loss=0.000107 | Val Loss=0.003289
Epoch 5/50 | Train Loss=0.000112 | Val Loss=0.004116
Epoch 6/50 | Train Loss=0.000129 | Val Loss=0.003653
Epoch 7/50 | Train Loss=0.000112 | Val Loss=0.004140
Epoch 8/50 | Train Loss=0.000106 | Val Loss=0.005085
Epoch 9/50 | Train Loss=0.000104 | Val Loss=0.004644
‚èπ Early stopping at epoch 9
[Tuning-LSTM_AE] Threshold (p95)=0.063674
Epoch 1/50 | Train Loss=0.000960 | Val Loss=0.022355
Epoch 2/50 | Train Loss=0.000801 | Val Loss=0.017517
Epoch 3/50 | Train Loss=0.000683 | Val Loss=0.013654
Epoch 4/50 | Train Loss=0.000572 | Val Loss=0.010476
Epoch 5/50 | Train Loss=0.000484 | Val Loss=0.008045
Epoch 6/50 | Train Loss=0.000435 | Val Loss=0.006508
Epoch 7/50 | Train Loss=0.000392 | Val Loss=0.005709
Epoch 8/50 | Train Loss=0.000382 | Val Loss=0.005382
Epoch 9/50 | Train Loss=0.000370 | Val Loss=0.005242
Epoch 10/50 | Train Loss=0.000359 | Val Loss=0.005116
Epoch 11/50 | Train Loss=0.000349 | Val Loss=0.005046
Epoch 12/50 | Train Loss=0.000348 | Val Loss=0.004976
Epoch 13/50 | Train Loss=0.000344 | Val Loss=0.004882
Epoch 14/50 | Train Loss=0.000340 | Val Loss=0.004784
Epoch 15/50 | Train Loss=0.000328 | Val Loss=0.004717
Epoch 16/50 | Train Loss=0.000326 | Val Loss=0.004625
Epoch 17/50 | Train Loss=0.000326 | Val Loss=0.004572
Epoch 18/50 | Train Loss=0.000316 | Val Loss=0.004450
Epoch 19/50 | Train Loss=0.000308 | Val Loss=0.004344
Epoch 20/50 | Train Loss=0.000297 | Val Loss=0.004246
Epoch 21/50 | Train Loss=0.000290 | Val Loss=0.004134
Epoch 22/50 | Train Loss=0.000288 | Val Loss=0.004043
Epoch 23/50 | Train Loss=0.000286 | Val Loss=0.003923
Epoch 24/50 | Train Loss=0.000271 | Val Loss=0.003925
Epoch 25/50 | Train Loss=0.000256 | Val Loss=0.003891
Epoch 26/50 | Train Loss=0.000246 | Val Loss=0.003999
Epoch 27/50 | Train Loss=0.000237 | Val Loss=0.003944
Epoch 28/50 | Train Loss=0.000233 | Val Loss=0.004172
Epoch 29/50 | Train Loss=0.000225 | Val Loss=0.004084
Epoch 30/50 | Train Loss=0.000223 | Val Loss=0.003952
‚èπ Early stopping at epoch 30
[Tuning-LSTM_AE] Threshold (p95)=0.071747
Epoch 1/50 | Train Loss=0.000435 | Val Loss=0.039857
Epoch 2/50 | Train Loss=0.000370 | Val Loss=0.032644
Epoch 3/50 | Train Loss=0.000313 | Val Loss=0.026063
Epoch 4/50 | Train Loss=0.000259 | Val Loss=0.020072
Epoch 5/50 | Train Loss=0.000218 | Val Loss=0.014831
Epoch 6/50 | Train Loss=0.000181 | Val Loss=0.010667
Epoch 7/50 | Train Loss=0.000151 | Val Loss=0.007932
Epoch 8/50 | Train Loss=0.000134 | Val Loss=0.006476
Epoch 9/50 | Train Loss=0.000121 | Val Loss=0.005745
Epoch 10/50 | Train Loss=0.000114 | Val Loss=0.005299
Epoch 11/50 | Train Loss=0.000110 | Val Loss=0.005003
Epoch 12/50 | Train Loss=0.000107 | Val Loss=0.004788
Epoch 13/50 | Train Loss=0.000102 | Val Loss=0.004624
Epoch 14/50 | Train Loss=0.000103 | Val Loss=0.004499
Epoch 15/50 | Train Loss=0.000100 | Val Loss=0.004394
Epoch 16/50 | Train Loss=0.000098 | Val Loss=0.004294
Epoch 17/50 | Train Loss=0.000094 | Val Loss=0.004241
Epoch 18/50 | Train Loss=0.000091 | Val Loss=0.004176
Epoch 19/50 | Train Loss=0.000094 | Val Loss=0.004105
Epoch 20/50 | Train Loss=0.000087 | Val Loss=0.004079
Epoch 21/50 | Train Loss=0.000088 | Val Loss=0.004002
Epoch 22/50 | Train Loss=0.000087 | Val Loss=0.003978
Epoch 23/50 | Train Loss=0.000086 | Val Loss=0.003954
Epoch 24/50 | Train Loss=0.000085 | Val Loss=0.003934
Epoch 25/50 | Train Loss=0.000083 | Val Loss=0.003979
Epoch 26/50 | Train Loss=0.000079 | Val Loss=0.004019
Epoch 27/50 | Train Loss=0.000079 | Val Loss=0.004059
Epoch 28/50 | Train Loss=0.000075 | Val Loss=0.004136
Epoch 29/50 | Train Loss=0.000074 | Val Loss=0.004314
‚èπ Early stopping at epoch 29
[Tuning-LSTM_AE] Threshold (p95)=0.072422
Epoch 1/50 | Train Loss=0.000166 | Val Loss=0.010319
Epoch 2/50 | Train Loss=0.000153 | Val Loss=0.009323
Epoch 3/50 | Train Loss=0.000140 | Val Loss=0.008497
Epoch 4/50 | Train Loss=0.000136 | Val Loss=0.007759
Epoch 5/50 | Train Loss=0.000127 | Val Loss=0.007162
Epoch 6/50 | Train Loss=0.000123 | Val Loss=0.006673
Epoch 7/50 | Train Loss=0.000119 | Val Loss=0.006289
Epoch 8/50 | Train Loss=0.000115 | Val Loss=0.006008
Epoch 9/50 | Train Loss=0.000109 | Val Loss=0.005795
Epoch 10/50 | Train Loss=0.000107 | Val Loss=0.005598
Epoch 11/50 | Train Loss=0.000106 | Val Loss=0.005401
Epoch 12/50 | Train Loss=0.000102 | Val Loss=0.005251
Epoch 13/50 | Train Loss=0.000101 | Val Loss=0.005122
Epoch 14/50 | Train Loss=0.000101 | Val Loss=0.005009
[I 2025-09-16 23:54:24,178] Trial 8 finished with value: 0.004210807383060455 and parameters: {'window_size': 120, 'batch_size': 128, 'lr': 0.00030013232628194595, 'hidden_size': 32, 'dropout': 0.4227776422924626}. Best is trial 3 with value: 0.0020615002140402794.
[I 2025-09-16 23:54:27,213] Trial 9 finished with value: 0.0019815191626548767 and parameters: {'window_size': 90, 'batch_size': 64, 'lr': 0.0012987960206494171, 'hidden_size': 64, 'dropout': 0.3448739356336082}. Best is trial 9 with value: 0.0019815191626548767.
[I 2025-09-16 23:54:27,213] A new study created in memory with name: no-name-39b15b1b-6ed8-4fa6-8eb5-e161ae5da1ba
[I 2025-09-16 23:54:37,665] Trial 0 finished with value: 3.948503217543475e-05 and parameters: {'window_size': 120, 'batch_size': 128, 'lr': 0.005282072810550575, 'd_model': 128, 'n_heads': 2, 'num_layers': 3, 'dropout': 0.24960297949877597}. Best is trial 0 with value: 3.948503217543475e-05.
[I 2025-09-16 23:54:43,880] Trial 1 finished with value: 1.5056549273140263e-05 and parameters: {'window_size': 90, 'batch_size': 32, 'lr': 0.001426242316472247, 'd_model': 64, 'n_heads': 8, 'num_layers': 2, 'dropout': 0.14201662503933626}. Best is trial 1 with value: 1.5056549273140263e-05.
[I 2025-09-16 23:54:52,041] Trial 2 finished with value: 1.4602188457502052e-05 and parameters: {'window_size': 90, 'batch_size': 64, 'lr': 0.002013807303498499, 'd_model': 128, 'n_heads': 8, 'num_layers': 2, 'dropout': 0.11031909249166726}. Best is trial 2 with value: 1.4602188457502052e-05.
Epoch 15/50 | Train Loss=0.000098 | Val Loss=0.004942
Epoch 16/50 | Train Loss=0.000095 | Val Loss=0.004874
Epoch 17/50 | Train Loss=0.000094 | Val Loss=0.004792
Epoch 18/50 | Train Loss=0.000095 | Val Loss=0.004725
Epoch 19/50 | Train Loss=0.000092 | Val Loss=0.004684
Epoch 20/50 | Train Loss=0.000091 | Val Loss=0.004640
Epoch 21/50 | Train Loss=0.000091 | Val Loss=0.004569
Epoch 22/50 | Train Loss=0.000088 | Val Loss=0.004551
Epoch 23/50 | Train Loss=0.000089 | Val Loss=0.004541
Epoch 24/50 | Train Loss=0.000087 | Val Loss=0.004513
Epoch 25/50 | Train Loss=0.000087 | Val Loss=0.004438
Epoch 26/50 | Train Loss=0.000085 | Val Loss=0.004405
Epoch 27/50 | Train Loss=0.000083 | Val Loss=0.004362
Epoch 28/50 | Train Loss=0.000084 | Val Loss=0.004349
Epoch 29/50 | Train Loss=0.000081 | Val Loss=0.004319
Epoch 30/50 | Train Loss=0.000083 | Val Loss=0.004297
Epoch 31/50 | Train Loss=0.000081 | Val Loss=0.004283
Epoch 32/50 | Train Loss=0.000080 | Val Loss=0.004276
Epoch 33/50 | Train Loss=0.000080 | Val Loss=0.004237
Epoch 34/50 | Train Loss=0.000080 | Val Loss=0.004235
Epoch 35/50 | Train Loss=0.000081 | Val Loss=0.004273
Epoch 36/50 | Train Loss=0.000078 | Val Loss=0.004224
Epoch 37/50 | Train Loss=0.000076 | Val Loss=0.004211
Epoch 38/50 | Train Loss=0.000076 | Val Loss=0.004236
Epoch 39/50 | Train Loss=0.000078 | Val Loss=0.004247
Epoch 40/50 | Train Loss=0.000073 | Val Loss=0.004252
Epoch 41/50 | Train Loss=0.000074 | Val Loss=0.004250
Epoch 42/50 | Train Loss=0.000072 | Val Loss=0.004293
‚èπ Early stopping at epoch 42
[Tuning-LSTM_AE] Threshold (p95)=0.076074
Epoch 1/50 | Train Loss=0.000225 | Val Loss=0.005041
Epoch 2/50 | Train Loss=0.000168 | Val Loss=0.004496
Epoch 3/50 | Train Loss=0.000146 | Val Loss=0.003940
Epoch 4/50 | Train Loss=0.000133 | Val Loss=0.003580
Epoch 5/50 | Train Loss=0.000122 | Val Loss=0.003716
Epoch 6/50 | Train Loss=0.000106 | Val Loss=0.003868
Epoch 7/50 | Train Loss=0.000107 | Val Loss=0.004202
Epoch 8/50 | Train Loss=0.000098 | Val Loss=0.003455
Epoch 9/50 | Train Loss=0.000098 | Val Loss=0.003516
Epoch 10/50 | Train Loss=0.000101 | Val Loss=0.003720
Epoch 11/50 | Train Loss=0.000102 | Val Loss=0.003462
Epoch 12/50 | Train Loss=0.000100 | Val Loss=0.003235
Epoch 13/50 | Train Loss=0.000096 | Val Loss=0.003030
Epoch 14/50 | Train Loss=0.000094 | Val Loss=0.002845
Epoch 15/50 | Train Loss=0.000093 | Val Loss=0.002784
Epoch 16/50 | Train Loss=0.000100 | Val Loss=0.002810
Epoch 17/50 | Train Loss=0.000101 | Val Loss=0.002574
Epoch 18/50 | Train Loss=0.000098 | Val Loss=0.002796
Epoch 19/50 | Train Loss=0.000096 | Val Loss=0.002629
Epoch 20/50 | Train Loss=0.000091 | Val Loss=0.002197
Epoch 21/50 | Train Loss=0.000092 | Val Loss=0.002521
Epoch 22/50 | Train Loss=0.000095 | Val Loss=0.002349
Epoch 23/50 | Train Loss=0.000094 | Val Loss=0.002146
Epoch 24/50 | Train Loss=0.000094 | Val Loss=0.002212
Epoch 25/50 | Train Loss=0.000091 | Val Loss=0.001995
Epoch 26/50 | Train Loss=0.000094 | Val Loss=0.002305
Epoch 27/50 | Train Loss=0.000090 | Val Loss=0.001990
Epoch 28/50 | Train Loss=0.000099 | Val Loss=0.002078
Epoch 29/50 | Train Loss=0.000093 | Val Loss=0.002044
Epoch 30/50 | Train Loss=0.000093 | Val Loss=0.002084
Epoch 31/50 | Train Loss=0.000092 | Val Loss=0.001982
Epoch 32/50 | Train Loss=0.000092 | Val Loss=0.002034
Epoch 33/50 | Train Loss=0.000095 | Val Loss=0.002367
Epoch 34/50 | Train Loss=0.000088 | Val Loss=0.002316
Epoch 35/50 | Train Loss=0.000091 | Val Loss=0.002049
Epoch 36/50 | Train Loss=0.000094 | Val Loss=0.002034
‚èπ Early stopping at epoch 36
[Tuning-LSTM_AE] Threshold (p95)=0.059202
üîé Best hyperparameters for LSTM_AE: {'window_size': 90, 'batch_size': 64, 'lr': 0.0012987960206494171, 'hidden_size': 64, 'dropout': 0.3448739356336082}
Best validation loss: 0.0019815191626548767

üîé Running hyperparameter search for Transformer on coin_coin_Iota...
Epoch 1/50 | Train Loss=0.002705 | Val Loss=0.035254
Epoch 2/50 | Train Loss=0.000353 | Val Loss=0.020837
Epoch 3/50 | Train Loss=0.000248 | Val Loss=0.006505
Epoch 4/50 | Train Loss=0.000185 | Val Loss=0.006377
Epoch 5/50 | Train Loss=0.000135 | Val Loss=0.007862
Epoch 6/50 | Train Loss=0.000120 | Val Loss=0.005223
Epoch 7/50 | Train Loss=0.000148 | Val Loss=0.009388
Epoch 8/50 | Train Loss=0.000127 | Val Loss=0.007543
Epoch 9/50 | Train Loss=0.000100 | Val Loss=0.003830
Epoch 10/50 | Train Loss=0.000045 | Val Loss=0.000919
Epoch 11/50 | Train Loss=0.000018 | Val Loss=0.000451
Epoch 12/50 | Train Loss=0.000012 | Val Loss=0.000271
Epoch 13/50 | Train Loss=0.000008 | Val Loss=0.000181
Epoch 14/50 | Train Loss=0.000005 | Val Loss=0.000105
Epoch 15/50 | Train Loss=0.000004 | Val Loss=0.000079
Epoch 16/50 | Train Loss=0.000003 | Val Loss=0.000057
Epoch 17/50 | Train Loss=0.000003 | Val Loss=0.000043
Epoch 18/50 | Train Loss=0.000003 | Val Loss=0.000039
Epoch 19/50 | Train Loss=0.000003 | Val Loss=0.002027
Epoch 20/50 | Train Loss=0.000010 | Val Loss=0.000080
Epoch 21/50 | Train Loss=0.000004 | Val Loss=0.000077
Epoch 22/50 | Train Loss=0.000002 | Val Loss=0.000059
Epoch 23/50 | Train Loss=0.000002 | Val Loss=0.000048
‚èπ Early stopping at epoch 23
[Tuning-Transformer] Threshold (p95)=0.001151
Epoch 1/50 | Train Loss=0.001482 | Val Loss=0.001255
Epoch 2/50 | Train Loss=0.000223 | Val Loss=0.000621
Epoch 3/50 | Train Loss=0.000065 | Val Loss=0.000233
Epoch 4/50 | Train Loss=0.000028 | Val Loss=0.000206
Epoch 5/50 | Train Loss=0.000018 | Val Loss=0.000132
Epoch 6/50 | Train Loss=0.000012 | Val Loss=0.000070
Epoch 7/50 | Train Loss=0.000008 | Val Loss=0.000054
Epoch 8/50 | Train Loss=0.000006 | Val Loss=0.000044
Epoch 9/50 | Train Loss=0.000005 | Val Loss=0.000038
Epoch 10/50 | Train Loss=0.000004 | Val Loss=0.000029
Epoch 11/50 | Train Loss=0.000004 | Val Loss=0.000027
Epoch 12/50 | Train Loss=0.000003 | Val Loss=0.000019
Epoch 13/50 | Train Loss=0.000003 | Val Loss=0.000024
Epoch 14/50 | Train Loss=0.000003 | Val Loss=0.000015
Epoch 15/50 | Train Loss=0.000002 | Val Loss=0.000027
Epoch 16/50 | Train Loss=0.000002 | Val Loss=0.000023
Epoch 17/50 | Train Loss=0.000002 | Val Loss=0.000026
Epoch 18/50 | Train Loss=0.000002 | Val Loss=0.000025
Epoch 19/50 | Train Loss=0.000003 | Val Loss=0.000052
‚èπ Early stopping at epoch 19
[Tuning-Transformer] Threshold (p95)=0.001172
Epoch 1/50 | Train Loss=0.003261 | Val Loss=0.014078
Epoch 2/50 | Train Loss=0.000301 | Val Loss=0.002141
Epoch 3/50 | Train Loss=0.000140 | Val Loss=0.000975
Epoch 4/50 | Train Loss=0.000083 | Val Loss=0.000797
Epoch 5/50 | Train Loss=0.000050 | Val Loss=0.001466
Epoch 6/50 | Train Loss=0.000030 | Val Loss=0.000196
Epoch 7/50 | Train Loss=0.000013 | Val Loss=0.000335
Epoch 8/50 | Train Loss=0.000008 | Val Loss=0.000066
Epoch 9/50 | Train Loss=0.000006 | Val Loss=0.000059
Epoch 10/50 | Train Loss=0.000004 | Val Loss=0.000070
Epoch 11/50 | Train Loss=0.000004 | Val Loss=0.000059
Epoch 12/50 | Train Loss=0.000003 | Val Loss=0.000034
Epoch 13/50 | Train Loss=0.000003 | Val Loss=0.000033
Epoch 14/50 | Train Loss=0.000002 | Val Loss=0.000030
Epoch 15/50 | Train Loss=0.000002 | Val Loss=0.000027
Epoch 16/50 | Train Loss=0.000002 | Val Loss=0.000026
Epoch 17/50 | Train Loss=0.000002 | Val Loss=0.000020
Epoch 18/50 | Train Loss=0.000002 | Val Loss=0.000023
Epoch 19/50 | Train Loss=0.000001 | Val Loss=0.000017
Epoch 20/50 | Train Loss=0.000001 | Val Loss=0.000023
Epoch 21/50 | Train Loss=0.000001 | Val Loss=0.000015
Epoch 22/50 | Train Loss=0.000001 | Val Loss=0.000018
Epoch 23/50 | Train Loss=0.000001 | Val Loss=0.000015
Epoch 24/50 | Train Loss=0.000001 | Val Loss=0.000015
Epoch 25/50 | Train Loss=0.000001 | Val Loss=0.000018
Epoch 26/50 | Train Loss=0.000001 | Val Loss=0.000016
‚èπ Early stopping at epoch 26
[Tuning-Transformer] Threshold (p95)=0.000167
Epoch 1/50 | Train Loss=0.000723 | Val Loss=0.004204
Epoch 2/50 | Train Loss=0.000173 | Val Loss=0.000686
Epoch 3/50 | Train Loss=0.000083 | Val Loss=0.000351
Epoch 4/50 | Train Loss=0.000041 | Val Loss=0.000188
Epoch 5/50 | Train Loss=0.000029 | Val Loss=0.000155
Epoch 6/50 | Train Loss=0.000023 | Val Loss=0.000235
Epoch 7/50 | Train Loss=0.000020 | Val Loss=0.000157
Epoch 8/50 | Train Loss=0.000017 | Val Loss=0.000203
[I 2025-09-16 23:54:56,679] Trial 3 finished with value: 3.5453427699394524e-05 and parameters: {'window_size': 60, 'batch_size': 64, 'lr': 0.0013906422998697632, 'd_model': 64, 'n_heads': 8, 'num_layers': 1, 'dropout': 0.1878081516469448}. Best is trial 2 with value: 1.4602188457502052e-05.
[I 2025-09-16 23:55:03,626] Trial 4 finished with value: 0.0001559888623887673 and parameters: {'window_size': 60, 'batch_size': 128, 'lr': 0.00010986402682603283, 'd_model': 64, 'n_heads': 4, 'num_layers': 2, 'dropout': 0.3624546982514082}. Best is trial 2 with value: 1.4602188457502052e-05.
