[I 2025-09-16 23:41:02,228] Trial 6 finished with value: 0.09481701254844666 and parameters: {'window_size': 90, 'batch_size': 64, 'lr': 0.00012825329300809028, 'hidden_size': 64, 'dropout': 0.4784206053159785}. Best is trial 4 with value: 0.031020376831293106.
Epoch 42/50 | Train Loss=0.000753 | Val Loss=0.096246
Epoch 43/50 | Train Loss=0.000726 | Val Loss=0.095452
Epoch 44/50 | Train Loss=0.000681 | Val Loss=0.094738
Epoch 45/50 | Train Loss=0.000693 | Val Loss=0.094173
Epoch 46/50 | Train Loss=0.000757 | Val Loss=0.093626
Epoch 47/50 | Train Loss=0.000854 | Val Loss=0.092957
Epoch 48/50 | Train Loss=0.000684 | Val Loss=0.092177
Epoch 49/50 | Train Loss=0.000705 | Val Loss=0.091526
Epoch 50/50 | Train Loss=0.000612 | Val Loss=0.091014
[Tuning-LSTM_AE] Threshold (p95)=0.139429
Epoch 1/50 | Train Loss=0.001547 | Val Loss=0.078069
Epoch 2/50 | Train Loss=0.000767 | Val Loss=0.045285
Epoch 3/50 | Train Loss=0.000705 | Val Loss=0.110833
Epoch 4/50 | Train Loss=0.000700 | Val Loss=0.063041
Epoch 5/50 | Train Loss=0.000665 | Val Loss=0.079178
Epoch 6/50 | Train Loss=0.000602 | Val Loss=0.094762
Epoch 7/50 | Train Loss=0.000553 | Val Loss=0.056412
‚èπ Early stopping at epoch 7
[Tuning-LSTM_AE] Threshold (p95)=0.082289
Epoch 1/50 | Train Loss=0.003466 | Val Loss=0.249340
Epoch 2/50 | Train Loss=0.003344 | Val Loss=0.233483
Epoch 3/50 | Train Loss=0.003136 | Val Loss=0.216858
Epoch 4/50 | Train Loss=0.002867 | Val Loss=0.199186
Epoch 5/50 | Train Loss=0.002347 | Val Loss=0.180399
Epoch 6/50 | Train Loss=0.002100 | Val Loss=0.161965
Epoch 7/50 | Train Loss=0.002001 | Val Loss=0.143796
Epoch 8/50 | Train Loss=0.001671 | Val Loss=0.125628
Epoch 9/50 | Train Loss=0.001564 | Val Loss=0.109761
Epoch 10/50 | Train Loss=0.001290 | Val Loss=0.095767
Epoch 11/50 | Train Loss=0.001214 | Val Loss=0.085144
Epoch 12/50 | Train Loss=0.001122 | Val Loss=0.076890
Epoch 13/50 | Train Loss=0.000936 | Val Loss=0.071819
Epoch 14/50 | Train Loss=0.000894 | Val Loss=0.069937
Epoch 15/50 | Train Loss=0.000908 | Val Loss=0.067518
Epoch 16/50 | Train Loss=0.000812 | Val Loss=0.064507
Epoch 17/50 | Train Loss=0.000785 | Val Loss=0.061230
Epoch 18/50 | Train Loss=0.000733 | Val Loss=0.058341
Epoch 19/50 | Train Loss=0.000703 | Val Loss=0.054777
Epoch 20/50 | Train Loss=0.000645 | Val Loss=0.051238
Epoch 21/50 | Train Loss=0.000646 | Val Loss=0.049525
Epoch 22/50 | Train Loss=0.000587 | Val Loss=0.046976
Epoch 23/50 | Train Loss=0.000659 | Val Loss=0.043880
Epoch 24/50 | Train Loss=0.000505 | Val Loss=0.038021
Epoch 25/50 | Train Loss=0.000535 | Val Loss=0.038273
Epoch 26/50 | Train Loss=0.000495 | Val Loss=0.038754
Epoch 27/50 | Train Loss=0.000467 | Val Loss=0.040533
Epoch 28/50 | Train Loss=0.000462 | Val Loss=0.037944
Epoch 29/50 | Train Loss=0.000434 | Val Loss=0.037130
Epoch 30/50 | Train Loss=0.000447 | Val Loss=0.037773
Epoch 31/50 | Train Loss=0.000450 | Val Loss=0.035633
Epoch 32/50 | Train Loss=0.000443 | Val Loss=0.038901
Epoch 33/50 | Train Loss=0.000481 | Val Loss=0.038473
Epoch 34/50 | Train Loss=0.000454 | Val Loss=0.035492
Epoch 35/50 | Train Loss=0.000449 | Val Loss=0.035383
Epoch 36/50 | Train Loss=0.000417 | Val Loss=0.037919
Epoch 37/50 | Train Loss=0.000444 | Val Loss=0.038993
Epoch 38/50 | Train Loss=0.000401 | Val Loss=0.038323
Epoch 39/50 | Train Loss=0.000380 | Val Loss=0.031020
Epoch 40/50 | Train Loss=0.000405 | Val Loss=0.036569
Epoch 41/50 | Train Loss=0.000393 | Val Loss=0.037507
Epoch 42/50 | Train Loss=0.000379 | Val Loss=0.031104
Epoch 43/50 | Train Loss=0.000356 | Val Loss=0.036242
Epoch 44/50 | Train Loss=0.000409 | Val Loss=0.033411
‚èπ Early stopping at epoch 44
[Tuning-LSTM_AE] Threshold (p95)=0.046790
Epoch 1/50 | Train Loss=0.001266 | Val Loss=0.161692
Epoch 2/50 | Train Loss=0.001138 | Val Loss=0.153741
Epoch 3/50 | Train Loss=0.001092 | Val Loss=0.146542
Epoch 4/50 | Train Loss=0.001013 | Val Loss=0.139931
Epoch 5/50 | Train Loss=0.001037 | Val Loss=0.133830
Epoch 6/50 | Train Loss=0.000985 | Val Loss=0.127857
Epoch 7/50 | Train Loss=0.000825 | Val Loss=0.122241
Epoch 8/50 | Train Loss=0.000849 | Val Loss=0.117447
Epoch 9/50 | Train Loss=0.000748 | Val Loss=0.112966
Epoch 10/50 | Train Loss=0.000716 | Val Loss=0.108979
Epoch 11/50 | Train Loss=0.000887 | Val Loss=0.104942
Epoch 12/50 | Train Loss=0.000799 | Val Loss=0.100025
Epoch 13/50 | Train Loss=0.000762 | Val Loss=0.095172
Epoch 14/50 | Train Loss=0.000631 | Val Loss=0.090917
Epoch 15/50 | Train Loss=0.000667 | Val Loss=0.087968
Epoch 16/50 | Train Loss=0.000608 | Val Loss=0.085880
Epoch 17/50 | Train Loss=0.000661 | Val Loss=0.085121
Epoch 18/50 | Train Loss=0.000654 | Val Loss=0.084816
Epoch 19/50 | Train Loss=0.000678 | Val Loss=0.084747
Epoch 20/50 | Train Loss=0.000670 | Val Loss=0.084388
Epoch 21/50 | Train Loss=0.000632 | Val Loss=0.083819
Epoch 22/50 | Train Loss=0.000617 | Val Loss=0.083448
Epoch 23/50 | Train Loss=0.000672 | Val Loss=0.082938
Epoch 24/50 | Train Loss=0.000578 | Val Loss=0.081943
Epoch 25/50 | Train Loss=0.000649 | Val Loss=0.082271
Epoch 26/50 | Train Loss=0.000580 | Val Loss=0.083124
Epoch 27/50 | Train Loss=0.000595 | Val Loss=0.083901
Epoch 28/50 | Train Loss=0.000589 | Val Loss=0.083555
Epoch 29/50 | Train Loss=0.000632 | Val Loss=0.082582
‚èπ Early stopping at epoch 29
[Tuning-LSTM_AE] Threshold (p95)=0.104304
Epoch 1/50 | Train Loss=0.001452 | Val Loss=0.225179
Epoch 2/50 | Train Loss=0.001452 | Val Loss=0.223015
Epoch 3/50 | Train Loss=0.001415 | Val Loss=0.220832
Epoch 4/50 | Train Loss=0.001355 | Val Loss=0.218685
Epoch 5/50 | Train Loss=0.001361 | Val Loss=0.216582
Epoch 6/50 | Train Loss=0.001304 | Val Loss=0.214501
Epoch 7/50 | Train Loss=0.001325 | Val Loss=0.212457
Epoch 8/50 | Train Loss=0.001289 | Val Loss=0.210416
Epoch 9/50 | Train Loss=0.001282 | Val Loss=0.208413
Epoch 10/50 | Train Loss=0.001352 | Val Loss=0.206408
Epoch 11/50 | Train Loss=0.001243 | Val Loss=0.204324
Epoch 12/50 | Train Loss=0.001256 | Val Loss=0.202240
Epoch 13/50 | Train Loss=0.001203 | Val Loss=0.200155
Epoch 14/50 | Train Loss=0.001211 | Val Loss=0.198084
Epoch 15/50 | Train Loss=0.001193 | Val Loss=0.195941
Epoch 16/50 | Train Loss=0.001147 | Val Loss=0.193720
Epoch 17/50 | Train Loss=0.001157 | Val Loss=0.191477
Epoch 18/50 | Train Loss=0.001157 | Val Loss=0.189253
Epoch 19/50 | Train Loss=0.001125 | Val Loss=0.186970
Epoch 20/50 | Train Loss=0.001131 | Val Loss=0.184631
Epoch 21/50 | Train Loss=0.001073 | Val Loss=0.182221
Epoch 22/50 | Train Loss=0.001051 | Val Loss=0.179738
Epoch 23/50 | Train Loss=0.001030 | Val Loss=0.177214
Epoch 24/50 | Train Loss=0.001047 | Val Loss=0.174674
Epoch 25/50 | Train Loss=0.001007 | Val Loss=0.172063
Epoch 26/50 | Train Loss=0.000989 | Val Loss=0.169392
Epoch 27/50 | Train Loss=0.000961 | Val Loss=0.166681
Epoch 28/50 | Train Loss=0.000950 | Val Loss=0.163904
Epoch 29/50 | Train Loss=0.000920 | Val Loss=0.160973
Epoch 30/50 | Train Loss=0.000941 | Val Loss=0.157962
Epoch 31/50 | Train Loss=0.000918 | Val Loss=0.154796
Epoch 32/50 | Train Loss=0.000859 | Val Loss=0.151570
Epoch 33/50 | Train Loss=0.000845 | Val Loss=0.148332
Epoch 34/50 | Train Loss=0.000839 | Val Loss=0.145042
Epoch 35/50 | Train Loss=0.000788 | Val Loss=0.141669
Epoch 36/50 | Train Loss=0.000760 | Val Loss=0.138295
Epoch 37/50 | Train Loss=0.000768 | Val Loss=0.134898
Epoch 38/50 | Train Loss=0.000755 | Val Loss=0.131479
Epoch 39/50 | Train Loss=0.000714 | Val Loss=0.128062
Epoch 40/50 | Train Loss=0.000704 | Val Loss=0.124682
Epoch 41/50 | Train Loss=0.000664 | Val Loss=0.121301
Epoch 42/50 | Train Loss=0.000656 | Val Loss=0.117946
Epoch 43/50 | Train Loss=0.000671 | Val Loss=0.114643
Epoch 44/50 | Train Loss=0.000676 | Val Loss=0.111438
Epoch 45/50 | Train Loss=0.000624 | Val Loss=0.108124
Epoch 46/50 | Train Loss=0.000598 | Val Loss=0.104974
Epoch 47/50 | Train Loss=0.000613 | Val Loss=0.102143
Epoch 48/50 | Train Loss=0.000610 | Val Loss=0.099503
Epoch 49/50 | Train Loss=0.000577 | Val Loss=0.097000
Epoch 50/50 | Train Loss=0.000582 | Val Loss=0.094817
[Tuning-LSTM_AE] Threshold (p95)=0.143643
Epoch 1/50 | Train Loss=0.001569 | Val Loss=0.247061
Epoch 2/50 | Train Loss=0.001548 | Val Loss=0.228569
Epoch 3/50 | Train Loss=0.001158 | Val Loss=0.210476
Epoch 4/50 | Train Loss=0.001083 | Val Loss=0.192815
Epoch 5/50 | Train Loss=0.000991 | Val Loss=0.175353
Epoch 6/50 | Train Loss=0.000739 | Val Loss=0.158269
Epoch 7/50 | Train Loss=0.000542 | Val Loss=0.142443
[I 2025-09-16 23:41:02,597] Trial 7 finished with value: 0.07631086558103561 and parameters: {'window_size': 120, 'batch_size': 128, 'lr': 0.0010868830214669086, 'hidden_size': 64, 'dropout': 0.19413622217946258}. Best is trial 4 with value: 0.031020376831293106.
[I 2025-09-16 23:41:02,826] Trial 8 finished with value: 0.04153070226311684 and parameters: {'window_size': 60, 'batch_size': 64, 'lr': 0.003968000996725847, 'hidden_size': 32, 'dropout': 0.2126978895229335}. Best is trial 4 with value: 0.031020376831293106.
[I 2025-09-16 23:41:03,028] Trial 9 finished with value: 0.07652810961008072 and parameters: {'window_size': 120, 'batch_size': 32, 'lr': 0.0028792550010066967, 'hidden_size': 32, 'dropout': 0.1704253813192575}. Best is trial 4 with value: 0.031020376831293106.
[I 2025-09-16 23:41:03,029] A new study created in memory with name: no-name-1b6a6f5e-163a-4cc0-8393-a4a5b42a6a7c
[I 2025-09-16 23:41:04,925] Trial 0 finished with value: 0.0027782509569078684 and parameters: {'window_size': 90, 'batch_size': 128, 'lr': 0.00018534900510191934, 'd_model': 64, 'n_heads': 2, 'num_layers': 3, 'dropout': 0.3818369377382318}. Best is trial 0 with value: 0.0027782509569078684.
[I 2025-09-16 23:41:05,779] Trial 1 finished with value: 0.00038044824032112956 and parameters: {'window_size': 90, 'batch_size': 32, 'lr': 0.006641376234304205, 'd_model': 32, 'n_heads': 2, 'num_layers': 1, 'dropout': 0.2779218408732323}. Best is trial 1 with value: 0.00038044824032112956.
Epoch 8/50 | Train Loss=0.000567 | Val Loss=0.128181
Epoch 9/50 | Train Loss=0.000582 | Val Loss=0.115140
Epoch 10/50 | Train Loss=0.000547 | Val Loss=0.103278
Epoch 11/50 | Train Loss=0.000529 | Val Loss=0.092945
Epoch 12/50 | Train Loss=0.000452 | Val Loss=0.084889
Epoch 13/50 | Train Loss=0.000448 | Val Loss=0.079613
Epoch 14/50 | Train Loss=0.000444 | Val Loss=0.077041
Epoch 15/50 | Train Loss=0.000442 | Val Loss=0.076311
Epoch 16/50 | Train Loss=0.000434 | Val Loss=0.076619
Epoch 17/50 | Train Loss=0.000441 | Val Loss=0.077858
Epoch 18/50 | Train Loss=0.000366 | Val Loss=0.080114
Epoch 19/50 | Train Loss=0.000335 | Val Loss=0.083269
Epoch 20/50 | Train Loss=0.000389 | Val Loss=0.086856
‚èπ Early stopping at epoch 20
[Tuning-LSTM_AE] Threshold (p95)=0.112628
Epoch 1/50 | Train Loss=0.001611 | Val Loss=0.130869
Epoch 2/50 | Train Loss=0.001083 | Val Loss=0.104848
Epoch 3/50 | Train Loss=0.000873 | Val Loss=0.081360
Epoch 4/50 | Train Loss=0.000641 | Val Loss=0.064220
Epoch 5/50 | Train Loss=0.000571 | Val Loss=0.057880
Epoch 6/50 | Train Loss=0.000501 | Val Loss=0.055162
Epoch 7/50 | Train Loss=0.000353 | Val Loss=0.053329
Epoch 8/50 | Train Loss=0.000319 | Val Loss=0.049064
Epoch 9/50 | Train Loss=0.000295 | Val Loss=0.041531
Epoch 10/50 | Train Loss=0.000287 | Val Loss=0.060604
Epoch 11/50 | Train Loss=0.000233 | Val Loss=0.065094
Epoch 12/50 | Train Loss=0.000214 | Val Loss=0.044501
Epoch 13/50 | Train Loss=0.000208 | Val Loss=0.042207
Epoch 14/50 | Train Loss=0.000210 | Val Loss=0.066489
‚èπ Early stopping at epoch 14
[Tuning-LSTM_AE] Threshold (p95)=0.039029
Epoch 1/50 | Train Loss=0.001816 | Val Loss=0.138054
Epoch 2/50 | Train Loss=0.001507 | Val Loss=0.114615
Epoch 3/50 | Train Loss=0.001298 | Val Loss=0.094601
Epoch 4/50 | Train Loss=0.001152 | Val Loss=0.081618
Epoch 5/50 | Train Loss=0.001096 | Val Loss=0.076528
Epoch 6/50 | Train Loss=0.001062 | Val Loss=0.079641
Epoch 7/50 | Train Loss=0.001047 | Val Loss=0.083346
Epoch 8/50 | Train Loss=0.000946 | Val Loss=0.085178
Epoch 9/50 | Train Loss=0.001026 | Val Loss=0.088885
Epoch 10/50 | Train Loss=0.000859 | Val Loss=0.080041
‚èπ Early stopping at epoch 10
[Tuning-LSTM_AE] Threshold (p95)=0.089112
üîé Best hyperparameters for LSTM_AE: {'window_size': 60, 'batch_size': 32, 'lr': 0.00013903702496330728, 'hidden_size': 128, 'dropout': 0.27601774278581703}
Best validation loss: 0.031020376831293106

üîé Running hyperparameter search for Transformer on coin_coin_Polkadot...
Epoch 1/50 | Train Loss=0.002115 | Val Loss=0.068370
Epoch 2/50 | Train Loss=0.001082 | Val Loss=0.027748
Epoch 3/50 | Train Loss=0.000841 | Val Loss=0.028929
Epoch 4/50 | Train Loss=0.000591 | Val Loss=0.030021
Epoch 5/50 | Train Loss=0.000541 | Val Loss=0.020995
Epoch 6/50 | Train Loss=0.000495 | Val Loss=0.015706
Epoch 7/50 | Train Loss=0.000445 | Val Loss=0.017489
Epoch 8/50 | Train Loss=0.000409 | Val Loss=0.016884
Epoch 9/50 | Train Loss=0.000387 | Val Loss=0.013827
Epoch 10/50 | Train Loss=0.000369 | Val Loss=0.011848
Epoch 11/50 | Train Loss=0.000361 | Val Loss=0.010935
Epoch 12/50 | Train Loss=0.000342 | Val Loss=0.010968
Epoch 13/50 | Train Loss=0.000323 | Val Loss=0.011014
Epoch 14/50 | Train Loss=0.000319 | Val Loss=0.009788
Epoch 15/50 | Train Loss=0.000301 | Val Loss=0.008196
Epoch 16/50 | Train Loss=0.000288 | Val Loss=0.007960
Epoch 17/50 | Train Loss=0.000273 | Val Loss=0.008905
Epoch 18/50 | Train Loss=0.000270 | Val Loss=0.009545
Epoch 19/50 | Train Loss=0.000255 | Val Loss=0.009046
Epoch 20/50 | Train Loss=0.000250 | Val Loss=0.008114
Epoch 21/50 | Train Loss=0.000238 | Val Loss=0.007191
Epoch 22/50 | Train Loss=0.000230 | Val Loss=0.006692
Epoch 23/50 | Train Loss=0.000223 | Val Loss=0.006588
Epoch 24/50 | Train Loss=0.000214 | Val Loss=0.006654
Epoch 25/50 | Train Loss=0.000211 | Val Loss=0.006492
Epoch 26/50 | Train Loss=0.000204 | Val Loss=0.006123
Epoch 27/50 | Train Loss=0.000196 | Val Loss=0.005655
Epoch 28/50 | Train Loss=0.000192 | Val Loss=0.005038
Epoch 29/50 | Train Loss=0.000186 | Val Loss=0.004535
Epoch 30/50 | Train Loss=0.000184 | Val Loss=0.004494
Epoch 31/50 | Train Loss=0.000177 | Val Loss=0.004477
Epoch 32/50 | Train Loss=0.000174 | Val Loss=0.004382
Epoch 33/50 | Train Loss=0.000169 | Val Loss=0.004259
Epoch 34/50 | Train Loss=0.000165 | Val Loss=0.004108
Epoch 35/50 | Train Loss=0.000159 | Val Loss=0.003966
Epoch 36/50 | Train Loss=0.000156 | Val Loss=0.003911
Epoch 37/50 | Train Loss=0.000155 | Val Loss=0.003720
Epoch 38/50 | Train Loss=0.000151 | Val Loss=0.003558
Epoch 39/50 | Train Loss=0.000147 | Val Loss=0.003517
Epoch 40/50 | Train Loss=0.000142 | Val Loss=0.003376
Epoch 41/50 | Train Loss=0.000141 | Val Loss=0.003129
Epoch 42/50 | Train Loss=0.000135 | Val Loss=0.002881
Epoch 43/50 | Train Loss=0.000134 | Val Loss=0.002914
Epoch 44/50 | Train Loss=0.000131 | Val Loss=0.003107
Epoch 45/50 | Train Loss=0.000128 | Val Loss=0.003089
Epoch 46/50 | Train Loss=0.000125 | Val Loss=0.002852
Epoch 47/50 | Train Loss=0.000125 | Val Loss=0.002778
Epoch 48/50 | Train Loss=0.000122 | Val Loss=0.002850
Epoch 49/50 | Train Loss=0.000118 | Val Loss=0.002942
Epoch 50/50 | Train Loss=0.000117 | Val Loss=0.002874
[Tuning-Transformer] Threshold (p95)=0.004293
Epoch 1/50 | Train Loss=0.005520 | Val Loss=0.050078
Epoch 2/50 | Train Loss=0.001858 | Val Loss=0.016120
Epoch 3/50 | Train Loss=0.000966 | Val Loss=0.017868
Epoch 4/50 | Train Loss=0.000748 | Val Loss=0.015952
Epoch 5/50 | Train Loss=0.000495 | Val Loss=0.007121
Epoch 6/50 | Train Loss=0.000340 | Val Loss=0.007880
Epoch 7/50 | Train Loss=0.000219 | Val Loss=0.005432
Epoch 8/50 | Train Loss=0.000153 | Val Loss=0.004320
Epoch 9/50 | Train Loss=0.000110 | Val Loss=0.003170
Epoch 10/50 | Train Loss=0.000089 | Val Loss=0.002676
Epoch 11/50 | Train Loss=0.000073 | Val Loss=0.002430
Epoch 12/50 | Train Loss=0.000059 | Val Loss=0.002091
Epoch 13/50 | Train Loss=0.000050 | Val Loss=0.001792
Epoch 14/50 | Train Loss=0.000044 | Val Loss=0.001485
Epoch 15/50 | Train Loss=0.000037 | Val Loss=0.001257
Epoch 16/50 | Train Loss=0.000033 | Val Loss=0.001085
Epoch 17/50 | Train Loss=0.000029 | Val Loss=0.000835
Epoch 18/50 | Train Loss=0.000025 | Val Loss=0.000735
Epoch 19/50 | Train Loss=0.000024 | Val Loss=0.000588
Epoch 20/50 | Train Loss=0.000022 | Val Loss=0.000461
Epoch 21/50 | Train Loss=0.000020 | Val Loss=0.000443
Epoch 22/50 | Train Loss=0.000020 | Val Loss=0.000407
Epoch 23/50 | Train Loss=0.000019 | Val Loss=0.000385
Epoch 24/50 | Train Loss=0.000017 | Val Loss=0.000402
Epoch 25/50 | Train Loss=0.000016 | Val Loss=0.000380
Epoch 26/50 | Train Loss=0.000016 | Val Loss=0.000408
Epoch 27/50 | Train Loss=0.000015 | Val Loss=0.000434
Epoch 28/50 | Train Loss=0.000015 | Val Loss=0.000473
Epoch 29/50 | Train Loss=0.000015 | Val Loss=0.000515
Epoch 30/50 | Train Loss=0.000014 | Val Loss=0.000523
‚èπ Early stopping at epoch 30
[Tuning-Transformer] Threshold (p95)=0.000631
Epoch 1/50 | Train Loss=0.003150 | Val Loss=0.103313
Epoch 2/50 | Train Loss=0.000973 | Val Loss=0.022005
Epoch 3/50 | Train Loss=0.000732 | Val Loss=0.012429
Epoch 4/50 | Train Loss=0.000417 | Val Loss=0.016934
Epoch 5/50 | Train Loss=0.000403 | Val Loss=0.012122
Epoch 6/50 | Train Loss=0.000363 | Val Loss=0.009033
Epoch 7/50 | Train Loss=0.000266 | Val Loss=0.011420
Epoch 8/50 | Train Loss=0.000259 | Val Loss=0.011614
Epoch 9/50 | Train Loss=0.000258 | Val Loss=0.007998
Epoch 10/50 | Train Loss=0.000219 | Val Loss=0.004348
Epoch 11/50 | Train Loss=0.000204 | Val Loss=0.003637
Epoch 12/50 | Train Loss=0.000195 | Val Loss=0.003028
Epoch 13/50 | Train Loss=0.000176 | Val Loss=0.002512
Epoch 14/50 | Train Loss=0.000166 | Val Loss=0.002592
Epoch 15/50 | Train Loss=0.000165 | Val Loss=0.002514
Epoch 16/50 | Train Loss=0.000156 | Val Loss=0.002160
Epoch 17/50 | Train Loss=0.000150 | Val Loss=0.001939
Epoch 18/50 | Train Loss=0.000149 | Val Loss=0.001724
Epoch 19/50 | Train Loss=0.000142 | Val Loss=0.001579
Epoch 20/50 | Train Loss=0.000135 | Val Loss=0.001695
Epoch 21/50 | Train Loss=0.000132 | Val Loss=0.001629
Epoch 22/50 | Train Loss=0.000130 | Val Loss=0.001452
Epoch 23/50 | Train Loss=0.000127 | Val Loss=0.001291
Epoch 24/50 | Train Loss=0.000124 | Val Loss=0.001205
[I 2025-09-16 23:41:07,383] Trial 2 finished with value: 0.0006119814934208989 and parameters: {'window_size': 120, 'batch_size': 64, 'lr': 0.0001125607551023569, 'd_model': 64, 'n_heads': 2, 'num_layers': 2, 'dropout': 0.10699898384404583}. Best is trial 1 with value: 0.00038044824032112956.
[I 2025-09-16 23:41:09,435] Trial 3 finished with value: 0.0017994112567976117 and parameters: {'window_size': 120, 'batch_size': 128, 'lr': 0.0004693026944772249, 'd_model': 32, 'n_heads': 8, 'num_layers': 3, 'dropout': 0.36038641873086896}. Best is trial 1 with value: 0.00038044824032112956.
