[I 2025-09-16 23:52:00,304] Trial 5 finished with value: 0.0001339045265922323 and parameters: {'window_size': 90, 'batch_size': 32, 'lr': 0.0006613705398952287, 'd_model': 128, 'n_heads': 8, 'num_layers': 3, 'dropout': 0.26467814773445186}. Best is trial 5 with value: 0.0001339045265922323.
Epoch 32/50 | Train Loss=0.000002 | Val Loss=0.001134
Epoch 33/50 | Train Loss=0.000002 | Val Loss=0.001095
Epoch 34/50 | Train Loss=0.000001 | Val Loss=0.001066
Epoch 35/50 | Train Loss=0.000001 | Val Loss=0.001047
Epoch 36/50 | Train Loss=0.000001 | Val Loss=0.001034
Epoch 37/50 | Train Loss=0.000001 | Val Loss=0.001032
Epoch 38/50 | Train Loss=0.000001 | Val Loss=0.001022
Epoch 39/50 | Train Loss=0.000001 | Val Loss=0.001020
Epoch 40/50 | Train Loss=0.000001 | Val Loss=0.001041
Epoch 41/50 | Train Loss=0.000001 | Val Loss=0.001047
Epoch 42/50 | Train Loss=0.000001 | Val Loss=0.001055
Epoch 43/50 | Train Loss=0.000001 | Val Loss=0.001078
Epoch 44/50 | Train Loss=0.000001 | Val Loss=0.001101
‚èπ Early stopping at epoch 44
[Tuning-Transformer] Threshold (p95)=0.000487
Epoch 1/50 | Train Loss=0.001886 | Val Loss=0.025549
Epoch 2/50 | Train Loss=0.000259 | Val Loss=0.023406
Epoch 3/50 | Train Loss=0.000183 | Val Loss=0.017321
Epoch 4/50 | Train Loss=0.000134 | Val Loss=0.019388
Epoch 5/50 | Train Loss=0.000096 | Val Loss=0.017460
Epoch 6/50 | Train Loss=0.000069 | Val Loss=0.016680
Epoch 7/50 | Train Loss=0.000056 | Val Loss=0.016804
Epoch 8/50 | Train Loss=0.000042 | Val Loss=0.012180
Epoch 9/50 | Train Loss=0.000051 | Val Loss=0.012998
Epoch 10/50 | Train Loss=0.000034 | Val Loss=0.010000
Epoch 11/50 | Train Loss=0.000017 | Val Loss=0.006072
Epoch 12/50 | Train Loss=0.000011 | Val Loss=0.004216
Epoch 13/50 | Train Loss=0.000008 | Val Loss=0.003248
Epoch 14/50 | Train Loss=0.000007 | Val Loss=0.002424
Epoch 15/50 | Train Loss=0.000006 | Val Loss=0.001969
Epoch 16/50 | Train Loss=0.000005 | Val Loss=0.001809
Epoch 17/50 | Train Loss=0.000004 | Val Loss=0.001736
Epoch 18/50 | Train Loss=0.000004 | Val Loss=0.001663
Epoch 19/50 | Train Loss=0.000003 | Val Loss=0.001597
Epoch 20/50 | Train Loss=0.000003 | Val Loss=0.001565
Epoch 21/50 | Train Loss=0.000003 | Val Loss=0.001537
Epoch 22/50 | Train Loss=0.000002 | Val Loss=0.001547
Epoch 23/50 | Train Loss=0.000002 | Val Loss=0.001552
Epoch 24/50 | Train Loss=0.000002 | Val Loss=0.001590
Epoch 25/50 | Train Loss=0.000002 | Val Loss=0.001620
Epoch 26/50 | Train Loss=0.000002 | Val Loss=0.001655
‚èπ Early stopping at epoch 26
[Tuning-Transformer] Threshold (p95)=0.000716
Epoch 1/50 | Train Loss=0.000427 | Val Loss=0.014378
Epoch 2/50 | Train Loss=0.000196 | Val Loss=0.010129
Epoch 3/50 | Train Loss=0.000153 | Val Loss=0.008330
Epoch 4/50 | Train Loss=0.000127 | Val Loss=0.006092
Epoch 5/50 | Train Loss=0.000109 | Val Loss=0.005080
Epoch 6/50 | Train Loss=0.000095 | Val Loss=0.004488
Epoch 7/50 | Train Loss=0.000083 | Val Loss=0.004045
Epoch 8/50 | Train Loss=0.000074 | Val Loss=0.003711
Epoch 9/50 | Train Loss=0.000067 | Val Loss=0.003435
Epoch 10/50 | Train Loss=0.000060 | Val Loss=0.003260
Epoch 11/50 | Train Loss=0.000054 | Val Loss=0.003120
Epoch 12/50 | Train Loss=0.000050 | Val Loss=0.003055
Epoch 13/50 | Train Loss=0.000046 | Val Loss=0.002965
Epoch 14/50 | Train Loss=0.000043 | Val Loss=0.002923
Epoch 15/50 | Train Loss=0.000039 | Val Loss=0.002885
Epoch 16/50 | Train Loss=0.000037 | Val Loss=0.002861
Epoch 17/50 | Train Loss=0.000035 | Val Loss=0.002826
Epoch 18/50 | Train Loss=0.000033 | Val Loss=0.002822
Epoch 19/50 | Train Loss=0.000031 | Val Loss=0.002835
Epoch 20/50 | Train Loss=0.000030 | Val Loss=0.002822
Epoch 21/50 | Train Loss=0.000028 | Val Loss=0.002816
Epoch 22/50 | Train Loss=0.000027 | Val Loss=0.002822
Epoch 23/50 | Train Loss=0.000026 | Val Loss=0.002822
Epoch 24/50 | Train Loss=0.000025 | Val Loss=0.002850
Epoch 25/50 | Train Loss=0.000024 | Val Loss=0.002866
Epoch 26/50 | Train Loss=0.000023 | Val Loss=0.002880
‚èπ Early stopping at epoch 26
[Tuning-Transformer] Threshold (p95)=0.002443
Epoch 1/50 | Train Loss=0.002721 | Val Loss=0.019447
Epoch 2/50 | Train Loss=0.000387 | Val Loss=0.012407
Epoch 3/50 | Train Loss=0.000150 | Val Loss=0.005922
Epoch 4/50 | Train Loss=0.000067 | Val Loss=0.002780
Epoch 5/50 | Train Loss=0.000035 | Val Loss=0.002674
Epoch 6/50 | Train Loss=0.000020 | Val Loss=0.002641
Epoch 7/50 | Train Loss=0.000013 | Val Loss=0.002629
Epoch 8/50 | Train Loss=0.000011 | Val Loss=0.002362
Epoch 9/50 | Train Loss=0.000009 | Val Loss=0.002251
Epoch 10/50 | Train Loss=0.000008 | Val Loss=0.002023
Epoch 11/50 | Train Loss=0.000007 | Val Loss=0.001834
Epoch 12/50 | Train Loss=0.000006 | Val Loss=0.001659
Epoch 13/50 | Train Loss=0.000006 | Val Loss=0.001404
Epoch 14/50 | Train Loss=0.000005 | Val Loss=0.001248
Epoch 15/50 | Train Loss=0.000004 | Val Loss=0.001066
Epoch 16/50 | Train Loss=0.000003 | Val Loss=0.000885
Epoch 17/50 | Train Loss=0.000003 | Val Loss=0.000761
Epoch 18/50 | Train Loss=0.000003 | Val Loss=0.000649
Epoch 19/50 | Train Loss=0.000002 | Val Loss=0.000539
Epoch 20/50 | Train Loss=0.000002 | Val Loss=0.000447
Epoch 21/50 | Train Loss=0.000002 | Val Loss=0.000367
Epoch 22/50 | Train Loss=0.000002 | Val Loss=0.000328
Epoch 23/50 | Train Loss=0.000002 | Val Loss=0.000278
Epoch 24/50 | Train Loss=0.000002 | Val Loss=0.000244
Epoch 25/50 | Train Loss=0.000002 | Val Loss=0.000212
Epoch 26/50 | Train Loss=0.000001 | Val Loss=0.000181
Epoch 27/50 | Train Loss=0.000001 | Val Loss=0.000163
Epoch 28/50 | Train Loss=0.000001 | Val Loss=0.000151
Epoch 29/50 | Train Loss=0.000001 | Val Loss=0.000142
Epoch 30/50 | Train Loss=0.000001 | Val Loss=0.000134
Epoch 31/50 | Train Loss=0.000001 | Val Loss=0.000136
Epoch 32/50 | Train Loss=0.000001 | Val Loss=0.000136
Epoch 33/50 | Train Loss=0.000001 | Val Loss=0.000144
Epoch 34/50 | Train Loss=0.000001 | Val Loss=0.000153
Epoch 35/50 | Train Loss=0.000001 | Val Loss=0.000172
‚èπ Early stopping at epoch 35
[Tuning-Transformer] Threshold (p95)=0.000113
Epoch 1/50 | Train Loss=0.000240 | Val Loss=0.010135
Epoch 2/50 | Train Loss=0.000144 | Val Loss=0.011445
Epoch 3/50 | Train Loss=0.000119 | Val Loss=0.006776
Epoch 4/50 | Train Loss=0.000102 | Val Loss=0.006840
Epoch 5/50 | Train Loss=0.000089 | Val Loss=0.004316
Epoch 6/50 | Train Loss=0.000078 | Val Loss=0.004222
Epoch 7/50 | Train Loss=0.000070 | Val Loss=0.003405
Epoch 8/50 | Train Loss=0.000062 | Val Loss=0.003432
Epoch 9/50 | Train Loss=0.000056 | Val Loss=0.003333
Epoch 10/50 | Train Loss=0.000051 | Val Loss=0.003164
Epoch 11/50 | Train Loss=0.000046 | Val Loss=0.003198
Epoch 12/50 | Train Loss=0.000042 | Val Loss=0.003084
Epoch 13/50 | Train Loss=0.000039 | Val Loss=0.002985
Epoch 14/50 | Train Loss=0.000036 | Val Loss=0.002950
Epoch 15/50 | Train Loss=0.000034 | Val Loss=0.002953
Epoch 16/50 | Train Loss=0.000031 | Val Loss=0.002901
Epoch 17/50 | Train Loss=0.000029 | Val Loss=0.002841
Epoch 18/50 | Train Loss=0.000027 | Val Loss=0.002798
Epoch 19/50 | Train Loss=0.000025 | Val Loss=0.002774
Epoch 20/50 | Train Loss=0.000024 | Val Loss=0.002778
Epoch 21/50 | Train Loss=0.000022 | Val Loss=0.002758
Epoch 22/50 | Train Loss=0.000021 | Val Loss=0.002750
Epoch 23/50 | Train Loss=0.000020 | Val Loss=0.002732
Epoch 24/50 | Train Loss=0.000019 | Val Loss=0.002700
Epoch 25/50 | Train Loss=0.000018 | Val Loss=0.002691
Epoch 26/50 | Train Loss=0.000017 | Val Loss=0.002696
Epoch 27/50 | Train Loss=0.000016 | Val Loss=0.002705
Epoch 28/50 | Train Loss=0.000015 | Val Loss=0.002686
Epoch 29/50 | Train Loss=0.000015 | Val Loss=0.002671
Epoch 30/50 | Train Loss=0.000014 | Val Loss=0.002673
Epoch 31/50 | Train Loss=0.000013 | Val Loss=0.002663
Epoch 32/50 | Train Loss=0.000013 | Val Loss=0.002655
Epoch 33/50 | Train Loss=0.000012 | Val Loss=0.002649
Epoch 34/50 | Train Loss=0.000012 | Val Loss=0.002626
Epoch 35/50 | Train Loss=0.000011 | Val Loss=0.002615
Epoch 36/50 | Train Loss=0.000011 | Val Loss=0.002634
Epoch 37/50 | Train Loss=0.000010 | Val Loss=0.002627
Epoch 38/50 | Train Loss=0.000010 | Val Loss=0.002608
Epoch 39/50 | Train Loss=0.000009 | Val Loss=0.002601
Epoch 40/50 | Train Loss=0.000009 | Val Loss=0.002603
Epoch 41/50 | Train Loss=0.000009 | Val Loss=0.002594
Epoch 42/50 | Train Loss=0.000008 | Val Loss=0.002582
Epoch 43/50 | Train Loss=0.000008 | Val Loss=0.002579
Epoch 44/50 | Train Loss=0.000008 | Val Loss=0.002581
Epoch 45/50 | Train Loss=0.000008 | Val Loss=0.002571
Epoch 46/50 | Train Loss=0.000007 | Val Loss=0.002566
[I 2025-09-16 23:52:04,750] Trial 6 finished with value: 0.0025472871493548155 and parameters: {'window_size': 120, 'batch_size': 128, 'lr': 0.00022407913562282056, 'd_model': 32, 'n_heads': 4, 'num_layers': 1, 'dropout': 0.35239759506113255}. Best is trial 5 with value: 0.0001339045265922323.
[I 2025-09-16 23:52:07,198] Trial 7 finished with value: 0.0030738695058971643 and parameters: {'window_size': 120, 'batch_size': 128, 'lr': 0.00019275371849576732, 'd_model': 128, 'n_heads': 8, 'num_layers': 1, 'dropout': 0.37929226503814883}. Best is trial 5 with value: 0.0001339045265922323.
[I 2025-09-16 23:52:25,742] Trial 8 finished with value: 0.0001883620279841125 and parameters: {'window_size': 90, 'batch_size': 32, 'lr': 0.0005122555007185312, 'd_model': 128, 'n_heads': 2, 'num_layers': 3, 'dropout': 0.17488398826758209}. Best is trial 5 with value: 0.0001339045265922323.
[I 2025-09-16 23:52:28,209] Trial 9 finished with value: 0.0016351441154256463 and parameters: {'window_size': 120, 'batch_size': 64, 'lr': 0.007047468827087035, 'd_model': 32, 'n_heads': 8, 'num_layers': 1, 'dropout': 0.2838222688758284}. Best is trial 5 with value: 0.0001339045265922323.
Epoch 47/50 | Train Loss=0.000007 | Val Loss=0.002576
Epoch 48/50 | Train Loss=0.000007 | Val Loss=0.002574
Epoch 49/50 | Train Loss=0.000007 | Val Loss=0.002558
Epoch 50/50 | Train Loss=0.000006 | Val Loss=0.002547
[Tuning-Transformer] Threshold (p95)=0.001688
Epoch 1/50 | Train Loss=0.001050 | Val Loss=0.032099
Epoch 2/50 | Train Loss=0.000275 | Val Loss=0.020893
Epoch 3/50 | Train Loss=0.000193 | Val Loss=0.011918
Epoch 4/50 | Train Loss=0.000155 | Val Loss=0.010590
Epoch 5/50 | Train Loss=0.000129 | Val Loss=0.006314
Epoch 6/50 | Train Loss=0.000110 | Val Loss=0.004902
Epoch 7/50 | Train Loss=0.000094 | Val Loss=0.003623
Epoch 8/50 | Train Loss=0.000081 | Val Loss=0.003136
Epoch 9/50 | Train Loss=0.000070 | Val Loss=0.003074
Epoch 10/50 | Train Loss=0.000062 | Val Loss=0.003197
Epoch 11/50 | Train Loss=0.000055 | Val Loss=0.003203
Epoch 12/50 | Train Loss=0.000048 | Val Loss=0.003265
Epoch 13/50 | Train Loss=0.000043 | Val Loss=0.003275
Epoch 14/50 | Train Loss=0.000039 | Val Loss=0.003323
‚èπ Early stopping at epoch 14
[Tuning-Transformer] Threshold (p95)=0.001759
Epoch 1/50 | Train Loss=0.001515 | Val Loss=0.014463
Epoch 2/50 | Train Loss=0.000237 | Val Loss=0.006352
Epoch 3/50 | Train Loss=0.000101 | Val Loss=0.003813
Epoch 4/50 | Train Loss=0.000051 | Val Loss=0.003268
Epoch 5/50 | Train Loss=0.000045 | Val Loss=0.003048
Epoch 6/50 | Train Loss=0.000021 | Val Loss=0.003111
Epoch 7/50 | Train Loss=0.000018 | Val Loss=0.003240
Epoch 8/50 | Train Loss=0.000013 | Val Loss=0.003132
Epoch 9/50 | Train Loss=0.000011 | Val Loss=0.002941
Epoch 10/50 | Train Loss=0.000010 | Val Loss=0.002873
Epoch 11/50 | Train Loss=0.000009 | Val Loss=0.002701
Epoch 12/50 | Train Loss=0.000008 | Val Loss=0.002521
Epoch 13/50 | Train Loss=0.000007 | Val Loss=0.002293
Epoch 14/50 | Train Loss=0.000007 | Val Loss=0.002090
Epoch 15/50 | Train Loss=0.000006 | Val Loss=0.001875
Epoch 16/50 | Train Loss=0.000006 | Val Loss=0.001760
Epoch 17/50 | Train Loss=0.000005 | Val Loss=0.001584
Epoch 18/50 | Train Loss=0.000005 | Val Loss=0.001419
Epoch 19/50 | Train Loss=0.000004 | Val Loss=0.001307
Epoch 20/50 | Train Loss=0.000004 | Val Loss=0.001162
Epoch 21/50 | Train Loss=0.000003 | Val Loss=0.001031
Epoch 22/50 | Train Loss=0.000003 | Val Loss=0.000912
Epoch 23/50 | Train Loss=0.000003 | Val Loss=0.000772
Epoch 24/50 | Train Loss=0.000003 | Val Loss=0.000695
Epoch 25/50 | Train Loss=0.000002 | Val Loss=0.000604
Epoch 26/50 | Train Loss=0.000002 | Val Loss=0.000531
Epoch 27/50 | Train Loss=0.000002 | Val Loss=0.000442
Epoch 28/50 | Train Loss=0.000002 | Val Loss=0.000385
Epoch 29/50 | Train Loss=0.000002 | Val Loss=0.000336
Epoch 30/50 | Train Loss=0.000002 | Val Loss=0.000288
Epoch 31/50 | Train Loss=0.000002 | Val Loss=0.000252
Epoch 32/50 | Train Loss=0.000001 | Val Loss=0.000229
Epoch 33/50 | Train Loss=0.000001 | Val Loss=0.000205
Epoch 34/50 | Train Loss=0.000001 | Val Loss=0.000203
Epoch 35/50 | Train Loss=0.000001 | Val Loss=0.000196
Epoch 36/50 | Train Loss=0.000001 | Val Loss=0.000190
Epoch 37/50 | Train Loss=0.000001 | Val Loss=0.000188
Epoch 38/50 | Train Loss=0.000001 | Val Loss=0.000195
Epoch 39/50 | Train Loss=0.000001 | Val Loss=0.000200
Epoch 40/50 | Train Loss=0.000001 | Val Loss=0.000211
Epoch 41/50 | Train Loss=0.000001 | Val Loss=0.000223
Epoch 42/50 | Train Loss=0.000001 | Val Loss=0.000248
‚èπ Early stopping at epoch 42
[Tuning-Transformer] Threshold (p95)=0.000061
Epoch 1/50 | Train Loss=0.001279 | Val Loss=0.024695
Epoch 2/50 | Train Loss=0.000298 | Val Loss=0.019192
Epoch 3/50 | Train Loss=0.000100 | Val Loss=0.011055
Epoch 4/50 | Train Loss=0.000047 | Val Loss=0.006805
Epoch 5/50 | Train Loss=0.000026 | Val Loss=0.004666
Epoch 6/50 | Train Loss=0.000019 | Val Loss=0.003619
Epoch 7/50 | Train Loss=0.000015 | Val Loss=0.002680
Epoch 8/50 | Train Loss=0.000012 | Val Loss=0.002072
Epoch 9/50 | Train Loss=0.000009 | Val Loss=0.001723
Epoch 10/50 | Train Loss=0.000007 | Val Loss=0.001640
Epoch 11/50 | Train Loss=0.000006 | Val Loss=0.001635
Epoch 12/50 | Train Loss=0.000004 | Val Loss=0.001684
Epoch 13/50 | Train Loss=0.000004 | Val Loss=0.001731
Epoch 14/50 | Train Loss=0.000003 | Val Loss=0.001947
Epoch 15/50 | Train Loss=0.000003 | Val Loss=0.002003
Epoch 16/50 | Train Loss=0.000003 | Val Loss=0.002185
‚èπ Early stopping at epoch 16
[Tuning-Transformer] Threshold (p95)=0.001647
üîé Best hyperparameters for Transformer: {'window_size': 90, 'batch_size': 32, 'lr': 0.0006613705398952287, 'd_model': 128, 'n_heads': 8, 'num_layers': 3, 'dropout': 0.26467814773445186}
Best validation loss: 0.0001339045265922323
‚úÖ Best LSTM params: {'window_size': 120, 'batch_size': 32, 'lr': 0.0009211580069302535, 'hidden_size': 128, 'dropout': 0.2736652768437532}
‚úÖ Best Transformer params: {'window_size': 90, 'batch_size': 32, 'lr': 0.0006613705398952287, 'd_model': 128, 'n_heads': 8, 'num_layers': 3, 'dropout': 0.26467814773445186}

>>> Training LSTM_AE for coin_coin_Tron...
Epoch 1/100 | Train Loss=0.000319 | Val Loss=0.018260
Epoch 2/100 | Train Loss=0.000087 | Val Loss=0.018169
Epoch 3/100 | Train Loss=0.000071 | Val Loss=0.018690
Epoch 4/100 | Train Loss=0.000067 | Val Loss=0.017812
Epoch 5/100 | Train Loss=0.000065 | Val Loss=0.018064
Epoch 6/100 | Train Loss=0.000065 | Val Loss=0.017445
Epoch 7/100 | Train Loss=0.000064 | Val Loss=0.017155
Epoch 8/100 | Train Loss=0.000061 | Val Loss=0.016744
Epoch 9/100 | Train Loss=0.000059 | Val Loss=0.016827
Epoch 10/100 | Train Loss=0.000058 | Val Loss=0.016430
Epoch 11/100 | Train Loss=0.000056 | Val Loss=0.016462
Epoch 12/100 | Train Loss=0.000054 | Val Loss=0.016354
Epoch 13/100 | Train Loss=0.000054 | Val Loss=0.017065
Epoch 14/100 | Train Loss=0.000052 | Val Loss=0.017067
Epoch 15/100 | Train Loss=0.000051 | Val Loss=0.017263
Epoch 16/100 | Train Loss=0.000050 | Val Loss=0.016658
Epoch 17/100 | Train Loss=0.000050 | Val Loss=0.017094
Epoch 18/100 | Train Loss=0.000048 | Val Loss=0.016864
Epoch 19/100 | Train Loss=0.000047 | Val Loss=0.016822
‚èπ Early stopping at epoch 19
[coin_coin_Tron (LSTM_AE)] Threshold (p95)=0.029657
üìä Saved error distribution to /data/m24csa029/MTP/cyptocurrency/results/coin_coin_Tron_LSTM_AE_anomalies_errors.png
coin_coin_Tron [LSTM_AE]: 93 anomalies detected

>>> Training Transformer for coin_coin_Tron...
Epoch 1/100 | Train Loss=0.003006 | Val Loss=0.021339
Epoch 2/100 | Train Loss=0.000393 | Val Loss=0.024001
Epoch 3/100 | Train Loss=0.000265 | Val Loss=0.023388
Epoch 4/100 | Train Loss=0.000170 | Val Loss=0.020383
Epoch 5/100 | Train Loss=0.000107 | Val Loss=0.014376
Epoch 6/100 | Train Loss=0.000060 | Val Loss=0.013193
Epoch 7/100 | Train Loss=0.000038 | Val Loss=0.012098
Epoch 8/100 | Train Loss=0.000030 | Val Loss=0.008991
Epoch 9/100 | Train Loss=0.000024 | Val Loss=0.004771
Epoch 10/100 | Train Loss=0.000023 | Val Loss=0.003535
Epoch 11/100 | Train Loss=0.000017 | Val Loss=0.002309
Epoch 12/100 | Train Loss=0.000012 | Val Loss=0.002011
Epoch 13/100 | Train Loss=0.000014 | Val Loss=0.002815
Epoch 14/100 | Train Loss=0.000011 | Val Loss=0.002138
Epoch 15/100 | Train Loss=0.000009 | Val Loss=0.001750
Epoch 16/100 | Train Loss=0.000010 | Val Loss=0.001214
Epoch 17/100 | Train Loss=0.000009 | Val Loss=0.001214
Epoch 18/100 | Train Loss=0.000007 | Val Loss=0.001217
Epoch 19/100 | Train Loss=0.000007 | Val Loss=0.001135
Epoch 20/100 | Train Loss=0.000007 | Val Loss=0.001177
Epoch 21/100 | Train Loss=0.000006 | Val Loss=0.001297
Epoch 22/100 | Train Loss=0.000006 | Val Loss=0.001004
Epoch 23/100 | Train Loss=0.000005 | Val Loss=0.000922
Epoch 24/100 | Train Loss=0.000008 | Val Loss=0.001258
Epoch 25/100 | Train Loss=0.000006 | Val Loss=0.000933
Epoch 26/100 | Train Loss=0.000004 | Val Loss=0.000838
Epoch 27/100 | Train Loss=0.000003 | Val Loss=0.000758
Epoch 28/100 | Train Loss=0.000007 | Val Loss=0.000782
Epoch 29/100 | Train Loss=0.000004 | Val Loss=0.000769
Epoch 30/100 | Train Loss=0.000002 | Val Loss=0.000654
Epoch 31/100 | Train Loss=0.000002 | Val Loss=0.000706
Epoch 32/100 | Train Loss=0.000003 | Val Loss=0.000645
Epoch 33/100 | Train Loss=0.000002 | Val Loss=0.000661
Epoch 34/100 | Train Loss=0.000003 | Val Loss=0.000553
[I 2025-09-16 23:52:58,868] A new study created in memory with name: no-name-75635b1e-74c7-444d-845b-59120601ac3c
[I 2025-09-16 23:52:59,619] Trial 0 finished with value: 0.3256005048751831 and parameters: {'window_size': 60, 'batch_size': 64, 'lr': 0.006283637898357875, 'hidden_size': 32, 'dropout': 0.1740889782363168}. Best is trial 0 with value: 0.3256005048751831.
[I 2025-09-16 23:53:01,164] Trial 1 finished with value: 0.25220417976379395 and parameters: {'window_size': 120, 'batch_size': 64, 'lr': 0.003215390416253163, 'hidden_size': 32, 'dropout': 0.29610211946832604}. Best is trial 1 with value: 0.25220417976379395.
