[I 2025-09-16 23:36:38,691] Trial 5 finished with value: 1.7315139770507812 and parameters: {'window_size': 120, 'batch_size': 32, 'lr': 0.004247246004863911, 'hidden_size': 16, 'dropout': 0.4674698573436201}. Best is trial 2 with value: 1.7088907957077026.
Epoch 30/50 | Train Loss=0.000225 | Val Loss=2.180950
Epoch 31/50 | Train Loss=0.000224 | Val Loss=2.178485
Epoch 32/50 | Train Loss=0.000212 | Val Loss=2.176584
Epoch 33/50 | Train Loss=0.000213 | Val Loss=2.174517
Epoch 34/50 | Train Loss=0.000211 | Val Loss=2.172591
Epoch 35/50 | Train Loss=0.000203 | Val Loss=2.170860
Epoch 36/50 | Train Loss=0.000206 | Val Loss=2.169378
Epoch 37/50 | Train Loss=0.000202 | Val Loss=2.167689
Epoch 38/50 | Train Loss=0.000202 | Val Loss=2.165880
Epoch 39/50 | Train Loss=0.000196 | Val Loss=2.164643
Epoch 40/50 | Train Loss=0.000196 | Val Loss=2.163935
Epoch 41/50 | Train Loss=0.000187 | Val Loss=2.163246
Epoch 42/50 | Train Loss=0.000191 | Val Loss=2.161533
Epoch 43/50 | Train Loss=0.000188 | Val Loss=2.160104
Epoch 44/50 | Train Loss=0.000191 | Val Loss=2.159900
Epoch 45/50 | Train Loss=0.000183 | Val Loss=2.158688
Epoch 46/50 | Train Loss=0.000186 | Val Loss=2.158130
Epoch 47/50 | Train Loss=0.000181 | Val Loss=2.157557
Epoch 48/50 | Train Loss=0.000174 | Val Loss=2.157123
Epoch 49/50 | Train Loss=0.000181 | Val Loss=2.155832
Epoch 50/50 | Train Loss=0.000180 | Val Loss=2.155350
[Tuning-LSTM_AE] Threshold (p95)=0.047122
Epoch 1/50 | Train Loss=0.002057 | Val Loss=1.978071
Epoch 2/50 | Train Loss=0.001674 | Val Loss=1.950293
Epoch 3/50 | Train Loss=0.001315 | Val Loss=1.920649
Epoch 4/50 | Train Loss=0.000987 | Val Loss=1.883980
Epoch 5/50 | Train Loss=0.000737 | Val Loss=1.850696
Epoch 6/50 | Train Loss=0.000591 | Val Loss=1.825951
Epoch 7/50 | Train Loss=0.000525 | Val Loss=1.813784
Epoch 8/50 | Train Loss=0.000498 | Val Loss=1.805948
Epoch 9/50 | Train Loss=0.000479 | Val Loss=1.802252
Epoch 10/50 | Train Loss=0.000461 | Val Loss=1.796902
Epoch 11/50 | Train Loss=0.000461 | Val Loss=1.793425
Epoch 12/50 | Train Loss=0.000444 | Val Loss=1.789654
Epoch 13/50 | Train Loss=0.000427 | Val Loss=1.786579
Epoch 14/50 | Train Loss=0.000415 | Val Loss=1.782762
Epoch 15/50 | Train Loss=0.000410 | Val Loss=1.780782
Epoch 16/50 | Train Loss=0.000401 | Val Loss=1.777373
Epoch 17/50 | Train Loss=0.000397 | Val Loss=1.775047
Epoch 18/50 | Train Loss=0.000392 | Val Loss=1.771976
Epoch 19/50 | Train Loss=0.000383 | Val Loss=1.769903
Epoch 20/50 | Train Loss=0.000377 | Val Loss=1.768099
Epoch 21/50 | Train Loss=0.000378 | Val Loss=1.766642
Epoch 22/50 | Train Loss=0.000367 | Val Loss=1.764738
Epoch 23/50 | Train Loss=0.000356 | Val Loss=1.763176
Epoch 24/50 | Train Loss=0.000360 | Val Loss=1.762349
Epoch 25/50 | Train Loss=0.000358 | Val Loss=1.761181
Epoch 26/50 | Train Loss=0.000351 | Val Loss=1.759997
Epoch 27/50 | Train Loss=0.000344 | Val Loss=1.759095
Epoch 28/50 | Train Loss=0.000346 | Val Loss=1.758275
Epoch 29/50 | Train Loss=0.000339 | Val Loss=1.756678
Epoch 30/50 | Train Loss=0.000335 | Val Loss=1.756530
Epoch 31/50 | Train Loss=0.000333 | Val Loss=1.755678
Epoch 32/50 | Train Loss=0.000324 | Val Loss=1.755312
Epoch 33/50 | Train Loss=0.000321 | Val Loss=1.755025
Epoch 34/50 | Train Loss=0.000321 | Val Loss=1.753975
Epoch 35/50 | Train Loss=0.000310 | Val Loss=1.751962
Epoch 36/50 | Train Loss=0.000309 | Val Loss=1.751989
Epoch 37/50 | Train Loss=0.000303 | Val Loss=1.752280
Epoch 38/50 | Train Loss=0.000294 | Val Loss=1.751207
Epoch 39/50 | Train Loss=0.000294 | Val Loss=1.750920
Epoch 40/50 | Train Loss=0.000288 | Val Loss=1.751297
Epoch 41/50 | Train Loss=0.000296 | Val Loss=1.751606
Epoch 42/50 | Train Loss=0.000282 | Val Loss=1.750471
Epoch 43/50 | Train Loss=0.000288 | Val Loss=1.749924
Epoch 44/50 | Train Loss=0.000279 | Val Loss=1.750151
Epoch 45/50 | Train Loss=0.000282 | Val Loss=1.749681
Epoch 46/50 | Train Loss=0.000277 | Val Loss=1.748642
Epoch 47/50 | Train Loss=0.000281 | Val Loss=1.748596
Epoch 48/50 | Train Loss=0.000281 | Val Loss=1.747094
Epoch 49/50 | Train Loss=0.000276 | Val Loss=1.746187
Epoch 50/50 | Train Loss=0.000270 | Val Loss=1.745267
[Tuning-LSTM_AE] Threshold (p95)=0.034380
Epoch 1/50 | Train Loss=0.000696 | Val Loss=1.779646
Epoch 2/50 | Train Loss=0.000264 | Val Loss=1.733530
Epoch 3/50 | Train Loss=0.000227 | Val Loss=1.712952
Epoch 4/50 | Train Loss=0.000193 | Val Loss=1.708891
Epoch 5/50 | Train Loss=0.000185 | Val Loss=1.717672
Epoch 6/50 | Train Loss=0.000186 | Val Loss=1.725031
Epoch 7/50 | Train Loss=0.000179 | Val Loss=1.728632
Epoch 8/50 | Train Loss=0.000165 | Val Loss=1.724577
Epoch 9/50 | Train Loss=0.000157 | Val Loss=1.720610
‚èπ Early stopping at epoch 9
[Tuning-LSTM_AE] Threshold (p95)=0.062537
Epoch 1/50 | Train Loss=0.000545 | Val Loss=2.643209
Epoch 2/50 | Train Loss=0.000174 | Val Loss=2.543374
Epoch 3/50 | Train Loss=0.000128 | Val Loss=2.523515
Epoch 4/50 | Train Loss=0.000117 | Val Loss=2.517366
Epoch 5/50 | Train Loss=0.000125 | Val Loss=2.511648
Epoch 6/50 | Train Loss=0.000118 | Val Loss=2.515067
Epoch 7/50 | Train Loss=0.000108 | Val Loss=2.503833
Epoch 8/50 | Train Loss=0.000108 | Val Loss=2.505995
Epoch 9/50 | Train Loss=0.000115 | Val Loss=2.506419
Epoch 10/50 | Train Loss=0.000106 | Val Loss=2.492843
Epoch 11/50 | Train Loss=0.000103 | Val Loss=2.500050
Epoch 12/50 | Train Loss=0.000105 | Val Loss=2.507459
Epoch 13/50 | Train Loss=0.000103 | Val Loss=2.500201
Epoch 14/50 | Train Loss=0.000097 | Val Loss=2.492807
Epoch 15/50 | Train Loss=0.000100 | Val Loss=2.498683
Epoch 16/50 | Train Loss=0.000098 | Val Loss=2.493349
Epoch 17/50 | Train Loss=0.000099 | Val Loss=2.494892
Epoch 18/50 | Train Loss=0.000100 | Val Loss=2.487875
Epoch 19/50 | Train Loss=0.000103 | Val Loss=2.489566
Epoch 20/50 | Train Loss=0.000101 | Val Loss=2.495959
Epoch 21/50 | Train Loss=0.000098 | Val Loss=2.493425
Epoch 22/50 | Train Loss=0.000099 | Val Loss=2.495305
Epoch 23/50 | Train Loss=0.000096 | Val Loss=2.491703
‚èπ Early stopping at epoch 23
[Tuning-LSTM_AE] Threshold (p95)=0.029406
Epoch 1/50 | Train Loss=0.002312 | Val Loss=2.794513
Epoch 2/50 | Train Loss=0.001539 | Val Loss=2.728625
Epoch 3/50 | Train Loss=0.000842 | Val Loss=2.669289
Epoch 4/50 | Train Loss=0.000603 | Val Loss=2.623691
Epoch 5/50 | Train Loss=0.000492 | Val Loss=2.577456
Epoch 6/50 | Train Loss=0.000450 | Val Loss=2.542562
Epoch 7/50 | Train Loss=0.000379 | Val Loss=2.520275
Epoch 8/50 | Train Loss=0.000327 | Val Loss=2.510922
Epoch 9/50 | Train Loss=0.000308 | Val Loss=2.506565
Epoch 10/50 | Train Loss=0.000289 | Val Loss=2.503735
Epoch 11/50 | Train Loss=0.000274 | Val Loss=2.501713
Epoch 12/50 | Train Loss=0.000266 | Val Loss=2.501033
Epoch 13/50 | Train Loss=0.000254 | Val Loss=2.501136
Epoch 14/50 | Train Loss=0.000248 | Val Loss=2.500298
Epoch 15/50 | Train Loss=0.000245 | Val Loss=2.503806
Epoch 16/50 | Train Loss=0.000233 | Val Loss=2.511276
Epoch 17/50 | Train Loss=0.000231 | Val Loss=2.511317
Epoch 18/50 | Train Loss=0.000228 | Val Loss=2.512376
Epoch 19/50 | Train Loss=0.000220 | Val Loss=2.512463
‚èπ Early stopping at epoch 19
[Tuning-LSTM_AE] Threshold (p95)=0.022099
Epoch 1/50 | Train Loss=0.001172 | Val Loss=1.847845
Epoch 2/50 | Train Loss=0.000536 | Val Loss=1.775089
Epoch 3/50 | Train Loss=0.000402 | Val Loss=1.758582
Epoch 4/50 | Train Loss=0.000349 | Val Loss=1.759680
Epoch 5/50 | Train Loss=0.000335 | Val Loss=1.743930
Epoch 6/50 | Train Loss=0.000332 | Val Loss=1.750608
Epoch 7/50 | Train Loss=0.000333 | Val Loss=1.746851
Epoch 8/50 | Train Loss=0.000346 | Val Loss=1.731514
Epoch 9/50 | Train Loss=0.000360 | Val Loss=1.786385
Epoch 10/50 | Train Loss=0.000443 | Val Loss=1.733067
Epoch 11/50 | Train Loss=0.000346 | Val Loss=1.732819
Epoch 12/50 | Train Loss=0.000329 | Val Loss=1.742291
Epoch 13/50 | Train Loss=0.000297 | Val Loss=1.742001
‚èπ Early stopping at epoch 13
[Tuning-LSTM_AE] Threshold (p95)=0.041691
Epoch 1/50 | Train Loss=0.002065 | Val Loss=1.981767
Epoch 2/50 | Train Loss=0.001328 | Val Loss=1.947610
Epoch 3/50 | Train Loss=0.000826 | Val Loss=1.901437
Epoch 4/50 | Train Loss=0.000543 | Val Loss=1.859961
Epoch 5/50 | Train Loss=0.000465 | Val Loss=1.828288
Epoch 6/50 | Train Loss=0.000425 | Val Loss=1.800351
Epoch 7/50 | Train Loss=0.000406 | Val Loss=1.783586
Epoch 8/50 | Train Loss=0.000398 | Val Loss=1.776111
Epoch 9/50 | Train Loss=0.000372 | Val Loss=1.769818
Epoch 10/50 | Train Loss=0.000366 | Val Loss=1.763759
[I 2025-09-16 23:36:41,240] Trial 6 finished with value: 1.7626041173934937 and parameters: {'window_size': 120, 'batch_size': 32, 'lr': 0.000698043077551651, 'hidden_size': 16, 'dropout': 0.16424330813313454}. Best is trial 2 with value: 1.7088907957077026.
[I 2025-09-16 23:36:45,203] Trial 7 finished with value: 1.7506741285324097 and parameters: {'window_size': 120, 'batch_size': 64, 'lr': 0.00012397736402741126, 'hidden_size': 64, 'dropout': 0.3915654224431634}. Best is trial 2 with value: 1.7088907957077026.
[I 2025-09-16 23:36:48,521] Trial 8 finished with value: 2.531230926513672 and parameters: {'window_size': 60, 'batch_size': 64, 'lr': 0.0007782051151573285, 'hidden_size': 16, 'dropout': 0.35918975134627995}. Best is trial 2 with value: 1.7088907957077026.
[I 2025-09-16 23:36:50,323] Trial 9 finished with value: 2.089710235595703 and parameters: {'window_size': 90, 'batch_size': 64, 'lr': 0.00036184683920824123, 'hidden_size': 128, 'dropout': 0.35085043149350337}. Best is trial 2 with value: 1.7088907957077026.
[I 2025-09-16 23:36:50,324] A new study created in memory with name: no-name-74d92741-115a-40fc-8fb4-97c4c8dae9d8
[I 2025-09-16 23:36:51,483] Trial 0 finished with value: 2.0022833347320557 and parameters: {'window_size': 90, 'batch_size': 128, 'lr': 0.002892582373448442, 'd_model': 64, 'n_heads': 8, 'num_layers': 1, 'dropout': 0.25445152729012777}. Best is trial 0 with value: 2.0022833347320557.
[I 2025-09-16 23:36:54,597] Trial 1 finished with value: 1.987703561782837 and parameters: {'window_size': 90, 'batch_size': 32, 'lr': 0.0010140471961027375, 'd_model': 64, 'n_heads': 4, 'num_layers': 3, 'dropout': 0.16356610409686506}. Best is trial 1 with value: 1.987703561782837.
Epoch 11/50 | Train Loss=0.000364 | Val Loss=1.765764
Epoch 12/50 | Train Loss=0.000354 | Val Loss=1.762604
Epoch 13/50 | Train Loss=0.000350 | Val Loss=1.766434
Epoch 14/50 | Train Loss=0.000332 | Val Loss=1.763356
Epoch 15/50 | Train Loss=0.000332 | Val Loss=1.767822
Epoch 16/50 | Train Loss=0.000312 | Val Loss=1.770786
Epoch 17/50 | Train Loss=0.000295 | Val Loss=1.770096
‚èπ Early stopping at epoch 17
[Tuning-LSTM_AE] Threshold (p95)=0.038756
Epoch 1/50 | Train Loss=0.001142 | Val Loss=2.052831
Epoch 2/50 | Train Loss=0.000979 | Val Loss=2.027007
Epoch 3/50 | Train Loss=0.000840 | Val Loss=1.987512
Epoch 4/50 | Train Loss=0.000742 | Val Loss=1.949171
Epoch 5/50 | Train Loss=0.000637 | Val Loss=1.924115
Epoch 6/50 | Train Loss=0.000544 | Val Loss=1.904443
Epoch 7/50 | Train Loss=0.000476 | Val Loss=1.885148
Epoch 8/50 | Train Loss=0.000407 | Val Loss=1.864825
Epoch 9/50 | Train Loss=0.000358 | Val Loss=1.846604
Epoch 10/50 | Train Loss=0.000311 | Val Loss=1.835852
Epoch 11/50 | Train Loss=0.000282 | Val Loss=1.828498
Epoch 12/50 | Train Loss=0.000278 | Val Loss=1.824057
Epoch 13/50 | Train Loss=0.000263 | Val Loss=1.819520
Epoch 14/50 | Train Loss=0.000258 | Val Loss=1.816513
Epoch 15/50 | Train Loss=0.000258 | Val Loss=1.813456
Epoch 16/50 | Train Loss=0.000246 | Val Loss=1.809543
Epoch 17/50 | Train Loss=0.000252 | Val Loss=1.806721
Epoch 18/50 | Train Loss=0.000241 | Val Loss=1.802533
Epoch 19/50 | Train Loss=0.000246 | Val Loss=1.799585
Epoch 20/50 | Train Loss=0.000248 | Val Loss=1.797501
Epoch 21/50 | Train Loss=0.000242 | Val Loss=1.794997
Epoch 22/50 | Train Loss=0.000233 | Val Loss=1.792388
Epoch 23/50 | Train Loss=0.000234 | Val Loss=1.789502
Epoch 24/50 | Train Loss=0.000231 | Val Loss=1.787009
Epoch 25/50 | Train Loss=0.000234 | Val Loss=1.785097
Epoch 26/50 | Train Loss=0.000231 | Val Loss=1.782871
Epoch 27/50 | Train Loss=0.000226 | Val Loss=1.780745
Epoch 28/50 | Train Loss=0.000230 | Val Loss=1.778573
Epoch 29/50 | Train Loss=0.000227 | Val Loss=1.776210
Epoch 30/50 | Train Loss=0.000225 | Val Loss=1.774827
Epoch 31/50 | Train Loss=0.000216 | Val Loss=1.772537
Epoch 32/50 | Train Loss=0.000217 | Val Loss=1.770552
Epoch 33/50 | Train Loss=0.000212 | Val Loss=1.768964
Epoch 34/50 | Train Loss=0.000208 | Val Loss=1.766129
Epoch 35/50 | Train Loss=0.000205 | Val Loss=1.764466
Epoch 36/50 | Train Loss=0.000212 | Val Loss=1.762836
Epoch 37/50 | Train Loss=0.000202 | Val Loss=1.760638
Epoch 38/50 | Train Loss=0.000199 | Val Loss=1.759555
Epoch 39/50 | Train Loss=0.000194 | Val Loss=1.758807
Epoch 40/50 | Train Loss=0.000190 | Val Loss=1.757286
Epoch 41/50 | Train Loss=0.000198 | Val Loss=1.756458
Epoch 42/50 | Train Loss=0.000204 | Val Loss=1.755549
Epoch 43/50 | Train Loss=0.000191 | Val Loss=1.754558
Epoch 44/50 | Train Loss=0.000194 | Val Loss=1.754824
Epoch 45/50 | Train Loss=0.000187 | Val Loss=1.753495
Epoch 46/50 | Train Loss=0.000185 | Val Loss=1.752903
Epoch 47/50 | Train Loss=0.000179 | Val Loss=1.750965
Epoch 48/50 | Train Loss=0.000180 | Val Loss=1.750674
Epoch 49/50 | Train Loss=0.000178 | Val Loss=1.750939
Epoch 50/50 | Train Loss=0.000179 | Val Loss=1.751211
[Tuning-LSTM_AE] Threshold (p95)=0.042291
Epoch 1/50 | Train Loss=0.001583 | Val Loss=2.910564
Epoch 2/50 | Train Loss=0.001246 | Val Loss=2.839179
Epoch 3/50 | Train Loss=0.000860 | Val Loss=2.769691
Epoch 4/50 | Train Loss=0.000576 | Val Loss=2.718764
Epoch 5/50 | Train Loss=0.000449 | Val Loss=2.692681
Epoch 6/50 | Train Loss=0.000395 | Val Loss=2.668159
Epoch 7/50 | Train Loss=0.000335 | Val Loss=2.643867
Epoch 8/50 | Train Loss=0.000278 | Val Loss=2.623890
Epoch 9/50 | Train Loss=0.000260 | Val Loss=2.609512
Epoch 10/50 | Train Loss=0.000225 | Val Loss=2.596707
Epoch 11/50 | Train Loss=0.000218 | Val Loss=2.588674
Epoch 12/50 | Train Loss=0.000208 | Val Loss=2.580259
Epoch 13/50 | Train Loss=0.000201 | Val Loss=2.573353
Epoch 14/50 | Train Loss=0.000182 | Val Loss=2.567891
Epoch 15/50 | Train Loss=0.000177 | Val Loss=2.566053
Epoch 16/50 | Train Loss=0.000176 | Val Loss=2.562611
Epoch 17/50 | Train Loss=0.000175 | Val Loss=2.556517
Epoch 18/50 | Train Loss=0.000168 | Val Loss=2.552300
Epoch 19/50 | Train Loss=0.000162 | Val Loss=2.552834
Epoch 20/50 | Train Loss=0.000159 | Val Loss=2.550833
Epoch 21/50 | Train Loss=0.000152 | Val Loss=2.550336
Epoch 22/50 | Train Loss=0.000159 | Val Loss=2.546694
Epoch 23/50 | Train Loss=0.000147 | Val Loss=2.544107
Epoch 24/50 | Train Loss=0.000149 | Val Loss=2.542369
Epoch 25/50 | Train Loss=0.000146 | Val Loss=2.541287
Epoch 26/50 | Train Loss=0.000138 | Val Loss=2.538721
Epoch 27/50 | Train Loss=0.000134 | Val Loss=2.538500
Epoch 28/50 | Train Loss=0.000135 | Val Loss=2.538260
Epoch 29/50 | Train Loss=0.000145 | Val Loss=2.538815
Epoch 30/50 | Train Loss=0.000127 | Val Loss=2.537699
Epoch 31/50 | Train Loss=0.000133 | Val Loss=2.537399
Epoch 32/50 | Train Loss=0.000127 | Val Loss=2.535571
Epoch 33/50 | Train Loss=0.000129 | Val Loss=2.533596
Epoch 34/50 | Train Loss=0.000126 | Val Loss=2.532935
Epoch 35/50 | Train Loss=0.000126 | Val Loss=2.533525
Epoch 36/50 | Train Loss=0.000124 | Val Loss=2.531231
Epoch 37/50 | Train Loss=0.000123 | Val Loss=2.533850
Epoch 38/50 | Train Loss=0.000117 | Val Loss=2.541803
Epoch 39/50 | Train Loss=0.000122 | Val Loss=2.538671
Epoch 40/50 | Train Loss=0.000117 | Val Loss=2.538668
Epoch 41/50 | Train Loss=0.000117 | Val Loss=2.539975
‚èπ Early stopping at epoch 41
[Tuning-LSTM_AE] Threshold (p95)=0.031609
Epoch 1/50 | Train Loss=0.001080 | Val Loss=2.312792
Epoch 2/50 | Train Loss=0.000623 | Val Loss=2.243109
Epoch 3/50 | Train Loss=0.000381 | Val Loss=2.184029
Epoch 4/50 | Train Loss=0.000254 | Val Loss=2.147185
Epoch 5/50 | Train Loss=0.000218 | Val Loss=2.126446
Epoch 6/50 | Train Loss=0.000194 | Val Loss=2.107941
Epoch 7/50 | Train Loss=0.000184 | Val Loss=2.099807
Epoch 8/50 | Train Loss=0.000175 | Val Loss=2.093851
Epoch 9/50 | Train Loss=0.000168 | Val Loss=2.092051
Epoch 10/50 | Train Loss=0.000165 | Val Loss=2.091356
Epoch 11/50 | Train Loss=0.000160 | Val Loss=2.091540
Epoch 12/50 | Train Loss=0.000159 | Val Loss=2.093223
Epoch 13/50 | Train Loss=0.000156 | Val Loss=2.090080
Epoch 14/50 | Train Loss=0.000152 | Val Loss=2.089828
Epoch 15/50 | Train Loss=0.000149 | Val Loss=2.090284
Epoch 16/50 | Train Loss=0.000144 | Val Loss=2.089710
Epoch 17/50 | Train Loss=0.000141 | Val Loss=2.090949
Epoch 18/50 | Train Loss=0.000140 | Val Loss=2.091681
Epoch 19/50 | Train Loss=0.000134 | Val Loss=2.091620
Epoch 20/50 | Train Loss=0.000134 | Val Loss=2.090446
Epoch 21/50 | Train Loss=0.000127 | Val Loss=2.091141
‚èπ Early stopping at epoch 21
[Tuning-LSTM_AE] Threshold (p95)=0.022936
üîé Best hyperparameters for LSTM_AE: {'window_size': 120, 'batch_size': 64, 'lr': 0.0036708896393665316, 'hidden_size': 64, 'dropout': 0.387092404303372}
Best validation loss: 1.7088907957077026

üîé Running hyperparameter search for Transformer on coin_coin_BinanceCoin...
Epoch 1/50 | Train Loss=0.001504 | Val Loss=2.176029
Epoch 2/50 | Train Loss=0.000325 | Val Loss=2.053387
Epoch 3/50 | Train Loss=0.000190 | Val Loss=2.025039
Epoch 4/50 | Train Loss=0.000109 | Val Loss=2.002283
Epoch 5/50 | Train Loss=0.000051 | Val Loss=2.017339
Epoch 6/50 | Train Loss=0.000029 | Val Loss=2.029753
Epoch 7/50 | Train Loss=0.000016 | Val Loss=2.030550
Epoch 8/50 | Train Loss=0.000011 | Val Loss=2.029634
Epoch 9/50 | Train Loss=0.000008 | Val Loss=2.027668
‚èπ Early stopping at epoch 9
[Tuning-Transformer] Threshold (p95)=0.002235
Epoch 1/50 | Train Loss=0.001829 | Val Loss=2.037298
Epoch 2/50 | Train Loss=0.000306 | Val Loss=1.987704
Epoch 3/50 | Train Loss=0.000125 | Val Loss=2.023980
Epoch 4/50 | Train Loss=0.000062 | Val Loss=2.046874
Epoch 5/50 | Train Loss=0.000043 | Val Loss=2.045198
Epoch 6/50 | Train Loss=0.000031 | Val Loss=2.037434
Epoch 7/50 | Train Loss=0.000023 | Val Loss=2.037268
‚èπ Early stopping at epoch 7
[Tuning-Transformer] Threshold (p95)=0.001353
Epoch 1/50 | Train Loss=0.001684 | Val Loss=1.618043
Epoch 2/50 | Train Loss=0.000269 | Val Loss=1.600014
Epoch 3/50 | Train Loss=0.000084 | Val Loss=1.592506
Epoch 4/50 | Train Loss=0.000032 | Val Loss=1.601604
[I 2025-09-16 23:36:56,273] Trial 2 finished with value: 1.5925061702728271 and parameters: {'window_size': 120, 'batch_size': 64, 'lr': 0.0009723208514623315, 'd_model': 128, 'n_heads': 2, 'num_layers': 1, 'dropout': 0.3251091082774358}. Best is trial 2 with value: 1.5925061702728271.
[I 2025-09-16 23:36:58,561] Trial 3 finished with value: 1.6161155700683594 and parameters: {'window_size': 120, 'batch_size': 32, 'lr': 0.001309990114297168, 'd_model': 64, 'n_heads': 2, 'num_layers': 2, 'dropout': 0.15392110533520686}. Best is trial 2 with value: 1.5925061702728271.
[I 2025-09-16 23:36:59,687] Trial 4 finished with value: 1.9582812786102295 and parameters: {'window_size': 90, 'batch_size': 128, 'lr': 0.000587754884899431, 'd_model': 128, 'n_heads': 2, 'num_layers': 1, 'dropout': 0.14562644750873582}. Best is trial 2 with value: 1.5925061702728271.
[I 2025-09-16 23:37:04,438] Trial 5 finished with value: 1.596351981163025 and parameters: {'window_size': 120, 'batch_size': 128, 'lr': 0.00010886657671312476, 'd_model': 64, 'n_heads': 2, 'num_layers': 2, 'dropout': 0.23966938058220758}. Best is trial 2 with value: 1.5925061702728271.
[I 2025-09-16 23:37:06,891] Trial 6 finished with value: 1.6881617307662964 and parameters: {'window_size': 120, 'batch_size': 64, 'lr': 0.009827498479113616, 'd_model': 32, 'n_heads': 2, 'num_layers': 3, 'dropout': 0.3472250723764817}. Best is trial 2 with value: 1.5925061702728271.
[I 2025-09-16 23:37:09,295] Trial 7 finished with value: 2.0273020267486572 and parameters: {'window_size': 90, 'batch_size': 64, 'lr': 0.0012927261520801361, 'd_model': 32, 'n_heads': 8, 'num_layers': 3, 'dropout': 0.10719758587799527}. Best is trial 2 with value: 1.5925061702728271.
[I 2025-09-16 23:37:11,270] Trial 8 finished with value: 2.532529592514038 and parameters: {'window_size': 60, 'batch_size': 64, 'lr': 0.009851767173168291, 'd_model': 64, 'n_heads': 8, 'num_layers': 3, 'dropout': 0.23356762403278486}. Best is trial 2 with value: 1.5925061702728271.
