[I 2025-09-16 23:48:13,350] Trial 4 finished with value: 0.0005864692502655089 and parameters: {'window_size': 60, 'batch_size': 32, 'lr': 0.003977866624814921, 'd_model': 32, 'n_heads': 2, 'num_layers': 1, 'dropout': 0.21976160322686789}. Best is trial 2 with value: 0.0002290026459377259.
Epoch 26/50 | Train Loss=0.000099 | Val Loss=0.008339
Epoch 27/50 | Train Loss=0.000098 | Val Loss=0.008212
Epoch 28/50 | Train Loss=0.000095 | Val Loss=0.008200
Epoch 29/50 | Train Loss=0.000099 | Val Loss=0.008198
Epoch 30/50 | Train Loss=0.000096 | Val Loss=0.008175
Epoch 31/50 | Train Loss=0.000096 | Val Loss=0.008163
Epoch 32/50 | Train Loss=0.000096 | Val Loss=0.008150
Epoch 33/50 | Train Loss=0.000097 | Val Loss=0.008108
Epoch 34/50 | Train Loss=0.000099 | Val Loss=0.008070
Epoch 35/50 | Train Loss=0.000094 | Val Loss=0.008170
Epoch 36/50 | Train Loss=0.000092 | Val Loss=0.008106
Epoch 37/50 | Train Loss=0.000092 | Val Loss=0.007959
Epoch 38/50 | Train Loss=0.000092 | Val Loss=0.007934
Epoch 39/50 | Train Loss=0.000094 | Val Loss=0.007962
Epoch 40/50 | Train Loss=0.000092 | Val Loss=0.007925
Epoch 41/50 | Train Loss=0.000092 | Val Loss=0.007800
Epoch 42/50 | Train Loss=0.000090 | Val Loss=0.007797
Epoch 43/50 | Train Loss=0.000092 | Val Loss=0.007817
Epoch 44/50 | Train Loss=0.000090 | Val Loss=0.007746
Epoch 45/50 | Train Loss=0.000093 | Val Loss=0.007604
Epoch 46/50 | Train Loss=0.000092 | Val Loss=0.007651
Epoch 47/50 | Train Loss=0.000090 | Val Loss=0.007706
Epoch 48/50 | Train Loss=0.000091 | Val Loss=0.007644
Epoch 49/50 | Train Loss=0.000089 | Val Loss=0.007549
Epoch 50/50 | Train Loss=0.000089 | Val Loss=0.007589
[Tuning-LSTM_AE] Threshold (p95)=0.054173
Epoch 1/50 | Train Loss=0.000270 | Val Loss=0.012577
Epoch 2/50 | Train Loss=0.000127 | Val Loss=0.009663
Epoch 3/50 | Train Loss=0.000104 | Val Loss=0.009899
Epoch 4/50 | Train Loss=0.000097 | Val Loss=0.009556
Epoch 5/50 | Train Loss=0.000094 | Val Loss=0.009280
Epoch 6/50 | Train Loss=0.000090 | Val Loss=0.009266
Epoch 7/50 | Train Loss=0.000083 | Val Loss=0.008202
Epoch 8/50 | Train Loss=0.000076 | Val Loss=0.008247
Epoch 9/50 | Train Loss=0.000074 | Val Loss=0.007453
Epoch 10/50 | Train Loss=0.000070 | Val Loss=0.007848
Epoch 11/50 | Train Loss=0.000067 | Val Loss=0.007859
Epoch 12/50 | Train Loss=0.000066 | Val Loss=0.007817
Epoch 13/50 | Train Loss=0.000066 | Val Loss=0.008011
Epoch 14/50 | Train Loss=0.000066 | Val Loss=0.007813
‚èπ Early stopping at epoch 14
[Tuning-LSTM_AE] Threshold (p95)=0.044528
Epoch 1/50 | Train Loss=0.000381 | Val Loss=0.008848
Epoch 2/50 | Train Loss=0.000257 | Val Loss=0.008317
Epoch 3/50 | Train Loss=0.000245 | Val Loss=0.008828
Epoch 4/50 | Train Loss=0.000246 | Val Loss=0.008494
Epoch 5/50 | Train Loss=0.000254 | Val Loss=0.008011
Epoch 6/50 | Train Loss=0.000246 | Val Loss=0.008190
Epoch 7/50 | Train Loss=0.000240 | Val Loss=0.008529
Epoch 8/50 | Train Loss=0.000250 | Val Loss=0.008157
Epoch 9/50 | Train Loss=0.000247 | Val Loss=0.008019
Epoch 10/50 | Train Loss=0.000238 | Val Loss=0.008011
‚èπ Early stopping at epoch 10
[Tuning-LSTM_AE] Threshold (p95)=0.044577
üîé Best hyperparameters for LSTM_AE: {'window_size': 120, 'batch_size': 128, 'lr': 0.001751739492952904, 'hidden_size': 128, 'dropout': 0.2351196049973741}
Best validation loss: 0.006368737202137709

üîé Running hyperparameter search for Transformer on coin_coin_EOS...
Epoch 1/50 | Train Loss=0.000720 | Val Loss=0.002478
Epoch 2/50 | Train Loss=0.000166 | Val Loss=0.001086
Epoch 3/50 | Train Loss=0.000112 | Val Loss=0.000821
Epoch 4/50 | Train Loss=0.000080 | Val Loss=0.000697
Epoch 5/50 | Train Loss=0.000061 | Val Loss=0.000664
Epoch 6/50 | Train Loss=0.000050 | Val Loss=0.000673
Epoch 7/50 | Train Loss=0.000043 | Val Loss=0.000692
Epoch 8/50 | Train Loss=0.000037 | Val Loss=0.000701
Epoch 9/50 | Train Loss=0.000032 | Val Loss=0.000733
Epoch 10/50 | Train Loss=0.000029 | Val Loss=0.000735
‚èπ Early stopping at epoch 10
[Tuning-Transformer] Threshold (p95)=0.001345
Epoch 1/50 | Train Loss=0.001174 | Val Loss=0.010441
Epoch 2/50 | Train Loss=0.000270 | Val Loss=0.002424
Epoch 3/50 | Train Loss=0.000187 | Val Loss=0.001424
Epoch 4/50 | Train Loss=0.000144 | Val Loss=0.001183
Epoch 5/50 | Train Loss=0.000115 | Val Loss=0.001142
Epoch 6/50 | Train Loss=0.000095 | Val Loss=0.001123
Epoch 7/50 | Train Loss=0.000079 | Val Loss=0.001140
Epoch 8/50 | Train Loss=0.000067 | Val Loss=0.001186
Epoch 9/50 | Train Loss=0.000058 | Val Loss=0.001186
Epoch 10/50 | Train Loss=0.000051 | Val Loss=0.001163
Epoch 11/50 | Train Loss=0.000045 | Val Loss=0.001188
‚èπ Early stopping at epoch 11
[Tuning-Transformer] Threshold (p95)=0.001432
Epoch 1/50 | Train Loss=0.002282 | Val Loss=0.005735
Epoch 2/50 | Train Loss=0.000093 | Val Loss=0.001058
Epoch 3/50 | Train Loss=0.000017 | Val Loss=0.000631
Epoch 4/50 | Train Loss=0.000009 | Val Loss=0.000412
Epoch 5/50 | Train Loss=0.000005 | Val Loss=0.000272
Epoch 6/50 | Train Loss=0.000004 | Val Loss=0.000229
Epoch 7/50 | Train Loss=0.000003 | Val Loss=0.000294
Epoch 8/50 | Train Loss=0.000004 | Val Loss=0.000293
Epoch 9/50 | Train Loss=0.000003 | Val Loss=0.000387
Epoch 10/50 | Train Loss=0.000004 | Val Loss=0.000519
Epoch 11/50 | Train Loss=0.000005 | Val Loss=0.000666
‚èπ Early stopping at epoch 11
[Tuning-Transformer] Threshold (p95)=0.001375
Epoch 1/50 | Train Loss=0.001397 | Val Loss=0.018471
Epoch 2/50 | Train Loss=0.000511 | Val Loss=0.005078
Epoch 3/50 | Train Loss=0.000388 | Val Loss=0.004534
Epoch 4/50 | Train Loss=0.000311 | Val Loss=0.003207
Epoch 5/50 | Train Loss=0.000254 | Val Loss=0.002767
Epoch 6/50 | Train Loss=0.000210 | Val Loss=0.002374
Epoch 7/50 | Train Loss=0.000175 | Val Loss=0.002257
Epoch 8/50 | Train Loss=0.000150 | Val Loss=0.002065
Epoch 9/50 | Train Loss=0.000129 | Val Loss=0.002029
Epoch 10/50 | Train Loss=0.000113 | Val Loss=0.001976
Epoch 11/50 | Train Loss=0.000101 | Val Loss=0.001933
Epoch 12/50 | Train Loss=0.000092 | Val Loss=0.001861
Epoch 13/50 | Train Loss=0.000085 | Val Loss=0.001951
Epoch 14/50 | Train Loss=0.000079 | Val Loss=0.001906
Epoch 15/50 | Train Loss=0.000074 | Val Loss=0.001891
Epoch 16/50 | Train Loss=0.000068 | Val Loss=0.001819
Epoch 17/50 | Train Loss=0.000064 | Val Loss=0.001809
Epoch 18/50 | Train Loss=0.000060 | Val Loss=0.001791
Epoch 19/50 | Train Loss=0.000057 | Val Loss=0.001829
Epoch 20/50 | Train Loss=0.000054 | Val Loss=0.001791
Epoch 21/50 | Train Loss=0.000051 | Val Loss=0.001778
Epoch 22/50 | Train Loss=0.000048 | Val Loss=0.001776
Epoch 23/50 | Train Loss=0.000046 | Val Loss=0.001771
Epoch 24/50 | Train Loss=0.000044 | Val Loss=0.001763
Epoch 25/50 | Train Loss=0.000042 | Val Loss=0.001754
Epoch 26/50 | Train Loss=0.000040 | Val Loss=0.001758
Epoch 27/50 | Train Loss=0.000038 | Val Loss=0.001768
Epoch 28/50 | Train Loss=0.000037 | Val Loss=0.001783
Epoch 29/50 | Train Loss=0.000035 | Val Loss=0.001779
Epoch 30/50 | Train Loss=0.000033 | Val Loss=0.001779
‚èπ Early stopping at epoch 30
[Tuning-Transformer] Threshold (p95)=0.004373
Epoch 1/50 | Train Loss=0.001078 | Val Loss=0.003696
Epoch 2/50 | Train Loss=0.000090 | Val Loss=0.001647
Epoch 3/50 | Train Loss=0.000032 | Val Loss=0.001063
Epoch 4/50 | Train Loss=0.000020 | Val Loss=0.000708
Epoch 5/50 | Train Loss=0.000012 | Val Loss=0.000586
Epoch 6/50 | Train Loss=0.000008 | Val Loss=0.000639
Epoch 7/50 | Train Loss=0.000007 | Val Loss=0.000765
Epoch 8/50 | Train Loss=0.000005 | Val Loss=0.000974
Epoch 9/50 | Train Loss=0.000004 | Val Loss=0.001165
Epoch 10/50 | Train Loss=0.000005 | Val Loss=0.001377
‚èπ Early stopping at epoch 10
[Tuning-Transformer] Threshold (p95)=0.001374
Epoch 1/50 | Train Loss=0.001348 | Val Loss=0.003154
Epoch 2/50 | Train Loss=0.000145 | Val Loss=0.001469
Epoch 3/50 | Train Loss=0.000052 | Val Loss=0.001504
Epoch 4/50 | Train Loss=0.000030 | Val Loss=0.001083
Epoch 5/50 | Train Loss=0.000019 | Val Loss=0.000840
Epoch 6/50 | Train Loss=0.000015 | Val Loss=0.000645
Epoch 7/50 | Train Loss=0.000012 | Val Loss=0.000477
Epoch 8/50 | Train Loss=0.000010 | Val Loss=0.000393
Epoch 9/50 | Train Loss=0.000008 | Val Loss=0.000308
Epoch 10/50 | Train Loss=0.000007 | Val Loss=0.000247
Epoch 11/50 | Train Loss=0.000006 | Val Loss=0.000195
Epoch 12/50 | Train Loss=0.000005 | Val Loss=0.000184
Epoch 13/50 | Train Loss=0.000005 | Val Loss=0.000175
Epoch 14/50 | Train Loss=0.000004 | Val Loss=0.000188
Epoch 15/50 | Train Loss=0.000004 | Val Loss=0.000224
Epoch 16/50 | Train Loss=0.000004 | Val Loss=0.000262
[I 2025-09-16 23:48:16,110] Trial 5 finished with value: 0.00017471912724431604 and parameters: {'window_size': 60, 'batch_size': 32, 'lr': 0.001511501976602012, 'd_model': 64, 'n_heads': 2, 'num_layers': 1, 'dropout': 0.38095188375368916}. Best is trial 5 with value: 0.00017471912724431604.
[I 2025-09-16 23:48:20,372] Trial 6 finished with value: 0.0009675186011008918 and parameters: {'window_size': 60, 'batch_size': 32, 'lr': 0.00014128981989890784, 'd_model': 32, 'n_heads': 2, 'num_layers': 2, 'dropout': 0.25050245319775377}. Best is trial 5 with value: 0.00017471912724431604.
[I 2025-09-16 23:48:29,451] Trial 7 finished with value: 0.0011647952487692237 and parameters: {'window_size': 90, 'batch_size': 128, 'lr': 0.007050891973408222, 'd_model': 128, 'n_heads': 8, 'num_layers': 3, 'dropout': 0.22170617476802124}. Best is trial 5 with value: 0.00017471912724431604.
[I 2025-09-16 23:48:34,556] Trial 8 finished with value: 0.00027593845152296126 and parameters: {'window_size': 90, 'batch_size': 32, 'lr': 0.001966007615935228, 'd_model': 32, 'n_heads': 4, 'num_layers': 2, 'dropout': 0.12101939819908236}. Best is trial 5 with value: 0.00017471912724431604.
[I 2025-09-16 23:48:38,794] Trial 9 finished with value: 0.0008906131261028349 and parameters: {'window_size': 90, 'batch_size': 128, 'lr': 0.008980185902920794, 'd_model': 32, 'n_heads': 8, 'num_layers': 2, 'dropout': 0.1870529115908134}. Best is trial 5 with value: 0.00017471912724431604.
Epoch 17/50 | Train Loss=0.000004 | Val Loss=0.000326
Epoch 18/50 | Train Loss=0.000004 | Val Loss=0.000419
‚èπ Early stopping at epoch 18
[Tuning-Transformer] Threshold (p95)=0.000586
Epoch 1/50 | Train Loss=0.001031 | Val Loss=0.004705
Epoch 2/50 | Train Loss=0.000344 | Val Loss=0.002227
Epoch 3/50 | Train Loss=0.000251 | Val Loss=0.001554
Epoch 4/50 | Train Loss=0.000198 | Val Loss=0.001363
Epoch 5/50 | Train Loss=0.000164 | Val Loss=0.001216
Epoch 6/50 | Train Loss=0.000139 | Val Loss=0.001126
Epoch 7/50 | Train Loss=0.000122 | Val Loss=0.001078
Epoch 8/50 | Train Loss=0.000108 | Val Loss=0.001024
Epoch 9/50 | Train Loss=0.000098 | Val Loss=0.001027
Epoch 10/50 | Train Loss=0.000088 | Val Loss=0.001001
Epoch 11/50 | Train Loss=0.000080 | Val Loss=0.000974
Epoch 12/50 | Train Loss=0.000074 | Val Loss=0.000969
Epoch 13/50 | Train Loss=0.000068 | Val Loss=0.000968
Epoch 14/50 | Train Loss=0.000063 | Val Loss=0.000974
Epoch 15/50 | Train Loss=0.000059 | Val Loss=0.000995
Epoch 16/50 | Train Loss=0.000055 | Val Loss=0.000986
Epoch 17/50 | Train Loss=0.000052 | Val Loss=0.001004
Epoch 18/50 | Train Loss=0.000049 | Val Loss=0.001004
‚èπ Early stopping at epoch 18
[Tuning-Transformer] Threshold (p95)=0.002020
Epoch 1/50 | Train Loss=0.002560 | Val Loss=0.035636
Epoch 2/50 | Train Loss=0.000374 | Val Loss=0.020973
Epoch 3/50 | Train Loss=0.000253 | Val Loss=0.017685
Epoch 4/50 | Train Loss=0.000182 | Val Loss=0.014645
Epoch 5/50 | Train Loss=0.000135 | Val Loss=0.011971
Epoch 6/50 | Train Loss=0.000152 | Val Loss=0.010970
Epoch 7/50 | Train Loss=0.000133 | Val Loss=0.009731
Epoch 8/50 | Train Loss=0.000107 | Val Loss=0.007833
Epoch 9/50 | Train Loss=0.000143 | Val Loss=0.009640
Epoch 10/50 | Train Loss=0.000063 | Val Loss=0.006653
Epoch 11/50 | Train Loss=0.000027 | Val Loss=0.004150
Epoch 12/50 | Train Loss=0.000018 | Val Loss=0.002735
Epoch 13/50 | Train Loss=0.000013 | Val Loss=0.001475
Epoch 14/50 | Train Loss=0.000009 | Val Loss=0.001556
Epoch 15/50 | Train Loss=0.000008 | Val Loss=0.001290
Epoch 16/50 | Train Loss=0.000006 | Val Loss=0.001433
Epoch 17/50 | Train Loss=0.000007 | Val Loss=0.001775
Epoch 18/50 | Train Loss=0.000008 | Val Loss=0.002208
Epoch 19/50 | Train Loss=0.000007 | Val Loss=0.001222
Epoch 20/50 | Train Loss=0.000005 | Val Loss=0.001174
Epoch 21/50 | Train Loss=0.000004 | Val Loss=0.001165
Epoch 22/50 | Train Loss=0.000004 | Val Loss=0.001619
Epoch 23/50 | Train Loss=0.000006 | Val Loss=0.001342
Epoch 24/50 | Train Loss=0.000005 | Val Loss=0.001400
Epoch 25/50 | Train Loss=0.000004 | Val Loss=0.001588
Epoch 26/50 | Train Loss=0.000005 | Val Loss=0.001169
‚èπ Early stopping at epoch 26
[Tuning-Transformer] Threshold (p95)=0.001872
Epoch 1/50 | Train Loss=0.001382 | Val Loss=0.006906
Epoch 2/50 | Train Loss=0.000262 | Val Loss=0.002126
Epoch 3/50 | Train Loss=0.000082 | Val Loss=0.001131
Epoch 4/50 | Train Loss=0.000038 | Val Loss=0.001070
Epoch 5/50 | Train Loss=0.000025 | Val Loss=0.000934
Epoch 6/50 | Train Loss=0.000018 | Val Loss=0.000729
Epoch 7/50 | Train Loss=0.000013 | Val Loss=0.000539
Epoch 8/50 | Train Loss=0.000010 | Val Loss=0.000439
Epoch 9/50 | Train Loss=0.000008 | Val Loss=0.000356
Epoch 10/50 | Train Loss=0.000006 | Val Loss=0.000312
Epoch 11/50 | Train Loss=0.000005 | Val Loss=0.000286
Epoch 12/50 | Train Loss=0.000004 | Val Loss=0.000276
Epoch 13/50 | Train Loss=0.000004 | Val Loss=0.000293
Epoch 14/50 | Train Loss=0.000004 | Val Loss=0.000318
Epoch 15/50 | Train Loss=0.000003 | Val Loss=0.000365
Epoch 16/50 | Train Loss=0.000003 | Val Loss=0.000408
Epoch 17/50 | Train Loss=0.000004 | Val Loss=0.000523
‚èπ Early stopping at epoch 17
[Tuning-Transformer] Threshold (p95)=0.001088
Epoch 1/50 | Train Loss=0.001541 | Val Loss=0.032479
Epoch 2/50 | Train Loss=0.000289 | Val Loss=0.012286
Epoch 3/50 | Train Loss=0.000204 | Val Loss=0.012754
Epoch 4/50 | Train Loss=0.000151 | Val Loss=0.010910
Epoch 5/50 | Train Loss=0.000122 | Val Loss=0.010359
Epoch 6/50 | Train Loss=0.000087 | Val Loss=0.012039
Epoch 7/50 | Train Loss=0.000052 | Val Loss=0.005911
Epoch 8/50 | Train Loss=0.000026 | Val Loss=0.004086
Epoch 9/50 | Train Loss=0.000019 | Val Loss=0.002818
Epoch 10/50 | Train Loss=0.000015 | Val Loss=0.002250
Epoch 11/50 | Train Loss=0.000012 | Val Loss=0.001324
Epoch 12/50 | Train Loss=0.000010 | Val Loss=0.001056
Epoch 13/50 | Train Loss=0.000009 | Val Loss=0.000991
Epoch 14/50 | Train Loss=0.000008 | Val Loss=0.000972
Epoch 15/50 | Train Loss=0.000007 | Val Loss=0.000926
Epoch 16/50 | Train Loss=0.000006 | Val Loss=0.000900
Epoch 17/50 | Train Loss=0.000005 | Val Loss=0.000891
Epoch 18/50 | Train Loss=0.000004 | Val Loss=0.000951
Epoch 19/50 | Train Loss=0.000005 | Val Loss=0.001320
Epoch 20/50 | Train Loss=0.000004 | Val Loss=0.001072
Epoch 21/50 | Train Loss=0.000003 | Val Loss=0.001107
Epoch 22/50 | Train Loss=0.000003 | Val Loss=0.001270
‚èπ Early stopping at epoch 22
[Tuning-Transformer] Threshold (p95)=0.001837
üîé Best hyperparameters for Transformer: {'window_size': 60, 'batch_size': 32, 'lr': 0.001511501976602012, 'd_model': 64, 'n_heads': 2, 'num_layers': 1, 'dropout': 0.38095188375368916}
Best validation loss: 0.00017471912724431604
‚úÖ Best LSTM params: {'window_size': 120, 'batch_size': 128, 'lr': 0.001751739492952904, 'hidden_size': 128, 'dropout': 0.2351196049973741}
‚úÖ Best Transformer params: {'window_size': 60, 'batch_size': 32, 'lr': 0.001511501976602012, 'd_model': 64, 'n_heads': 2, 'num_layers': 1, 'dropout': 0.38095188375368916}

>>> Training LSTM_AE for coin_coin_EOS...
Epoch 1/100 | Train Loss=0.000285 | Val Loss=0.009859
Epoch 2/100 | Train Loss=0.000169 | Val Loss=0.007570
Epoch 3/100 | Train Loss=0.000152 | Val Loss=0.007199
Epoch 4/100 | Train Loss=0.000139 | Val Loss=0.006084
Epoch 5/100 | Train Loss=0.000132 | Val Loss=0.006331
Epoch 6/100 | Train Loss=0.000124 | Val Loss=0.006176
Epoch 7/100 | Train Loss=0.000119 | Val Loss=0.006107
Epoch 8/100 | Train Loss=0.000112 | Val Loss=0.006107
Epoch 9/100 | Train Loss=0.000108 | Val Loss=0.006405
Epoch 10/100 | Train Loss=0.000106 | Val Loss=0.006416
Epoch 11/100 | Train Loss=0.000156 | Val Loss=0.009349
‚èπ Early stopping at epoch 11
[coin_coin_EOS (LSTM_AE)] Threshold (p95)=0.050221
üìä Saved error distribution to /data/m24csa029/MTP/cyptocurrency/results/coin_coin_EOS_LSTM_AE_anomalies_errors.png
coin_coin_EOS [LSTM_AE]: 0 anomalies detected

>>> Training Transformer for coin_coin_EOS...
Epoch 1/100 | Train Loss=0.000969 | Val Loss=0.012759
Epoch 2/100 | Train Loss=0.000258 | Val Loss=0.002472
Epoch 3/100 | Train Loss=0.000094 | Val Loss=0.001272
Epoch 4/100 | Train Loss=0.000044 | Val Loss=0.000804
Epoch 5/100 | Train Loss=0.000028 | Val Loss=0.000760
Epoch 6/100 | Train Loss=0.000021 | Val Loss=0.000733
Epoch 7/100 | Train Loss=0.000016 | Val Loss=0.000697
Epoch 8/100 | Train Loss=0.000013 | Val Loss=0.000723
Epoch 9/100 | Train Loss=0.000010 | Val Loss=0.000680
Epoch 10/100 | Train Loss=0.000009 | Val Loss=0.000679
Epoch 11/100 | Train Loss=0.000008 | Val Loss=0.000685
Epoch 12/100 | Train Loss=0.000007 | Val Loss=0.000696
Epoch 13/100 | Train Loss=0.000006 | Val Loss=0.000689
Epoch 14/100 | Train Loss=0.000005 | Val Loss=0.000687
Epoch 15/100 | Train Loss=0.000005 | Val Loss=0.000667
Epoch 16/100 | Train Loss=0.000004 | Val Loss=0.000659
Epoch 17/100 | Train Loss=0.000004 | Val Loss=0.000666
Epoch 18/100 | Train Loss=0.000004 | Val Loss=0.000649
Epoch 19/100 | Train Loss=0.000004 | Val Loss=0.000642
Epoch 20/100 | Train Loss=0.000004 | Val Loss=0.000644
Epoch 21/100 | Train Loss=0.000003 | Val Loss=0.000630
Epoch 22/100 | Train Loss=0.000003 | Val Loss=0.000626
Epoch 23/100 | Train Loss=0.000003 | Val Loss=0.000622
Epoch 24/100 | Train Loss=0.000003 | Val Loss=0.000622
Epoch 25/100 | Train Loss=0.000003 | Val Loss=0.000621
Epoch 26/100 | Train Loss=0.000003 | Val Loss=0.000602
Epoch 27/100 | Train Loss=0.000002 | Val Loss=0.000594
Epoch 28/100 | Train Loss=0.000002 | Val Loss=0.000591
Epoch 29/100 | Train Loss=0.000002 | Val Loss=0.000580
Epoch 30/100 | Train Loss=0.000002 | Val Loss=0.000575
Epoch 31/100 | Train Loss=0.000002 | Val Loss=0.000567
Epoch 32/100 | Train Loss=0.000002 | Val Loss=0.000562
[I 2025-09-16 23:48:50,582] A new study created in memory with name: no-name-9809249c-b16b-4494-ad8b-239f03ee9b10
[I 2025-09-16 23:48:54,476] Trial 0 finished with value: 0.25773587822914124 and parameters: {'window_size': 60, 'batch_size': 64, 'lr': 0.0001523752833438937, 'hidden_size': 128, 'dropout': 0.2596089980222689}. Best is trial 0 with value: 0.25773587822914124.
