[I 2025-09-16 23:42:11,981] Trial 6 finished with value: 2.0637717247009277 and parameters: {'window_size': 90, 'batch_size': 64, 'lr': 0.001312031606505764, 'hidden_size': 128, 'dropout': 0.16209243600801482}. Best is trial 4 with value: 1.648996353149414.
üìä Saved error distribution to /data/m24csa029/MTP/cyptocurrency/results/coin_coin_Solana_LSTM_AE_anomalies_errors.png
coin_coin_Solana [LSTM_AE]: 91 anomalies detected

>>> Training Transformer for coin_coin_Solana...
Epoch 1/100 | Train Loss=0.002457 | Val Loss=0.314184
Epoch 2/100 | Train Loss=0.000613 | Val Loss=0.120038
Epoch 3/100 | Train Loss=0.000468 | Val Loss=0.092588
Epoch 4/100 | Train Loss=0.000389 | Val Loss=0.062197
Epoch 5/100 | Train Loss=0.000346 | Val Loss=0.056384
Epoch 6/100 | Train Loss=0.000290 | Val Loss=0.064354
Epoch 7/100 | Train Loss=0.000246 | Val Loss=0.069473
Epoch 8/100 | Train Loss=0.000212 | Val Loss=0.077199
Epoch 9/100 | Train Loss=0.000175 | Val Loss=0.082425
Epoch 10/100 | Train Loss=0.000139 | Val Loss=0.077524
Epoch 11/100 | Train Loss=0.000111 | Val Loss=0.078350
Epoch 12/100 | Train Loss=0.000088 | Val Loss=0.078351
‚èπ Early stopping at epoch 12
[coin_coin_Solana (Transformer)] Threshold (p95)=0.001565
üìä Saved error distribution to /data/m24csa029/MTP/cyptocurrency/results/coin_coin_Solana_Transformer_anomalies_errors.png
coin_coin_Solana [Transformer]: 91 anomalies detected

üöÄ Processing coin_coin_Dogecoin...

üîé Running hyperparameter search for LSTM_AE on coin_coin_Dogecoin...
Epoch 1/50 | Train Loss=0.000368 | Val Loss=1.694069
Epoch 2/50 | Train Loss=0.000187 | Val Loss=1.673133
Epoch 3/50 | Train Loss=0.000167 | Val Loss=1.659579
Epoch 4/50 | Train Loss=0.000141 | Val Loss=1.656422
Epoch 5/50 | Train Loss=0.000122 | Val Loss=1.661251
Epoch 6/50 | Train Loss=0.000118 | Val Loss=1.663089
Epoch 7/50 | Train Loss=0.000114 | Val Loss=1.666457
Epoch 8/50 | Train Loss=0.000112 | Val Loss=1.668293
Epoch 9/50 | Train Loss=0.000111 | Val Loss=1.666619
‚èπ Early stopping at epoch 9
[Tuning-LSTM_AE] Threshold (p95)=0.038685
Epoch 1/50 | Train Loss=0.000088 | Val Loss=1.676692
Epoch 2/50 | Train Loss=0.000041 | Val Loss=1.656975
Epoch 3/50 | Train Loss=0.000037 | Val Loss=1.654948
Epoch 4/50 | Train Loss=0.000036 | Val Loss=1.652461
Epoch 5/50 | Train Loss=0.000036 | Val Loss=1.652431
Epoch 6/50 | Train Loss=0.000032 | Val Loss=1.655896
Epoch 7/50 | Train Loss=0.000031 | Val Loss=1.660261
Epoch 8/50 | Train Loss=0.000031 | Val Loss=1.658905
Epoch 9/50 | Train Loss=0.000030 | Val Loss=1.658639
Epoch 10/50 | Train Loss=0.000029 | Val Loss=1.661595
‚èπ Early stopping at epoch 10
[Tuning-LSTM_AE] Threshold (p95)=0.040297
Epoch 1/50 | Train Loss=0.000608 | Val Loss=2.719805
Epoch 2/50 | Train Loss=0.000435 | Val Loss=2.707719
Epoch 3/50 | Train Loss=0.000311 | Val Loss=2.697944
Epoch 4/50 | Train Loss=0.000241 | Val Loss=2.688667
Epoch 5/50 | Train Loss=0.000210 | Val Loss=2.678589
Epoch 6/50 | Train Loss=0.000198 | Val Loss=2.670469
Epoch 7/50 | Train Loss=0.000189 | Val Loss=2.664498
Epoch 8/50 | Train Loss=0.000182 | Val Loss=2.660607
Epoch 9/50 | Train Loss=0.000173 | Val Loss=2.655917
Epoch 10/50 | Train Loss=0.000168 | Val Loss=2.651414
Epoch 11/50 | Train Loss=0.000162 | Val Loss=2.648299
Epoch 12/50 | Train Loss=0.000153 | Val Loss=2.645161
Epoch 13/50 | Train Loss=0.000148 | Val Loss=2.642532
Epoch 14/50 | Train Loss=0.000142 | Val Loss=2.640224
Epoch 15/50 | Train Loss=0.000135 | Val Loss=2.638350
Epoch 16/50 | Train Loss=0.000128 | Val Loss=2.637414
Epoch 17/50 | Train Loss=0.000126 | Val Loss=2.636916
Epoch 18/50 | Train Loss=0.000119 | Val Loss=2.635739
Epoch 19/50 | Train Loss=0.000115 | Val Loss=2.636730
Epoch 20/50 | Train Loss=0.000111 | Val Loss=2.637271
Epoch 21/50 | Train Loss=0.000111 | Val Loss=2.638494
Epoch 22/50 | Train Loss=0.000114 | Val Loss=2.639321
Epoch 23/50 | Train Loss=0.000108 | Val Loss=2.639857
‚èπ Early stopping at epoch 23
[Tuning-LSTM_AE] Threshold (p95)=0.013302
Epoch 1/50 | Train Loss=0.000423 | Val Loss=1.762877
Epoch 2/50 | Train Loss=0.000301 | Val Loss=1.748627
Epoch 3/50 | Train Loss=0.000217 | Val Loss=1.735691
Epoch 4/50 | Train Loss=0.000165 | Val Loss=1.727007
Epoch 5/50 | Train Loss=0.000144 | Val Loss=1.720933
Epoch 6/50 | Train Loss=0.000135 | Val Loss=1.713691
Epoch 7/50 | Train Loss=0.000126 | Val Loss=1.706101
Epoch 8/50 | Train Loss=0.000124 | Val Loss=1.698569
Epoch 9/50 | Train Loss=0.000117 | Val Loss=1.691679
Epoch 10/50 | Train Loss=0.000115 | Val Loss=1.687132
Epoch 11/50 | Train Loss=0.000110 | Val Loss=1.682541
Epoch 12/50 | Train Loss=0.000109 | Val Loss=1.679125
Epoch 13/50 | Train Loss=0.000105 | Val Loss=1.675674
Epoch 14/50 | Train Loss=0.000104 | Val Loss=1.673473
Epoch 15/50 | Train Loss=0.000103 | Val Loss=1.671469
Epoch 16/50 | Train Loss=0.000100 | Val Loss=1.669168
Epoch 17/50 | Train Loss=0.000097 | Val Loss=1.666366
Epoch 18/50 | Train Loss=0.000096 | Val Loss=1.664969
Epoch 19/50 | Train Loss=0.000094 | Val Loss=1.663853
Epoch 20/50 | Train Loss=0.000091 | Val Loss=1.662514
Epoch 21/50 | Train Loss=0.000090 | Val Loss=1.661141
Epoch 22/50 | Train Loss=0.000087 | Val Loss=1.659597
Epoch 23/50 | Train Loss=0.000086 | Val Loss=1.658457
Epoch 24/50 | Train Loss=0.000083 | Val Loss=1.657396
Epoch 25/50 | Train Loss=0.000082 | Val Loss=1.656814
Epoch 26/50 | Train Loss=0.000080 | Val Loss=1.657137
Epoch 27/50 | Train Loss=0.000078 | Val Loss=1.656306
Epoch 28/50 | Train Loss=0.000078 | Val Loss=1.656505
Epoch 29/50 | Train Loss=0.000075 | Val Loss=1.656478
Epoch 30/50 | Train Loss=0.000073 | Val Loss=1.656566
Epoch 31/50 | Train Loss=0.000074 | Val Loss=1.657483
Epoch 32/50 | Train Loss=0.000071 | Val Loss=1.657971
‚èπ Early stopping at epoch 32
[Tuning-LSTM_AE] Threshold (p95)=0.040739
Epoch 1/50 | Train Loss=0.000196 | Val Loss=1.650483
Epoch 2/50 | Train Loss=0.000141 | Val Loss=1.655092
Epoch 3/50 | Train Loss=0.000131 | Val Loss=1.659571
Epoch 4/50 | Train Loss=0.000133 | Val Loss=1.648996
Epoch 5/50 | Train Loss=0.000129 | Val Loss=1.655058
Epoch 6/50 | Train Loss=0.000129 | Val Loss=1.652076
Epoch 7/50 | Train Loss=0.000129 | Val Loss=1.654261
Epoch 8/50 | Train Loss=0.000125 | Val Loss=1.656941
Epoch 9/50 | Train Loss=0.000126 | Val Loss=1.660101
‚èπ Early stopping at epoch 9
[Tuning-LSTM_AE] Threshold (p95)=0.040922
Epoch 1/50 | Train Loss=0.000211 | Val Loss=1.663285
Epoch 2/50 | Train Loss=0.000127 | Val Loss=1.662812
Epoch 3/50 | Train Loss=0.000122 | Val Loss=1.662510
Epoch 4/50 | Train Loss=0.000120 | Val Loss=1.673784
Epoch 5/50 | Train Loss=0.000118 | Val Loss=1.662272
Epoch 6/50 | Train Loss=0.000119 | Val Loss=1.662308
Epoch 7/50 | Train Loss=0.000116 | Val Loss=1.663152
Epoch 8/50 | Train Loss=0.000116 | Val Loss=1.664292
Epoch 9/50 | Train Loss=0.000119 | Val Loss=1.662559
Epoch 10/50 | Train Loss=0.000118 | Val Loss=1.665921
‚èπ Early stopping at epoch 10
[Tuning-LSTM_AE] Threshold (p95)=0.039864
Epoch 1/50 | Train Loss=0.000092 | Val Loss=2.063772
Epoch 2/50 | Train Loss=0.000065 | Val Loss=2.068585
Epoch 3/50 | Train Loss=0.000063 | Val Loss=2.073740
Epoch 4/50 | Train Loss=0.000062 | Val Loss=2.076379
Epoch 5/50 | Train Loss=0.000062 | Val Loss=2.075404
Epoch 6/50 | Train Loss=0.000060 | Val Loss=2.073442
‚èπ Early stopping at epoch 6
[Tuning-LSTM_AE] Threshold (p95)=0.032431
Epoch 1/50 | Train Loss=0.000392 | Val Loss=2.135542
Epoch 2/50 | Train Loss=0.000292 | Val Loss=2.128100
Epoch 3/50 | Train Loss=0.000221 | Val Loss=2.122286
Epoch 4/50 | Train Loss=0.000170 | Val Loss=2.117787
Epoch 5/50 | Train Loss=0.000142 | Val Loss=2.115309
Epoch 6/50 | Train Loss=0.000129 | Val Loss=2.113539
Epoch 7/50 | Train Loss=0.000124 | Val Loss=2.112225
Epoch 8/50 | Train Loss=0.000119 | Val Loss=2.111133
Epoch 9/50 | Train Loss=0.000116 | Val Loss=2.110309
Epoch 10/50 | Train Loss=0.000115 | Val Loss=2.109735
Epoch 11/50 | Train Loss=0.000113 | Val Loss=2.108777
Epoch 12/50 | Train Loss=0.000115 | Val Loss=2.107941
Epoch 13/50 | Train Loss=0.000109 | Val Loss=2.106272
Epoch 14/50 | Train Loss=0.000110 | Val Loss=2.105462
Epoch 15/50 | Train Loss=0.000105 | Val Loss=2.104087
Epoch 16/50 | Train Loss=0.000103 | Val Loss=2.102920
Epoch 17/50 | Train Loss=0.000103 | Val Loss=2.102144
Epoch 18/50 | Train Loss=0.000102 | Val Loss=2.101171
Epoch 19/50 | Train Loss=0.000101 | Val Loss=2.099867
Epoch 20/50 | Train Loss=0.000100 | Val Loss=2.098983
Epoch 21/50 | Train Loss=0.000099 | Val Loss=2.097910
[I 2025-09-16 23:42:19,419] Trial 7 finished with value: 2.081136465072632 and parameters: {'window_size': 90, 'batch_size': 64, 'lr': 0.00017436746222791516, 'hidden_size': 32, 'dropout': 0.4131059297386477}. Best is trial 4 with value: 1.648996353149414.
[I 2025-09-16 23:42:20,360] Trial 8 finished with value: 1.663802146911621 and parameters: {'window_size': 120, 'batch_size': 64, 'lr': 0.009368773228761224, 'hidden_size': 32, 'dropout': 0.17268266178308483}. Best is trial 4 with value: 1.648996353149414.
[I 2025-09-16 23:42:27,933] Trial 9 finished with value: 2.0791163444519043 and parameters: {'window_size': 90, 'batch_size': 64, 'lr': 0.00010923117414039785, 'hidden_size': 32, 'dropout': 0.29104066590966027}. Best is trial 4 with value: 1.648996353149414.
[I 2025-09-16 23:42:27,934] A new study created in memory with name: no-name-e7e1a0c0-f3ac-4069-a592-1e62531c08b8
[I 2025-09-16 23:42:32,572] Trial 0 finished with value: 1.5449943542480469 and parameters: {'window_size': 120, 'batch_size': 64, 'lr': 0.0015771840620269885, 'd_model': 64, 'n_heads': 4, 'num_layers': 1, 'dropout': 0.2354648410160384}. Best is trial 0 with value: 1.5449943542480469.
Epoch 22/50 | Train Loss=0.000101 | Val Loss=2.096617
Epoch 23/50 | Train Loss=0.000097 | Val Loss=2.095584
Epoch 24/50 | Train Loss=0.000096 | Val Loss=2.094851
Epoch 25/50 | Train Loss=0.000097 | Val Loss=2.093742
Epoch 26/50 | Train Loss=0.000093 | Val Loss=2.092769
Epoch 27/50 | Train Loss=0.000094 | Val Loss=2.091853
Epoch 28/50 | Train Loss=0.000091 | Val Loss=2.090847
Epoch 29/50 | Train Loss=0.000090 | Val Loss=2.089977
Epoch 30/50 | Train Loss=0.000092 | Val Loss=2.089387
Epoch 31/50 | Train Loss=0.000090 | Val Loss=2.088781
Epoch 32/50 | Train Loss=0.000087 | Val Loss=2.087572
Epoch 33/50 | Train Loss=0.000084 | Val Loss=2.086786
Epoch 34/50 | Train Loss=0.000084 | Val Loss=2.086072
Epoch 35/50 | Train Loss=0.000082 | Val Loss=2.085205
Epoch 36/50 | Train Loss=0.000083 | Val Loss=2.084329
Epoch 37/50 | Train Loss=0.000079 | Val Loss=2.083335
Epoch 38/50 | Train Loss=0.000078 | Val Loss=2.083152
Epoch 39/50 | Train Loss=0.000075 | Val Loss=2.082284
Epoch 40/50 | Train Loss=0.000075 | Val Loss=2.081723
Epoch 41/50 | Train Loss=0.000073 | Val Loss=2.081711
Epoch 42/50 | Train Loss=0.000070 | Val Loss=2.081197
Epoch 43/50 | Train Loss=0.000069 | Val Loss=2.081136
Epoch 44/50 | Train Loss=0.000070 | Val Loss=2.081211
Epoch 45/50 | Train Loss=0.000068 | Val Loss=2.081295
Epoch 46/50 | Train Loss=0.000065 | Val Loss=2.081832
Epoch 47/50 | Train Loss=0.000066 | Val Loss=2.082005
Epoch 48/50 | Train Loss=0.000064 | Val Loss=2.083281
‚èπ Early stopping at epoch 48
[Tuning-LSTM_AE] Threshold (p95)=0.026970
Epoch 1/50 | Train Loss=0.000098 | Val Loss=1.663802
Epoch 2/50 | Train Loss=0.000065 | Val Loss=1.666658
Epoch 3/50 | Train Loss=0.000061 | Val Loss=1.668553
Epoch 4/50 | Train Loss=0.000058 | Val Loss=1.670128
Epoch 5/50 | Train Loss=0.000058 | Val Loss=1.673520
Epoch 6/50 | Train Loss=0.000058 | Val Loss=1.669589
‚èπ Early stopping at epoch 6
[Tuning-LSTM_AE] Threshold (p95)=0.038951
Epoch 1/50 | Train Loss=0.000370 | Val Loss=2.121747
Epoch 2/50 | Train Loss=0.000324 | Val Loss=2.117600
Epoch 3/50 | Train Loss=0.000285 | Val Loss=2.113421
Epoch 4/50 | Train Loss=0.000252 | Val Loss=2.109342
Epoch 5/50 | Train Loss=0.000219 | Val Loss=2.105732
Epoch 6/50 | Train Loss=0.000188 | Val Loss=2.102890
Epoch 7/50 | Train Loss=0.000165 | Val Loss=2.100580
Epoch 8/50 | Train Loss=0.000146 | Val Loss=2.098629
Epoch 9/50 | Train Loss=0.000129 | Val Loss=2.097172
Epoch 10/50 | Train Loss=0.000123 | Val Loss=2.095993
Epoch 11/50 | Train Loss=0.000117 | Val Loss=2.095052
Epoch 12/50 | Train Loss=0.000115 | Val Loss=2.094234
Epoch 13/50 | Train Loss=0.000110 | Val Loss=2.093564
Epoch 14/50 | Train Loss=0.000107 | Val Loss=2.092693
Epoch 15/50 | Train Loss=0.000106 | Val Loss=2.091944
Epoch 16/50 | Train Loss=0.000103 | Val Loss=2.091383
Epoch 17/50 | Train Loss=0.000105 | Val Loss=2.090789
Epoch 18/50 | Train Loss=0.000100 | Val Loss=2.089881
Epoch 19/50 | Train Loss=0.000099 | Val Loss=2.089077
Epoch 20/50 | Train Loss=0.000097 | Val Loss=2.088301
Epoch 21/50 | Train Loss=0.000100 | Val Loss=2.087480
Epoch 22/50 | Train Loss=0.000095 | Val Loss=2.086604
Epoch 23/50 | Train Loss=0.000092 | Val Loss=2.086090
Epoch 24/50 | Train Loss=0.000092 | Val Loss=2.085508
Epoch 25/50 | Train Loss=0.000089 | Val Loss=2.085223
Epoch 26/50 | Train Loss=0.000091 | Val Loss=2.084623
Epoch 27/50 | Train Loss=0.000088 | Val Loss=2.084283
Epoch 28/50 | Train Loss=0.000087 | Val Loss=2.083812
Epoch 29/50 | Train Loss=0.000085 | Val Loss=2.083452
Epoch 30/50 | Train Loss=0.000085 | Val Loss=2.082911
Epoch 31/50 | Train Loss=0.000083 | Val Loss=2.082612
Epoch 32/50 | Train Loss=0.000085 | Val Loss=2.082073
Epoch 33/50 | Train Loss=0.000081 | Val Loss=2.081528
Epoch 34/50 | Train Loss=0.000080 | Val Loss=2.081136
Epoch 35/50 | Train Loss=0.000080 | Val Loss=2.080841
Epoch 36/50 | Train Loss=0.000079 | Val Loss=2.080654
Epoch 37/50 | Train Loss=0.000080 | Val Loss=2.080196
Epoch 38/50 | Train Loss=0.000077 | Val Loss=2.079992
Epoch 39/50 | Train Loss=0.000076 | Val Loss=2.079635
Epoch 40/50 | Train Loss=0.000076 | Val Loss=2.079490
Epoch 41/50 | Train Loss=0.000074 | Val Loss=2.079499
Epoch 42/50 | Train Loss=0.000074 | Val Loss=2.079335
Epoch 43/50 | Train Loss=0.000073 | Val Loss=2.079230
Epoch 44/50 | Train Loss=0.000073 | Val Loss=2.079116
Epoch 45/50 | Train Loss=0.000072 | Val Loss=2.079167
Epoch 46/50 | Train Loss=0.000073 | Val Loss=2.079252
Epoch 47/50 | Train Loss=0.000071 | Val Loss=2.079127
Epoch 48/50 | Train Loss=0.000070 | Val Loss=2.079280
Epoch 49/50 | Train Loss=0.000070 | Val Loss=2.079313
‚èπ Early stopping at epoch 49
[Tuning-LSTM_AE] Threshold (p95)=0.029074
üîé Best hyperparameters for LSTM_AE: {'window_size': 120, 'batch_size': 32, 'lr': 0.0017163338409334455, 'hidden_size': 128, 'dropout': 0.452386975461629}
Best validation loss: 1.648996353149414

üîé Running hyperparameter search for Transformer on coin_coin_Dogecoin...
Epoch 1/50 | Train Loss=0.000582 | Val Loss=1.612667
Epoch 2/50 | Train Loss=0.000057 | Val Loss=1.607684
Epoch 3/50 | Train Loss=0.000016 | Val Loss=1.599338
Epoch 4/50 | Train Loss=0.000011 | Val Loss=1.588881
Epoch 5/50 | Train Loss=0.000009 | Val Loss=1.579565
Epoch 6/50 | Train Loss=0.000007 | Val Loss=1.570990
Epoch 7/50 | Train Loss=0.000006 | Val Loss=1.560434
Epoch 8/50 | Train Loss=0.000005 | Val Loss=1.550843
Epoch 9/50 | Train Loss=0.000004 | Val Loss=1.546857
Epoch 10/50 | Train Loss=0.000003 | Val Loss=1.544994
Epoch 11/50 | Train Loss=0.000003 | Val Loss=1.548117
Epoch 12/50 | Train Loss=0.000002 | Val Loss=1.553284
Epoch 13/50 | Train Loss=0.000002 | Val Loss=1.560118
Epoch 14/50 | Train Loss=0.000002 | Val Loss=1.567605
Epoch 15/50 | Train Loss=0.000002 | Val Loss=1.575873
‚èπ Early stopping at epoch 15
[Tuning-Transformer] Threshold (p95)=0.000259
Epoch 1/50 | Train Loss=0.000334 | Val Loss=2.054476
Epoch 2/50 | Train Loss=0.000074 | Val Loss=2.053861
Epoch 3/50 | Train Loss=0.000040 | Val Loss=2.056844
Epoch 4/50 | Train Loss=0.000026 | Val Loss=2.054823
Epoch 5/50 | Train Loss=0.000019 | Val Loss=2.053649
Epoch 6/50 | Train Loss=0.000014 | Val Loss=2.052145
Epoch 7/50 | Train Loss=0.000011 | Val Loss=2.049111
Epoch 8/50 | Train Loss=0.000009 | Val Loss=2.042733
Epoch 9/50 | Train Loss=0.000008 | Val Loss=2.036234
Epoch 10/50 | Train Loss=0.000006 | Val Loss=2.032982
Epoch 11/50 | Train Loss=0.000006 | Val Loss=2.029889
Epoch 12/50 | Train Loss=0.000005 | Val Loss=2.026592
Epoch 13/50 | Train Loss=0.000005 | Val Loss=2.023688
Epoch 14/50 | Train Loss=0.000004 | Val Loss=2.024048
Epoch 15/50 | Train Loss=0.000004 | Val Loss=2.022654
Epoch 16/50 | Train Loss=0.000004 | Val Loss=2.022259
Epoch 17/50 | Train Loss=0.000004 | Val Loss=2.020266
Epoch 18/50 | Train Loss=0.000003 | Val Loss=2.018140
Epoch 19/50 | Train Loss=0.000003 | Val Loss=2.016655
Epoch 20/50 | Train Loss=0.000003 | Val Loss=2.015468
Epoch 21/50 | Train Loss=0.000003 | Val Loss=2.012223
Epoch 22/50 | Train Loss=0.000003 | Val Loss=2.010511
Epoch 23/50 | Train Loss=0.000003 | Val Loss=2.007249
Epoch 24/50 | Train Loss=0.000003 | Val Loss=2.006407
Epoch 25/50 | Train Loss=0.000002 | Val Loss=2.003021
Epoch 26/50 | Train Loss=0.000002 | Val Loss=2.000610
Epoch 27/50 | Train Loss=0.000002 | Val Loss=1.998743
Epoch 28/50 | Train Loss=0.000002 | Val Loss=1.994923
Epoch 29/50 | Train Loss=0.000002 | Val Loss=1.992257
Epoch 30/50 | Train Loss=0.000002 | Val Loss=1.990546
Epoch 31/50 | Train Loss=0.000002 | Val Loss=1.986754
Epoch 32/50 | Train Loss=0.000002 | Val Loss=1.984094
Epoch 33/50 | Train Loss=0.000002 | Val Loss=1.981235
Epoch 34/50 | Train Loss=0.000002 | Val Loss=1.977983
Epoch 35/50 | Train Loss=0.000002 | Val Loss=1.975864
Epoch 36/50 | Train Loss=0.000002 | Val Loss=1.972787
Epoch 37/50 | Train Loss=0.000002 | Val Loss=1.970119
Epoch 38/50 | Train Loss=0.000002 | Val Loss=1.966970
Epoch 39/50 | Train Loss=0.000001 | Val Loss=1.964984
Epoch 40/50 | Train Loss=0.000001 | Val Loss=1.961773
Epoch 41/50 | Train Loss=0.000001 | Val Loss=1.958899
Epoch 42/50 | Train Loss=0.000001 | Val Loss=1.956630
Epoch 43/50 | Train Loss=0.000001 | Val Loss=1.954942
Epoch 44/50 | Train Loss=0.000001 | Val Loss=1.952670
[I 2025-09-16 23:42:49,692] Trial 1 finished with value: 1.943954586982727 and parameters: {'window_size': 90, 'batch_size': 64, 'lr': 0.0002523957671139989, 'd_model': 128, 'n_heads': 8, 'num_layers': 1, 'dropout': 0.21529227011187183}. Best is trial 0 with value: 1.5449943542480469.
[I 2025-09-16 23:42:57,909] Trial 2 finished with value: 1.994529128074646 and parameters: {'window_size': 90, 'batch_size': 128, 'lr': 0.00014614678413413994, 'd_model': 64, 'n_heads': 8, 'num_layers': 3, 'dropout': 0.36568671794585195}. Best is trial 0 with value: 1.5449943542480469.
[I 2025-09-16 23:43:03,614] Trial 3 finished with value: 2.0421395301818848 and parameters: {'window_size': 90, 'batch_size': 128, 'lr': 0.0001247272770982593, 'd_model': 64, 'n_heads': 4, 'num_layers': 2, 'dropout': 0.22740037350066677}. Best is trial 0 with value: 1.5449943542480469.
[I 2025-09-16 23:43:08,024] Trial 4 finished with value: 2.5131282806396484 and parameters: {'window_size': 60, 'batch_size': 128, 'lr': 0.00196448924892205, 'd_model': 64, 'n_heads': 2, 'num_layers': 2, 'dropout': 0.10002249188301021}. Best is trial 0 with value: 1.5449943542480469.
[I 2025-09-16 23:43:12,999] Trial 5 finished with value: 1.5994876623153687 and parameters: {'window_size': 120, 'batch_size': 128, 'lr': 0.0005670715124621755, 'd_model': 128, 'n_heads': 8, 'num_layers': 2, 'dropout': 0.112764633872316}. Best is trial 0 with value: 1.5449943542480469.
[I 2025-09-16 23:43:18,052] Trial 6 finished with value: 1.61075758934021 and parameters: {'window_size': 120, 'batch_size': 128, 'lr': 0.004826484671359713, 'd_model': 32, 'n_heads': 8, 'num_layers': 2, 'dropout': 0.33906999771083945}. Best is trial 0 with value: 1.5449943542480469.
[I 2025-09-16 23:43:29,014] Trial 7 finished with value: 2.494905710220337 and parameters: {'window_size': 60, 'batch_size': 32, 'lr': 0.00028493288910501916, 'd_model': 128, 'n_heads': 4, 'num_layers': 1, 'dropout': 0.3094375522954078}. Best is trial 0 with value: 1.5449943542480469.
[I 2025-09-16 23:43:31,256] Trial 8 finished with value: 2.0399580001831055 and parameters: {'window_size': 90, 'batch_size': 128, 'lr': 0.0002452874810058394, 'd_model': 128, 'n_heads': 2, 'num_layers': 1, 'dropout': 0.2663972949132073}. Best is trial 0 with value: 1.5449943542480469.
