[I 2025-09-16 23:47:42,285] Trial 0 finished with value: 0.007667288649827242 and parameters: {'window_size': 90, 'batch_size': 128, 'lr': 0.006337138663867024, 'hidden_size': 32, 'dropout': 0.11244555029990165}. Best is trial 0 with value: 0.007667288649827242.
Epoch 4/50 | Train Loss=0.000137 | Val Loss=0.390385
Epoch 5/50 | Train Loss=0.000119 | Val Loss=0.363537
Epoch 6/50 | Train Loss=0.000098 | Val Loss=0.338156
‚èπ Early stopping at epoch 6
[Tuning-Transformer] Threshold (p95)=0.037750
Epoch 1/50 | Train Loss=0.000800 | Val Loss=0.102461
Epoch 2/50 | Train Loss=0.000230 | Val Loss=0.094676
Epoch 3/50 | Train Loss=0.000158 | Val Loss=0.094854
Epoch 4/50 | Train Loss=0.000111 | Val Loss=0.092243
Epoch 5/50 | Train Loss=0.000083 | Val Loss=0.090584
Epoch 6/50 | Train Loss=0.000066 | Val Loss=0.089549
Epoch 7/50 | Train Loss=0.000055 | Val Loss=0.088126
Epoch 8/50 | Train Loss=0.000047 | Val Loss=0.088294
Epoch 9/50 | Train Loss=0.000041 | Val Loss=0.087175
Epoch 10/50 | Train Loss=0.000036 | Val Loss=0.091886
Epoch 11/50 | Train Loss=0.000032 | Val Loss=0.092221
Epoch 12/50 | Train Loss=0.000028 | Val Loss=0.096047
Epoch 13/50 | Train Loss=0.000026 | Val Loss=0.096064
Epoch 14/50 | Train Loss=0.000023 | Val Loss=0.098349
‚èπ Early stopping at epoch 14
[Tuning-Transformer] Threshold (p95)=0.000340
Epoch 1/50 | Train Loss=0.003218 | Val Loss=0.431691
Epoch 2/50 | Train Loss=0.000333 | Val Loss=0.445747
Epoch 3/50 | Train Loss=0.000249 | Val Loss=0.409591
Epoch 4/50 | Train Loss=0.000192 | Val Loss=0.400880
Epoch 5/50 | Train Loss=0.000151 | Val Loss=0.278052
Epoch 6/50 | Train Loss=0.000088 | Val Loss=0.145319
Epoch 7/50 | Train Loss=0.000054 | Val Loss=0.114098
Epoch 8/50 | Train Loss=0.000038 | Val Loss=0.120528
Epoch 9/50 | Train Loss=0.000033 | Val Loss=0.131268
Epoch 10/50 | Train Loss=0.000021 | Val Loss=0.125329
Epoch 11/50 | Train Loss=0.000013 | Val Loss=0.123255
Epoch 12/50 | Train Loss=0.000008 | Val Loss=0.121661
‚èπ Early stopping at epoch 12
[Tuning-Transformer] Threshold (p95)=0.001149
Epoch 1/50 | Train Loss=0.002068 | Val Loss=0.418965
Epoch 2/50 | Train Loss=0.000418 | Val Loss=0.462483
Epoch 3/50 | Train Loss=0.000173 | Val Loss=0.239151
Epoch 4/50 | Train Loss=0.000070 | Val Loss=0.161158
Epoch 5/50 | Train Loss=0.000022 | Val Loss=0.134788
Epoch 6/50 | Train Loss=0.000012 | Val Loss=0.135032
Epoch 7/50 | Train Loss=0.000009 | Val Loss=0.141207
Epoch 8/50 | Train Loss=0.000007 | Val Loss=0.142596
Epoch 9/50 | Train Loss=0.000005 | Val Loss=0.145114
Epoch 10/50 | Train Loss=0.000004 | Val Loss=0.151786
‚èπ Early stopping at epoch 10
[Tuning-Transformer] Threshold (p95)=0.000629
Epoch 1/50 | Train Loss=0.001830 | Val Loss=0.430631
Epoch 2/50 | Train Loss=0.000293 | Val Loss=0.403383
Epoch 3/50 | Train Loss=0.000233 | Val Loss=0.358734
Epoch 4/50 | Train Loss=0.000171 | Val Loss=0.187994
Epoch 5/50 | Train Loss=0.000091 | Val Loss=0.118923
Epoch 6/50 | Train Loss=0.000062 | Val Loss=0.108856
Epoch 7/50 | Train Loss=0.000046 | Val Loss=0.115084
Epoch 8/50 | Train Loss=0.000035 | Val Loss=0.123760
Epoch 9/50 | Train Loss=0.000028 | Val Loss=0.130035
Epoch 10/50 | Train Loss=0.000021 | Val Loss=0.130787
Epoch 11/50 | Train Loss=0.000015 | Val Loss=0.131858
‚èπ Early stopping at epoch 11
[Tuning-Transformer] Threshold (p95)=0.001141
Epoch 1/50 | Train Loss=0.002173 | Val Loss=0.361615
Epoch 2/50 | Train Loss=0.000333 | Val Loss=0.148972
Epoch 3/50 | Train Loss=0.000075 | Val Loss=0.130454
Epoch 4/50 | Train Loss=0.000038 | Val Loss=0.121697
Epoch 5/50 | Train Loss=0.000021 | Val Loss=0.111349
Epoch 6/50 | Train Loss=0.000013 | Val Loss=0.106445
Epoch 7/50 | Train Loss=0.000008 | Val Loss=0.106494
Epoch 8/50 | Train Loss=0.000006 | Val Loss=0.108972
Epoch 9/50 | Train Loss=0.000004 | Val Loss=0.113599
Epoch 10/50 | Train Loss=0.000003 | Val Loss=0.119987
Epoch 11/50 | Train Loss=0.000003 | Val Loss=0.129270
‚èπ Early stopping at epoch 11
[Tuning-Transformer] Threshold (p95)=0.000462
Epoch 1/50 | Train Loss=0.002943 | Val Loss=0.460330
Epoch 2/50 | Train Loss=0.000287 | Val Loss=0.475587
Epoch 3/50 | Train Loss=0.000240 | Val Loss=0.410746
Epoch 4/50 | Train Loss=0.000196 | Val Loss=0.424085
Epoch 5/50 | Train Loss=0.000145 | Val Loss=0.312231
Epoch 6/50 | Train Loss=0.000084 | Val Loss=0.156664
Epoch 7/50 | Train Loss=0.000055 | Val Loss=0.110223
Epoch 8/50 | Train Loss=0.000038 | Val Loss=0.118234
Epoch 9/50 | Train Loss=0.000032 | Val Loss=0.119697
Epoch 10/50 | Train Loss=0.000022 | Val Loss=0.126770
Epoch 11/50 | Train Loss=0.000019 | Val Loss=0.124392
Epoch 12/50 | Train Loss=0.000012 | Val Loss=0.122193
‚èπ Early stopping at epoch 12
[Tuning-Transformer] Threshold (p95)=0.000952
üîé Best hyperparameters for Transformer: {'window_size': 90, 'batch_size': 32, 'lr': 0.00015715188412522118, 'd_model': 64, 'n_heads': 8, 'num_layers': 2, 'dropout': 0.14866022387466793}
Best validation loss: 0.08717545121908188
‚úÖ Best LSTM params: {'window_size': 120, 'batch_size': 64, 'lr': 0.00887308931015454, 'hidden_size': 128, 'dropout': 0.4080605638331135}
‚úÖ Best Transformer params: {'window_size': 90, 'batch_size': 32, 'lr': 0.00015715188412522118, 'd_model': 64, 'n_heads': 8, 'num_layers': 2, 'dropout': 0.14866022387466793}

>>> Training LSTM_AE for coin_coin_ChainLink...
Epoch 1/100 | Train Loss=0.000280 | Val Loss=0.317888
Epoch 2/100 | Train Loss=0.000089 | Val Loss=0.300872
Epoch 3/100 | Train Loss=0.000071 | Val Loss=0.251932
Epoch 4/100 | Train Loss=0.000056 | Val Loss=0.198755
Epoch 5/100 | Train Loss=0.000050 | Val Loss=0.213822
Epoch 6/100 | Train Loss=0.000048 | Val Loss=0.216705
Epoch 7/100 | Train Loss=0.000045 | Val Loss=0.221871
Epoch 8/100 | Train Loss=0.000046 | Val Loss=0.220645
Epoch 9/100 | Train Loss=0.000044 | Val Loss=0.226566
Epoch 10/100 | Train Loss=0.000044 | Val Loss=0.218682
Epoch 11/100 | Train Loss=0.000042 | Val Loss=0.223872
‚èπ Early stopping at epoch 11
[coin_coin_ChainLink (LSTM_AE)] Threshold (p95)=0.020335
üìä Saved error distribution to /data/m24csa029/MTP/cyptocurrency/results/coin_coin_ChainLink_LSTM_AE_anomalies_errors.png
coin_coin_ChainLink [LSTM_AE]: 277 anomalies detected

>>> Training Transformer for coin_coin_ChainLink...
Epoch 1/100 | Train Loss=0.001067 | Val Loss=0.097364
Epoch 2/100 | Train Loss=0.000190 | Val Loss=0.100354
Epoch 3/100 | Train Loss=0.000131 | Val Loss=0.089460
Epoch 4/100 | Train Loss=0.000082 | Val Loss=0.084934
Epoch 5/100 | Train Loss=0.000043 | Val Loss=0.084783
Epoch 6/100 | Train Loss=0.000023 | Val Loss=0.087017
Epoch 7/100 | Train Loss=0.000016 | Val Loss=0.088235
Epoch 8/100 | Train Loss=0.000013 | Val Loss=0.085809
Epoch 9/100 | Train Loss=0.000011 | Val Loss=0.086195
Epoch 10/100 | Train Loss=0.000010 | Val Loss=0.091482
Epoch 11/100 | Train Loss=0.000009 | Val Loss=0.085680
Epoch 12/100 | Train Loss=0.000008 | Val Loss=0.089198
‚èπ Early stopping at epoch 12
[coin_coin_ChainLink (Transformer)] Threshold (p95)=0.000272
üìä Saved error distribution to /data/m24csa029/MTP/cyptocurrency/results/coin_coin_ChainLink_Transformer_anomalies_errors.png
coin_coin_ChainLink [Transformer]: 277 anomalies detected

üöÄ Processing coin_coin_EOS...

üîé Running hyperparameter search for LSTM_AE on coin_coin_EOS...
Epoch 1/50 | Train Loss=0.000390 | Val Loss=0.013896
Epoch 2/50 | Train Loss=0.000123 | Val Loss=0.010370
Epoch 3/50 | Train Loss=0.000099 | Val Loss=0.009692
Epoch 4/50 | Train Loss=0.000096 | Val Loss=0.010369
Epoch 5/50 | Train Loss=0.000088 | Val Loss=0.009512
Epoch 6/50 | Train Loss=0.000087 | Val Loss=0.009626
Epoch 7/50 | Train Loss=0.000082 | Val Loss=0.009244
Epoch 8/50 | Train Loss=0.000078 | Val Loss=0.009176
Epoch 9/50 | Train Loss=0.000072 | Val Loss=0.009270
Epoch 10/50 | Train Loss=0.000073 | Val Loss=0.007667
Epoch 11/50 | Train Loss=0.000070 | Val Loss=0.008036
Epoch 12/50 | Train Loss=0.000067 | Val Loss=0.008374
Epoch 13/50 | Train Loss=0.000064 | Val Loss=0.007883
Epoch 14/50 | Train Loss=0.000064 | Val Loss=0.008186
Epoch 15/50 | Train Loss=0.000062 | Val Loss=0.008346
‚èπ Early stopping at epoch 15
[Tuning-LSTM_AE] Threshold (p95)=0.035475
Epoch 1/50 | Train Loss=0.000541 | Val Loss=0.009427
Epoch 2/50 | Train Loss=0.000340 | Val Loss=0.011052
Epoch 3/50 | Train Loss=0.000318 | Val Loss=0.006513
Epoch 4/50 | Train Loss=0.000304 | Val Loss=0.006746
Epoch 5/50 | Train Loss=0.000278 | Val Loss=0.007057
Epoch 6/50 | Train Loss=0.000298 | Val Loss=0.007414
[I 2025-09-16 23:47:43,497] Trial 1 finished with value: 0.00651281513273716 and parameters: {'window_size': 120, 'batch_size': 32, 'lr': 0.007195062227330593, 'hidden_size': 64, 'dropout': 0.1577138501107625}. Best is trial 1 with value: 0.00651281513273716.
[I 2025-09-16 23:47:44,620] Trial 2 finished with value: 0.006723551079630852 and parameters: {'window_size': 120, 'batch_size': 64, 'lr': 0.007715181064561737, 'hidden_size': 16, 'dropout': 0.11900033211156252}. Best is trial 1 with value: 0.00651281513273716.
[I 2025-09-16 23:47:52,223] Trial 3 finished with value: 0.01222706027328968 and parameters: {'window_size': 60, 'batch_size': 32, 'lr': 0.00011984612515600713, 'hidden_size': 16, 'dropout': 0.18516226292078147}. Best is trial 1 with value: 0.00651281513273716.
[I 2025-09-16 23:47:53,775] Trial 4 finished with value: 0.008097276091575623 and parameters: {'window_size': 120, 'batch_size': 32, 'lr': 0.0003533823678357939, 'hidden_size': 16, 'dropout': 0.2212560772162569}. Best is trial 1 with value: 0.00651281513273716.
[I 2025-09-16 23:47:55,297] Trial 5 finished with value: 0.006368737202137709 and parameters: {'window_size': 120, 'batch_size': 128, 'lr': 0.001751739492952904, 'hidden_size': 128, 'dropout': 0.2351196049973741}. Best is trial 5 with value: 0.006368737202137709.
[I 2025-09-16 23:47:56,984] Trial 6 finished with value: 0.010059960186481476 and parameters: {'window_size': 90, 'batch_size': 64, 'lr': 0.00032963463898115025, 'hidden_size': 16, 'dropout': 0.25638634435946916}. Best is trial 5 with value: 0.006368737202137709.
Epoch 7/50 | Train Loss=0.000290 | Val Loss=0.006861
Epoch 8/50 | Train Loss=0.000274 | Val Loss=0.006954
‚èπ Early stopping at epoch 8
[Tuning-LSTM_AE] Threshold (p95)=0.045257
Epoch 1/50 | Train Loss=0.000626 | Val Loss=0.014948
Epoch 2/50 | Train Loss=0.000215 | Val Loss=0.009395
Epoch 3/50 | Train Loss=0.000198 | Val Loss=0.009663
Epoch 4/50 | Train Loss=0.000188 | Val Loss=0.008653
Epoch 5/50 | Train Loss=0.000181 | Val Loss=0.009908
Epoch 6/50 | Train Loss=0.000174 | Val Loss=0.008110
Epoch 7/50 | Train Loss=0.000164 | Val Loss=0.008933
Epoch 8/50 | Train Loss=0.000156 | Val Loss=0.006737
Epoch 9/50 | Train Loss=0.000147 | Val Loss=0.006724
Epoch 10/50 | Train Loss=0.000142 | Val Loss=0.007424
Epoch 11/50 | Train Loss=0.000137 | Val Loss=0.007378
Epoch 12/50 | Train Loss=0.000140 | Val Loss=0.007077
Epoch 13/50 | Train Loss=0.000145 | Val Loss=0.007171
Epoch 14/50 | Train Loss=0.000137 | Val Loss=0.007250
‚èπ Early stopping at epoch 14
[Tuning-LSTM_AE] Threshold (p95)=0.047996
Epoch 1/50 | Train Loss=0.002524 | Val Loss=0.074789
Epoch 2/50 | Train Loss=0.002378 | Val Loss=0.070202
Epoch 3/50 | Train Loss=0.002243 | Val Loss=0.065925
Epoch 4/50 | Train Loss=0.002115 | Val Loss=0.061764
Epoch 5/50 | Train Loss=0.001981 | Val Loss=0.057458
Epoch 6/50 | Train Loss=0.001841 | Val Loss=0.052946
Epoch 7/50 | Train Loss=0.001699 | Val Loss=0.048106
Epoch 8/50 | Train Loss=0.001540 | Val Loss=0.042926
Epoch 9/50 | Train Loss=0.001389 | Val Loss=0.037528
Epoch 10/50 | Train Loss=0.001210 | Val Loss=0.032171
Epoch 11/50 | Train Loss=0.001044 | Val Loss=0.027273
Epoch 12/50 | Train Loss=0.000903 | Val Loss=0.023243
Epoch 13/50 | Train Loss=0.000791 | Val Loss=0.020360
Epoch 14/50 | Train Loss=0.000710 | Val Loss=0.018511
Epoch 15/50 | Train Loss=0.000669 | Val Loss=0.017325
Epoch 16/50 | Train Loss=0.000636 | Val Loss=0.016615
Epoch 17/50 | Train Loss=0.000612 | Val Loss=0.016094
Epoch 18/50 | Train Loss=0.000591 | Val Loss=0.015809
Epoch 19/50 | Train Loss=0.000580 | Val Loss=0.015537
Epoch 20/50 | Train Loss=0.000562 | Val Loss=0.015333
Epoch 21/50 | Train Loss=0.000565 | Val Loss=0.015159
Epoch 22/50 | Train Loss=0.000559 | Val Loss=0.015038
Epoch 23/50 | Train Loss=0.000545 | Val Loss=0.014957
Epoch 24/50 | Train Loss=0.000548 | Val Loss=0.014901
Epoch 25/50 | Train Loss=0.000539 | Val Loss=0.014809
Epoch 26/50 | Train Loss=0.000544 | Val Loss=0.014686
Epoch 27/50 | Train Loss=0.000538 | Val Loss=0.014583
Epoch 28/50 | Train Loss=0.000538 | Val Loss=0.014548
Epoch 29/50 | Train Loss=0.000530 | Val Loss=0.014484
Epoch 30/50 | Train Loss=0.000524 | Val Loss=0.014406
Epoch 31/50 | Train Loss=0.000521 | Val Loss=0.014362
Epoch 32/50 | Train Loss=0.000515 | Val Loss=0.014290
Epoch 33/50 | Train Loss=0.000513 | Val Loss=0.014224
Epoch 34/50 | Train Loss=0.000506 | Val Loss=0.014176
Epoch 35/50 | Train Loss=0.000505 | Val Loss=0.014078
Epoch 36/50 | Train Loss=0.000501 | Val Loss=0.013989
Epoch 37/50 | Train Loss=0.000495 | Val Loss=0.013941
Epoch 38/50 | Train Loss=0.000502 | Val Loss=0.013853
Epoch 39/50 | Train Loss=0.000486 | Val Loss=0.013745
Epoch 40/50 | Train Loss=0.000480 | Val Loss=0.013670
Epoch 41/50 | Train Loss=0.000480 | Val Loss=0.013521
Epoch 42/50 | Train Loss=0.000471 | Val Loss=0.013475
Epoch 43/50 | Train Loss=0.000472 | Val Loss=0.013318
Epoch 44/50 | Train Loss=0.000464 | Val Loss=0.013224
Epoch 45/50 | Train Loss=0.000457 | Val Loss=0.013060
Epoch 46/50 | Train Loss=0.000448 | Val Loss=0.012904
Epoch 47/50 | Train Loss=0.000438 | Val Loss=0.012750
Epoch 48/50 | Train Loss=0.000434 | Val Loss=0.012593
Epoch 49/50 | Train Loss=0.000424 | Val Loss=0.012448
Epoch 50/50 | Train Loss=0.000416 | Val Loss=0.012227
[Tuning-LSTM_AE] Threshold (p95)=0.080836
Epoch 1/50 | Train Loss=0.002548 | Val Loss=0.062185
Epoch 2/50 | Train Loss=0.002076 | Val Loss=0.048598
Epoch 3/50 | Train Loss=0.001667 | Val Loss=0.034401
Epoch 4/50 | Train Loss=0.001195 | Val Loss=0.018308
Epoch 5/50 | Train Loss=0.000724 | Val Loss=0.008097
Epoch 6/50 | Train Loss=0.000486 | Val Loss=0.008422
Epoch 7/50 | Train Loss=0.000444 | Val Loss=0.009023
Epoch 8/50 | Train Loss=0.000430 | Val Loss=0.009085
Epoch 9/50 | Train Loss=0.000429 | Val Loss=0.009058
Epoch 10/50 | Train Loss=0.000413 | Val Loss=0.009265
‚èπ Early stopping at epoch 10
[Tuning-LSTM_AE] Threshold (p95)=0.072568
Epoch 1/50 | Train Loss=0.000310 | Val Loss=0.012572
Epoch 2/50 | Train Loss=0.000125 | Val Loss=0.010196
Epoch 3/50 | Train Loss=0.000110 | Val Loss=0.008622
Epoch 4/50 | Train Loss=0.000102 | Val Loss=0.009450
Epoch 5/50 | Train Loss=0.000100 | Val Loss=0.008773
Epoch 6/50 | Train Loss=0.000096 | Val Loss=0.008351
Epoch 7/50 | Train Loss=0.000094 | Val Loss=0.008346
Epoch 8/50 | Train Loss=0.000094 | Val Loss=0.008292
Epoch 9/50 | Train Loss=0.000093 | Val Loss=0.007861
Epoch 10/50 | Train Loss=0.000090 | Val Loss=0.007297
Epoch 11/50 | Train Loss=0.000086 | Val Loss=0.007128
Epoch 12/50 | Train Loss=0.000085 | Val Loss=0.007478
Epoch 13/50 | Train Loss=0.000085 | Val Loss=0.006703
Epoch 14/50 | Train Loss=0.000082 | Val Loss=0.006640
Epoch 15/50 | Train Loss=0.000080 | Val Loss=0.006834
Epoch 16/50 | Train Loss=0.000078 | Val Loss=0.006595
Epoch 17/50 | Train Loss=0.000077 | Val Loss=0.006377
Epoch 18/50 | Train Loss=0.000076 | Val Loss=0.006369
Epoch 19/50 | Train Loss=0.000073 | Val Loss=0.006571
Epoch 20/50 | Train Loss=0.000075 | Val Loss=0.006665
Epoch 21/50 | Train Loss=0.000072 | Val Loss=0.006582
Epoch 22/50 | Train Loss=0.000072 | Val Loss=0.006519
Epoch 23/50 | Train Loss=0.000074 | Val Loss=0.006584
‚èπ Early stopping at epoch 23
[Tuning-LSTM_AE] Threshold (p95)=0.043804
Epoch 1/50 | Train Loss=0.000629 | Val Loss=0.029414
Epoch 2/50 | Train Loss=0.000534 | Val Loss=0.024739
Epoch 3/50 | Train Loss=0.000463 | Val Loss=0.021025
Epoch 4/50 | Train Loss=0.000405 | Val Loss=0.017964
Epoch 5/50 | Train Loss=0.000357 | Val Loss=0.015449
Epoch 6/50 | Train Loss=0.000315 | Val Loss=0.013555
Epoch 7/50 | Train Loss=0.000293 | Val Loss=0.012288
Epoch 8/50 | Train Loss=0.000276 | Val Loss=0.011573
Epoch 9/50 | Train Loss=0.000258 | Val Loss=0.011194
Epoch 10/50 | Train Loss=0.000248 | Val Loss=0.010954
Epoch 11/50 | Train Loss=0.000236 | Val Loss=0.010752
Epoch 12/50 | Train Loss=0.000230 | Val Loss=0.010565
Epoch 13/50 | Train Loss=0.000222 | Val Loss=0.010397
Epoch 14/50 | Train Loss=0.000219 | Val Loss=0.010245
Epoch 15/50 | Train Loss=0.000208 | Val Loss=0.010095
Epoch 16/50 | Train Loss=0.000203 | Val Loss=0.010060
Epoch 17/50 | Train Loss=0.000200 | Val Loss=0.010087
Epoch 18/50 | Train Loss=0.000198 | Val Loss=0.010126
Epoch 19/50 | Train Loss=0.000196 | Val Loss=0.010157
Epoch 20/50 | Train Loss=0.000194 | Val Loss=0.010111
Epoch 21/50 | Train Loss=0.000192 | Val Loss=0.010164
‚èπ Early stopping at epoch 21
[Tuning-LSTM_AE] Threshold (p95)=0.072108
Epoch 1/50 | Train Loss=0.000457 | Val Loss=0.042623
Epoch 2/50 | Train Loss=0.000416 | Val Loss=0.037197
Epoch 3/50 | Train Loss=0.000366 | Val Loss=0.032502
Epoch 4/50 | Train Loss=0.000330 | Val Loss=0.028311
Epoch 5/50 | Train Loss=0.000290 | Val Loss=0.024494
Epoch 6/50 | Train Loss=0.000253 | Val Loss=0.021032
Epoch 7/50 | Train Loss=0.000221 | Val Loss=0.017899
Epoch 8/50 | Train Loss=0.000190 | Val Loss=0.015151
Epoch 9/50 | Train Loss=0.000161 | Val Loss=0.012904
Epoch 10/50 | Train Loss=0.000137 | Val Loss=0.011260
Epoch 11/50 | Train Loss=0.000124 | Val Loss=0.010155
Epoch 12/50 | Train Loss=0.000114 | Val Loss=0.009537
Epoch 13/50 | Train Loss=0.000109 | Val Loss=0.009062
Epoch 14/50 | Train Loss=0.000105 | Val Loss=0.008644
Epoch 15/50 | Train Loss=0.000106 | Val Loss=0.008539
Epoch 16/50 | Train Loss=0.000103 | Val Loss=0.008584
Epoch 17/50 | Train Loss=0.000104 | Val Loss=0.008544
Epoch 18/50 | Train Loss=0.000104 | Val Loss=0.008441
Epoch 19/50 | Train Loss=0.000102 | Val Loss=0.008462
Epoch 20/50 | Train Loss=0.000101 | Val Loss=0.008528
Epoch 21/50 | Train Loss=0.000102 | Val Loss=0.008369
Epoch 22/50 | Train Loss=0.000102 | Val Loss=0.008325
Epoch 23/50 | Train Loss=0.000102 | Val Loss=0.008315
Epoch 24/50 | Train Loss=0.000100 | Val Loss=0.008462
Epoch 25/50 | Train Loss=0.000098 | Val Loss=0.008429
[I 2025-09-16 23:47:59,420] Trial 7 finished with value: 0.00754926074296236 and parameters: {'window_size': 120, 'batch_size': 128, 'lr': 0.00022902268773799888, 'hidden_size': 64, 'dropout': 0.20473515740320036}. Best is trial 5 with value: 0.006368737202137709.
[I 2025-09-16 23:48:00,076] Trial 8 finished with value: 0.0074530234560370445 and parameters: {'window_size': 90, 'batch_size': 128, 'lr': 0.003092715727091989, 'hidden_size': 64, 'dropout': 0.2796871847820188}. Best is trial 5 with value: 0.006368737202137709.
[I 2025-09-16 23:48:01,668] Trial 9 finished with value: 0.008010663092136383 and parameters: {'window_size': 90, 'batch_size': 32, 'lr': 0.00741748431725743, 'hidden_size': 64, 'dropout': 0.39516526443406086}. Best is trial 5 with value: 0.006368737202137709.
[I 2025-09-16 23:48:01,669] A new study created in memory with name: no-name-3b2e6c0d-81a6-4c58-b035-a2004a0e5e1e
[I 2025-09-16 23:48:04,966] Trial 0 finished with value: 0.0006644439417868853 and parameters: {'window_size': 90, 'batch_size': 32, 'lr': 0.00023137526332356743, 'd_model': 64, 'n_heads': 8, 'num_layers': 2, 'dropout': 0.11500954052951412}. Best is trial 0 with value: 0.0006644439417868853.
[I 2025-09-16 23:48:07,105] Trial 1 finished with value: 0.0011230556992813945 and parameters: {'window_size': 60, 'batch_size': 32, 'lr': 0.00013619602652135913, 'd_model': 64, 'n_heads': 8, 'num_layers': 1, 'dropout': 0.1707113868137664}. Best is trial 0 with value: 0.0006644439417868853.
[I 2025-09-16 23:48:09,317] Trial 2 finished with value: 0.0002290026459377259 and parameters: {'window_size': 90, 'batch_size': 32, 'lr': 0.0037066968636461665, 'd_model': 64, 'n_heads': 8, 'num_layers': 1, 'dropout': 0.36946412750413626}. Best is trial 2 with value: 0.0002290026459377259.
[I 2025-09-16 23:48:11,739] Trial 3 finished with value: 0.001754452590830624 and parameters: {'window_size': 60, 'batch_size': 64, 'lr': 0.00022862800777470474, 'd_model': 32, 'n_heads': 8, 'num_layers': 1, 'dropout': 0.28921758034161565}. Best is trial 2 with value: 0.0002290026459377259.
